[INFO] Scanning for projects...
[INFO]                                                                         
[INFO] ------------------------------------------------------------------------
[INFO] Building Actors 1.0-SNAPSHOT
[INFO] ------------------------------------------------------------------------
[INFO] 
[INFO] --- maven-clean-plugin:2.5:clean (default-clean) @ actors ---
[INFO] Deleting C:\Users\Andriy\Projects\com\github\plokhotnyuk\actors\target
[INFO] 
[INFO] --- maven-resources-plugin:2.6:resources (default-resources) @ actors ---
[INFO] Using 'UTF-8' encoding to copy filtered resources.
[INFO] skip non existing resourceDirectory C:\Users\Andriy\Projects\com\github\plokhotnyuk\actors\src\main\resources
[INFO] 
[INFO] --- scala-maven-plugin:3.1.3:compile (compile) @ actors ---
[WARNING]  Expected all dependencies to require Scala version: 2.10.2
[WARNING]  com.github.plokhotnyuk.actors:actors:1.0-SNAPSHOT requires scala version: 2.10.2
[WARNING]  com.typesafe.akka:akka-actor_2.10:2.2.0 requires scala version: 2.10.2
[WARNING]  net.liftweb:lift-common_2.10:2.5.1 requires scala version: 2.10.0
[WARNING] Multiple versions of scala libraries detected!
[WARNING] No source files found.
[INFO] 
[INFO] --- maven-resources-plugin:2.6:testResources (default-testResources) @ actors ---
[INFO] Using 'UTF-8' encoding to copy filtered resources.
[INFO] skip non existing resourceDirectory C:\Users\Andriy\Projects\com\github\plokhotnyuk\actors\src\test\resources
[INFO] 
[INFO] --- scala-maven-plugin:3.1.3:testCompile (testCompile) @ actors ---
[WARNING]  Expected all dependencies to require Scala version: 2.10.2
[WARNING]  com.github.plokhotnyuk.actors:actors:1.0-SNAPSHOT requires scala version: 2.10.2
[WARNING]  com.typesafe.akka:akka-actor_2.10:2.2.0 requires scala version: 2.10.2
[WARNING]  net.liftweb:lift-common_2.10:2.5.1 requires scala version: 2.10.0
[WARNING] Multiple versions of scala libraries detected!
[INFO] C:\Users\Andriy\Projects\com\github\plokhotnyuk\actors\src\test\scala:-1: info: compiling
[INFO] Compiling 11 source files to C:\Users\Andriy\Projects\com\github\plokhotnyuk\actors\target\test-classes at 1374674865281
[WARNING] warning: there were 2 feature warning(s); re-run with -feature for details
[WARNING] one warning found
[WARNING] Java HotSpot(TM) 64-Bit Server VM warning: ignoring option PermSize=128m; support was removed in 8.0
[WARNING] Java HotSpot(TM) 64-Bit Server VM warning: ignoring option MaxPermSize=128m; support was removed in 8.0
[INFO] prepare-compile in 0 s
[INFO] compile in 10 s
[INFO] ------------------------------------------------------------------------
[INFO] BUILD SUCCESS
[INFO] ------------------------------------------------------------------------
[INFO] Total time: 12.012s
[INFO] Finished at: Wed Jul 24 17:07:55 EEST 2013
[INFO] Final Memory: 17M/1024M
[INFO] ------------------------------------------------------------------------
[INFO] Scanning for projects...
[INFO]                                                                         
[INFO] ------------------------------------------------------------------------
[INFO] Building Actors 1.0-SNAPSHOT
[INFO] ------------------------------------------------------------------------
[INFO] 
[INFO] --- maven-resources-plugin:2.6:resources (default-resources) @ actors ---
[INFO] Using 'UTF-8' encoding to copy filtered resources.
[INFO] skip non existing resourceDirectory C:\Users\Andriy\Projects\com\github\plokhotnyuk\actors\src\main\resources
[INFO] 
[INFO] --- scala-maven-plugin:3.1.3:compile (compile) @ actors ---
[WARNING]  Expected all dependencies to require Scala version: 2.10.2
[WARNING]  com.github.plokhotnyuk.actors:actors:1.0-SNAPSHOT requires scala version: 2.10.2
[WARNING]  com.typesafe.akka:akka-actor_2.10:2.2.0 requires scala version: 2.10.2
[WARNING]  net.liftweb:lift-common_2.10:2.5.1 requires scala version: 2.10.0
[WARNING] Multiple versions of scala libraries detected!
[WARNING] No source files found.
[INFO] 
[INFO] --- maven-resources-plugin:2.6:testResources (default-testResources) @ actors ---
[INFO] Using 'UTF-8' encoding to copy filtered resources.
[INFO] skip non existing resourceDirectory C:\Users\Andriy\Projects\com\github\plokhotnyuk\actors\src\test\resources
[INFO] 
[INFO] --- scala-maven-plugin:3.1.3:testCompile (testCompile) @ actors ---
[WARNING]  Expected all dependencies to require Scala version: 2.10.2
[WARNING]  com.github.plokhotnyuk.actors:actors:1.0-SNAPSHOT requires scala version: 2.10.2
[WARNING]  com.typesafe.akka:akka-actor_2.10:2.2.0 requires scala version: 2.10.2
[WARNING]  net.liftweb:lift-common_2.10:2.5.1 requires scala version: 2.10.0
[WARNING] Multiple versions of scala libraries detected!
[INFO] Nothing to compile - all classes are up to date
[INFO] 
[INFO] --- maven-surefire-plugin:2.13:test (default-test) @ actors ---
[INFO] Surefire report directory: C:\Users\Andriy\Projects\com\github\plokhotnyuk\actors\target\surefire-reports

-------------------------------------------------------
 T E S T S
-------------------------------------------------------

-------------------------------------------------------
 T E S T S
-------------------------------------------------------
Running com.github.plokhotnyuk.actors.AkkaActorSpec
Executor service type: fixed-thread-pool

Single-producer sending:
40,000,000 ops
3,151 ms
78 ns/op
12,694,382 ops/s
53.8 % of CPU usage

Multi-producer sending:
20,000,000 ops
1,638 ms
81 ns/op
12,210,012 ops/s
57.6 % of CPU usage

Max throughput:
40,000,000 ops
1,326 ms
33 ns/op
30,165,912 ops/s
95.6 % of CPU usage

Ping latency:
10,000,000 ops
4,726 ms
472 ns/op
2,115,954 ops/s
49.8 % of CPU usage

Ping throughput 10K:
10,000,000 ops
3,042 ms
304 ns/op
3,287,310 ops/s
99.7 % of CPU usage

Initiation 1M:
1,000,000 ops
18,892 ms
18,892 ns/op
52,932 ops/s
62.1 % of CPU usage
430 bytes per instance
Tests run: 6, Failures: 0, Errors: 0, Skipped: 0, Time elapsed: 47.892 sec
Java HotSpot(TM) 64-Bit Server VM warning: ignoring option PermSize=128m; support was removed in 8.0
Java HotSpot(TM) 64-Bit Server VM warning: ignoring option MaxPermSize=128m; support was removed in 8.0
Running com.github.plokhotnyuk.actors.LiftActorSpec
Executor service type: fixed-thread-pool

Single-producer sending:
20,000,000 ops
1,716 ms
85 ns/op
11,655,011 ops/s
39.3 % of CPU usage

Multi-producer sending:
20,000,000 ops
1,794 ms
89 ns/op
11,148,272 ops/s
41.5 % of CPU usage

Max throughput:
20,000,000 ops
1,545 ms
77 ns/op
12,944,983 ops/s
94.2 % of CPU usage

Ping latency:
2,000,000 ops
2,902 ms
1,451 ns/op
689,179 ops/s
49.1 % of CPU usage

Ping throughput 10K:
5,000,000 ops
1,264 ms
252 ns/op
3,955,696 ops/s
99.7 % of CPU usage

Initiation 1M:
1,000,000 ops
47 ms
47 ns/op
21,276,595 ops/s
66.4 % of CPU usage
72 bytes per instance
Tests run: 6, Failures: 0, Errors: 0, Skipped: 0, Time elapsed: 12.512 sec
Java HotSpot(TM) 64-Bit Server VM warning: ignoring option PermSize=128m; support was removed in 8.0
Java HotSpot(TM) 64-Bit Server VM warning: ignoring option MaxPermSize=128m; support was removed in 8.0
Running com.github.plokhotnyuk.actors.ScalaActorSpec
Executor service type: fixed-thread-pool

Single-producer sending:
1,000,000 ops
3,011 ms
3,011 ns/op
332,115 ops/s
56.3 % of CPU usage

Multi-producer sending:
1,000,000 ops
2,917 ms
2,917 ns/op
342,817 ops/s
53.6 % of CPU usage

Max throughput:
5,000,000 ops
3,386 ms
677 ns/op
1,476,668 ops/s
96.8 % of CPU usage

Ping latency:
1,000,000 ops
3,556 ms
3,556 ns/op
281,214 ops/s
73.3 % of CPU usage

Ping throughput 10K:
2,000,000 ops
2,294 ms
1,147 ns/op
871,839 ops/s
100.0 % of CPU usage

Initiation 1M:
1,000,000 ops
140 ms
140 ns/op
7,142,857 ops/s
27.9 % of CPU usage
144 bytes per instance
Tests run: 6, Failures: 0, Errors: 0, Skipped: 0, Time elapsed: 20.062 sec
Java HotSpot(TM) 64-Bit Server VM warning: ignoring option PermSize=128m; support was removed in 8.0
Java HotSpot(TM) 64-Bit Server VM warning: ignoring option MaxPermSize=128m; support was removed in 8.0
Running com.github.plokhotnyuk.actors.ScalazActor2Spec
Executor service type: fixed-thread-pool

Single-producer sending:
100,000,000 ops
2,855 ms
28 ns/op
35,026,269 ops/s
72.5 % of CPU usage

Multi-producer sending:
50,000,000 ops
2,075 ms
41 ns/op
24,096,385 ops/s
99.1 % of CPU usage

Max throughput:
200,000,000 ops
2,356 ms
11 ns/op
84,889,643 ops/s
98.2 % of CPU usage

Ping latency:
20,000,000 ops
4,025 ms
201 ns/op
4,968,944 ops/s
44.6 % of CPU usage

Ping throughput 10K:
20,000,000 ops
3,588 ms
179 ns/op
5,574,136 ops/s
96.5 % of CPU usage

Initiation 1M:
1,000,000 ops
47 ms
47 ns/op
21,276,595 ops/s
41.5 % of CPU usage
128 bytes per instance
Tests run: 6, Failures: 0, Errors: 0, Skipped: 0, Time elapsed: 19.376 sec
Java HotSpot(TM) 64-Bit Server VM warning: ignoring option PermSize=128m; support was removed in 8.0
Java HotSpot(TM) 64-Bit Server VM warning: ignoring option MaxPermSize=128m; support was removed in 8.0
Running com.github.plokhotnyuk.actors.ScalazActorSpec
Executor service type: fixed-thread-pool

Single-producer sending:
100,000,000 ops
2,824 ms
28 ns/op
35,410,764 ops/s
64.1 % of CPU usage

Multi-producer sending:
50,000,000 ops
2,169 ms
43 ns/op
23,052,097 ops/s
99.6 % of CPU usage

Max throughput:
200,000,000 ops
2,121 ms
10 ns/op
94,295,143 ops/s
98.4 % of CPU usage

Ping latency:
20,000,000 ops
3,791 ms
189 ns/op
5,275,652 ops/s
45.8 % of CPU usage

Ping throughput 10K:
20,000,000 ops
3,744 ms
187 ns/op
5,341,880 ops/s
96.7 % of CPU usage

Initiation 1M:
1,000,000 ops
62 ms
62 ns/op
16,129,032 ops/s
50.3 % of CPU usage
184 bytes per instance
Tests run: 6, Failures: 0, Errors: 0, Skipped: 0, Time elapsed: 19.75 sec
Java HotSpot(TM) 64-Bit Server VM warning: ignoring option PermSize=128m; support was removed in 8.0
Java HotSpot(TM) 64-Bit Server VM warning: ignoring option MaxPermSize=128m; support was removed in 8.0

Results :

Tests run: 30, Failures: 0, Errors: 0, Skipped: 0

[INFO] ------------------------------------------------------------------------
[INFO] BUILD SUCCESS
[INFO] ------------------------------------------------------------------------
[INFO] Total time: 2:13.583s
[INFO] Finished at: Wed Jul 24 17:10:10 EEST 2013
[INFO] Final Memory: 20M/1024M
[INFO] ------------------------------------------------------------------------
[INFO] Scanning for projects...
[INFO]                                                                         
[INFO] ------------------------------------------------------------------------
[INFO] Building Actors 1.0-SNAPSHOT
[INFO] ------------------------------------------------------------------------
[INFO] 
[INFO] --- maven-resources-plugin:2.6:resources (default-resources) @ actors ---
[INFO] Using 'UTF-8' encoding to copy filtered resources.
[INFO] skip non existing resourceDirectory C:\Users\Andriy\Projects\com\github\plokhotnyuk\actors\src\main\resources
[INFO] 
[INFO] --- scala-maven-plugin:3.1.3:compile (compile) @ actors ---
[WARNING]  Expected all dependencies to require Scala version: 2.10.2
[WARNING]  com.github.plokhotnyuk.actors:actors:1.0-SNAPSHOT requires scala version: 2.10.2
[WARNING]  com.typesafe.akka:akka-actor_2.10:2.2.0 requires scala version: 2.10.2
[WARNING]  net.liftweb:lift-common_2.10:2.5.1 requires scala version: 2.10.0
[WARNING] Multiple versions of scala libraries detected!
[WARNING] No source files found.
[INFO] 
[INFO] --- maven-resources-plugin:2.6:testResources (default-testResources) @ actors ---
[INFO] Using 'UTF-8' encoding to copy filtered resources.
[INFO] skip non existing resourceDirectory C:\Users\Andriy\Projects\com\github\plokhotnyuk\actors\src\test\resources
[INFO] 
[INFO] --- scala-maven-plugin:3.1.3:testCompile (testCompile) @ actors ---
[WARNING]  Expected all dependencies to require Scala version: 2.10.2
[WARNING]  com.github.plokhotnyuk.actors:actors:1.0-SNAPSHOT requires scala version: 2.10.2
[WARNING]  com.typesafe.akka:akka-actor_2.10:2.2.0 requires scala version: 2.10.2
[WARNING]  net.liftweb:lift-common_2.10:2.5.1 requires scala version: 2.10.0
[WARNING] Multiple versions of scala libraries detected!
[INFO] Nothing to compile - all classes are up to date
[INFO] 
[INFO] --- maven-surefire-plugin:2.13:test (default-test) @ actors ---
[INFO] Surefire report directory: C:\Users\Andriy\Projects\com\github\plokhotnyuk\actors\target\surefire-reports

-------------------------------------------------------
 T E S T S
-------------------------------------------------------

-------------------------------------------------------
 T E S T S
-------------------------------------------------------
Running com.github.plokhotnyuk.actors.AkkaActorSpec
Executor service type: scala-forkjoin-pool

Single-producer sending:
40,000,000 ops
2,777 ms
69 ns/op
14,404,033 ops/s
52.9 % of CPU usage

Multi-producer sending:
20,000,000 ops
1,622 ms
81 ns/op
12,330,456 ops/s
64.0 % of CPU usage

Max throughput:
40,000,000 ops
1,310 ms
32 ns/op
30,534,351 ops/s
95.3 % of CPU usage

Ping latency:
10,000,000 ops
2,964 ms
296 ns/op
3,373,819 ops/s
99.9 % of CPU usage

Ping throughput 10K:
10,000,000 ops
2,403 ms
240 ns/op
4,161,464 ops/s
99.7 % of CPU usage

Initiation 1M:
1,000,000 ops
18,267 ms
18,267 ns/op
54,743 ops/s
49.9 % of CPU usage
430 bytes per instance
Tests run: 6, Failures: 0, Errors: 0, Skipped: 0, Time elapsed: 44.554 sec
Java HotSpot(TM) 64-Bit Server VM warning: ignoring option PermSize=128m; support was removed in 8.0
Java HotSpot(TM) 64-Bit Server VM warning: ignoring option MaxPermSize=128m; support was removed in 8.0
Running com.github.plokhotnyuk.actors.LiftActorSpec
Executor service type: scala-forkjoin-pool

Single-producer sending:
20,000,000 ops
1,763 ms
88 ns/op
11,344,299 ops/s
40.7 % of CPU usage

Multi-producer sending:
20,000,000 ops
1,794 ms
89 ns/op
11,148,272 ops/s
42.2 % of CPU usage

Max throughput:
20,000,000 ops
1,436 ms
71 ns/op
13,927,576 ops/s
96.4 % of CPU usage

Ping latency:
2,000,000 ops
1,310 ms
655 ns/op
1,526,717 ops/s
97.6 % of CPU usage

Ping throughput 10K:
5,000,000 ops
1,404 ms
280 ns/op
3,561,253 ops/s
98.6 % of CPU usage

Initiation 1M:
1,000,000 ops
31 ms
31 ns/op
32,258,064 ops/s
37.7 % of CPU usage
72 bytes per instance
Tests run: 6, Failures: 0, Errors: 0, Skipped: 0, Time elapsed: 11.014 sec
Java HotSpot(TM) 64-Bit Server VM warning: ignoring option PermSize=128m; support was removed in 8.0
Java HotSpot(TM) 64-Bit Server VM warning: ignoring option MaxPermSize=128m; support was removed in 8.0
Running com.github.plokhotnyuk.actors.ScalaActorSpec
Executor service type: scala-forkjoin-pool

Single-producer sending:
1,000,000 ops
1,357 ms
1,357 ns/op
736,919 ops/s
97.1 % of CPU usage

Multi-producer sending:
1,000,000 ops
1,388 ms
1,388 ns/op
720,461 ops/s
99.2 % of CPU usage

Max throughput:
5,000,000 ops
3,229 ms
645 ns/op
1,548,467 ops/s
100.0 % of CPU usage

Ping latency:
1,000,000 ops
1,732 ms
1,732 ns/op
577,367 ops/s
97.7 % of CPU usage

Ping throughput 10K:
2,000,000 ops
2,309 ms
1,154 ns/op
866,175 ops/s
99.8 % of CPU usage

Initiation 1M:
1,000,000 ops
124 ms
124 ns/op
8,064,516 ops/s
28.3 % of CPU usage
143 bytes per instance
Tests run: 6, Failures: 0, Errors: 0, Skipped: 0, Time elapsed: 14.805 sec
Java HotSpot(TM) 64-Bit Server VM warning: ignoring option PermSize=128m; support was removed in 8.0
Java HotSpot(TM) 64-Bit Server VM warning: ignoring option MaxPermSize=128m; support was removed in 8.0
Running com.github.plokhotnyuk.actors.ScalazActor2Spec
Executor service type: scala-forkjoin-pool

Single-producer sending:
100,000,000 ops
3,526 ms
35 ns/op
28,360,748 ops/s
98.2 % of CPU usage

Multi-producer sending:
50,000,000 ops
2,386 ms
47 ns/op
20,955,574 ops/s
99.4 % of CPU usage

Max throughput:
200,000,000 ops
3,744 ms
18 ns/op
53,418,803 ops/s
99.6 % of CPU usage

Ping latency:
20,000,000 ops
3,932 ms
196 ns/op
5,086,469 ops/s
99.3 % of CPU usage

Ping throughput 10K:
20,000,000 ops
3,120 ms
156 ns/op
6,410,256 ops/s
100.0 % of CPU usage

Initiation 1M:
1,000,000 ops
47 ms
47 ns/op
21,276,595 ops/s
49.8 % of CPU usage
128 bytes per instance
Tests run: 6, Failures: 0, Errors: 0, Skipped: 0, Time elapsed: 21.637 sec
Java HotSpot(TM) 64-Bit Server VM warning: ignoring option PermSize=128m; support was removed in 8.0
Java HotSpot(TM) 64-Bit Server VM warning: ignoring option MaxPermSize=128m; support was removed in 8.0
Running com.github.plokhotnyuk.actors.ScalazActorSpec
Executor service type: scala-forkjoin-pool

Single-producer sending:
100,000,000 ops
3,526 ms
35 ns/op
28,360,748 ops/s
98.8 % of CPU usage

Multi-producer sending:
50,000,000 ops
2,231 ms
44 ns/op
22,411,474 ops/s
99.6 % of CPU usage

Max throughput:
200,000,000 ops
4,321 ms
21 ns/op
46,285,582 ops/s
99.2 % of CPU usage

Ping latency:
20,000,000 ops
4,493 ms
224 ns/op
4,451,368 ops/s
99.9 % of CPU usage

Ping throughput 10K:
20,000,000 ops
2,901 ms
145 ns/op
6,894,174 ops/s
99.9 % of CPU usage

Initiation 1M:
1,000,000 ops
47 ms
47 ns/op
21,276,595 ops/s
49.8 % of CPU usage
184 bytes per instance
Tests run: 6, Failures: 0, Errors: 0, Skipped: 0, Time elapsed: 21.014 sec
Java HotSpot(TM) 64-Bit Server VM warning: ignoring option PermSize=128m; support was removed in 8.0
Java HotSpot(TM) 64-Bit Server VM warning: ignoring option MaxPermSize=128m; support was removed in 8.0

Results :

Tests run: 30, Failures: 0, Errors: 0, Skipped: 0

[INFO] ------------------------------------------------------------------------
[INFO] BUILD SUCCESS
[INFO] ------------------------------------------------------------------------
[INFO] Total time: 2:06.859s
[INFO] Finished at: Wed Jul 24 17:12:19 EEST 2013
[INFO] Final Memory: 20M/1024M
[INFO] ------------------------------------------------------------------------
[INFO] Scanning for projects...
[INFO]                                                                         
[INFO] ------------------------------------------------------------------------
[INFO] Building Actors 1.0-SNAPSHOT
[INFO] ------------------------------------------------------------------------
[INFO] 
[INFO] --- maven-resources-plugin:2.6:resources (default-resources) @ actors ---
[INFO] Using 'UTF-8' encoding to copy filtered resources.
[INFO] skip non existing resourceDirectory C:\Users\Andriy\Projects\com\github\plokhotnyuk\actors\src\main\resources
[INFO] 
[INFO] --- scala-maven-plugin:3.1.3:compile (compile) @ actors ---
[WARNING]  Expected all dependencies to require Scala version: 2.10.2
[WARNING]  com.github.plokhotnyuk.actors:actors:1.0-SNAPSHOT requires scala version: 2.10.2
[WARNING]  com.typesafe.akka:akka-actor_2.10:2.2.0 requires scala version: 2.10.2
[WARNING]  net.liftweb:lift-common_2.10:2.5.1 requires scala version: 2.10.0
[WARNING] Multiple versions of scala libraries detected!
[WARNING] No source files found.
[INFO] 
[INFO] --- maven-resources-plugin:2.6:testResources (default-testResources) @ actors ---
[INFO] Using 'UTF-8' encoding to copy filtered resources.
[INFO] skip non existing resourceDirectory C:\Users\Andriy\Projects\com\github\plokhotnyuk\actors\src\test\resources
[INFO] 
[INFO] --- scala-maven-plugin:3.1.3:testCompile (testCompile) @ actors ---
[WARNING]  Expected all dependencies to require Scala version: 2.10.2
[WARNING]  com.github.plokhotnyuk.actors:actors:1.0-SNAPSHOT requires scala version: 2.10.2
[WARNING]  com.typesafe.akka:akka-actor_2.10:2.2.0 requires scala version: 2.10.2
[WARNING]  net.liftweb:lift-common_2.10:2.5.1 requires scala version: 2.10.0
[WARNING] Multiple versions of scala libraries detected!
[INFO] Nothing to compile - all classes are up to date
[INFO] 
[INFO] --- maven-surefire-plugin:2.13:test (default-test) @ actors ---
[INFO] Surefire report directory: C:\Users\Andriy\Projects\com\github\plokhotnyuk\actors\target\surefire-reports

-------------------------------------------------------
 T E S T S
-------------------------------------------------------

-------------------------------------------------------
 T E S T S
-------------------------------------------------------
Running com.github.plokhotnyuk.actors.AkkaActorSpec
Executor service type: java-forkjoin-pool

Single-producer sending:
40,000,000 ops
3,057 ms
76 ns/op
13,084,723 ops/s
51.0 % of CPU usage

Multi-producer sending:
20,000,000 ops
1,669 ms
83 ns/op
11,983,223 ops/s
61.5 % of CPU usage

Max throughput:
40,000,000 ops
1,498 ms
37 ns/op
26,702,269 ops/s
90.6 % of CPU usage

Ping latency:
10,000,000 ops
2,839 ms
283 ns/op
3,522,367 ops/s
97.9 % of CPU usage

Ping throughput 10K:
10,000,000 ops
2,964 ms
296 ns/op
3,373,819 ops/s
99.9 % of CPU usage

Initiation 1M:
1,000,000 ops
17,924 ms
17,924 ns/op
55,791 ops/s
53.2 % of CPU usage
430 bytes per instance
Tests run: 6, Failures: 0, Errors: 0, Skipped: 0, Time elapsed: 45.583 sec
Java HotSpot(TM) 64-Bit Server VM warning: ignoring option PermSize=128m; support was removed in 8.0
Java HotSpot(TM) 64-Bit Server VM warning: ignoring option MaxPermSize=128m; support was removed in 8.0
Running com.github.plokhotnyuk.actors.LiftActorSpec
Executor service type: java-forkjoin-pool

Single-producer sending:
20,000,000 ops
1,669 ms
83 ns/op
11,983,223 ops/s
38.3 % of CPU usage

Multi-producer sending:
20,000,000 ops
1,701 ms
85 ns/op
11,757,789 ops/s
39.9 % of CPU usage

Max throughput:
20,000,000 ops
1,638 ms
81 ns/op
12,210,012 ops/s
95.7 % of CPU usage

Ping latency:
2,000,000 ops
1,170 ms
585 ns/op
1,709,401 ops/s
97.7 % of CPU usage

Ping throughput 10K:
5,000,000 ops
1,202 ms
240 ns/op
4,159,733 ops/s
99.3 % of CPU usage

Initiation 1M:
1,000,000 ops
31 ms
31 ns/op
32,258,064 ops/s
37.7 % of CPU usage
71 bytes per instance
Tests run: 6, Failures: 0, Errors: 0, Skipped: 0, Time elapsed: 10.826 sec
Java HotSpot(TM) 64-Bit Server VM warning: ignoring option PermSize=128m; support was removed in 8.0
Java HotSpot(TM) 64-Bit Server VM warning: ignoring option MaxPermSize=128m; support was removed in 8.0
Running com.github.plokhotnyuk.actors.ScalaActorSpec
Executor service type: java-forkjoin-pool

Single-producer sending:
1,000,000 ops
1,357 ms
1,357 ns/op
736,919 ops/s
98.3 % of CPU usage

Multi-producer sending:
1,000,000 ops
1,280 ms
1,280 ns/op
781,250 ops/s
98.4 % of CPU usage

Max throughput:
5,000,000 ops
3,026 ms
605 ns/op
1,652,346 ops/s
99.8 % of CPU usage

Ping latency:
1,000,000 ops
1,716 ms
1,716 ns/op
582,750 ops/s
99.1 % of CPU usage

Ping throughput 10K:
2,000,000 ops
2,309 ms
1,154 ns/op
866,175 ops/s
99.3 % of CPU usage

Initiation 1M:
1,000,000 ops
125 ms
125 ns/op
8,000,000 ops/s
31.2 % of CPU usage
144 bytes per instance
Tests run: 6, Failures: 0, Errors: 0, Skipped: 0, Time elapsed: 14.523 sec
Java HotSpot(TM) 64-Bit Server VM warning: ignoring option PermSize=128m; support was removed in 8.0
Java HotSpot(TM) 64-Bit Server VM warning: ignoring option MaxPermSize=128m; support was removed in 8.0
Running com.github.plokhotnyuk.actors.ScalazActor2Spec
Executor service type: java-forkjoin-pool

Single-producer sending:
100,000,000 ops
4,306 ms
43 ns/op
23,223,409 ops/s
99.8 % of CPU usage

Multi-producer sending:
50,000,000 ops
2,091 ms
41 ns/op
23,912,003 ops/s
99.2 % of CPU usage

Max throughput:
200,000,000 ops
4,134 ms
20 ns/op
48,379,293 ops/s
99.6 % of CPU usage

Ping latency:
20,000,000 ops
4,149 ms
207 ns/op
4,820,438 ops/s
99.7 % of CPU usage

Ping throughput 10K:
20,000,000 ops
2,824 ms
141 ns/op
7,082,152 ops/s
100.0 % of CPU usage

Initiation 1M:
1,000,000 ops
47 ms
47 ns/op
21,276,595 ops/s
33.2 % of CPU usage
128 bytes per instance
Tests run: 6, Failures: 0, Errors: 0, Skipped: 0, Time elapsed: 22.526 sec
Java HotSpot(TM) 64-Bit Server VM warning: ignoring option PermSize=128m; support was removed in 8.0
Java HotSpot(TM) 64-Bit Server VM warning: ignoring option MaxPermSize=128m; support was removed in 8.0
Running com.github.plokhotnyuk.actors.ScalazActorSpec
Executor service type: java-forkjoin-pool

Single-producer sending:
100,000,000 ops
3,510 ms
35 ns/op
28,490,028 ops/s
98.4 % of CPU usage

Multi-producer sending:
50,000,000 ops
2,293 ms
45 ns/op
21,805,494 ops/s
100.0 % of CPU usage

Max throughput:
200,000,000 ops
3,791 ms
18 ns/op
52,756,528 ops/s
99.8 % of CPU usage

Ping latency:
20,000,000 ops
4,462 ms
223 ns/op
4,482,294 ops/s
99.5 % of CPU usage

Ping throughput 10K:
20,000,000 ops
2,995 ms
149 ns/op
6,677,796 ops/s
99.9 % of CPU usage

Initiation 1M:
1,000,000 ops
47 ms
47 ns/op
21,276,595 ops/s
49.8 % of CPU usage
184 bytes per instance
Tests run: 6, Failures: 0, Errors: 0, Skipped: 0, Time elapsed: 22.589 sec
Java HotSpot(TM) 64-Bit Server VM warning: ignoring option PermSize=128m; support was removed in 8.0
Java HotSpot(TM) 64-Bit Server VM warning: ignoring option MaxPermSize=128m; support was removed in 8.0

Results :

Tests run: 30, Failures: 0, Errors: 0, Skipped: 0

[INFO] ------------------------------------------------------------------------
[INFO] BUILD SUCCESS
[INFO] ------------------------------------------------------------------------
[INFO] Total time: 2:09.964s
[INFO] Finished at: Wed Jul 24 17:14:30 EEST 2013
[INFO] Final Memory: 20M/1024M
[INFO] ------------------------------------------------------------------------
[INFO] Scanning for projects...
[INFO]                                                                         
[INFO] ------------------------------------------------------------------------
[INFO] Building Actors 1.0-SNAPSHOT
[INFO] ------------------------------------------------------------------------
[INFO] 
[INFO] --- maven-resources-plugin:2.6:resources (default-resources) @ actors ---
[INFO] Using 'UTF-8' encoding to copy filtered resources.
[INFO] skip non existing resourceDirectory C:\Users\Andriy\Projects\com\github\plokhotnyuk\actors\src\main\resources
[INFO] 
[INFO] --- scala-maven-plugin:3.1.3:compile (compile) @ actors ---
[WARNING]  Expected all dependencies to require Scala version: 2.10.2
[WARNING]  com.github.plokhotnyuk.actors:actors:1.0-SNAPSHOT requires scala version: 2.10.2
[WARNING]  com.typesafe.akka:akka-actor_2.10:2.2.0 requires scala version: 2.10.2
[WARNING]  net.liftweb:lift-common_2.10:2.5.1 requires scala version: 2.10.0
[WARNING] Multiple versions of scala libraries detected!
[WARNING] No source files found.
[INFO] 
[INFO] --- maven-resources-plugin:2.6:testResources (default-testResources) @ actors ---
[INFO] Using 'UTF-8' encoding to copy filtered resources.
[INFO] skip non existing resourceDirectory C:\Users\Andriy\Projects\com\github\plokhotnyuk\actors\src\test\resources
[INFO] 
[INFO] --- scala-maven-plugin:3.1.3:testCompile (testCompile) @ actors ---
[WARNING]  Expected all dependencies to require Scala version: 2.10.2
[WARNING]  com.github.plokhotnyuk.actors:actors:1.0-SNAPSHOT requires scala version: 2.10.2
[WARNING]  com.typesafe.akka:akka-actor_2.10:2.2.0 requires scala version: 2.10.2
[WARNING]  net.liftweb:lift-common_2.10:2.5.1 requires scala version: 2.10.0
[WARNING] Multiple versions of scala libraries detected!
[INFO] Nothing to compile - all classes are up to date
[INFO] 
[INFO] --- maven-surefire-plugin:2.13:test (default-test) @ actors ---
[INFO] Surefire report directory: C:\Users\Andriy\Projects\com\github\plokhotnyuk\actors\target\surefire-reports

-------------------------------------------------------
 T E S T S
-------------------------------------------------------

-------------------------------------------------------
 T E S T S
-------------------------------------------------------
Running com.github.plokhotnyuk.actors.AkkaActorSpec
Executor service type: thread-pool

Single-producer sending:
40,000,000 ops
3,198 ms
79 ns/op
12,507,817 ops/s
56.3 % of CPU usage

Multi-producer sending:
20,000,000 ops
1,685 ms
84 ns/op
11,869,436 ops/s
59.5 % of CPU usage

Max throughput:
40,000,000 ops
1,295 ms
32 ns/op
30,888,030 ops/s
96.4 % of CPU usage

Ping latency:
10,000,000 ops
8,299 ms
829 ns/op
1,204,964 ops/s
34.4 % of CPU usage

Ping throughput 10K:
10,000,000 ops
4,914 ms
491 ns/op
2,035,002 ops/s
83.3 % of CPU usage

Initiation 1M:
1,000,000 ops
15,475 ms
15,475 ns/op
64,620 ops/s
49.7 % of CPU usage
430 bytes per instance
Tests run: 6, Failures: 0, Errors: 0, Skipped: 0, Time elapsed: 50.247 sec
Java HotSpot(TM) 64-Bit Server VM warning: ignoring option PermSize=128m; support was removed in 8.0
Java HotSpot(TM) 64-Bit Server VM warning: ignoring option MaxPermSize=128m; support was removed in 8.0
Running com.github.plokhotnyuk.actors.LiftActorSpec
Executor service type: thread-pool

Single-producer sending:
20,000,000 ops
1,779 ms
88 ns/op
11,242,270 ops/s
40.8 % of CPU usage

Multi-producer sending:
20,000,000 ops
1,732 ms
86 ns/op
11,547,344 ops/s
39.9 % of CPU usage

Max throughput:
20,000,000 ops
1,420 ms
71 ns/op
14,084,507 ops/s
96.4 % of CPU usage

Ping latency:
2,000,000 ops
3,853 ms
1,926 ns/op
519,076 ops/s
39.0 % of CPU usage

Ping throughput 10K:
5,000,000 ops
2,277 ms
455 ns/op
2,195,871 ops/s
83.1 % of CPU usage

Initiation 1M:
1,000,000 ops
31 ms
31 ns/op
32,258,064 ops/s
50.3 % of CPU usage
72 bytes per instance
Tests run: 6, Failures: 0, Errors: 0, Skipped: 0, Time elapsed: 14.243 sec
Java HotSpot(TM) 64-Bit Server VM warning: ignoring option PermSize=128m; support was removed in 8.0
Java HotSpot(TM) 64-Bit Server VM warning: ignoring option MaxPermSize=128m; support was removed in 8.0
Running com.github.plokhotnyuk.actors.ScalaActorSpec
Executor service type: thread-pool

Single-producer sending:
1,000,000 ops
3,837 ms
3,837 ns/op
260,620 ops/s
52.0 % of CPU usage

Multi-producer sending:
1,000,000 ops
3,588 ms
3,588 ns/op
278,706 ops/s
51.2 % of CPU usage

Max throughput:
5,000,000 ops
4,820 ms
964 ns/op
1,037,344 ops/s
90.2 % of CPU usage

Ping latency:
1,000,000 ops
4,072 ms
4,072 ns/op
245,579 ops/s
59.3 % of CPU usage

Ping throughput 10K:
2,000,000 ops
2,481 ms
1,240 ns/op
806,126 ops/s
96.0 % of CPU usage

Initiation 1M:
1,000,000 ops
125 ms
125 ns/op
8,000,000 ops/s
34.3 % of CPU usage
144 bytes per instance
Tests run: 6, Failures: 0, Errors: 0, Skipped: 0, Time elapsed: 23.665 sec
Java HotSpot(TM) 64-Bit Server VM warning: ignoring option PermSize=128m; support was removed in 8.0
Java HotSpot(TM) 64-Bit Server VM warning: ignoring option MaxPermSize=128m; support was removed in 8.0
Running com.github.plokhotnyuk.actors.ScalazActor2Spec
Executor service type: thread-pool

Single-producer sending:
100,000,000 ops
2,840 ms
28 ns/op
35,211,267 ops/s
68.4 % of CPU usage

Multi-producer sending:
50,000,000 ops
2,418 ms
48 ns/op
20,678,246 ops/s
98.5 % of CPU usage

Max throughput:
200,000,000 ops
2,308 ms
11 ns/op
86,655,112 ops/s
98.2 % of CPU usage

Ping latency:
20,000,000 ops
4,852 ms
242 ns/op
4,122,011 ops/s
43.1 % of CPU usage

Ping throughput 10K:
20,000,000 ops
8,455 ms
422 ns/op
2,365,464 ops/s
50.5 % of CPU usage

Initiation 1M:
1,000,000 ops
46 ms
46 ns/op
21,739,130 ops/s
33.9 % of CPU usage
128 bytes per instance
Tests run: 6, Failures: 0, Errors: 0, Skipped: 0, Time elapsed: 25.038 sec
Java HotSpot(TM) 64-Bit Server VM warning: ignoring option PermSize=128m; support was removed in 8.0
Java HotSpot(TM) 64-Bit Server VM warning: ignoring option MaxPermSize=128m; support was removed in 8.0
Running com.github.plokhotnyuk.actors.ScalazActorSpec
Executor service type: thread-pool

Single-producer sending:
100,000,000 ops
2,839 ms
28 ns/op
35,223,670 ops/s
67.7 % of CPU usage

Multi-producer sending:
50,000,000 ops
2,278 ms
45 ns/op
21,949,078 ops/s
99.3 % of CPU usage

Max throughput:
200,000,000 ops
2,184 ms
10 ns/op
91,575,091 ops/s
98.9 % of CPU usage

Ping latency:
20,000,000 ops
4,867 ms
243 ns/op
4,109,307 ops/s
43.8 % of CPU usage

Ping throughput 10K:
20,000,000 ops
8,829 ms
441 ns/op
2,265,262 ops/s
52.5 % of CPU usage

Initiation 1M:
1,000,000 ops
62 ms
62 ns/op
16,129,032 ops/s
50.3 % of CPU usage
184 bytes per instance
Tests run: 6, Failures: 0, Errors: 0, Skipped: 0, Time elapsed: 25.803 sec
Java HotSpot(TM) 64-Bit Server VM warning: ignoring option PermSize=128m; support was removed in 8.0
Java HotSpot(TM) 64-Bit Server VM warning: ignoring option MaxPermSize=128m; support was removed in 8.0

Results :

Tests run: 30, Failures: 0, Errors: 0, Skipped: 0

[INFO] ------------------------------------------------------------------------
[INFO] BUILD SUCCESS
[INFO] ------------------------------------------------------------------------
[INFO] Total time: 2:33.005s
[INFO] Finished at: Wed Jul 24 17:17:05 EEST 2013
[INFO] Final Memory: 20M/1024M
[INFO] ------------------------------------------------------------------------
