[INFO] Scanning for projects...
[INFO]                                                                         
[INFO] ------------------------------------------------------------------------
[INFO] Building Actors 1.0-SNAPSHOT
[INFO] ------------------------------------------------------------------------
[INFO] 
[INFO] --- maven-clean-plugin:2.5:clean (default-clean) @ actors ---
[INFO] Deleting C:\Users\Andriy\Projects\com\github\plokhotnyuk\actors\target
[INFO] 
[INFO] --- maven-resources-plugin:2.6:resources (default-resources) @ actors ---
[INFO] Using 'UTF-8' encoding to copy filtered resources.
[INFO] skip non existing resourceDirectory C:\Users\Andriy\Projects\com\github\plokhotnyuk\actors\src\main\resources
[INFO] 
[INFO] --- scala-maven-plugin:3.1.3:compile (compile) @ actors ---
[WARNING]  Expected all dependencies to require Scala version: 2.10.2
[WARNING]  com.github.plokhotnyuk.actors:actors:1.0-SNAPSHOT requires scala version: 2.10.2
[WARNING]  com.typesafe.akka:akka-actor_2.10:2.2.0 requires scala version: 2.10.2
[WARNING]  net.liftweb:lift-common_2.10:2.5.1 requires scala version: 2.10.0
[WARNING] Multiple versions of scala libraries detected!
[WARNING] No source files found.
[INFO] 
[INFO] --- maven-resources-plugin:2.6:testResources (default-testResources) @ actors ---
[INFO] Using 'UTF-8' encoding to copy filtered resources.
[INFO] skip non existing resourceDirectory C:\Users\Andriy\Projects\com\github\plokhotnyuk\actors\src\test\resources
[INFO] 
[INFO] --- scala-maven-plugin:3.1.3:testCompile (testCompile) @ actors ---
[WARNING]  Expected all dependencies to require Scala version: 2.10.2
[WARNING]  com.github.plokhotnyuk.actors:actors:1.0-SNAPSHOT requires scala version: 2.10.2
[WARNING]  com.typesafe.akka:akka-actor_2.10:2.2.0 requires scala version: 2.10.2
[WARNING]  net.liftweb:lift-common_2.10:2.5.1 requires scala version: 2.10.0
[WARNING] Multiple versions of scala libraries detected!
[INFO] C:\Users\Andriy\Projects\com\github\plokhotnyuk\actors\src\test\scala:-1: info: compiling
[INFO] Compiling 11 source files to C:\Users\Andriy\Projects\com\github\plokhotnyuk\actors\target\test-classes at 1374676190145
[WARNING] warning: there were 2 feature warning(s); re-run with -feature for details
[WARNING] one warning found
[WARNING] Java HotSpot(TM) 64-Bit Server VM warning: ignoring option PermSize=128m; support was removed in 8.0
[WARNING] Java HotSpot(TM) 64-Bit Server VM warning: ignoring option MaxPermSize=128m; support was removed in 8.0
[INFO] prepare-compile in 0 s
[INFO] compile in 10 s
[INFO] ------------------------------------------------------------------------
[INFO] BUILD SUCCESS
[INFO] ------------------------------------------------------------------------
[INFO] Total time: 12.262s
[INFO] Finished at: Wed Jul 24 17:30:01 EEST 2013
[INFO] Final Memory: 17M/1024M
[INFO] ------------------------------------------------------------------------
[INFO] Scanning for projects...
[INFO]                                                                         
[INFO] ------------------------------------------------------------------------
[INFO] Building Actors 1.0-SNAPSHOT
[INFO] ------------------------------------------------------------------------
[INFO] 
[INFO] --- maven-resources-plugin:2.6:resources (default-resources) @ actors ---
[INFO] Using 'UTF-8' encoding to copy filtered resources.
[INFO] skip non existing resourceDirectory C:\Users\Andriy\Projects\com\github\plokhotnyuk\actors\src\main\resources
[INFO] 
[INFO] --- scala-maven-plugin:3.1.3:compile (compile) @ actors ---
[WARNING]  Expected all dependencies to require Scala version: 2.10.2
[WARNING]  com.github.plokhotnyuk.actors:actors:1.0-SNAPSHOT requires scala version: 2.10.2
[WARNING]  com.typesafe.akka:akka-actor_2.10:2.2.0 requires scala version: 2.10.2
[WARNING]  net.liftweb:lift-common_2.10:2.5.1 requires scala version: 2.10.0
[WARNING] Multiple versions of scala libraries detected!
[WARNING] No source files found.
[INFO] 
[INFO] --- maven-resources-plugin:2.6:testResources (default-testResources) @ actors ---
[INFO] Using 'UTF-8' encoding to copy filtered resources.
[INFO] skip non existing resourceDirectory C:\Users\Andriy\Projects\com\github\plokhotnyuk\actors\src\test\resources
[INFO] 
[INFO] --- scala-maven-plugin:3.1.3:testCompile (testCompile) @ actors ---
[WARNING]  Expected all dependencies to require Scala version: 2.10.2
[WARNING]  com.github.plokhotnyuk.actors:actors:1.0-SNAPSHOT requires scala version: 2.10.2
[WARNING]  com.typesafe.akka:akka-actor_2.10:2.2.0 requires scala version: 2.10.2
[WARNING]  net.liftweb:lift-common_2.10:2.5.1 requires scala version: 2.10.0
[WARNING] Multiple versions of scala libraries detected!
[INFO] Nothing to compile - all classes are up to date
[INFO] 
[INFO] --- maven-surefire-plugin:2.13:test (default-test) @ actors ---
[INFO] Surefire report directory: C:\Users\Andriy\Projects\com\github\plokhotnyuk\actors\target\surefire-reports

-------------------------------------------------------
 T E S T S
-------------------------------------------------------

-------------------------------------------------------
 T E S T S
-------------------------------------------------------
Running com.github.plokhotnyuk.actors.AkkaActorSpec
Executor service type: fixed-thread-pool

Single-producer sending:
40,000,000 ops
3,120 ms
78 ns/op
12,820,512 ops/s
69.1 % of CPU usage

Multi-producer sending:
20,000,000 ops
1,888 ms
94 ns/op
10,593,220 ops/s
70.9 % of CPU usage

Max throughput:
40,000,000 ops
1,372 ms
34 ns/op
29,154,518 ops/s
96.9 % of CPU usage

Ping latency:
10,000,000 ops
8,175 ms
817 ns/op
1,223,241 ops/s
38.5 % of CPU usage

Ping throughput 10K:
10,000,000 ops
3,260 ms
326 ns/op
3,067,484 ops/s
99.5 % of CPU usage

Initiation 1M:
1,000,000 ops
21,216 ms
21,216 ns/op
47,134 ops/s
65.2 % of CPU usage
430 bytes per instance
Tests run: 6, Failures: 0, Errors: 0, Skipped: 0, Time elapsed: 54.569 sec
Java HotSpot(TM) 64-Bit Server VM warning: ignoring option PermSize=128m; support was removed in 8.0
Java HotSpot(TM) 64-Bit Server VM warning: ignoring option MaxPermSize=128m; support was removed in 8.0
Running com.github.plokhotnyuk.actors.LiftActorSpec
Executor service type: fixed-thread-pool

Single-producer sending:
20,000,000 ops
1,684 ms
84 ns/op
11,876,484 ops/s
38.7 % of CPU usage

Multi-producer sending:
20,000,000 ops
2,153 ms
107 ns/op
9,289,363 ops/s
51.6 % of CPU usage

Max throughput:
20,000,000 ops
1,544 ms
77 ns/op
12,953,367 ops/s
91.7 % of CPU usage

Ping latency:
2,000,000 ops
3,853 ms
1,926 ns/op
519,076 ops/s
44.5 % of CPU usage

Ping throughput 10K:
5,000,000 ops
1,357 ms
271 ns/op
3,684,598 ops/s
99.4 % of CPU usage

Initiation 1M:
1,000,000 ops
47 ms
47 ns/op
21,276,595 ops/s
66.4 % of CPU usage
72 bytes per instance
Tests run: 6, Failures: 0, Errors: 0, Skipped: 0, Time elapsed: 13.838 sec
Java HotSpot(TM) 64-Bit Server VM warning: ignoring option PermSize=128m; support was removed in 8.0
Java HotSpot(TM) 64-Bit Server VM warning: ignoring option MaxPermSize=128m; support was removed in 8.0
Running com.github.plokhotnyuk.actors.ScalaActorSpec
Executor service type: fixed-thread-pool

Single-producer sending:
1,000,000 ops
3,292 ms
3,292 ns/op
303,766 ops/s
58.1 % of CPU usage

Multi-producer sending:
1,000,000 ops
2,902 ms
2,902 ns/op
344,589 ops/s
54.2 % of CPU usage

Max throughput:
5,000,000 ops
3,479 ms
695 ns/op
1,437,194 ops/s
96.1 % of CPU usage

Ping latency:
1,000,000 ops
3,884 ms
3,884 ns/op
257,466 ops/s
69.5 % of CPU usage

Ping throughput 10K:
2,000,000 ops
2,449 ms
1,224 ns/op
816,659 ops/s
99.8 % of CPU usage

Initiation 1M:
1,000,000 ops
141 ms
141 ns/op
7,092,198 ops/s
27.7 % of CPU usage
144 bytes per instance
Tests run: 6, Failures: 0, Errors: 0, Skipped: 0, Time elapsed: 20.951 sec
Java HotSpot(TM) 64-Bit Server VM warning: ignoring option PermSize=128m; support was removed in 8.0
Java HotSpot(TM) 64-Bit Server VM warning: ignoring option MaxPermSize=128m; support was removed in 8.0
Running com.github.plokhotnyuk.actors.ScalazActor2Spec
Executor service type: fixed-thread-pool

Single-producer sending:
100,000,000 ops
2,855 ms
28 ns/op
35,026,269 ops/s
73.2 % of CPU usage

Multi-producer sending:
50,000,000 ops
2,262 ms
45 ns/op
22,104,332 ops/s
99.0 % of CPU usage

Max throughput:
200,000,000 ops
2,745 ms
13 ns/op
72,859,744 ops/s
96.0 % of CPU usage

Ping latency:
20,000,000 ops
4,025 ms
201 ns/op
4,968,944 ops/s
45.4 % of CPU usage

Ping throughput 10K:
20,000,000 ops
3,697 ms
184 ns/op
5,409,791 ops/s
85.9 % of CPU usage

Initiation 1M:
1,000,000 ops
47 ms
47 ns/op
21,276,595 ops/s
24.9 % of CPU usage
128 bytes per instance
Tests run: 6, Failures: 0, Errors: 0, Skipped: 0, Time elapsed: 20.14 sec
Java HotSpot(TM) 64-Bit Server VM warning: ignoring option PermSize=128m; support was removed in 8.0
Java HotSpot(TM) 64-Bit Server VM warning: ignoring option MaxPermSize=128m; support was removed in 8.0
Running com.github.plokhotnyuk.actors.ScalazActorSpec
Executor service type: fixed-thread-pool

Single-producer sending:
100,000,000 ops
2,793 ms
27 ns/op
35,803,795 ops/s
72.9 % of CPU usage

Multi-producer sending:
50,000,000 ops
2,403 ms
48 ns/op
20,807,324 ops/s
98.7 % of CPU usage

Max throughput:
200,000,000 ops
2,434 ms
12 ns/op
82,169,268 ops/s
94.7 % of CPU usage

Ping latency:
20,000,000 ops
3,884 ms
194 ns/op
5,149,330 ops/s
44.1 % of CPU usage

Ping throughput 10K:
20,000,000 ops
4,134 ms
206 ns/op
4,837,929 ops/s
85.8 % of CPU usage

Initiation 1M:
1,000,000 ops
63 ms
63 ns/op
15,873,015 ops/s
43.3 % of CPU usage
184 bytes per instance
Tests run: 6, Failures: 0, Errors: 0, Skipped: 0, Time elapsed: 20.888 sec
Java HotSpot(TM) 64-Bit Server VM warning: ignoring option PermSize=128m; support was removed in 8.0
Java HotSpot(TM) 64-Bit Server VM warning: ignoring option MaxPermSize=128m; support was removed in 8.0

Results :

Tests run: 30, Failures: 0, Errors: 0, Skipped: 0

[INFO] ------------------------------------------------------------------------
[INFO] BUILD SUCCESS
[INFO] ------------------------------------------------------------------------
[INFO] Total time: 2:24.362s
[INFO] Finished at: Wed Jul 24 17:32:26 EEST 2013
[INFO] Final Memory: 20M/1024M
[INFO] ------------------------------------------------------------------------
[INFO] Scanning for projects...
[INFO]                                                                         
[INFO] ------------------------------------------------------------------------
[INFO] Building Actors 1.0-SNAPSHOT
[INFO] ------------------------------------------------------------------------
[INFO] 
[INFO] --- maven-resources-plugin:2.6:resources (default-resources) @ actors ---
[INFO] Using 'UTF-8' encoding to copy filtered resources.
[INFO] skip non existing resourceDirectory C:\Users\Andriy\Projects\com\github\plokhotnyuk\actors\src\main\resources
[INFO] 
[INFO] --- scala-maven-plugin:3.1.3:compile (compile) @ actors ---
[WARNING]  Expected all dependencies to require Scala version: 2.10.2
[WARNING]  com.github.plokhotnyuk.actors:actors:1.0-SNAPSHOT requires scala version: 2.10.2
[WARNING]  com.typesafe.akka:akka-actor_2.10:2.2.0 requires scala version: 2.10.2
[WARNING]  net.liftweb:lift-common_2.10:2.5.1 requires scala version: 2.10.0
[WARNING] Multiple versions of scala libraries detected!
[WARNING] No source files found.
[INFO] 
[INFO] --- maven-resources-plugin:2.6:testResources (default-testResources) @ actors ---
[INFO] Using 'UTF-8' encoding to copy filtered resources.
[INFO] skip non existing resourceDirectory C:\Users\Andriy\Projects\com\github\plokhotnyuk\actors\src\test\resources
[INFO] 
[INFO] --- scala-maven-plugin:3.1.3:testCompile (testCompile) @ actors ---
[WARNING]  Expected all dependencies to require Scala version: 2.10.2
[WARNING]  com.github.plokhotnyuk.actors:actors:1.0-SNAPSHOT requires scala version: 2.10.2
[WARNING]  com.typesafe.akka:akka-actor_2.10:2.2.0 requires scala version: 2.10.2
[WARNING]  net.liftweb:lift-common_2.10:2.5.1 requires scala version: 2.10.0
[WARNING] Multiple versions of scala libraries detected!
[INFO] Nothing to compile - all classes are up to date
[INFO] 
[INFO] --- maven-surefire-plugin:2.13:test (default-test) @ actors ---
[INFO] Surefire report directory: C:\Users\Andriy\Projects\com\github\plokhotnyuk\actors\target\surefire-reports

-------------------------------------------------------
 T E S T S
-------------------------------------------------------

-------------------------------------------------------
 T E S T S
-------------------------------------------------------
Running com.github.plokhotnyuk.actors.AkkaActorSpec
Executor service type: scala-forkjoin-pool

Single-producer sending:
40,000,000 ops
2,761 ms
69 ns/op
14,487,504 ops/s
50.0 % of CPU usage

Multi-producer sending:
20,000,000 ops
1,685 ms
84 ns/op
11,869,436 ops/s
60.9 % of CPU usage

Max throughput:
40,000,000 ops
1,778 ms
44 ns/op
22,497,187 ops/s
92.3 % of CPU usage

Ping latency:
10,000,000 ops
7,831 ms
783 ns/op
1,276,976 ops/s
99.1 % of CPU usage

Ping throughput 10K:
10,000,000 ops
3,432 ms
343 ns/op
2,913,752 ops/s
99.7 % of CPU usage

Initiation 1M:
1,000,000 ops
17,628 ms
17,628 ns/op
56,727 ops/s
54.0 % of CPU usage
434 bytes per instance
Tests run: 6, Failures: 0, Errors: 0, Skipped: 0, Time elapsed: 52.853 sec
Java HotSpot(TM) 64-Bit Server VM warning: ignoring option PermSize=128m; support was removed in 8.0
Java HotSpot(TM) 64-Bit Server VM warning: ignoring option MaxPermSize=128m; support was removed in 8.0
Running com.github.plokhotnyuk.actors.LiftActorSpec
Executor service type: scala-forkjoin-pool

Single-producer sending:
20,000,000 ops
1,888 ms
94 ns/op
10,593,220 ops/s
40.7 % of CPU usage

Multi-producer sending:
20,000,000 ops
1,981 ms
99 ns/op
10,095,911 ops/s
46.9 % of CPU usage

Max throughput:
20,000,000 ops
1,591 ms
79 ns/op
12,570,710 ops/s
95.6 % of CPU usage

Ping latency:
2,000,000 ops
2,090 ms
1,045 ns/op
956,937 ops/s
99.8 % of CPU usage

Ping throughput 10K:
5,000,000 ops
2,590 ms
518 ns/op
1,930,501 ops/s
99.2 % of CPU usage

Initiation 1M:
1,000,000 ops
31 ms
31 ns/op
32,258,064 ops/s
50.3 % of CPU usage
71 bytes per instance
Tests run: 6, Failures: 0, Errors: 0, Skipped: 0, Time elapsed: 13.479 sec
Java HotSpot(TM) 64-Bit Server VM warning: ignoring option PermSize=128m; support was removed in 8.0
Java HotSpot(TM) 64-Bit Server VM warning: ignoring option MaxPermSize=128m; support was removed in 8.0
Running com.github.plokhotnyuk.actors.ScalaActorSpec
Executor service type: scala-forkjoin-pool

Single-producer sending:
1,000,000 ops
1,903 ms
1,903 ns/op
525,486 ops/s
99.6 % of CPU usage

Multi-producer sending:
1,000,000 ops
1,856 ms
1,856 ns/op
538,793 ops/s
99.6 % of CPU usage

Max throughput:
5,000,000 ops
9,204 ms
1,840 ns/op
543,242 ops/s
99.8 % of CPU usage

Ping latency:
1,000,000 ops
2,153 ms
2,153 ns/op
464,468 ops/s
100.0 % of CPU usage

Ping throughput 10K:
2,000,000 ops
2,574 ms
1,287 ns/op
777,000 ops/s
99.2 % of CPU usage

Initiation 1M:
1,000,000 ops
140 ms
140 ns/op
7,142,857 ops/s
27.9 % of CPU usage
143 bytes per instance
Tests run: 6, Failures: 0, Errors: 0, Skipped: 0, Time elapsed: 22.635 sec
Java HotSpot(TM) 64-Bit Server VM warning: ignoring option PermSize=128m; support was removed in 8.0
Java HotSpot(TM) 64-Bit Server VM warning: ignoring option MaxPermSize=128m; support was removed in 8.0
Running com.github.plokhotnyuk.actors.ScalazActor2Spec
Executor service type: scala-forkjoin-pool

Single-producer sending:
100,000,000 ops
7,269 ms
72 ns/op
13,757,050 ops/s
97.7 % of CPU usage

Multi-producer sending:
50,000,000 ops
3,338 ms
66 ns/op
14,979,029 ops/s
98.7 % of CPU usage

Max throughput:
200,000,000 ops
22,574 ms
112 ns/op
8,859,750 ops/s
98.9 % of CPU usage

Ping latency:
20,000,000 ops
10,545 ms
527 ns/op
1,896,633 ops/s
99.8 % of CPU usage

Ping throughput 10K:
20,000,000 ops
7,223 ms
361 ns/op
2,768,932 ops/s
99.6 % of CPU usage

Initiation 1M:
1,000,000 ops
47 ms
47 ns/op
21,276,595 ops/s
58.1 % of CPU usage
128 bytes per instance
Tests run: 6, Failures: 0, Errors: 0, Skipped: 0, Time elapsed: 55.599 sec
Java HotSpot(TM) 64-Bit Server VM warning: ignoring option PermSize=128m; support was removed in 8.0
Java HotSpot(TM) 64-Bit Server VM warning: ignoring option MaxPermSize=128m; support was removed in 8.0
Running com.github.plokhotnyuk.actors.ScalazActorSpec
Executor service type: scala-forkjoin-pool

Single-producer sending:
100,000,000 ops
7,207 ms
72 ns/op
13,875,398 ops/s
97.1 % of CPU usage

Multi-producer sending:
50,000,000 ops
3,135 ms
62 ns/op
15,948,963 ops/s
98.8 % of CPU usage

Max throughput:
200,000,000 ops
16,099 ms
80 ns/op
12,423,131 ops/s
98.5 % of CPU usage

Ping latency:
20,000,000 ops
9,157 ms
457 ns/op
2,184,121 ops/s
99.9 % of CPU usage

Ping throughput 10K:
20,000,000 ops
6,598 ms
329 ns/op
3,031,221 ops/s
99.6 % of CPU usage

Initiation 1M:
1,000,000 ops
62 ms
62 ns/op
16,129,032 ops/s
31.5 % of CPU usage
184 bytes per instance
Tests run: 6, Failures: 0, Errors: 0, Skipped: 0, Time elapsed: 47.674 sec
Java HotSpot(TM) 64-Bit Server VM warning: ignoring option PermSize=128m; support was removed in 8.0
Java HotSpot(TM) 64-Bit Server VM warning: ignoring option MaxPermSize=128m; support was removed in 8.0

Results :

Tests run: 30, Failures: 0, Errors: 0, Skipped: 0

[INFO] ------------------------------------------------------------------------
[INFO] BUILD SUCCESS
[INFO] ------------------------------------------------------------------------
[INFO] Total time: 3:26.217s
[INFO] Finished at: Wed Jul 24 17:35:54 EEST 2013
[INFO] Final Memory: 20M/1024M
[INFO] ------------------------------------------------------------------------
[INFO] Scanning for projects...
[INFO]                                                                         
[INFO] ------------------------------------------------------------------------
[INFO] Building Actors 1.0-SNAPSHOT
[INFO] ------------------------------------------------------------------------
[INFO] 
[INFO] --- maven-resources-plugin:2.6:resources (default-resources) @ actors ---
[INFO] Using 'UTF-8' encoding to copy filtered resources.
[INFO] skip non existing resourceDirectory C:\Users\Andriy\Projects\com\github\plokhotnyuk\actors\src\main\resources
[INFO] 
[INFO] --- scala-maven-plugin:3.1.3:compile (compile) @ actors ---
[WARNING]  Expected all dependencies to require Scala version: 2.10.2
[WARNING]  com.github.plokhotnyuk.actors:actors:1.0-SNAPSHOT requires scala version: 2.10.2
[WARNING]  com.typesafe.akka:akka-actor_2.10:2.2.0 requires scala version: 2.10.2
[WARNING]  net.liftweb:lift-common_2.10:2.5.1 requires scala version: 2.10.0
[WARNING] Multiple versions of scala libraries detected!
[WARNING] No source files found.
[INFO] 
[INFO] --- maven-resources-plugin:2.6:testResources (default-testResources) @ actors ---
[INFO] Using 'UTF-8' encoding to copy filtered resources.
[INFO] skip non existing resourceDirectory C:\Users\Andriy\Projects\com\github\plokhotnyuk\actors\src\test\resources
[INFO] 
[INFO] --- scala-maven-plugin:3.1.3:testCompile (testCompile) @ actors ---
[WARNING]  Expected all dependencies to require Scala version: 2.10.2
[WARNING]  com.github.plokhotnyuk.actors:actors:1.0-SNAPSHOT requires scala version: 2.10.2
[WARNING]  com.typesafe.akka:akka-actor_2.10:2.2.0 requires scala version: 2.10.2
[WARNING]  net.liftweb:lift-common_2.10:2.5.1 requires scala version: 2.10.0
[WARNING] Multiple versions of scala libraries detected!
[INFO] Nothing to compile - all classes are up to date
[INFO] 
[INFO] --- maven-surefire-plugin:2.13:test (default-test) @ actors ---
[INFO] Surefire report directory: C:\Users\Andriy\Projects\com\github\plokhotnyuk\actors\target\surefire-reports

-------------------------------------------------------
 T E S T S
-------------------------------------------------------

-------------------------------------------------------
 T E S T S
-------------------------------------------------------
Running com.github.plokhotnyuk.actors.AkkaActorSpec
Executor service type: java-forkjoin-pool

Single-producer sending:
40,000,000 ops
3,728 ms
93 ns/op
10,729,613 ops/s
48.9 % of CPU usage

Multi-producer sending:
20,000,000 ops
1,685 ms
84 ns/op
11,869,436 ops/s
65.7 % of CPU usage

Max throughput:
40,000,000 ops
1,856 ms
46 ns/op
21,551,724 ops/s
94.8 % of CPU usage

Ping latency:
10,000,000 ops
8,097 ms
809 ns/op
1,235,025 ops/s
98.9 % of CPU usage

Ping throughput 10K:
10,000,000 ops
3,619 ms
361 ns/op
2,763,194 ops/s
99.9 % of CPU usage

Initiation 1M:
1,000,000 ops
17,051 ms
17,051 ns/op
58,647 ops/s
52.6 % of CPU usage
433 bytes per instance
Tests run: 6, Failures: 0, Errors: 0, Skipped: 0, Time elapsed: 53.181 sec
Java HotSpot(TM) 64-Bit Server VM warning: ignoring option PermSize=128m; support was removed in 8.0
Java HotSpot(TM) 64-Bit Server VM warning: ignoring option MaxPermSize=128m; support was removed in 8.0
Running com.github.plokhotnyuk.actors.LiftActorSpec
Executor service type: java-forkjoin-pool

Single-producer sending:
20,000,000 ops
1,669 ms
83 ns/op
11,983,223 ops/s
39.7 % of CPU usage

Multi-producer sending:
20,000,000 ops
1,997 ms
99 ns/op
10,015,022 ops/s
50.8 % of CPU usage

Max throughput:
20,000,000 ops
1,263 ms
63 ns/op
15,835,312 ops/s
94.5 % of CPU usage

Ping latency:
2,000,000 ops
1,903 ms
951 ns/op
1,050,972 ops/s
98.6 % of CPU usage

Ping throughput 10K:
5,000,000 ops
1,747 ms
349 ns/op
2,862,049 ops/s
89.3 % of CPU usage

Initiation 1M:
1,000,000 ops
47 ms
47 ns/op
21,276,595 ops/s
66.4 % of CPU usage
71 bytes per instance
Tests run: 6, Failures: 0, Errors: 0, Skipped: 0, Time elapsed: 12.012 sec
Java HotSpot(TM) 64-Bit Server VM warning: ignoring option PermSize=128m; support was removed in 8.0
Java HotSpot(TM) 64-Bit Server VM warning: ignoring option MaxPermSize=128m; support was removed in 8.0
Running com.github.plokhotnyuk.actors.ScalaActorSpec
Executor service type: java-forkjoin-pool

Single-producer sending:
1,000,000 ops
1,966 ms
1,966 ns/op
508,646 ops/s
96.0 % of CPU usage

Multi-producer sending:
1,000,000 ops
2,075 ms
2,075 ns/op
481,927 ops/s
98.5 % of CPU usage

Max throughput:
5,000,000 ops
9,718 ms
1,943 ns/op
514,509 ops/s
99.8 % of CPU usage

Ping latency:
1,000,000 ops
2,543 ms
2,543 ns/op
393,236 ops/s
98.9 % of CPU usage

Ping throughput 10K:
2,000,000 ops
2,496 ms
1,248 ns/op
801,282 ops/s
99.7 % of CPU usage

Initiation 1M:
1,000,000 ops
125 ms
125 ns/op
8,000,000 ops/s
49.9 % of CPU usage
144 bytes per instance
Tests run: 6, Failures: 0, Errors: 0, Skipped: 0, Time elapsed: 23.899 sec
Java HotSpot(TM) 64-Bit Server VM warning: ignoring option PermSize=128m; support was removed in 8.0
Java HotSpot(TM) 64-Bit Server VM warning: ignoring option MaxPermSize=128m; support was removed in 8.0
Running com.github.plokhotnyuk.actors.ScalazActor2Spec
Executor service type: java-forkjoin-pool

Single-producer sending:
100,000,000 ops
7,456 ms
74 ns/op
13,412,017 ops/s
97.8 % of CPU usage

Multi-producer sending:
50,000,000 ops
3,276 ms
65 ns/op
15,262,515 ops/s
98.3 % of CPU usage

Max throughput:
200,000,000 ops
20,343 ms
101 ns/op
9,831,391 ops/s
99.0 % of CPU usage

Ping latency:
20,000,000 ops
11,169 ms
558 ns/op
1,790,670 ops/s
100.0 % of CPU usage

Ping throughput 10K:
20,000,000 ops
7,269 ms
363 ns/op
2,751,410 ops/s
99.5 % of CPU usage

Initiation 1M:
1,000,000 ops
47 ms
47 ns/op
21,276,595 ops/s
49.8 % of CPU usage
128 bytes per instance
Tests run: 6, Failures: 0, Errors: 0, Skipped: 0, Time elapsed: 54.335 sec
Java HotSpot(TM) 64-Bit Server VM warning: ignoring option PermSize=128m; support was removed in 8.0
Java HotSpot(TM) 64-Bit Server VM warning: ignoring option MaxPermSize=128m; support was removed in 8.0
Running com.github.plokhotnyuk.actors.ScalazActorSpec
Executor service type: java-forkjoin-pool

Single-producer sending:
100,000,000 ops
6,662 ms
66 ns/op
15,010,507 ops/s
91.8 % of CPU usage

Multi-producer sending:
50,000,000 ops
2,980 ms
59 ns/op
16,778,523 ops/s
98.5 % of CPU usage

Max throughput:
200,000,000 ops
18,689 ms
93 ns/op
10,701,482 ops/s
98.5 % of CPU usage

Ping latency:
20,000,000 ops
9,641 ms
482 ns/op
2,074,473 ops/s
99.9 % of CPU usage

Ping throughput 10K:
20,000,000 ops
10,062 ms
503 ns/op
1,987,676 ops/s
100.0 % of CPU usage

Initiation 1M:
1,000,000 ops
63 ms
63 ns/op
15,873,015 ops/s
31.0 % of CPU usage
184 bytes per instance
Tests run: 6, Failures: 0, Errors: 0, Skipped: 0, Time elapsed: 53.43 sec
Java HotSpot(TM) 64-Bit Server VM warning: ignoring option PermSize=128m; support was removed in 8.0
Java HotSpot(TM) 64-Bit Server VM warning: ignoring option MaxPermSize=128m; support was removed in 8.0

Results :

Tests run: 30, Failures: 0, Errors: 0, Skipped: 0

[INFO] ------------------------------------------------------------------------
[INFO] BUILD SUCCESS
[INFO] ------------------------------------------------------------------------
[INFO] Total time: 3:34.407s
[INFO] Finished at: Wed Jul 24 17:39:30 EEST 2013
[INFO] Final Memory: 20M/1024M
[INFO] ------------------------------------------------------------------------
[INFO] Scanning for projects...
[INFO]                                                                         
[INFO] ------------------------------------------------------------------------
[INFO] Building Actors 1.0-SNAPSHOT
[INFO] ------------------------------------------------------------------------
[INFO] 
[INFO] --- maven-resources-plugin:2.6:resources (default-resources) @ actors ---
[INFO] Using 'UTF-8' encoding to copy filtered resources.
[INFO] skip non existing resourceDirectory C:\Users\Andriy\Projects\com\github\plokhotnyuk\actors\src\main\resources
[INFO] 
[INFO] --- scala-maven-plugin:3.1.3:compile (compile) @ actors ---
[WARNING]  Expected all dependencies to require Scala version: 2.10.2
[WARNING]  com.github.plokhotnyuk.actors:actors:1.0-SNAPSHOT requires scala version: 2.10.2
[WARNING]  com.typesafe.akka:akka-actor_2.10:2.2.0 requires scala version: 2.10.2
[WARNING]  net.liftweb:lift-common_2.10:2.5.1 requires scala version: 2.10.0
[WARNING] Multiple versions of scala libraries detected!
[WARNING] No source files found.
[INFO] 
[INFO] --- maven-resources-plugin:2.6:testResources (default-testResources) @ actors ---
[INFO] Using 'UTF-8' encoding to copy filtered resources.
[INFO] skip non existing resourceDirectory C:\Users\Andriy\Projects\com\github\plokhotnyuk\actors\src\test\resources
[INFO] 
[INFO] --- scala-maven-plugin:3.1.3:testCompile (testCompile) @ actors ---
[WARNING]  Expected all dependencies to require Scala version: 2.10.2
[WARNING]  com.github.plokhotnyuk.actors:actors:1.0-SNAPSHOT requires scala version: 2.10.2
[WARNING]  com.typesafe.akka:akka-actor_2.10:2.2.0 requires scala version: 2.10.2
[WARNING]  net.liftweb:lift-common_2.10:2.5.1 requires scala version: 2.10.0
[WARNING] Multiple versions of scala libraries detected!
[INFO] Nothing to compile - all classes are up to date
[INFO] 
[INFO] --- maven-surefire-plugin:2.13:test (default-test) @ actors ---
[INFO] Surefire report directory: C:\Users\Andriy\Projects\com\github\plokhotnyuk\actors\target\surefire-reports

-------------------------------------------------------
 T E S T S
-------------------------------------------------------

-------------------------------------------------------
 T E S T S
-------------------------------------------------------
Running com.github.plokhotnyuk.actors.AkkaActorSpec
Executor service type: thread-pool

Single-producer sending:
40,000,000 ops
2,823 ms
70 ns/op
14,169,323 ops/s
55.3 % of CPU usage

Multi-producer sending:
20,000,000 ops
1,716 ms
85 ns/op
11,655,011 ops/s
56.1 % of CPU usage

Max throughput:
40,000,000 ops
1,497 ms
37 ns/op
26,720,106 ops/s
96.9 % of CPU usage

Ping latency:
10,000,000 ops
33,759 ms
3,375 ns/op
296,217 ops/s
27.1 % of CPU usage

Ping throughput 10K:
10,000,000 ops
6,552 ms
655 ns/op
1,526,251 ops/s
82.9 % of CPU usage

Initiation 1M:
1,000,000 ops
15,788 ms
15,788 ns/op
63,339 ops/s
53.2 % of CPU usage
430 bytes per instance
Tests run: 6, Failures: 0, Errors: 0, Skipped: 0, Time elapsed: 78.031 sec
Java HotSpot(TM) 64-Bit Server VM warning: ignoring option PermSize=128m; support was removed in 8.0
Java HotSpot(TM) 64-Bit Server VM warning: ignoring option MaxPermSize=128m; support was removed in 8.0
Running com.github.plokhotnyuk.actors.LiftActorSpec
Executor service type: thread-pool

Single-producer sending:
20,000,000 ops
1,778 ms
88 ns/op
11,248,593 ops/s
39.0 % of CPU usage

Multi-producer sending:
20,000,000 ops
1,919 ms
95 ns/op
10,422,094 ops/s
46.1 % of CPU usage

Max throughput:
20,000,000 ops
1,638 ms
81 ns/op
12,210,012 ops/s
95.5 % of CPU usage

Ping latency:
2,000,000 ops
8,175 ms
4,087 ns/op
244,648 ops/s
35.8 % of CPU usage

Ping throughput 10K:
5,000,000 ops
2,855 ms
571 ns/op
1,751,313 ops/s
81.3 % of CPU usage

Initiation 1M:
1,000,000 ops
31 ms
31 ns/op
32,258,064 ops/s
62.9 % of CPU usage
72 bytes per instance
Tests run: 6, Failures: 0, Errors: 0, Skipped: 0, Time elapsed: 19.656 sec
Java HotSpot(TM) 64-Bit Server VM warning: ignoring option PermSize=128m; support was removed in 8.0
Java HotSpot(TM) 64-Bit Server VM warning: ignoring option MaxPermSize=128m; support was removed in 8.0
Running com.github.plokhotnyuk.actors.ScalaActorSpec
Executor service type: thread-pool

Single-producer sending:
1,000,000 ops
3,588 ms
3,588 ns/op
278,706 ops/s
56.3 % of CPU usage

Multi-producer sending:
1,000,000 ops
3,214 ms
3,214 ns/op
311,138 ops/s
49.1 % of CPU usage

Max throughput:
5,000,000 ops
6,739 ms
1,347 ns/op
741,949 ops/s
78.2 % of CPU usage

Ping latency:
1,000,000 ops
8,128 ms
8,128 ns/op
123,031 ops/s
41.7 % of CPU usage

Ping throughput 10K:
2,000,000 ops
3,822 ms
1,911 ns/op
523,286 ops/s
89.6 % of CPU usage

Initiation 1M:
1,000,000 ops
125 ms
125 ns/op
8,000,000 ops/s
34.3 % of CPU usage
144 bytes per instance
Tests run: 6, Failures: 0, Errors: 0, Skipped: 0, Time elapsed: 30.342 sec
Java HotSpot(TM) 64-Bit Server VM warning: ignoring option PermSize=128m; support was removed in 8.0
Java HotSpot(TM) 64-Bit Server VM warning: ignoring option MaxPermSize=128m; support was removed in 8.0
Running com.github.plokhotnyuk.actors.ScalazActor2Spec
Executor service type: thread-pool

Single-producer sending:
100,000,000 ops
3,620 ms
36 ns/op
27,624,309 ops/s
53.2 % of CPU usage

Multi-producer sending:
50,000,000 ops
2,308 ms
46 ns/op
21,663,778 ops/s
97.3 % of CPU usage

Max throughput:
200,000,000 ops
2,652 ms
13 ns/op
75,414,781 ops/s
94.4 % of CPU usage

Ping latency:
20,000,000 ops
5,507 ms
275 ns/op
3,631,741 ops/s
41.5 % of CPU usage

Ping throughput 10K:
20,000,000 ops
8,876 ms
443 ns/op
2,253,267 ops/s
49.4 % of CPU usage

Initiation 1M:
1,000,000 ops
47 ms
47 ns/op
21,276,595 ops/s
49.8 % of CPU usage
128 bytes per instance
Tests run: 6, Failures: 0, Errors: 0, Skipped: 0, Time elapsed: 27.207 sec
Java HotSpot(TM) 64-Bit Server VM warning: ignoring option PermSize=128m; support was removed in 8.0
Java HotSpot(TM) 64-Bit Server VM warning: ignoring option MaxPermSize=128m; support was removed in 8.0
Running com.github.plokhotnyuk.actors.ScalazActorSpec
Executor service type: thread-pool

Single-producer sending:
100,000,000 ops
3,245 ms
32 ns/op
30,816,640 ops/s
58.9 % of CPU usage

Multi-producer sending:
50,000,000 ops
2,402 ms
48 ns/op
20,815,986 ops/s
94.7 % of CPU usage

Max throughput:
200,000,000 ops
2,480 ms
12 ns/op
80,645,161 ops/s
93.4 % of CPU usage

Ping latency:
20,000,000 ops
10,671 ms
533 ns/op
1,874,238 ops/s
36.7 % of CPU usage

Ping throughput 10K:
20,000,000 ops
9,034 ms
451 ns/op
2,213,858 ops/s
48.4 % of CPU usage

Initiation 1M:
1,000,000 ops
64 ms
64 ns/op
15,625,000 ops/s
48.8 % of CPU usage
184 bytes per instance
Tests run: 6, Failures: 0, Errors: 0, Skipped: 0, Time elapsed: 32.887 sec
Java HotSpot(TM) 64-Bit Server VM warning: ignoring option PermSize=128m; support was removed in 8.0
Java HotSpot(TM) 64-Bit Server VM warning: ignoring option MaxPermSize=128m; support was removed in 8.0

Results :

Tests run: 30, Failures: 0, Errors: 0, Skipped: 0

[INFO] ------------------------------------------------------------------------
[INFO] BUILD SUCCESS
[INFO] ------------------------------------------------------------------------
[INFO] Total time: 3:22.071s
[INFO] Finished at: Wed Jul 24 17:42:54 EEST 2013
[INFO] Final Memory: 20M/1024M
[INFO] ------------------------------------------------------------------------
