[INFO] Scanning for projects...
[INFO]                                                                         
[INFO] ------------------------------------------------------------------------
[INFO] Building Actors 1.0-SNAPSHOT
[INFO] ------------------------------------------------------------------------
[INFO] 
[INFO] --- maven-clean-plugin:2.4.1:clean (default-clean) @ actors ---
[INFO] Deleting C:\Users\Andriy\Projects\com\github\plokhotnyuk\actors\target
[INFO] 
[INFO] --- maven-resources-plugin:2.5:resources (default-resources) @ actors ---
[debug] execute contextualize
[INFO] Using 'UTF-8' encoding to copy filtered resources.
[INFO] skip non existing resourceDirectory C:\Users\Andriy\Projects\com\github\plokhotnyuk\actors\src\main\resources
[INFO] 
[INFO] --- scala-maven-plugin:3.1.3:compile (compile) @ actors ---
[WARNING]  Expected all dependencies to require Scala version: 2.10.2
[WARNING]  com.github.plokhotnyuk.actors:actors:1.0-SNAPSHOT requires scala version: 2.10.2
[WARNING]  com.typesafe.akka:akka-actor_2.10:2.2-SNAPSHOT requires scala version: 2.10.2
[WARNING]  net.liftweb:lift-common_2.10:2.5 requires scala version: 2.10.0
[WARNING] Multiple versions of scala libraries detected!
[WARNING] No source files found.
[INFO] 
[INFO] --- maven-resources-plugin:2.5:testResources (default-testResources) @ actors ---
[debug] execute contextualize
[INFO] Using 'UTF-8' encoding to copy filtered resources.
[INFO] skip non existing resourceDirectory C:\Users\Andriy\Projects\com\github\plokhotnyuk\actors\src\test\resources
[INFO] 
[INFO] --- scala-maven-plugin:3.1.3:testCompile (testCompile) @ actors ---
[WARNING]  Expected all dependencies to require Scala version: 2.10.2
[WARNING]  com.github.plokhotnyuk.actors:actors:1.0-SNAPSHOT requires scala version: 2.10.2
[WARNING]  com.typesafe.akka:akka-actor_2.10:2.2-SNAPSHOT requires scala version: 2.10.2
[WARNING]  net.liftweb:lift-common_2.10:2.5 requires scala version: 2.10.0
[WARNING] Multiple versions of scala libraries detected!
[INFO] C:\Users\Andriy\Projects\com\github\plokhotnyuk\actors\src\test\scala:-1: info: compiling
[INFO] Compiling 9 source files to C:\Users\Andriy\Projects\com\github\plokhotnyuk\actors\target\test-classes at 1372171671778
[WARNING] Java HotSpot(TM) 64-Bit Server VM warning: ignoring option PermSize=128m; support was removed in 8.0
[WARNING] Java HotSpot(TM) 64-Bit Server VM warning: ignoring option MaxPermSize=128m; support was removed in 8.0
[INFO] prepare-compile in 0 s
[INFO] compile in 9 s
[INFO] ------------------------------------------------------------------------
[INFO] BUILD SUCCESS
[INFO] ------------------------------------------------------------------------
[INFO] Total time: 10.951s
[INFO] Finished at: Tue Jun 25 17:48:01 EEST 2013
[INFO] Final Memory: 14M/1024M
[INFO] ------------------------------------------------------------------------
[INFO] Scanning for projects...
[INFO]                                                                         
[INFO] ------------------------------------------------------------------------
[INFO] Building Actors 1.0-SNAPSHOT
[INFO] ------------------------------------------------------------------------
[INFO] 
[INFO] --- maven-resources-plugin:2.5:resources (default-resources) @ actors ---
[debug] execute contextualize
[INFO] Using 'UTF-8' encoding to copy filtered resources.
[INFO] skip non existing resourceDirectory C:\Users\Andriy\Projects\com\github\plokhotnyuk\actors\src\main\resources
[INFO] 
[INFO] --- scala-maven-plugin:3.1.3:compile (compile) @ actors ---
[WARNING]  Expected all dependencies to require Scala version: 2.10.2
[WARNING]  com.github.plokhotnyuk.actors:actors:1.0-SNAPSHOT requires scala version: 2.10.2
[WARNING]  com.typesafe.akka:akka-actor_2.10:2.2-SNAPSHOT requires scala version: 2.10.2
[WARNING]  net.liftweb:lift-common_2.10:2.5 requires scala version: 2.10.0
[WARNING] Multiple versions of scala libraries detected!
[WARNING] No source files found.
[INFO] 
[INFO] --- maven-resources-plugin:2.5:testResources (default-testResources) @ actors ---
[debug] execute contextualize
[INFO] Using 'UTF-8' encoding to copy filtered resources.
[INFO] skip non existing resourceDirectory C:\Users\Andriy\Projects\com\github\plokhotnyuk\actors\src\test\resources
[INFO] 
[INFO] --- scala-maven-plugin:3.1.3:testCompile (testCompile) @ actors ---
[WARNING]  Expected all dependencies to require Scala version: 2.10.2
[WARNING]  com.github.plokhotnyuk.actors:actors:1.0-SNAPSHOT requires scala version: 2.10.2
[WARNING]  com.typesafe.akka:akka-actor_2.10:2.2-SNAPSHOT requires scala version: 2.10.2
[WARNING]  net.liftweb:lift-common_2.10:2.5 requires scala version: 2.10.0
[WARNING] Multiple versions of scala libraries detected!
[INFO] Nothing to compile - all classes are up to date
[INFO] 
[INFO] --- maven-surefire-plugin:2.13:test (default-test) @ actors ---
[INFO] Surefire report directory: C:\Users\Andriy\Projects\com\github\plokhotnyuk\actors\target\surefire-reports

-------------------------------------------------------
 T E S T S
-------------------------------------------------------

-------------------------------------------------------
 T E S T S
-------------------------------------------------------
Running com.github.plokhotnyuk.actors.AkkaActorSpec
Executor service type: fixed-thread-pool

Single-producer sending:
40,000,000 ops
3,026 ms
75 ns/op
13,218,770 ops/s
53.4 % of CPU usage

Multi-producer sending:
20,000,000 ops
1,669 ms
83 ns/op
11,983,223 ops/s
55.6 % of CPU usage

Max throughput:
40,000,000 ops
1,638 ms
40 ns/op
24,420,024 ops/s
97.6 % of CPU usage

Ping between actors:
10,000,000 ops
3,463 ms
346 ns/op
2,887,669 ops/s
53.4 % of CPU usage
Tests run: 4, Failures: 0, Errors: 0, Skipped: 0, Time elapsed: 11.108 sec
Java HotSpot(TM) 64-Bit Server VM warning: ignoring option PermSize=128m; support was removed in 8.0
Java HotSpot(TM) 64-Bit Server VM warning: ignoring option MaxPermSize=128m; support was removed in 8.0
Running com.github.plokhotnyuk.actors.LiftActorSpec
Executor service type: fixed-thread-pool

Single-producer sending:
20,000,000 ops
1,779 ms
88 ns/op
11,242,270 ops/s
39.7 % of CPU usage

Multi-producer sending:
20,000,000 ops
2,886 ms
144 ns/op
6,930,006 ops/s
62.7 % of CPU usage

Max throughput:
20,000,000 ops
1,248 ms
62 ns/op
16,025,641 ops/s
90.6 % of CPU usage

Ping between actors:
2,000,000 ops
2,793 ms
1,396 ns/op
716,075 ops/s
60.5 % of CPU usage
Tests run: 4, Failures: 0, Errors: 0, Skipped: 0, Time elapsed: 9.656 sec
Java HotSpot(TM) 64-Bit Server VM warning: ignoring option PermSize=128m; support was removed in 8.0
Java HotSpot(TM) 64-Bit Server VM warning: ignoring option MaxPermSize=128m; support was removed in 8.0
Running com.github.plokhotnyuk.actors.ProxyActorsActorSpec
Executor service type: fixed-thread-pool

Single-producer sending:
10,000,000 ops
4,368 ms
436 ns/op
2,289,377 ops/s
89.0 % of CPU usage

Multi-producer sending:
10,000,000 ops
3,556 ms
355 ns/op
2,812,148 ops/s
77.4 % of CPU usage

Max throughput:
10,000,000 ops
4,150 ms
415 ns/op
2,409,638 ops/s
95.4 % of CPU usage

Ping between actors:
10,000,000 ops
3,541 ms
354 ns/op
2,824,060 ops/s
43.5 % of CPU usage
Tests run: 4, Failures: 0, Errors: 0, Skipped: 0, Time elapsed: 16.661 sec
Java HotSpot(TM) 64-Bit Server VM warning: ignoring option PermSize=128m; support was removed in 8.0
Java HotSpot(TM) 64-Bit Server VM warning: ignoring option MaxPermSize=128m; support was removed in 8.0
Running com.github.plokhotnyuk.actors.ScalaActorSpec
Executor service type: fixed-thread-pool

Single-producer sending:
1,000,000 ops
3,525 ms
3,525 ns/op
283,687 ops/s
52.9 % of CPU usage

Multi-producer sending:
1,000,000 ops
4,462 ms
4,462 ns/op
224,114 ops/s
41.0 % of CPU usage

Max throughput:
5,000,000 ops
3,229 ms
645 ns/op
1,548,467 ops/s
98.9 % of CPU usage

Ping between actors:
1,000,000 ops
3,151 ms
3,151 ns/op
317,359 ops/s
68.4 % of CPU usage
Tests run: 4, Failures: 0, Errors: 0, Skipped: 0, Time elapsed: 15.413 sec
Java HotSpot(TM) 64-Bit Server VM warning: ignoring option PermSize=128m; support was removed in 8.0
Java HotSpot(TM) 64-Bit Server VM warning: ignoring option MaxPermSize=128m; support was removed in 8.0
Running com.github.plokhotnyuk.actors.ScalazActorSpec
Executor service type: fixed-thread-pool

Single-producer sending:
100,000,000 ops
2,792 ms
27 ns/op
35,816,618 ops/s
70.0 % of CPU usage

Multi-producer sending:
50,000,000 ops
2,199 ms
43 ns/op
22,737,608 ops/s
97.5 % of CPU usage

Max throughput:
200,000,000 ops
2,340 ms
11 ns/op
85,470,085 ops/s
98.0 % of CPU usage

Ping between actors:
10,000,000 ops
1,497 ms
149 ns/op
6,680,026 ops/s
55.8 % of CPU usage
Tests run: 4, Failures: 0, Errors: 0, Skipped: 0, Time elapsed: 9.844 sec
Java HotSpot(TM) 64-Bit Server VM warning: ignoring option PermSize=128m; support was removed in 8.0
Java HotSpot(TM) 64-Bit Server VM warning: ignoring option MaxPermSize=128m; support was removed in 8.0

Results :

Tests run: 20, Failures: 0, Errors: 0, Skipped: 0

[INFO] ------------------------------------------------------------------------
[INFO] BUILD SUCCESS
[INFO] ------------------------------------------------------------------------
[INFO] Total time: 1:11.370s
[INFO] Finished at: Tue Jun 25 17:49:14 EEST 2013
[INFO] Final Memory: 19M/1024M
[INFO] ------------------------------------------------------------------------
[INFO] Scanning for projects...
[INFO]                                                                         
[INFO] ------------------------------------------------------------------------
[INFO] Building Actors 1.0-SNAPSHOT
[INFO] ------------------------------------------------------------------------
[INFO] 
[INFO] --- maven-resources-plugin:2.5:resources (default-resources) @ actors ---
[debug] execute contextualize
[INFO] Using 'UTF-8' encoding to copy filtered resources.
[INFO] skip non existing resourceDirectory C:\Users\Andriy\Projects\com\github\plokhotnyuk\actors\src\main\resources
[INFO] 
[INFO] --- scala-maven-plugin:3.1.3:compile (compile) @ actors ---
[WARNING]  Expected all dependencies to require Scala version: 2.10.2
[WARNING]  com.github.plokhotnyuk.actors:actors:1.0-SNAPSHOT requires scala version: 2.10.2
[WARNING]  com.typesafe.akka:akka-actor_2.10:2.2-SNAPSHOT requires scala version: 2.10.2
[WARNING]  net.liftweb:lift-common_2.10:2.5 requires scala version: 2.10.0
[WARNING] Multiple versions of scala libraries detected!
[WARNING] No source files found.
[INFO] 
[INFO] --- maven-resources-plugin:2.5:testResources (default-testResources) @ actors ---
[debug] execute contextualize
[INFO] Using 'UTF-8' encoding to copy filtered resources.
[INFO] skip non existing resourceDirectory C:\Users\Andriy\Projects\com\github\plokhotnyuk\actors\src\test\resources
[INFO] 
[INFO] --- scala-maven-plugin:3.1.3:testCompile (testCompile) @ actors ---
[WARNING]  Expected all dependencies to require Scala version: 2.10.2
[WARNING]  com.github.plokhotnyuk.actors:actors:1.0-SNAPSHOT requires scala version: 2.10.2
[WARNING]  com.typesafe.akka:akka-actor_2.10:2.2-SNAPSHOT requires scala version: 2.10.2
[WARNING]  net.liftweb:lift-common_2.10:2.5 requires scala version: 2.10.0
[WARNING] Multiple versions of scala libraries detected!
[INFO] Nothing to compile - all classes are up to date
[INFO] 
[INFO] --- maven-surefire-plugin:2.13:test (default-test) @ actors ---
[INFO] Surefire report directory: C:\Users\Andriy\Projects\com\github\plokhotnyuk\actors\target\surefire-reports

-------------------------------------------------------
 T E S T S
-------------------------------------------------------

-------------------------------------------------------
 T E S T S
-------------------------------------------------------
Running com.github.plokhotnyuk.actors.AkkaActorSpec
Executor service type: scala-forkjoin-pool

Single-producer sending:
40,000,000 ops
3,370 ms
84 ns/op
11,869,436 ops/s
58.8 % of CPU usage

Multi-producer sending:
20,000,000 ops
1,701 ms
85 ns/op
11,757,789 ops/s
62.4 % of CPU usage

Max throughput:
40,000,000 ops
2,542 ms
63 ns/op
15,735,641 ops/s
97.0 % of CPU usage

Ping between actors:
10,000,000 ops
72,322 ms
7,232 ns/op
138,270 ops/s
99.7 % of CPU usage
Tests run: 4, Failures: 0, Errors: 0, Skipped: 0, Time elapsed: 81.37 sec
Java HotSpot(TM) 64-Bit Server VM warning: ignoring option PermSize=128m; support was removed in 8.0
Java HotSpot(TM) 64-Bit Server VM warning: ignoring option MaxPermSize=128m; support was removed in 8.0
Running com.github.plokhotnyuk.actors.LiftActorSpec
Executor service type: scala-forkjoin-pool

Single-producer sending:
20,000,000 ops
1,731 ms
86 ns/op
11,554,015 ops/s
40.8 % of CPU usage

Multi-producer sending:
20,000,000 ops
3,151 ms
157 ns/op
6,347,191 ops/s
67.3 % of CPU usage

Max throughput:
20,000,000 ops
1,217 ms
60 ns/op
16,433,853 ops/s
92.9 % of CPU usage

Ping between actors:
2,000,000 ops
29,687 ms
14,843 ns/op
67,369 ops/s
99.8 % of CPU usage
Tests run: 4, Failures: 0, Errors: 0, Skipped: 0, Time elapsed: 36.801 sec
Java HotSpot(TM) 64-Bit Server VM warning: ignoring option PermSize=128m; support was removed in 8.0
Java HotSpot(TM) 64-Bit Server VM warning: ignoring option MaxPermSize=128m; support was removed in 8.0
Running com.github.plokhotnyuk.actors.ProxyActorsActorSpec
Executor service type: scala-forkjoin-pool

Single-producer sending:
10,000,000 ops
24,586 ms
2,458 ns/op
406,735 ops/s
98.7 % of CPU usage

Multi-producer sending:
10,000,000 ops
19,188 ms
1,918 ns/op
521,159 ops/s
99.1 % of CPU usage

Max throughput:
10,000,000 ops
17,722 ms
1,772 ns/op
564,270 ops/s
98.7 % of CPU usage

Ping between actors:
10,000,000 ops
56,799 ms
5,679 ns/op
176,059 ops/s
99.9 % of CPU usage
Tests run: 4, Failures: 0, Errors: 0, Skipped: 0, Time elapsed: 119.433 sec
Java HotSpot(TM) 64-Bit Server VM warning: ignoring option PermSize=128m; support was removed in 8.0
Java HotSpot(TM) 64-Bit Server VM warning: ignoring option MaxPermSize=128m; support was removed in 8.0
Running com.github.plokhotnyuk.actors.ScalaActorSpec
Executor service type: scala-forkjoin-pool

Single-producer sending:
1,000,000 ops
6,645 ms
6,645 ns/op
150,489 ops/s
98.2 % of CPU usage

Multi-producer sending:
1,000,000 ops
45,131 ms
45,131 ns/op
22,157 ops/s
99.9 % of CPU usage

Max throughput:
5,000,000 ops
42,525 ms
8,505 ns/op
117,577 ops/s
98.6 % of CPU usage

Ping between actors:
1,000,000 ops
4,165 ms
4,165 ns/op
240,096 ops/s
99.1 % of CPU usage
Tests run: 4, Failures: 0, Errors: 0, Skipped: 0, Time elapsed: 99.513 sec
Java HotSpot(TM) 64-Bit Server VM warning: ignoring option PermSize=128m; support was removed in 8.0
Java HotSpot(TM) 64-Bit Server VM warning: ignoring option MaxPermSize=128m; support was removed in 8.0
Running com.github.plokhotnyuk.actors.ScalazActorSpec
Executor service type: scala-forkjoin-pool

Single-producer sending:
100,000,000 ops
14,680 ms
146 ns/op
6,811,989 ops/s
93.4 % of CPU usage

Multi-producer sending:
50,000,000 ops
4,274 ms
85 ns/op
11,698,642 ops/s
99.5 % of CPU usage

Max throughput:
200,000,000 ops
43,352 ms
216 ns/op
4,613,397 ops/s
99.4 % of CPU usage

Ping between actors:
10,000,000 ops
64,615 ms
6,461 ns/op
154,762 ops/s
99.9 % of CPU usage
Tests run: 4, Failures: 0, Errors: 0, Skipped: 0, Time elapsed: 127.967 sec
Java HotSpot(TM) 64-Bit Server VM warning: ignoring option PermSize=128m; support was removed in 8.0
Java HotSpot(TM) 64-Bit Server VM warning: ignoring option MaxPermSize=128m; support was removed in 8.0

Results :

Tests run: 20, Failures: 0, Errors: 0, Skipped: 0

[INFO] ------------------------------------------------------------------------
[INFO] BUILD SUCCESS
[INFO] ------------------------------------------------------------------------
[INFO] Total time: 7:53.757s
[INFO] Finished at: Tue Jun 25 17:57:09 EEST 2013
[INFO] Final Memory: 19M/1024M
[INFO] ------------------------------------------------------------------------
[INFO] Scanning for projects...
[INFO]                                                                         
[INFO] ------------------------------------------------------------------------
[INFO] Building Actors 1.0-SNAPSHOT
[INFO] ------------------------------------------------------------------------
[INFO] 
[INFO] --- maven-resources-plugin:2.5:resources (default-resources) @ actors ---
[debug] execute contextualize
[INFO] Using 'UTF-8' encoding to copy filtered resources.
[INFO] skip non existing resourceDirectory C:\Users\Andriy\Projects\com\github\plokhotnyuk\actors\src\main\resources
[INFO] 
[INFO] --- scala-maven-plugin:3.1.3:compile (compile) @ actors ---
[WARNING]  Expected all dependencies to require Scala version: 2.10.2
[WARNING]  com.github.plokhotnyuk.actors:actors:1.0-SNAPSHOT requires scala version: 2.10.2
[WARNING]  com.typesafe.akka:akka-actor_2.10:2.2-SNAPSHOT requires scala version: 2.10.2
[WARNING]  net.liftweb:lift-common_2.10:2.5 requires scala version: 2.10.0
[WARNING] Multiple versions of scala libraries detected!
[WARNING] No source files found.
[INFO] 
[INFO] --- maven-resources-plugin:2.5:testResources (default-testResources) @ actors ---
[debug] execute contextualize
[INFO] Using 'UTF-8' encoding to copy filtered resources.
[INFO] skip non existing resourceDirectory C:\Users\Andriy\Projects\com\github\plokhotnyuk\actors\src\test\resources
[INFO] 
[INFO] --- scala-maven-plugin:3.1.3:testCompile (testCompile) @ actors ---
[WARNING]  Expected all dependencies to require Scala version: 2.10.2
[WARNING]  com.github.plokhotnyuk.actors:actors:1.0-SNAPSHOT requires scala version: 2.10.2
[WARNING]  com.typesafe.akka:akka-actor_2.10:2.2-SNAPSHOT requires scala version: 2.10.2
[WARNING]  net.liftweb:lift-common_2.10:2.5 requires scala version: 2.10.0
[WARNING] Multiple versions of scala libraries detected!
[INFO] Nothing to compile - all classes are up to date
[INFO] 
[INFO] --- maven-surefire-plugin:2.13:test (default-test) @ actors ---
[INFO] Surefire report directory: C:\Users\Andriy\Projects\com\github\plokhotnyuk\actors\target\surefire-reports

-------------------------------------------------------
 T E S T S
-------------------------------------------------------

-------------------------------------------------------
 T E S T S
-------------------------------------------------------
Running com.github.plokhotnyuk.actors.AkkaActorSpec
Executor service type: java-forkjoin-pool

Single-producer sending:
40,000,000 ops
3,479 ms
86 ns/op
11,497,556 ops/s
57.7 % of CPU usage

Multi-producer sending:
20,000,000 ops
1,669 ms
83 ns/op
11,983,223 ops/s
72.9 % of CPU usage

Max throughput:
40,000,000 ops
2,293 ms
57 ns/op
17,444,395 ops/s
90.8 % of CPU usage

Ping between actors:
10,000,000 ops
74,818 ms
7,481 ns/op
133,657 ops/s
99.8 % of CPU usage
Tests run: 4, Failures: 0, Errors: 0, Skipped: 0, Time elapsed: 83.616 sec
Java HotSpot(TM) 64-Bit Server VM warning: ignoring option PermSize=128m; support was removed in 8.0
Java HotSpot(TM) 64-Bit Server VM warning: ignoring option MaxPermSize=128m; support was removed in 8.0
Running com.github.plokhotnyuk.actors.LiftActorSpec
Executor service type: java-forkjoin-pool

Single-producer sending:
20,000,000 ops
1,778 ms
88 ns/op
11,248,593 ops/s
39.9 % of CPU usage

Multi-producer sending:
20,000,000 ops
2,980 ms
149 ns/op
6,711,409 ops/s
63.1 % of CPU usage

Max throughput:
20,000,000 ops
1,232 ms
61 ns/op
16,233,766 ops/s
92.8 % of CPU usage

Ping between actors:
2,000,000 ops
16,988 ms
8,494 ns/op
117,730 ops/s
99.5 % of CPU usage
Tests run: 4, Failures: 0, Errors: 0, Skipped: 0, Time elapsed: 23.978 sec
Java HotSpot(TM) 64-Bit Server VM warning: ignoring option PermSize=128m; support was removed in 8.0
Java HotSpot(TM) 64-Bit Server VM warning: ignoring option MaxPermSize=128m; support was removed in 8.0
Running com.github.plokhotnyuk.actors.ProxyActorsActorSpec
Executor service type: java-forkjoin-pool

Single-producer sending:
10,000,000 ops
21,294 ms
2,129 ns/op
469,615 ops/s
98.3 % of CPU usage

Multi-producer sending:
10,000,000 ops
18,486 ms
1,848 ns/op
540,949 ops/s
99.2 % of CPU usage

Max throughput:
10,000,000 ops
21,840 ms
2,184 ns/op
457,875 ops/s
88.2 % of CPU usage

Ping between actors:
10,000,000 ops
67,329 ms
6,732 ns/op
148,524 ops/s
99.9 % of CPU usage
Tests run: 4, Failures: 0, Errors: 0, Skipped: 0, Time elapsed: 130.12 sec
Java HotSpot(TM) 64-Bit Server VM warning: ignoring option PermSize=128m; support was removed in 8.0
Java HotSpot(TM) 64-Bit Server VM warning: ignoring option MaxPermSize=128m; support was removed in 8.0
Running com.github.plokhotnyuk.actors.ScalaActorSpec
Executor service type: java-forkjoin-pool

Single-producer sending:
1,000,000 ops
4,930 ms
4,930 ns/op
202,839 ops/s
99.0 % of CPU usage

Multi-producer sending:
1,000,000 ops
23,540 ms
23,540 ns/op
42,480 ops/s
99.9 % of CPU usage

Max throughput:
5,000,000 ops
50,840 ms
10,168 ns/op
98,347 ops/s
99.6 % of CPU usage

Ping between actors:
1,000,000 ops
22,136 ms
22,136 ns/op
45,175 ops/s
99.7 % of CPU usage
Tests run: 4, Failures: 0, Errors: 0, Skipped: 0, Time elapsed: 102.523 sec
Java HotSpot(TM) 64-Bit Server VM warning: ignoring option PermSize=128m; support was removed in 8.0
Java HotSpot(TM) 64-Bit Server VM warning: ignoring option MaxPermSize=128m; support was removed in 8.0
Running com.github.plokhotnyuk.actors.ScalazActorSpec
Executor service type: java-forkjoin-pool

Single-producer sending:
100,000,000 ops
13,994 ms
139 ns/op
7,145,919 ops/s
97.8 % of CPU usage

Multi-producer sending:
50,000,000 ops
5,460 ms
109 ns/op
9,157,509 ops/s
99.4 % of CPU usage

Max throughput:
200,000,000 ops
15,959 ms
79 ns/op
12,532,113 ops/s
99.0 % of CPU usage

Ping between actors:
10,000,000 ops
88,545 ms
8,854 ns/op
112,936 ops/s
99.9 % of CPU usage
Tests run: 4, Failures: 0, Errors: 0, Skipped: 0, Time elapsed: 125.035 sec
Java HotSpot(TM) 64-Bit Server VM warning: ignoring option PermSize=128m; support was removed in 8.0
Java HotSpot(TM) 64-Bit Server VM warning: ignoring option MaxPermSize=128m; support was removed in 8.0

Results :

Tests run: 20, Failures: 0, Errors: 0, Skipped: 0

[INFO] ------------------------------------------------------------------------
[INFO] BUILD SUCCESS
[INFO] ------------------------------------------------------------------------
[INFO] Total time: 7:53.944s
[INFO] Finished at: Tue Jun 25 18:05:04 EEST 2013
[INFO] Final Memory: 19M/1024M
[INFO] ------------------------------------------------------------------------
[INFO] Scanning for projects...
[INFO]                                                                         
[INFO] ------------------------------------------------------------------------
[INFO] Building Actors 1.0-SNAPSHOT
[INFO] ------------------------------------------------------------------------
[INFO] 
[INFO] --- maven-resources-plugin:2.5:resources (default-resources) @ actors ---
[debug] execute contextualize
[INFO] Using 'UTF-8' encoding to copy filtered resources.
[INFO] skip non existing resourceDirectory C:\Users\Andriy\Projects\com\github\plokhotnyuk\actors\src\main\resources
[INFO] 
[INFO] --- scala-maven-plugin:3.1.3:compile (compile) @ actors ---
[WARNING]  Expected all dependencies to require Scala version: 2.10.2
[WARNING]  com.github.plokhotnyuk.actors:actors:1.0-SNAPSHOT requires scala version: 2.10.2
[WARNING]  com.typesafe.akka:akka-actor_2.10:2.2-SNAPSHOT requires scala version: 2.10.2
[WARNING]  net.liftweb:lift-common_2.10:2.5 requires scala version: 2.10.0
[WARNING] Multiple versions of scala libraries detected!
[WARNING] No source files found.
[INFO] 
[INFO] --- maven-resources-plugin:2.5:testResources (default-testResources) @ actors ---
[debug] execute contextualize
[INFO] Using 'UTF-8' encoding to copy filtered resources.
[INFO] skip non existing resourceDirectory C:\Users\Andriy\Projects\com\github\plokhotnyuk\actors\src\test\resources
[INFO] 
[INFO] --- scala-maven-plugin:3.1.3:testCompile (testCompile) @ actors ---
[WARNING]  Expected all dependencies to require Scala version: 2.10.2
[WARNING]  com.github.plokhotnyuk.actors:actors:1.0-SNAPSHOT requires scala version: 2.10.2
[WARNING]  com.typesafe.akka:akka-actor_2.10:2.2-SNAPSHOT requires scala version: 2.10.2
[WARNING]  net.liftweb:lift-common_2.10:2.5 requires scala version: 2.10.0
[WARNING] Multiple versions of scala libraries detected!
[INFO] Nothing to compile - all classes are up to date
[INFO] 
[INFO] --- maven-surefire-plugin:2.13:test (default-test) @ actors ---
[INFO] Surefire report directory: C:\Users\Andriy\Projects\com\github\plokhotnyuk\actors\target\surefire-reports

-------------------------------------------------------
 T E S T S
-------------------------------------------------------

-------------------------------------------------------
 T E S T S
-------------------------------------------------------
Running com.github.plokhotnyuk.actors.AkkaActorSpec
Executor service type: thread-pool

Single-producer sending:
40,000,000 ops
3,386 ms
84 ns/op
11,813,349 ops/s
52.5 % of CPU usage

Multi-producer sending:
20,000,000 ops
1,747 ms
87 ns/op
11,448,196 ops/s
50.5 % of CPU usage

Max throughput:
40,000,000 ops
2,340 ms
58 ns/op
17,094,017 ops/s
95.5 % of CPU usage

Ping between actors:
10,000,000 ops
49,889 ms
4,988 ns/op
200,444 ops/s
28.7 % of CPU usage
Tests run: 4, Failures: 0, Errors: 0, Skipped: 0, Time elapsed: 58.765 sec
Java HotSpot(TM) 64-Bit Server VM warning: ignoring option PermSize=128m; support was removed in 8.0
Java HotSpot(TM) 64-Bit Server VM warning: ignoring option MaxPermSize=128m; support was removed in 8.0
Running com.github.plokhotnyuk.actors.LiftActorSpec
Executor service type: thread-pool

Single-producer sending:
20,000,000 ops
1,716 ms
85 ns/op
11,655,011 ops/s
40.7 % of CPU usage

Multi-producer sending:
20,000,000 ops
2,995 ms
149 ns/op
6,677,796 ops/s
67.5 % of CPU usage

Max throughput:
20,000,000 ops
1,591 ms
79 ns/op
12,570,710 ops/s
92.2 % of CPU usage

Ping between actors:
2,000,000 ops
10,858 ms
5,429 ns/op
184,195 ops/s
28.8 % of CPU usage
Tests run: 4, Failures: 0, Errors: 0, Skipped: 0, Time elapsed: 18.158 sec
Java HotSpot(TM) 64-Bit Server VM warning: ignoring option PermSize=128m; support was removed in 8.0
Java HotSpot(TM) 64-Bit Server VM warning: ignoring option MaxPermSize=128m; support was removed in 8.0
Running com.github.plokhotnyuk.actors.ProxyActorsActorSpec
Executor service type: thread-pool

Single-producer sending:
10,000,000 ops
3,260 ms
326 ns/op
3,067,484 ops/s
58.3 % of CPU usage

Multi-producer sending:
10,000,000 ops
3,463 ms
346 ns/op
2,887,669 ops/s
69.9 % of CPU usage

Max throughput:
10,000,000 ops
4,976 ms
497 ns/op
2,009,646 ops/s
82.0 % of CPU usage

Ping between actors:
10,000,000 ops
51,027 ms
5,102 ns/op
195,974 ops/s
24.7 % of CPU usage
Tests run: 4, Failures: 0, Errors: 0, Skipped: 0, Time elapsed: 63.835 sec
Java HotSpot(TM) 64-Bit Server VM warning: ignoring option PermSize=128m; support was removed in 8.0
Java HotSpot(TM) 64-Bit Server VM warning: ignoring option MaxPermSize=128m; support was removed in 8.0
Running com.github.plokhotnyuk.actors.ScalaActorSpec
Executor service type: thread-pool

Single-producer sending:
1,000,000 ops
3,729 ms
3,729 ns/op
268,168 ops/s
52.5 % of CPU usage

Multi-producer sending:
1,000,000 ops
3,635 ms
3,635 ns/op
275,103 ops/s
46.3 % of CPU usage

Max throughput:
5,000,000 ops
7,441 ms
1,488 ns/op
671,952 ops/s
72.7 % of CPU usage

Ping between actors:
1,000,000 ops
12,995 ms
12,995 ns/op
76,952 ops/s
34.8 % of CPU usage
Tests run: 4, Failures: 0, Errors: 0, Skipped: 0, Time elapsed: 28.783 sec
Java HotSpot(TM) 64-Bit Server VM warning: ignoring option PermSize=128m; support was removed in 8.0
Java HotSpot(TM) 64-Bit Server VM warning: ignoring option MaxPermSize=128m; support was removed in 8.0
Running com.github.plokhotnyuk.actors.ScalazActorSpec
Executor service type: thread-pool

Single-producer sending:
100,000,000 ops
5,991 ms
59 ns/op
16,691,704 ops/s
42.0 % of CPU usage

Multi-producer sending:
50,000,000 ops
2,465 ms
49 ns/op
20,283,975 ops/s
88.4 % of CPU usage

Max throughput:
200,000,000 ops
3,432 ms
17 ns/op
58,275,058 ops/s
76.3 % of CPU usage

Ping between actors:
10,000,000 ops
3,120 ms
312 ns/op
3,205,128 ops/s
39.1 % of CPU usage
Tests run: 4, Failures: 0, Errors: 0, Skipped: 0, Time elapsed: 15.974 sec
Java HotSpot(TM) 64-Bit Server VM warning: ignoring option PermSize=128m; support was removed in 8.0
Java HotSpot(TM) 64-Bit Server VM warning: ignoring option MaxPermSize=128m; support was removed in 8.0

Results :

Tests run: 20, Failures: 0, Errors: 0, Skipped: 0

[INFO] ------------------------------------------------------------------------
[INFO] BUILD SUCCESS
[INFO] ------------------------------------------------------------------------
[INFO] Total time: 3:14.548s
[INFO] Finished at: Tue Jun 25 18:08:20 EEST 2013
[INFO] Final Memory: 19M/1024M
[INFO] ------------------------------------------------------------------------
