[INFO] Scanning for projects...
[INFO]                                                                         
[INFO] ------------------------------------------------------------------------
[INFO] Building Actors 1.0-SNAPSHOT
[INFO] ------------------------------------------------------------------------
[INFO] 
[INFO] --- maven-clean-plugin:2.5:clean (default-clean) @ actors ---
[INFO] Deleting C:\Users\Andriy\Projects\com\github\plokhotnyuk\actors\target
[INFO] 
[INFO] --- maven-resources-plugin:2.6:resources (default-resources) @ actors ---
[INFO] Using 'UTF-8' encoding to copy filtered resources.
[INFO] skip non existing resourceDirectory C:\Users\Andriy\Projects\com\github\plokhotnyuk\actors\src\main\resources
[INFO] 
[INFO] --- scala-maven-plugin:3.1.3:compile (compile) @ actors ---
[WARNING]  Expected all dependencies to require Scala version: 2.10.2
[WARNING]  com.github.plokhotnyuk.actors:actors:1.0-SNAPSHOT requires scala version: 2.10.2
[WARNING]  com.typesafe.akka:akka-actor_2.10:2.2.0 requires scala version: 2.10.2
[WARNING]  net.liftweb:lift-common_2.10:2.5.1 requires scala version: 2.10.0
[WARNING] Multiple versions of scala libraries detected!
[WARNING] No source files found.
[INFO] 
[INFO] --- maven-resources-plugin:2.6:testResources (default-testResources) @ actors ---
[INFO] Using 'UTF-8' encoding to copy filtered resources.
[INFO] skip non existing resourceDirectory C:\Users\Andriy\Projects\com\github\plokhotnyuk\actors\src\test\resources
[INFO] 
[INFO] --- scala-maven-plugin:3.1.3:testCompile (testCompile) @ actors ---
[WARNING]  Expected all dependencies to require Scala version: 2.10.2
[WARNING]  com.github.plokhotnyuk.actors:actors:1.0-SNAPSHOT requires scala version: 2.10.2
[WARNING]  com.typesafe.akka:akka-actor_2.10:2.2.0 requires scala version: 2.10.2
[WARNING]  net.liftweb:lift-common_2.10:2.5.1 requires scala version: 2.10.0
[WARNING] Multiple versions of scala libraries detected!
[INFO] C:\Users\Andriy\Projects\com\github\plokhotnyuk\actors\src\test\scala:-1: info: compiling
[INFO] Compiling 11 source files to C:\Users\Andriy\Projects\com\github\plokhotnyuk\actors\target\test-classes at 1374678291382
[WARNING] warning: there were 2 feature warning(s); re-run with -feature for details
[WARNING] one warning found
[WARNING] Java HotSpot(TM) 64-Bit Server VM warning: ignoring option PermSize=128m; support was removed in 8.0
[WARNING] Java HotSpot(TM) 64-Bit Server VM warning: ignoring option MaxPermSize=128m; support was removed in 8.0
[INFO] prepare-compile in 0 s
[INFO] compile in 10 s
[INFO] ------------------------------------------------------------------------
[INFO] BUILD SUCCESS
[INFO] ------------------------------------------------------------------------
[INFO] Total time: 11.981s
[INFO] Finished at: Wed Jul 24 18:05:01 EEST 2013
[INFO] Final Memory: 17M/1024M
[INFO] ------------------------------------------------------------------------
[INFO] Scanning for projects...
[INFO]                                                                         
[INFO] ------------------------------------------------------------------------
[INFO] Building Actors 1.0-SNAPSHOT
[INFO] ------------------------------------------------------------------------
[INFO] 
[INFO] --- maven-resources-plugin:2.6:resources (default-resources) @ actors ---
[INFO] Using 'UTF-8' encoding to copy filtered resources.
[INFO] skip non existing resourceDirectory C:\Users\Andriy\Projects\com\github\plokhotnyuk\actors\src\main\resources
[INFO] 
[INFO] --- scala-maven-plugin:3.1.3:compile (compile) @ actors ---
[WARNING]  Expected all dependencies to require Scala version: 2.10.2
[WARNING]  com.github.plokhotnyuk.actors:actors:1.0-SNAPSHOT requires scala version: 2.10.2
[WARNING]  com.typesafe.akka:akka-actor_2.10:2.2.0 requires scala version: 2.10.2
[WARNING]  net.liftweb:lift-common_2.10:2.5.1 requires scala version: 2.10.0
[WARNING] Multiple versions of scala libraries detected!
[WARNING] No source files found.
[INFO] 
[INFO] --- maven-resources-plugin:2.6:testResources (default-testResources) @ actors ---
[INFO] Using 'UTF-8' encoding to copy filtered resources.
[INFO] skip non existing resourceDirectory C:\Users\Andriy\Projects\com\github\plokhotnyuk\actors\src\test\resources
[INFO] 
[INFO] --- scala-maven-plugin:3.1.3:testCompile (testCompile) @ actors ---
[WARNING]  Expected all dependencies to require Scala version: 2.10.2
[WARNING]  com.github.plokhotnyuk.actors:actors:1.0-SNAPSHOT requires scala version: 2.10.2
[WARNING]  com.typesafe.akka:akka-actor_2.10:2.2.0 requires scala version: 2.10.2
[WARNING]  net.liftweb:lift-common_2.10:2.5.1 requires scala version: 2.10.0
[WARNING] Multiple versions of scala libraries detected!
[INFO] Nothing to compile - all classes are up to date
[INFO] 
[INFO] --- maven-surefire-plugin:2.13:test (default-test) @ actors ---
[INFO] Surefire report directory: C:\Users\Andriy\Projects\com\github\plokhotnyuk\actors\target\surefire-reports

-------------------------------------------------------
 T E S T S
-------------------------------------------------------

-------------------------------------------------------
 T E S T S
-------------------------------------------------------
Running com.github.plokhotnyuk.actors.AkkaActorSpec
Executor service type: fixed-thread-pool

Single-producer sending:
40,000,000 ops
3,151 ms
78 ns/op
12,694,382 ops/s
52.1 % of CPU usage

Multi-producer sending:
20,000,000 ops
1,591 ms
79 ns/op
12,570,710 ops/s
66.2 % of CPU usage

Max throughput:
40,000,000 ops
2,278 ms
56 ns/op
17,559,262 ops/s
40.1 % of CPU usage

Ping latency:
10,000,000 ops
1,919 ms
191 ns/op
5,211,047 ops/s
26.4 % of CPU usage

Ping throughput 10K:
10,000,000 ops
6,458 ms
645 ns/op
1,548,467 ops/s
29.9 % of CPU usage

Initiation 1M:
1,000,000 ops
15,866 ms
15,866 ns/op
63,027 ops/s
50.3 % of CPU usage
430 bytes per instance
Tests run: 6, Failures: 0, Errors: 0, Skipped: 0, Time elapsed: 46.394 sec
Java HotSpot(TM) 64-Bit Server VM warning: ignoring option PermSize=128m; support was removed in 8.0
Java HotSpot(TM) 64-Bit Server VM warning: ignoring option MaxPermSize=128m; support was removed in 8.0
Running com.github.plokhotnyuk.actors.LiftActorSpec
Executor service type: fixed-thread-pool

Single-producer sending:
20,000,000 ops
1,872 ms
93 ns/op
10,683,760 ops/s
42.5 % of CPU usage

Multi-producer sending:
20,000,000 ops
1,966 ms
98 ns/op
10,172,939 ops/s
46.6 % of CPU usage

Max throughput:
20,000,000 ops
2,324 ms
116 ns/op
8,605,851 ops/s
64.4 % of CPU usage

Ping latency:
2,000,000 ops
920 ms
460 ns/op
2,173,913 ops/s
28.8 % of CPU usage

Ping throughput 10K:
5,000,000 ops
1,716 ms
343 ns/op
2,913,752 ops/s
25.7 % of CPU usage

Initiation 1M:
1,000,000 ops
31 ms
31 ns/op
32,258,064 ops/s
37.7 % of CPU usage
72 bytes per instance
Tests run: 6, Failures: 0, Errors: 0, Skipped: 0, Time elapsed: 12.074 sec
Java HotSpot(TM) 64-Bit Server VM warning: ignoring option PermSize=128m; support was removed in 8.0
Java HotSpot(TM) 64-Bit Server VM warning: ignoring option MaxPermSize=128m; support was removed in 8.0
Running com.github.plokhotnyuk.actors.ScalaActorSpec
Executor service type: fixed-thread-pool

Single-producer sending:
1,000,000 ops
1,092 ms
1,092 ns/op
915,750 ops/s
36.4 % of CPU usage

Multi-producer sending:
1,000,000 ops
1,280 ms
1,280 ns/op
781,250 ops/s
30.2 % of CPU usage

Max throughput:
5,000,000 ops
5,163 ms
1,032 ns/op
968,429 ops/s
26.3 % of CPU usage

Ping latency:
1,000,000 ops
1,997 ms
1,997 ns/op
500,751 ops/s
31.4 % of CPU usage

Ping throughput 10K:
2,000,000 ops
3,463 ms
1,731 ns/op
577,533 ops/s
26.1 % of CPU usage

Initiation 1M:
1,000,000 ops
140 ms
140 ns/op
7,142,857 ops/s
27.9 % of CPU usage
144 bytes per instance
Tests run: 6, Failures: 0, Errors: 0, Skipped: 0, Time elapsed: 17.799 sec
Java HotSpot(TM) 64-Bit Server VM warning: ignoring option PermSize=128m; support was removed in 8.0
Java HotSpot(TM) 64-Bit Server VM warning: ignoring option MaxPermSize=128m; support was removed in 8.0
Running com.github.plokhotnyuk.actors.ScalazActor2Spec
Executor service type: fixed-thread-pool

Single-producer sending:
100,000,000 ops
3,775 ms
37 ns/op
26,490,066 ops/s
47.9 % of CPU usage

Multi-producer sending:
50,000,000 ops
2,184 ms
43 ns/op
22,893,772 ops/s
91.8 % of CPU usage

Max throughput:
200,000,000 ops
3,525 ms
17 ns/op
56,737,588 ops/s
95.4 % of CPU usage

Ping latency:
20,000,000 ops
1,591 ms
79 ns/op
12,570,710 ops/s
25.7 % of CPU usage

Ping throughput 10K:
20,000,000 ops
2,496 ms
124 ns/op
8,012,820 ops/s
25.6 % of CPU usage

Initiation 1M:
1,000,000 ops
47 ms
47 ns/op
21,276,595 ops/s
41.5 % of CPU usage
128 bytes per instance
Tests run: 6, Failures: 0, Errors: 0, Skipped: 0, Time elapsed: 18.189 sec
Java HotSpot(TM) 64-Bit Server VM warning: ignoring option PermSize=128m; support was removed in 8.0
Java HotSpot(TM) 64-Bit Server VM warning: ignoring option MaxPermSize=128m; support was removed in 8.0
Running com.github.plokhotnyuk.actors.ScalazActorSpec
Executor service type: fixed-thread-pool

Single-producer sending:
100,000,000 ops
3,791 ms
37 ns/op
26,378,264 ops/s
47.6 % of CPU usage

Multi-producer sending:
50,000,000 ops
2,121 ms
42 ns/op
23,573,785 ops/s
95.2 % of CPU usage

Max throughput:
200,000,000 ops
3,385 ms
16 ns/op
59,084,194 ops/s
95.2 % of CPU usage

Ping latency:
20,000,000 ops
1,514 ms
75 ns/op
13,210,039 ops/s
26.3 % of CPU usage

Ping throughput 10K:
20,000,000 ops
2,543 ms
127 ns/op
7,864,726 ops/s
25.3 % of CPU usage

Initiation 1M:
1,000,000 ops
63 ms
63 ns/op
15,873,015 ops/s
49.5 % of CPU usage
184 bytes per instance
Tests run: 6, Failures: 0, Errors: 0, Skipped: 0, Time elapsed: 18.61 sec
Java HotSpot(TM) 64-Bit Server VM warning: ignoring option PermSize=128m; support was removed in 8.0
Java HotSpot(TM) 64-Bit Server VM warning: ignoring option MaxPermSize=128m; support was removed in 8.0

Results :

Tests run: 30, Failures: 0, Errors: 0, Skipped: 0

[INFO] ------------------------------------------------------------------------
[INFO] BUILD SUCCESS
[INFO] ------------------------------------------------------------------------
[INFO] Total time: 2:07.015s
[INFO] Finished at: Wed Jul 24 18:07:10 EEST 2013
[INFO] Final Memory: 20M/1024M
[INFO] ------------------------------------------------------------------------
[INFO] Scanning for projects...
[INFO]                                                                         
[INFO] ------------------------------------------------------------------------
[INFO] Building Actors 1.0-SNAPSHOT
[INFO] ------------------------------------------------------------------------
[INFO] 
[INFO] --- maven-resources-plugin:2.6:resources (default-resources) @ actors ---
[INFO] Using 'UTF-8' encoding to copy filtered resources.
[INFO] skip non existing resourceDirectory C:\Users\Andriy\Projects\com\github\plokhotnyuk\actors\src\main\resources
[INFO] 
[INFO] --- scala-maven-plugin:3.1.3:compile (compile) @ actors ---
[WARNING]  Expected all dependencies to require Scala version: 2.10.2
[WARNING]  com.github.plokhotnyuk.actors:actors:1.0-SNAPSHOT requires scala version: 2.10.2
[WARNING]  com.typesafe.akka:akka-actor_2.10:2.2.0 requires scala version: 2.10.2
[WARNING]  net.liftweb:lift-common_2.10:2.5.1 requires scala version: 2.10.0
[WARNING] Multiple versions of scala libraries detected!
[WARNING] No source files found.
[INFO] 
[INFO] --- maven-resources-plugin:2.6:testResources (default-testResources) @ actors ---
[INFO] Using 'UTF-8' encoding to copy filtered resources.
[INFO] skip non existing resourceDirectory C:\Users\Andriy\Projects\com\github\plokhotnyuk\actors\src\test\resources
[INFO] 
[INFO] --- scala-maven-plugin:3.1.3:testCompile (testCompile) @ actors ---
[WARNING]  Expected all dependencies to require Scala version: 2.10.2
[WARNING]  com.github.plokhotnyuk.actors:actors:1.0-SNAPSHOT requires scala version: 2.10.2
[WARNING]  com.typesafe.akka:akka-actor_2.10:2.2.0 requires scala version: 2.10.2
[WARNING]  net.liftweb:lift-common_2.10:2.5.1 requires scala version: 2.10.0
[WARNING] Multiple versions of scala libraries detected!
[INFO] Nothing to compile - all classes are up to date
[INFO] 
[INFO] --- maven-surefire-plugin:2.13:test (default-test) @ actors ---
[INFO] Surefire report directory: C:\Users\Andriy\Projects\com\github\plokhotnyuk\actors\target\surefire-reports

-------------------------------------------------------
 T E S T S
-------------------------------------------------------

-------------------------------------------------------
 T E S T S
-------------------------------------------------------
Running com.github.plokhotnyuk.actors.AkkaActorSpec
Executor service type: scala-forkjoin-pool

Single-producer sending:
40,000,000 ops
2,589 ms
64 ns/op
15,449,980 ops/s
48.7 % of CPU usage

Multi-producer sending:
20,000,000 ops
1,575 ms
78 ns/op
12,698,412 ops/s
64.1 % of CPU usage

Max throughput:
40,000,000 ops
2,262 ms
56 ns/op
17,683,465 ops/s
41.7 % of CPU usage

Ping latency:
10,000,000 ops
1,794 ms
179 ns/op
5,574,136 ops/s
26.1 % of CPU usage

Ping throughput 10K:
10,000,000 ops
9,313 ms
931 ns/op
1,073,767 ops/s
28.2 % of CPU usage

Initiation 1M:
1,000,000 ops
14,664 ms
14,664 ns/op
68,194 ops/s
59.1 % of CPU usage
430 bytes per instance
Tests run: 6, Failures: 0, Errors: 0, Skipped: 0, Time elapsed: 47.378 sec
Java HotSpot(TM) 64-Bit Server VM warning: ignoring option PermSize=128m; support was removed in 8.0
Java HotSpot(TM) 64-Bit Server VM warning: ignoring option MaxPermSize=128m; support was removed in 8.0
Running com.github.plokhotnyuk.actors.LiftActorSpec
Executor service type: scala-forkjoin-pool

Single-producer sending:
20,000,000 ops
1,622 ms
81 ns/op
12,330,456 ops/s
39.9 % of CPU usage

Multi-producer sending:
20,000,000 ops
1,903 ms
95 ns/op
10,509,721 ops/s
49.4 % of CPU usage

Max throughput:
20,000,000 ops
2,262 ms
113 ns/op
8,841,732 ops/s
66.2 % of CPU usage

Ping latency:
2,000,000 ops
1,030 ms
515 ns/op
1,941,747 ops/s
29.2 % of CPU usage

Ping throughput 10K:
5,000,000 ops
2,277 ms
455 ns/op
2,195,871 ops/s
25.7 % of CPU usage

Initiation 1M:
1,000,000 ops
32 ms
32 ns/op
31,250,000 ops/s
48.8 % of CPU usage
72 bytes per instance
Tests run: 6, Failures: 0, Errors: 0, Skipped: 0, Time elapsed: 12.23 sec
Java HotSpot(TM) 64-Bit Server VM warning: ignoring option PermSize=128m; support was removed in 8.0
Java HotSpot(TM) 64-Bit Server VM warning: ignoring option MaxPermSize=128m; support was removed in 8.0
Running com.github.plokhotnyuk.actors.ScalaActorSpec
Executor service type: scala-forkjoin-pool

Single-producer sending:
1,000,000 ops
998 ms
998 ns/op
1,002,004 ops/s
41.0 % of CPU usage

Multi-producer sending:
1,000,000 ops
967 ms
967 ns/op
1,034,126 ops/s
31.1 % of CPU usage

Max throughput:
5,000,000 ops
4,430 ms
886 ns/op
1,128,668 ops/s
26.1 % of CPU usage

Ping latency:
1,000,000 ops
1,981 ms
1,981 ns/op
504,795 ops/s
29.9 % of CPU usage

Ping throughput 10K:
2,000,000 ops
4,149 ms
2,074 ns/op
482,043 ops/s
25.6 % of CPU usage

Initiation 1M:
1,000,000 ops
125 ms
125 ns/op
8,000,000 ops/s
28.1 % of CPU usage
144 bytes per instance
Tests run: 6, Failures: 0, Errors: 0, Skipped: 0, Time elapsed: 17.191 sec
Java HotSpot(TM) 64-Bit Server VM warning: ignoring option PermSize=128m; support was removed in 8.0
Java HotSpot(TM) 64-Bit Server VM warning: ignoring option MaxPermSize=128m; support was removed in 8.0
Running com.github.plokhotnyuk.actors.ScalazActor2Spec
Executor service type: scala-forkjoin-pool

Single-producer sending:
100,000,000 ops
3,214 ms
32 ns/op
31,113,876 ops/s
50.8 % of CPU usage

Multi-producer sending:
50,000,000 ops
2,059 ms
41 ns/op
24,283,632 ops/s
96.8 % of CPU usage

Max throughput:
200,000,000 ops
2,964 ms
14 ns/op
67,476,383 ops/s
97.4 % of CPU usage

Ping latency:
20,000,000 ops
2,542 ms
127 ns/op
7,867,820 ops/s
25.9 % of CPU usage

Ping throughput 10K:
20,000,000 ops
3,760 ms
188 ns/op
5,319,148 ops/s
25.6 % of CPU usage

Initiation 1M:
1,000,000 ops
47 ms
47 ns/op
21,276,595 ops/s
33.2 % of CPU usage
128 bytes per instance
Tests run: 6, Failures: 0, Errors: 0, Skipped: 0, Time elapsed: 19.157 sec
Java HotSpot(TM) 64-Bit Server VM warning: ignoring option PermSize=128m; support was removed in 8.0
Java HotSpot(TM) 64-Bit Server VM warning: ignoring option MaxPermSize=128m; support was removed in 8.0
Running com.github.plokhotnyuk.actors.ScalazActorSpec
Executor service type: scala-forkjoin-pool

Single-producer sending:
100,000,000 ops
2,902 ms
29 ns/op
34,458,993 ops/s
50.5 % of CPU usage

Multi-producer sending:
50,000,000 ops
2,090 ms
41 ns/op
23,923,444 ops/s
93.9 % of CPU usage

Max throughput:
200,000,000 ops
3,026 ms
15 ns/op
66,093,853 ops/s
94.6 % of CPU usage

Ping latency:
20,000,000 ops
2,372 ms
118 ns/op
8,431,703 ops/s
26.0 % of CPU usage

Ping throughput 10K:
20,000,000 ops
6,630 ms
331 ns/op
3,016,591 ops/s
25.2 % of CPU usage

Initiation 1M:
1,000,000 ops
62 ms
62 ns/op
16,129,032 ops/s
31.5 % of CPU usage
184 bytes per instance
Tests run: 6, Failures: 0, Errors: 0, Skipped: 0, Time elapsed: 22.246 sec
Java HotSpot(TM) 64-Bit Server VM warning: ignoring option PermSize=128m; support was removed in 8.0
Java HotSpot(TM) 64-Bit Server VM warning: ignoring option MaxPermSize=128m; support was removed in 8.0

Results :

Tests run: 30, Failures: 0, Errors: 0, Skipped: 0

[INFO] ------------------------------------------------------------------------
[INFO] BUILD SUCCESS
[INFO] ------------------------------------------------------------------------
[INFO] Total time: 2:12.070s
[INFO] Finished at: Wed Jul 24 18:09:24 EEST 2013
[INFO] Final Memory: 20M/1024M
[INFO] ------------------------------------------------------------------------
[INFO] Scanning for projects...
[INFO]                                                                         
[INFO] ------------------------------------------------------------------------
[INFO] Building Actors 1.0-SNAPSHOT
[INFO] ------------------------------------------------------------------------
[INFO] 
[INFO] --- maven-resources-plugin:2.6:resources (default-resources) @ actors ---
[INFO] Using 'UTF-8' encoding to copy filtered resources.
[INFO] skip non existing resourceDirectory C:\Users\Andriy\Projects\com\github\plokhotnyuk\actors\src\main\resources
[INFO] 
[INFO] --- scala-maven-plugin:3.1.3:compile (compile) @ actors ---
[WARNING]  Expected all dependencies to require Scala version: 2.10.2
[WARNING]  com.github.plokhotnyuk.actors:actors:1.0-SNAPSHOT requires scala version: 2.10.2
[WARNING]  com.typesafe.akka:akka-actor_2.10:2.2.0 requires scala version: 2.10.2
[WARNING]  net.liftweb:lift-common_2.10:2.5.1 requires scala version: 2.10.0
[WARNING] Multiple versions of scala libraries detected!
[WARNING] No source files found.
[INFO] 
[INFO] --- maven-resources-plugin:2.6:testResources (default-testResources) @ actors ---
[INFO] Using 'UTF-8' encoding to copy filtered resources.
[INFO] skip non existing resourceDirectory C:\Users\Andriy\Projects\com\github\plokhotnyuk\actors\src\test\resources
[INFO] 
[INFO] --- scala-maven-plugin:3.1.3:testCompile (testCompile) @ actors ---
[WARNING]  Expected all dependencies to require Scala version: 2.10.2
[WARNING]  com.github.plokhotnyuk.actors:actors:1.0-SNAPSHOT requires scala version: 2.10.2
[WARNING]  com.typesafe.akka:akka-actor_2.10:2.2.0 requires scala version: 2.10.2
[WARNING]  net.liftweb:lift-common_2.10:2.5.1 requires scala version: 2.10.0
[WARNING] Multiple versions of scala libraries detected!
[INFO] Nothing to compile - all classes are up to date
[INFO] 
[INFO] --- maven-surefire-plugin:2.13:test (default-test) @ actors ---
[INFO] Surefire report directory: C:\Users\Andriy\Projects\com\github\plokhotnyuk\actors\target\surefire-reports

-------------------------------------------------------
 T E S T S
-------------------------------------------------------

-------------------------------------------------------
 T E S T S
-------------------------------------------------------
Running com.github.plokhotnyuk.actors.AkkaActorSpec
Executor service type: java-forkjoin-pool

Single-producer sending:
40,000,000 ops
2,793 ms
69 ns/op
14,321,518 ops/s
49.4 % of CPU usage

Multi-producer sending:
20,000,000 ops
1,591 ms
79 ns/op
12,570,710 ops/s
61.8 % of CPU usage

Max throughput:
40,000,000 ops
2,246 ms
56 ns/op
17,809,439 ops/s
42.7 % of CPU usage

Ping latency:
10,000,000 ops
1,778 ms
177 ns/op
5,624,296 ops/s
26.5 % of CPU usage

Ping throughput 10K:
10,000,000 ops
7,208 ms
720 ns/op
1,387,347 ops/s
29.7 % of CPU usage

Initiation 1M:
1,000,000 ops
15,476 ms
15,476 ns/op
64,616 ops/s
59.8 % of CPU usage
430 bytes per instance
Tests run: 6, Failures: 0, Errors: 0, Skipped: 0, Time elapsed: 46.488 sec
Java HotSpot(TM) 64-Bit Server VM warning: ignoring option PermSize=128m; support was removed in 8.0
Java HotSpot(TM) 64-Bit Server VM warning: ignoring option MaxPermSize=128m; support was removed in 8.0
Running com.github.plokhotnyuk.actors.LiftActorSpec
Executor service type: java-forkjoin-pool

Single-producer sending:
20,000,000 ops
1,794 ms
89 ns/op
11,148,272 ops/s
38.9 % of CPU usage

Multi-producer sending:
20,000,000 ops
1,997 ms
99 ns/op
10,015,022 ops/s
46.3 % of CPU usage

Max throughput:
20,000,000 ops
2,200 ms
110 ns/op
9,090,909 ops/s
64.4 % of CPU usage

Ping latency:
2,000,000 ops
1,045 ms
522 ns/op
1,913,875 ops/s
28.4 % of CPU usage

Ping throughput 10K:
5,000,000 ops
2,278 ms
455 ns/op
2,194,907 ops/s
26.0 % of CPU usage

Initiation 1M:
1,000,000 ops
31 ms
31 ns/op
32,258,064 ops/s
50.3 % of CPU usage
72 bytes per instance
Tests run: 6, Failures: 0, Errors: 0, Skipped: 0, Time elapsed: 12.605 sec
Java HotSpot(TM) 64-Bit Server VM warning: ignoring option PermSize=128m; support was removed in 8.0
Java HotSpot(TM) 64-Bit Server VM warning: ignoring option MaxPermSize=128m; support was removed in 8.0
Running com.github.plokhotnyuk.actors.ScalaActorSpec
Executor service type: java-forkjoin-pool

Single-producer sending:
1,000,000 ops
1,123 ms
1,123 ns/op
890,471 ops/s
39.6 % of CPU usage

Multi-producer sending:
1,000,000 ops
811 ms
811 ns/op
1,233,045 ops/s
31.7 % of CPU usage

Max throughput:
5,000,000 ops
4,524 ms
904 ns/op
1,105,216 ops/s
26.7 % of CPU usage

Ping latency:
1,000,000 ops
2,106 ms
2,106 ns/op
474,833 ops/s
30.4 % of CPU usage

Ping throughput 10K:
2,000,000 ops
3,932 ms
1,966 ns/op
508,646 ops/s
26.0 % of CPU usage

Initiation 1M:
1,000,000 ops
125 ms
125 ns/op
8,000,000 ops/s
28.1 % of CPU usage
144 bytes per instance
Tests run: 6, Failures: 0, Errors: 0, Skipped: 0, Time elapsed: 17.269 sec
Java HotSpot(TM) 64-Bit Server VM warning: ignoring option PermSize=128m; support was removed in 8.0
Java HotSpot(TM) 64-Bit Server VM warning: ignoring option MaxPermSize=128m; support was removed in 8.0
Running com.github.plokhotnyuk.actors.ScalazActor2Spec
Executor service type: java-forkjoin-pool

Single-producer sending:
100,000,000 ops
3,105 ms
31 ns/op
32,206,119 ops/s
51.9 % of CPU usage

Multi-producer sending:
50,000,000 ops
2,278 ms
45 ns/op
21,949,078 ops/s
96.6 % of CPU usage

Max throughput:
200,000,000 ops
4,087 ms
20 ns/op
48,935,649 ops/s
91.4 % of CPU usage

Ping latency:
20,000,000 ops
2,465 ms
123 ns/op
8,113,590 ops/s
26.9 % of CPU usage

Ping throughput 10K:
20,000,000 ops
3,401 ms
170 ns/op
5,880,623 ops/s
25.3 % of CPU usage

Initiation 1M:
1,000,000 ops
47 ms
47 ns/op
21,276,595 ops/s
49.8 % of CPU usage
128 bytes per instance
Tests run: 6, Failures: 0, Errors: 0, Skipped: 0, Time elapsed: 20.108 sec
Java HotSpot(TM) 64-Bit Server VM warning: ignoring option PermSize=128m; support was removed in 8.0
Java HotSpot(TM) 64-Bit Server VM warning: ignoring option MaxPermSize=128m; support was removed in 8.0
Running com.github.plokhotnyuk.actors.ScalazActorSpec
Executor service type: java-forkjoin-pool

Single-producer sending:
100,000,000 ops
3,167 ms
31 ns/op
31,575,623 ops/s
52.1 % of CPU usage

Multi-producer sending:
50,000,000 ops
2,075 ms
41 ns/op
24,096,385 ops/s
93.6 % of CPU usage

Max throughput:
200,000,000 ops
2,325 ms
11 ns/op
86,021,505 ops/s
93.9 % of CPU usage

Ping latency:
20,000,000 ops
2,418 ms
120 ns/op
8,271,298 ops/s
27.3 % of CPU usage

Ping throughput 10K:
20,000,000 ops
3,525 ms
176 ns/op
5,673,758 ops/s
25.4 % of CPU usage

Initiation 1M:
1,000,000 ops
62 ms
62 ns/op
16,129,032 ops/s
50.3 % of CPU usage
184 bytes per instance
Tests run: 6, Failures: 0, Errors: 0, Skipped: 0, Time elapsed: 18.72 sec
Java HotSpot(TM) 64-Bit Server VM warning: ignoring option PermSize=128m; support was removed in 8.0
Java HotSpot(TM) 64-Bit Server VM warning: ignoring option MaxPermSize=128m; support was removed in 8.0

Results :

Tests run: 30, Failures: 0, Errors: 0, Skipped: 0

[INFO] ------------------------------------------------------------------------
[INFO] BUILD SUCCESS
[INFO] ------------------------------------------------------------------------
[INFO] Total time: 2:09.371s
[INFO] Finished at: Wed Jul 24 18:11:35 EEST 2013
[INFO] Final Memory: 20M/1024M
[INFO] ------------------------------------------------------------------------
[INFO] Scanning for projects...
[INFO]                                                                         
[INFO] ------------------------------------------------------------------------
[INFO] Building Actors 1.0-SNAPSHOT
[INFO] ------------------------------------------------------------------------
[INFO] 
[INFO] --- maven-resources-plugin:2.6:resources (default-resources) @ actors ---
[INFO] Using 'UTF-8' encoding to copy filtered resources.
[INFO] skip non existing resourceDirectory C:\Users\Andriy\Projects\com\github\plokhotnyuk\actors\src\main\resources
[INFO] 
[INFO] --- scala-maven-plugin:3.1.3:compile (compile) @ actors ---
[WARNING]  Expected all dependencies to require Scala version: 2.10.2
[WARNING]  com.github.plokhotnyuk.actors:actors:1.0-SNAPSHOT requires scala version: 2.10.2
[WARNING]  com.typesafe.akka:akka-actor_2.10:2.2.0 requires scala version: 2.10.2
[WARNING]  net.liftweb:lift-common_2.10:2.5.1 requires scala version: 2.10.0
[WARNING] Multiple versions of scala libraries detected!
[WARNING] No source files found.
[INFO] 
[INFO] --- maven-resources-plugin:2.6:testResources (default-testResources) @ actors ---
[INFO] Using 'UTF-8' encoding to copy filtered resources.
[INFO] skip non existing resourceDirectory C:\Users\Andriy\Projects\com\github\plokhotnyuk\actors\src\test\resources
[INFO] 
[INFO] --- scala-maven-plugin:3.1.3:testCompile (testCompile) @ actors ---
[WARNING]  Expected all dependencies to require Scala version: 2.10.2
[WARNING]  com.github.plokhotnyuk.actors:actors:1.0-SNAPSHOT requires scala version: 2.10.2
[WARNING]  com.typesafe.akka:akka-actor_2.10:2.2.0 requires scala version: 2.10.2
[WARNING]  net.liftweb:lift-common_2.10:2.5.1 requires scala version: 2.10.0
[WARNING] Multiple versions of scala libraries detected!
[INFO] Nothing to compile - all classes are up to date
[INFO] 
[INFO] --- maven-surefire-plugin:2.13:test (default-test) @ actors ---
[INFO] Surefire report directory: C:\Users\Andriy\Projects\com\github\plokhotnyuk\actors\target\surefire-reports

-------------------------------------------------------
 T E S T S
-------------------------------------------------------

-------------------------------------------------------
 T E S T S
-------------------------------------------------------
Running com.github.plokhotnyuk.actors.AkkaActorSpec
Executor service type: thread-pool

Single-producer sending:
40,000,000 ops
3,322 ms
83 ns/op
12,040,939 ops/s
53.1 % of CPU usage

Multi-producer sending:
20,000,000 ops
1,576 ms
78 ns/op
12,690,355 ops/s
57.9 % of CPU usage

Max throughput:
40,000,000 ops
2,293 ms
57 ns/op
17,444,395 ops/s
42.4 % of CPU usage

Ping latency:
10,000,000 ops
2,387 ms
238 ns/op
4,189,359 ops/s
27.4 % of CPU usage

Ping throughput 10K:
10,000,000 ops
6,583 ms
658 ns/op
1,519,064 ops/s
29.3 % of CPU usage

Initiation 1M:
1,000,000 ops
14,134 ms
14,134 ns/op
70,751 ops/s
53.6 % of CPU usage
430 bytes per instance
Tests run: 6, Failures: 0, Errors: 0, Skipped: 0, Time elapsed: 45.724 sec
Java HotSpot(TM) 64-Bit Server VM warning: ignoring option PermSize=128m; support was removed in 8.0
Java HotSpot(TM) 64-Bit Server VM warning: ignoring option MaxPermSize=128m; support was removed in 8.0
Running com.github.plokhotnyuk.actors.LiftActorSpec
Executor service type: thread-pool

Single-producer sending:
20,000,000 ops
1,700 ms
85 ns/op
11,764,705 ops/s
38.5 % of CPU usage

Multi-producer sending:
20,000,000 ops
2,013 ms
100 ns/op
9,935,419 ops/s
49.6 % of CPU usage

Max throughput:
20,000,000 ops
2,137 ms
106 ns/op
9,358,914 ops/s
66.2 % of CPU usage

Ping latency:
2,000,000 ops
1,154 ms
577 ns/op
1,733,102 ops/s
29.1 % of CPU usage

Ping throughput 10K:
5,000,000 ops
2,122 ms
424 ns/op
2,356,267 ops/s
25.5 % of CPU usage

Initiation 1M:
1,000,000 ops
31 ms
31 ns/op
32,258,064 ops/s
50.3 % of CPU usage
72 bytes per instance
Tests run: 6, Failures: 0, Errors: 0, Skipped: 0, Time elapsed: 12.402 sec
Java HotSpot(TM) 64-Bit Server VM warning: ignoring option PermSize=128m; support was removed in 8.0
Java HotSpot(TM) 64-Bit Server VM warning: ignoring option MaxPermSize=128m; support was removed in 8.0
Running com.github.plokhotnyuk.actors.ScalaActorSpec
Executor service type: thread-pool

Single-producer sending:
1,000,000 ops
1,233 ms
1,233 ns/op
811,030 ops/s
37.6 % of CPU usage

Multi-producer sending:
1,000,000 ops
1,467 ms
1,467 ns/op
681,663 ops/s
29.5 % of CPU usage

Max throughput:
5,000,000 ops
6,708 ms
1,341 ns/op
745,378 ops/s
25.8 % of CPU usage

Ping latency:
1,000,000 ops
2,168 ms
2,168 ns/op
461,254 ops/s
29.5 % of CPU usage

Ping throughput 10K:
2,000,000 ops
4,259 ms
2,129 ns/op
469,593 ops/s
25.4 % of CPU usage

Initiation 1M:
1,000,000 ops
140 ms
140 ns/op
7,142,857 ops/s
27.9 % of CPU usage
144 bytes per instance
Tests run: 6, Failures: 0, Errors: 0, Skipped: 0, Time elapsed: 20.716 sec
Java HotSpot(TM) 64-Bit Server VM warning: ignoring option PermSize=128m; support was removed in 8.0
Java HotSpot(TM) 64-Bit Server VM warning: ignoring option MaxPermSize=128m; support was removed in 8.0
Running com.github.plokhotnyuk.actors.ScalazActor2Spec
Executor service type: thread-pool

Single-producer sending:
100,000,000 ops
3,245 ms
32 ns/op
30,816,640 ops/s
49.8 % of CPU usage

Multi-producer sending:
50,000,000 ops
2,059 ms
41 ns/op
24,283,632 ops/s
94.5 % of CPU usage

Max throughput:
200,000,000 ops
5,335 ms
26 ns/op
37,488,284 ops/s
96.8 % of CPU usage

Ping latency:
20,000,000 ops
2,449 ms
122 ns/op
8,166,598 ops/s
25.3 % of CPU usage

Ping throughput 10K:
20,000,000 ops
3,510 ms
175 ns/op
5,698,005 ops/s
25.4 % of CPU usage

Initiation 1M:
1,000,000 ops
47 ms
47 ns/op
21,276,595 ops/s
58.1 % of CPU usage
128 bytes per instance
Tests run: 6, Failures: 0, Errors: 0, Skipped: 0, Time elapsed: 21.263 sec
Java HotSpot(TM) 64-Bit Server VM warning: ignoring option PermSize=128m; support was removed in 8.0
Java HotSpot(TM) 64-Bit Server VM warning: ignoring option MaxPermSize=128m; support was removed in 8.0
Running com.github.plokhotnyuk.actors.ScalazActorSpec
Executor service type: thread-pool

Single-producer sending:
100,000,000 ops
3,229 ms
32 ns/op
30,969,340 ops/s
50.0 % of CPU usage

Multi-producer sending:
50,000,000 ops
2,106 ms
42 ns/op
23,741,690 ops/s
82.0 % of CPU usage

Max throughput:
200,000,000 ops
3,338 ms
16 ns/op
59,916,117 ops/s
83.1 % of CPU usage

Ping latency:
20,000,000 ops
2,777 ms
138 ns/op
7,202,016 ops/s
25.7 % of CPU usage

Ping throughput 10K:
20,000,000 ops
3,681 ms
184 ns/op
5,433,306 ops/s
25.7 % of CPU usage

Initiation 1M:
1,000,000 ops
62 ms
62 ns/op
16,129,032 ops/s
50.3 % of CPU usage
184 bytes per instance
Tests run: 6, Failures: 0, Errors: 0, Skipped: 0, Time elapsed: 20.28 sec
Java HotSpot(TM) 64-Bit Server VM warning: ignoring option PermSize=128m; support was removed in 8.0
Java HotSpot(TM) 64-Bit Server VM warning: ignoring option MaxPermSize=128m; support was removed in 8.0

Results :

Tests run: 30, Failures: 0, Errors: 0, Skipped: 0

[INFO] ------------------------------------------------------------------------
[INFO] BUILD SUCCESS
[INFO] ------------------------------------------------------------------------
[INFO] Total time: 2:14.301s
[INFO] Finished at: Wed Jul 24 18:13:51 EEST 2013
[INFO] Final Memory: 20M/1024M
[INFO] ------------------------------------------------------------------------
