[INFO] Scanning for projects...
[INFO]                                                                         
[INFO] ------------------------------------------------------------------------
[INFO] Building Actors 1.0-SNAPSHOT
[INFO] ------------------------------------------------------------------------
[INFO] 
[INFO] --- maven-clean-plugin:2.5:clean (default-clean) @ actors ---
[INFO] Deleting C:\Users\Andriy\Projects\com\github\plokhotnyuk\actors\target
[INFO] 
[INFO] --- maven-resources-plugin:2.6:resources (default-resources) @ actors ---
[INFO] Using 'UTF-8' encoding to copy filtered resources.
[INFO] skip non existing resourceDirectory C:\Users\Andriy\Projects\com\github\plokhotnyuk\actors\src\main\resources
[INFO] 
[INFO] --- scala-maven-plugin:3.1.3:compile (compile) @ actors ---
[WARNING]  Expected all dependencies to require Scala version: 2.10.2
[WARNING]  com.github.plokhotnyuk.actors:actors:1.0-SNAPSHOT requires scala version: 2.10.2
[WARNING]  com.typesafe.akka:akka-actor_2.10:2.2.0 requires scala version: 2.10.2
[WARNING]  net.liftweb:lift-common_2.10:2.5.1 requires scala version: 2.10.0
[WARNING] Multiple versions of scala libraries detected!
[WARNING] No source files found.
[INFO] 
[INFO] --- maven-resources-plugin:2.6:testResources (default-testResources) @ actors ---
[INFO] Using 'UTF-8' encoding to copy filtered resources.
[INFO] skip non existing resourceDirectory C:\Users\Andriy\Projects\com\github\plokhotnyuk\actors\src\test\resources
[INFO] 
[INFO] --- scala-maven-plugin:3.1.3:testCompile (testCompile) @ actors ---
[WARNING]  Expected all dependencies to require Scala version: 2.10.2
[WARNING]  com.github.plokhotnyuk.actors:actors:1.0-SNAPSHOT requires scala version: 2.10.2
[WARNING]  com.typesafe.akka:akka-actor_2.10:2.2.0 requires scala version: 2.10.2
[WARNING]  net.liftweb:lift-common_2.10:2.5.1 requires scala version: 2.10.0
[WARNING] Multiple versions of scala libraries detected!
[INFO] C:\Users\Andriy\Projects\com\github\plokhotnyuk\actors\src\test\scala:-1: info: compiling
[INFO] Compiling 11 source files to C:\Users\Andriy\Projects\com\github\plokhotnyuk\actors\target\test-classes at 1374675536769
[WARNING] warning: there were 2 feature warning(s); re-run with -feature for details
[WARNING] one warning found
[WARNING] Java HotSpot(TM) 64-Bit Server VM warning: ignoring option PermSize=128m; support was removed in 8.0
[WARNING] Java HotSpot(TM) 64-Bit Server VM warning: ignoring option MaxPermSize=128m; support was removed in 8.0
[INFO] prepare-compile in 0 s
[INFO] compile in 10 s
[INFO] ------------------------------------------------------------------------
[INFO] BUILD SUCCESS
[INFO] ------------------------------------------------------------------------
[INFO] Total time: 11.747s
[INFO] Finished at: Wed Jul 24 17:19:07 EEST 2013
[INFO] Final Memory: 17M/1024M
[INFO] ------------------------------------------------------------------------
[INFO] Scanning for projects...
[INFO]                                                                         
[INFO] ------------------------------------------------------------------------
[INFO] Building Actors 1.0-SNAPSHOT
[INFO] ------------------------------------------------------------------------
[INFO] 
[INFO] --- maven-resources-plugin:2.6:resources (default-resources) @ actors ---
[INFO] Using 'UTF-8' encoding to copy filtered resources.
[INFO] skip non existing resourceDirectory C:\Users\Andriy\Projects\com\github\plokhotnyuk\actors\src\main\resources
[INFO] 
[INFO] --- scala-maven-plugin:3.1.3:compile (compile) @ actors ---
[WARNING]  Expected all dependencies to require Scala version: 2.10.2
[WARNING]  com.github.plokhotnyuk.actors:actors:1.0-SNAPSHOT requires scala version: 2.10.2
[WARNING]  com.typesafe.akka:akka-actor_2.10:2.2.0 requires scala version: 2.10.2
[WARNING]  net.liftweb:lift-common_2.10:2.5.1 requires scala version: 2.10.0
[WARNING] Multiple versions of scala libraries detected!
[WARNING] No source files found.
[INFO] 
[INFO] --- maven-resources-plugin:2.6:testResources (default-testResources) @ actors ---
[INFO] Using 'UTF-8' encoding to copy filtered resources.
[INFO] skip non existing resourceDirectory C:\Users\Andriy\Projects\com\github\plokhotnyuk\actors\src\test\resources
[INFO] 
[INFO] --- scala-maven-plugin:3.1.3:testCompile (testCompile) @ actors ---
[WARNING]  Expected all dependencies to require Scala version: 2.10.2
[WARNING]  com.github.plokhotnyuk.actors:actors:1.0-SNAPSHOT requires scala version: 2.10.2
[WARNING]  com.typesafe.akka:akka-actor_2.10:2.2.0 requires scala version: 2.10.2
[WARNING]  net.liftweb:lift-common_2.10:2.5.1 requires scala version: 2.10.0
[WARNING] Multiple versions of scala libraries detected!
[INFO] Nothing to compile - all classes are up to date
[INFO] 
[INFO] --- maven-surefire-plugin:2.13:test (default-test) @ actors ---
[INFO] Surefire report directory: C:\Users\Andriy\Projects\com\github\plokhotnyuk\actors\target\surefire-reports

-------------------------------------------------------
 T E S T S
-------------------------------------------------------

-------------------------------------------------------
 T E S T S
-------------------------------------------------------
Running com.github.plokhotnyuk.actors.AkkaActorSpec
Executor service type: fixed-thread-pool

Single-producer sending:
40,000,000 ops
3,463 ms
86 ns/op
11,550,678 ops/s
59.1 % of CPU usage

Multi-producer sending:
20,000,000 ops
1,841 ms
92 ns/op
10,863,661 ops/s
64.6 % of CPU usage

Max throughput:
40,000,000 ops
1,264 ms
31 ns/op
31,645,569 ops/s
96.9 % of CPU usage

Ping latency:
10,000,000 ops
5,008 ms
500 ns/op
1,996,805 ops/s
49.0 % of CPU usage

Ping throughput 10K:
10,000,000 ops
3,167 ms
316 ns/op
3,157,562 ops/s
100.0 % of CPU usage

Initiation 1M:
1,000,000 ops
20,467 ms
20,467 ns/op
48,859 ops/s
64.7 % of CPU usage
430 bytes per instance
Tests run: 6, Failures: 0, Errors: 0, Skipped: 0, Time elapsed: 50.435 sec
Java HotSpot(TM) 64-Bit Server VM warning: ignoring option PermSize=128m; support was removed in 8.0
Java HotSpot(TM) 64-Bit Server VM warning: ignoring option MaxPermSize=128m; support was removed in 8.0
Running com.github.plokhotnyuk.actors.LiftActorSpec
Executor service type: fixed-thread-pool

Single-producer sending:
20,000,000 ops
1,700 ms
85 ns/op
11,764,705 ops/s
39.9 % of CPU usage

Multi-producer sending:
20,000,000 ops
1,856 ms
92 ns/op
10,775,862 ops/s
44.1 % of CPU usage

Max throughput:
20,000,000 ops
1,467 ms
73 ns/op
13,633,265 ops/s
96.0 % of CPU usage

Ping latency:
2,000,000 ops
2,746 ms
1,373 ns/op
728,332 ops/s
48.9 % of CPU usage

Ping throughput 10K:
5,000,000 ops
1,248 ms
249 ns/op
4,006,410 ops/s
99.1 % of CPU usage

Initiation 1M:
1,000,000 ops
31 ms
31 ns/op
32,258,064 ops/s
37.7 % of CPU usage
72 bytes per instance
Tests run: 6, Failures: 0, Errors: 0, Skipped: 0, Time elapsed: 12.293 sec
Java HotSpot(TM) 64-Bit Server VM warning: ignoring option PermSize=128m; support was removed in 8.0
Java HotSpot(TM) 64-Bit Server VM warning: ignoring option MaxPermSize=128m; support was removed in 8.0
Running com.github.plokhotnyuk.actors.ScalaActorSpec
Executor service type: fixed-thread-pool

Single-producer sending:
1,000,000 ops
2,995 ms
2,995 ns/op
333,889 ops/s
56.4 % of CPU usage

Multi-producer sending:
1,000,000 ops
2,777 ms
2,777 ns/op
360,100 ops/s
56.0 % of CPU usage

Max throughput:
5,000,000 ops
3,151 ms
630 ns/op
1,586,797 ops/s
97.0 % of CPU usage

Ping latency:
1,000,000 ops
3,385 ms
3,385 ns/op
295,420 ops/s
72.4 % of CPU usage

Ping throughput 10K:
2,000,000 ops
2,356 ms
1,178 ns/op
848,896 ops/s
99.8 % of CPU usage

Initiation 1M:
1,000,000 ops
141 ms
141 ns/op
7,092,198 ops/s
38.7 % of CPU usage
144 bytes per instance
Tests run: 6, Failures: 0, Errors: 0, Skipped: 0, Time elapsed: 19.5 sec
Java HotSpot(TM) 64-Bit Server VM warning: ignoring option PermSize=128m; support was removed in 8.0
Java HotSpot(TM) 64-Bit Server VM warning: ignoring option MaxPermSize=128m; support was removed in 8.0
Running com.github.plokhotnyuk.actors.ScalazActor2Spec
Executor service type: fixed-thread-pool

Single-producer sending:
100,000,000 ops
2,840 ms
28 ns/op
35,211,267 ops/s
71.4 % of CPU usage

Multi-producer sending:
50,000,000 ops
2,137 ms
42 ns/op
23,397,285 ops/s
98.7 % of CPU usage

Max throughput:
200,000,000 ops
2,496 ms
12 ns/op
80,128,205 ops/s
96.1 % of CPU usage

Ping latency:
20,000,000 ops
4,041 ms
202 ns/op
4,949,269 ops/s
46.3 % of CPU usage

Ping throughput 10K:
20,000,000 ops
3,776 ms
188 ns/op
5,296,610 ops/s
83.9 % of CPU usage

Initiation 1M:
1,000,000 ops
47 ms
47 ns/op
21,276,595 ops/s
58.1 % of CPU usage
128 bytes per instance
Tests run: 6, Failures: 0, Errors: 0, Skipped: 0, Time elapsed: 19.843 sec
Java HotSpot(TM) 64-Bit Server VM warning: ignoring option PermSize=128m; support was removed in 8.0
Java HotSpot(TM) 64-Bit Server VM warning: ignoring option MaxPermSize=128m; support was removed in 8.0
Running com.github.plokhotnyuk.actors.ScalazActorSpec
Executor service type: fixed-thread-pool

Single-producer sending:
100,000,000 ops
2,824 ms
28 ns/op
35,410,764 ops/s
71.1 % of CPU usage

Multi-producer sending:
50,000,000 ops
2,153 ms
43 ns/op
23,223,409 ops/s
98.5 % of CPU usage

Max throughput:
200,000,000 ops
2,246 ms
11 ns/op
89,047,195 ops/s
98.8 % of CPU usage

Ping latency:
20,000,000 ops
4,197 ms
209 ns/op
4,765,308 ops/s
45.1 % of CPU usage

Ping throughput 10K:
20,000,000 ops
3,682 ms
184 ns/op
5,431,830 ops/s
83.1 % of CPU usage

Initiation 1M:
1,000,000 ops
62 ms
62 ns/op
16,129,032 ops/s
50.3 % of CPU usage
184 bytes per instance
Tests run: 6, Failures: 0, Errors: 0, Skipped: 0, Time elapsed: 20.265 sec
Java HotSpot(TM) 64-Bit Server VM warning: ignoring option PermSize=128m; support was removed in 8.0
Java HotSpot(TM) 64-Bit Server VM warning: ignoring option MaxPermSize=128m; support was removed in 8.0

Results :

Tests run: 30, Failures: 0, Errors: 0, Skipped: 0

[INFO] ------------------------------------------------------------------------
[INFO] BUILD SUCCESS
[INFO] ------------------------------------------------------------------------
[INFO] Total time: 2:16.188s
[INFO] Finished at: Wed Jul 24 17:21:24 EEST 2013
[INFO] Final Memory: 20M/1024M
[INFO] ------------------------------------------------------------------------
[INFO] Scanning for projects...
[INFO]                                                                         
[INFO] ------------------------------------------------------------------------
[INFO] Building Actors 1.0-SNAPSHOT
[INFO] ------------------------------------------------------------------------
[INFO] 
[INFO] --- maven-resources-plugin:2.6:resources (default-resources) @ actors ---
[INFO] Using 'UTF-8' encoding to copy filtered resources.
[INFO] skip non existing resourceDirectory C:\Users\Andriy\Projects\com\github\plokhotnyuk\actors\src\main\resources
[INFO] 
[INFO] --- scala-maven-plugin:3.1.3:compile (compile) @ actors ---
[WARNING]  Expected all dependencies to require Scala version: 2.10.2
[WARNING]  com.github.plokhotnyuk.actors:actors:1.0-SNAPSHOT requires scala version: 2.10.2
[WARNING]  com.typesafe.akka:akka-actor_2.10:2.2.0 requires scala version: 2.10.2
[WARNING]  net.liftweb:lift-common_2.10:2.5.1 requires scala version: 2.10.0
[WARNING] Multiple versions of scala libraries detected!
[WARNING] No source files found.
[INFO] 
[INFO] --- maven-resources-plugin:2.6:testResources (default-testResources) @ actors ---
[INFO] Using 'UTF-8' encoding to copy filtered resources.
[INFO] skip non existing resourceDirectory C:\Users\Andriy\Projects\com\github\plokhotnyuk\actors\src\test\resources
[INFO] 
[INFO] --- scala-maven-plugin:3.1.3:testCompile (testCompile) @ actors ---
[WARNING]  Expected all dependencies to require Scala version: 2.10.2
[WARNING]  com.github.plokhotnyuk.actors:actors:1.0-SNAPSHOT requires scala version: 2.10.2
[WARNING]  com.typesafe.akka:akka-actor_2.10:2.2.0 requires scala version: 2.10.2
[WARNING]  net.liftweb:lift-common_2.10:2.5.1 requires scala version: 2.10.0
[WARNING] Multiple versions of scala libraries detected!
[INFO] Nothing to compile - all classes are up to date
[INFO] 
[INFO] --- maven-surefire-plugin:2.13:test (default-test) @ actors ---
[INFO] Surefire report directory: C:\Users\Andriy\Projects\com\github\plokhotnyuk\actors\target\surefire-reports

-------------------------------------------------------
 T E S T S
-------------------------------------------------------

-------------------------------------------------------
 T E S T S
-------------------------------------------------------
Running com.github.plokhotnyuk.actors.AkkaActorSpec
Executor service type: scala-forkjoin-pool

Single-producer sending:
40,000,000 ops
3,104 ms
77 ns/op
12,886,597 ops/s
54.2 % of CPU usage

Multi-producer sending:
20,000,000 ops
1,622 ms
81 ns/op
12,330,456 ops/s
60.6 % of CPU usage

Max throughput:
40,000,000 ops
1,607 ms
40 ns/op
24,891,101 ops/s
93.9 % of CPU usage

Ping latency:
10,000,000 ops
3,915 ms
391 ns/op
2,554,278 ops/s
99.5 % of CPU usage

Ping throughput 10K:
10,000,000 ops
2,480 ms
248 ns/op
4,032,258 ops/s
99.5 % of CPU usage

Initiation 1M:
1,000,000 ops
17,940 ms
17,940 ns/op
55,741 ops/s
53.0 % of CPU usage
430 bytes per instance
Tests run: 6, Failures: 0, Errors: 0, Skipped: 0, Time elapsed: 46.956 sec
Java HotSpot(TM) 64-Bit Server VM warning: ignoring option PermSize=128m; support was removed in 8.0
Java HotSpot(TM) 64-Bit Server VM warning: ignoring option MaxPermSize=128m; support was removed in 8.0
Running com.github.plokhotnyuk.actors.LiftActorSpec
Executor service type: scala-forkjoin-pool

Single-producer sending:
20,000,000 ops
1,716 ms
85 ns/op
11,655,011 ops/s
39.8 % of CPU usage

Multi-producer sending:
20,000,000 ops
2,199 ms
109 ns/op
9,095,043 ops/s
56.6 % of CPU usage

Max throughput:
20,000,000 ops
1,482 ms
74 ns/op
13,495,276 ops/s
96.6 % of CPU usage

Ping latency:
2,000,000 ops
1,451 ms
725 ns/op
1,378,359 ops/s
100.0 % of CPU usage

Ping throughput 10K:
5,000,000 ops
1,389 ms
277 ns/op
3,599,712 ops/s
98.6 % of CPU usage

Initiation 1M:
1,000,000 ops
31 ms
31 ns/op
32,258,064 ops/s
50.3 % of CPU usage
71 bytes per instance
Tests run: 6, Failures: 0, Errors: 0, Skipped: 0, Time elapsed: 11.529 sec
Java HotSpot(TM) 64-Bit Server VM warning: ignoring option PermSize=128m; support was removed in 8.0
Java HotSpot(TM) 64-Bit Server VM warning: ignoring option MaxPermSize=128m; support was removed in 8.0
Running com.github.plokhotnyuk.actors.ScalaActorSpec
Executor service type: scala-forkjoin-pool

Single-producer sending:
1,000,000 ops
1,326 ms
1,326 ns/op
754,147 ops/s
99.4 % of CPU usage

Multi-producer sending:
1,000,000 ops
1,295 ms
1,295 ns/op
772,200 ops/s
99.4 % of CPU usage

Max throughput:
5,000,000 ops
3,432 ms
686 ns/op
1,456,876 ops/s
97.2 % of CPU usage

Ping latency:
1,000,000 ops
1,763 ms
1,763 ns/op
567,214 ops/s
99.8 % of CPU usage

Ping throughput 10K:
2,000,000 ops
1,825 ms
912 ns/op
1,095,890 ops/s
99.2 % of CPU usage

Initiation 1M:
1,000,000 ops
124 ms
124 ns/op
8,064,516 ops/s
28.3 % of CPU usage
143 bytes per instance
Tests run: 6, Failures: 0, Errors: 0, Skipped: 0, Time elapsed: 14.383 sec
Java HotSpot(TM) 64-Bit Server VM warning: ignoring option PermSize=128m; support was removed in 8.0
Java HotSpot(TM) 64-Bit Server VM warning: ignoring option MaxPermSize=128m; support was removed in 8.0
Running com.github.plokhotnyuk.actors.ScalazActor2Spec
Executor service type: scala-forkjoin-pool

Single-producer sending:
100,000,000 ops
7,113 ms
71 ns/op
14,058,765 ops/s
98.4 % of CPU usage

Multi-producer sending:
50,000,000 ops
2,824 ms
56 ns/op
17,705,382 ops/s
99.0 % of CPU usage

Max throughput:
200,000,000 ops
6,255 ms
31 ns/op
31,974,420 ops/s
99.3 % of CPU usage

Ping latency:
20,000,000 ops
4,883 ms
244 ns/op
4,095,842 ops/s
99.7 % of CPU usage

Ping throughput 10K:
20,000,000 ops
3,322 ms
166 ns/op
6,020,469 ops/s
100.0 % of CPU usage

Initiation 1M:
1,000,000 ops
78 ms
78 ns/op
12,820,512 ops/s
35.0 % of CPU usage
128 bytes per instance
Tests run: 6, Failures: 0, Errors: 0, Skipped: 0, Time elapsed: 29.453 sec
Java HotSpot(TM) 64-Bit Server VM warning: ignoring option PermSize=128m; support was removed in 8.0
Java HotSpot(TM) 64-Bit Server VM warning: ignoring option MaxPermSize=128m; support was removed in 8.0
Running com.github.plokhotnyuk.actors.ScalazActorSpec
Executor service type: scala-forkjoin-pool

Single-producer sending:
100,000,000 ops
6,927 ms
69 ns/op
14,436,263 ops/s
98.3 % of CPU usage

Multi-producer sending:
50,000,000 ops
2,699 ms
53 ns/op
18,525,379 ops/s
99.6 % of CPU usage

Max throughput:
200,000,000 ops
6,209 ms
31 ns/op
32,211,306 ops/s
99.2 % of CPU usage

Ping latency:
20,000,000 ops
5,039 ms
251 ns/op
3,969,041 ops/s
99.9 % of CPU usage

Ping throughput 10K:
20,000,000 ops
3,105 ms
155 ns/op
6,441,223 ops/s
99.6 % of CPU usage

Initiation 1M:
1,000,000 ops
63 ms
63 ns/op
15,873,015 ops/s
49.5 % of CPU usage
184 bytes per instance
Tests run: 6, Failures: 0, Errors: 0, Skipped: 0, Time elapsed: 29.203 sec
Java HotSpot(TM) 64-Bit Server VM warning: ignoring option PermSize=128m; support was removed in 8.0
Java HotSpot(TM) 64-Bit Server VM warning: ignoring option MaxPermSize=128m; support was removed in 8.0

Results :

Tests run: 30, Failures: 0, Errors: 0, Skipped: 0

[INFO] ------------------------------------------------------------------------
[INFO] BUILD SUCCESS
[INFO] ------------------------------------------------------------------------
[INFO] Total time: 2:25.377s
[INFO] Finished at: Wed Jul 24 17:23:51 EEST 2013
[INFO] Final Memory: 20M/1024M
[INFO] ------------------------------------------------------------------------
[INFO] Scanning for projects...
[INFO]                                                                         
[INFO] ------------------------------------------------------------------------
[INFO] Building Actors 1.0-SNAPSHOT
[INFO] ------------------------------------------------------------------------
[INFO] 
[INFO] --- maven-resources-plugin:2.6:resources (default-resources) @ actors ---
[INFO] Using 'UTF-8' encoding to copy filtered resources.
[INFO] skip non existing resourceDirectory C:\Users\Andriy\Projects\com\github\plokhotnyuk\actors\src\main\resources
[INFO] 
[INFO] --- scala-maven-plugin:3.1.3:compile (compile) @ actors ---
[WARNING]  Expected all dependencies to require Scala version: 2.10.2
[WARNING]  com.github.plokhotnyuk.actors:actors:1.0-SNAPSHOT requires scala version: 2.10.2
[WARNING]  com.typesafe.akka:akka-actor_2.10:2.2.0 requires scala version: 2.10.2
[WARNING]  net.liftweb:lift-common_2.10:2.5.1 requires scala version: 2.10.0
[WARNING] Multiple versions of scala libraries detected!
[WARNING] No source files found.
[INFO] 
[INFO] --- maven-resources-plugin:2.6:testResources (default-testResources) @ actors ---
[INFO] Using 'UTF-8' encoding to copy filtered resources.
[INFO] skip non existing resourceDirectory C:\Users\Andriy\Projects\com\github\plokhotnyuk\actors\src\test\resources
[INFO] 
[INFO] --- scala-maven-plugin:3.1.3:testCompile (testCompile) @ actors ---
[WARNING]  Expected all dependencies to require Scala version: 2.10.2
[WARNING]  com.github.plokhotnyuk.actors:actors:1.0-SNAPSHOT requires scala version: 2.10.2
[WARNING]  com.typesafe.akka:akka-actor_2.10:2.2.0 requires scala version: 2.10.2
[WARNING]  net.liftweb:lift-common_2.10:2.5.1 requires scala version: 2.10.0
[WARNING] Multiple versions of scala libraries detected!
[INFO] Nothing to compile - all classes are up to date
[INFO] 
[INFO] --- maven-surefire-plugin:2.13:test (default-test) @ actors ---
[INFO] Surefire report directory: C:\Users\Andriy\Projects\com\github\plokhotnyuk\actors\target\surefire-reports

-------------------------------------------------------
 T E S T S
-------------------------------------------------------

-------------------------------------------------------
 T E S T S
-------------------------------------------------------
Running com.github.plokhotnyuk.actors.AkkaActorSpec
Executor service type: java-forkjoin-pool

Single-producer sending:
40,000,000 ops
2,980 ms
74 ns/op
13,422,818 ops/s
52.3 % of CPU usage

Multi-producer sending:
20,000,000 ops
1,638 ms
81 ns/op
12,210,012 ops/s
60.7 % of CPU usage

Max throughput:
40,000,000 ops
1,498 ms
37 ns/op
26,702,269 ops/s
97.4 % of CPU usage

Ping latency:
10,000,000 ops
3,728 ms
372 ns/op
2,682,403 ops/s
99.9 % of CPU usage

Ping throughput 10K:
10,000,000 ops
2,652 ms
265 ns/op
3,770,739 ops/s
98.8 % of CPU usage

Initiation 1M:
1,000,000 ops
18,002 ms
18,002 ns/op
55,549 ops/s
52.1 % of CPU usage
430 bytes per instance
Tests run: 6, Failures: 0, Errors: 0, Skipped: 0, Time elapsed: 47.112 sec
Java HotSpot(TM) 64-Bit Server VM warning: ignoring option PermSize=128m; support was removed in 8.0
Java HotSpot(TM) 64-Bit Server VM warning: ignoring option MaxPermSize=128m; support was removed in 8.0
Running com.github.plokhotnyuk.actors.LiftActorSpec
Executor service type: java-forkjoin-pool

Single-producer sending:
20,000,000 ops
1,934 ms
96 ns/op
10,341,261 ops/s
40.3 % of CPU usage

Multi-producer sending:
20,000,000 ops
1,825 ms
91 ns/op
10,958,904 ops/s
44.7 % of CPU usage

Max throughput:
20,000,000 ops
1,685 ms
84 ns/op
11,869,436 ops/s
96.3 % of CPU usage

Ping latency:
2,000,000 ops
1,420 ms
710 ns/op
1,408,450 ops/s
92.6 % of CPU usage

Ping throughput 10K:
5,000,000 ops
1,294 ms
258 ns/op
3,863,987 ops/s
98.9 % of CPU usage

Initiation 1M:
1,000,000 ops
31 ms
31 ns/op
32,258,064 ops/s
37.7 % of CPU usage
71 bytes per instance
Tests run: 6, Failures: 0, Errors: 0, Skipped: 0, Time elapsed: 11.544 sec
Java HotSpot(TM) 64-Bit Server VM warning: ignoring option PermSize=128m; support was removed in 8.0
Java HotSpot(TM) 64-Bit Server VM warning: ignoring option MaxPermSize=128m; support was removed in 8.0
Running com.github.plokhotnyuk.actors.ScalaActorSpec
Executor service type: java-forkjoin-pool

Single-producer sending:
1,000,000 ops
1,622 ms
1,622 ns/op
616,522 ops/s
97.1 % of CPU usage

Multi-producer sending:
1,000,000 ops
1,107 ms
1,107 ns/op
903,342 ops/s
99.0 % of CPU usage

Max throughput:
5,000,000 ops
2,949 ms
589 ns/op
1,695,489 ops/s
99.8 % of CPU usage

Ping latency:
1,000,000 ops
1,887 ms
1,887 ns/op
529,941 ops/s
99.0 % of CPU usage

Ping throughput 10K:
2,000,000 ops
2,356 ms
1,178 ns/op
848,896 ops/s
96.8 % of CPU usage

Initiation 1M:
1,000,000 ops
156 ms
156 ns/op
6,410,256 ops/s
35.0 % of CPU usage
144 bytes per instance
Tests run: 6, Failures: 0, Errors: 0, Skipped: 0, Time elapsed: 14.898 sec
Java HotSpot(TM) 64-Bit Server VM warning: ignoring option PermSize=128m; support was removed in 8.0
Java HotSpot(TM) 64-Bit Server VM warning: ignoring option MaxPermSize=128m; support was removed in 8.0
Running com.github.plokhotnyuk.actors.ScalazActor2Spec
Executor service type: java-forkjoin-pool

Single-producer sending:
100,000,000 ops
7,706 ms
77 ns/op
12,976,901 ops/s
97.5 % of CPU usage

Multi-producer sending:
50,000,000 ops
2,418 ms
48 ns/op
20,678,246 ops/s
99.7 % of CPU usage

Max throughput:
200,000,000 ops
6,318 ms
31 ns/op
31,655,587 ops/s
99.2 % of CPU usage

Ping latency:
20,000,000 ops
4,727 ms
236 ns/op
4,231,013 ops/s
99.7 % of CPU usage

Ping throughput 10K:
20,000,000 ops
3,354 ms
167 ns/op
5,963,029 ops/s
99.3 % of CPU usage

Initiation 1M:
1,000,000 ops
47 ms
47 ns/op
21,276,595 ops/s
49.8 % of CPU usage
128 bytes per instance
Tests run: 6, Failures: 0, Errors: 0, Skipped: 0, Time elapsed: 29.375 sec
Java HotSpot(TM) 64-Bit Server VM warning: ignoring option PermSize=128m; support was removed in 8.0
Java HotSpot(TM) 64-Bit Server VM warning: ignoring option MaxPermSize=128m; support was removed in 8.0
Running com.github.plokhotnyuk.actors.ScalazActorSpec
Executor service type: java-forkjoin-pool

Single-producer sending:
100,000,000 ops
7,285 ms
72 ns/op
13,726,835 ops/s
97.4 % of CPU usage

Multi-producer sending:
50,000,000 ops
2,559 ms
51 ns/op
19,538,882 ops/s
99.1 % of CPU usage

Max throughput:
200,000,000 ops
6,209 ms
31 ns/op
32,211,306 ops/s
99.4 % of CPU usage

Ping latency:
20,000,000 ops
5,194 ms
259 ns/op
3,850,596 ops/s
100.0 % of CPU usage

Ping throughput 10K:
20,000,000 ops
3,416 ms
170 ns/op
5,854,800 ops/s
99.9 % of CPU usage

Initiation 1M:
1,000,000 ops
62 ms
62 ns/op
16,129,032 ops/s
31.5 % of CPU usage
184 bytes per instance
Tests run: 6, Failures: 0, Errors: 0, Skipped: 0, Time elapsed: 30.108 sec
Java HotSpot(TM) 64-Bit Server VM warning: ignoring option PermSize=128m; support was removed in 8.0
Java HotSpot(TM) 64-Bit Server VM warning: ignoring option MaxPermSize=128m; support was removed in 8.0

Results :

Tests run: 30, Failures: 0, Errors: 0, Skipped: 0

[INFO] ------------------------------------------------------------------------
[INFO] BUILD SUCCESS
[INFO] ------------------------------------------------------------------------
[INFO] Total time: 2:27.031s
[INFO] Finished at: Wed Jul 24 17:26:20 EEST 2013
[INFO] Final Memory: 20M/1024M
[INFO] ------------------------------------------------------------------------
[INFO] Scanning for projects...
[INFO]                                                                         
[INFO] ------------------------------------------------------------------------
[INFO] Building Actors 1.0-SNAPSHOT
[INFO] ------------------------------------------------------------------------
[INFO] 
[INFO] --- maven-resources-plugin:2.6:resources (default-resources) @ actors ---
[INFO] Using 'UTF-8' encoding to copy filtered resources.
[INFO] skip non existing resourceDirectory C:\Users\Andriy\Projects\com\github\plokhotnyuk\actors\src\main\resources
[INFO] 
[INFO] --- scala-maven-plugin:3.1.3:compile (compile) @ actors ---
[WARNING]  Expected all dependencies to require Scala version: 2.10.2
[WARNING]  com.github.plokhotnyuk.actors:actors:1.0-SNAPSHOT requires scala version: 2.10.2
[WARNING]  com.typesafe.akka:akka-actor_2.10:2.2.0 requires scala version: 2.10.2
[WARNING]  net.liftweb:lift-common_2.10:2.5.1 requires scala version: 2.10.0
[WARNING] Multiple versions of scala libraries detected!
[WARNING] No source files found.
[INFO] 
[INFO] --- maven-resources-plugin:2.6:testResources (default-testResources) @ actors ---
[INFO] Using 'UTF-8' encoding to copy filtered resources.
[INFO] skip non existing resourceDirectory C:\Users\Andriy\Projects\com\github\plokhotnyuk\actors\src\test\resources
[INFO] 
[INFO] --- scala-maven-plugin:3.1.3:testCompile (testCompile) @ actors ---
[WARNING]  Expected all dependencies to require Scala version: 2.10.2
[WARNING]  com.github.plokhotnyuk.actors:actors:1.0-SNAPSHOT requires scala version: 2.10.2
[WARNING]  com.typesafe.akka:akka-actor_2.10:2.2.0 requires scala version: 2.10.2
[WARNING]  net.liftweb:lift-common_2.10:2.5.1 requires scala version: 2.10.0
[WARNING] Multiple versions of scala libraries detected!
[INFO] Nothing to compile - all classes are up to date
[INFO] 
[INFO] --- maven-surefire-plugin:2.13:test (default-test) @ actors ---
[INFO] Surefire report directory: C:\Users\Andriy\Projects\com\github\plokhotnyuk\actors\target\surefire-reports

-------------------------------------------------------
 T E S T S
-------------------------------------------------------

-------------------------------------------------------
 T E S T S
-------------------------------------------------------
Running com.github.plokhotnyuk.actors.AkkaActorSpec
Executor service type: thread-pool

Single-producer sending:
40,000,000 ops
3,401 ms
85 ns/op
11,761,246 ops/s
53.7 % of CPU usage

Multi-producer sending:
20,000,000 ops
1,684 ms
84 ns/op
11,876,484 ops/s
59.1 % of CPU usage

Max throughput:
40,000,000 ops
1,357 ms
33 ns/op
29,476,787 ops/s
95.1 % of CPU usage

Ping latency:
10,000,000 ops
21,482 ms
2,148 ns/op
465,506 ops/s
28.9 % of CPU usage

Ping throughput 10K:
10,000,000 ops
7,113 ms
711 ns/op
1,405,876 ops/s
71.3 % of CPU usage

Initiation 1M:
1,000,000 ops
15,615 ms
15,615 ns/op
64,040 ops/s
52.5 % of CPU usage
430 bytes per instance
Tests run: 6, Failures: 0, Errors: 0, Skipped: 0, Time elapsed: 66.082 sec
Java HotSpot(TM) 64-Bit Server VM warning: ignoring option PermSize=128m; support was removed in 8.0
Java HotSpot(TM) 64-Bit Server VM warning: ignoring option MaxPermSize=128m; support was removed in 8.0
Running com.github.plokhotnyuk.actors.LiftActorSpec
Executor service type: thread-pool

Single-producer sending:
20,000,000 ops
1,700 ms
85 ns/op
11,764,705 ops/s
39.7 % of CPU usage

Multi-producer sending:
20,000,000 ops
1,981 ms
99 ns/op
10,095,911 ops/s
47.4 % of CPU usage

Max throughput:
20,000,000 ops
1,670 ms
83 ns/op
11,976,047 ops/s
96.4 % of CPU usage

Ping latency:
2,000,000 ops
5,242 ms
2,621 ns/op
381,533 ops/s
34.1 % of CPU usage

Ping throughput 10K:
5,000,000 ops
2,840 ms
568 ns/op
1,760,563 ops/s
74.3 % of CPU usage

Initiation 1M:
1,000,000 ops
31 ms
31 ns/op
32,258,064 ops/s
62.9 % of CPU usage
72 bytes per instance
Tests run: 6, Failures: 0, Errors: 0, Skipped: 0, Time elapsed: 16.708 sec
Java HotSpot(TM) 64-Bit Server VM warning: ignoring option PermSize=128m; support was removed in 8.0
Java HotSpot(TM) 64-Bit Server VM warning: ignoring option MaxPermSize=128m; support was removed in 8.0
Running com.github.plokhotnyuk.actors.ScalaActorSpec
Executor service type: thread-pool

Single-producer sending:
1,000,000 ops
3,151 ms
3,151 ns/op
317,359 ops/s
54.1 % of CPU usage

Multi-producer sending:
1,000,000 ops
3,479 ms
3,479 ns/op
287,438 ops/s
51.8 % of CPU usage

Max throughput:
5,000,000 ops
6,599 ms
1,319 ns/op
757,690 ops/s
82.1 % of CPU usage

Ping latency:
1,000,000 ops
5,086 ms
5,086 ns/op
196,618 ops/s
56.2 % of CPU usage

Ping throughput 10K:
2,000,000 ops
3,619 ms
1,809 ns/op
552,638 ops/s
91.9 % of CPU usage

Initiation 1M:
1,000,000 ops
125 ms
125 ns/op
8,000,000 ops/s
28.1 % of CPU usage
144 bytes per instance
Tests run: 6, Failures: 0, Errors: 0, Skipped: 0, Time elapsed: 26.832 sec
Java HotSpot(TM) 64-Bit Server VM warning: ignoring option PermSize=128m; support was removed in 8.0
Java HotSpot(TM) 64-Bit Server VM warning: ignoring option MaxPermSize=128m; support was removed in 8.0
Running com.github.plokhotnyuk.actors.ScalazActor2Spec
Executor service type: thread-pool

Single-producer sending:
100,000,000 ops
2,980 ms
29 ns/op
33,557,046 ops/s
61.8 % of CPU usage

Multi-producer sending:
50,000,000 ops
2,153 ms
43 ns/op
23,223,409 ops/s
99.6 % of CPU usage

Max throughput:
200,000,000 ops
2,496 ms
12 ns/op
80,128,205 ops/s
97.8 % of CPU usage

Ping latency:
20,000,000 ops
5,320 ms
266 ns/op
3,759,398 ops/s
42.2 % of CPU usage

Ping throughput 10K:
20,000,000 ops
8,393 ms
419 ns/op
2,382,938 ops/s
51.3 % of CPU usage

Initiation 1M:
1,000,000 ops
47 ms
47 ns/op
21,276,595 ops/s
33.2 % of CPU usage
128 bytes per instance
Tests run: 6, Failures: 0, Errors: 0, Skipped: 0, Time elapsed: 25.6 sec
Java HotSpot(TM) 64-Bit Server VM warning: ignoring option PermSize=128m; support was removed in 8.0
Java HotSpot(TM) 64-Bit Server VM warning: ignoring option MaxPermSize=128m; support was removed in 8.0
Running com.github.plokhotnyuk.actors.ScalazActorSpec
Executor service type: thread-pool

Single-producer sending:
100,000,000 ops
2,980 ms
29 ns/op
33,557,046 ops/s
64.8 % of CPU usage

Multi-producer sending:
50,000,000 ops
2,122 ms
42 ns/op
23,562,676 ops/s
99.4 % of CPU usage

Max throughput:
200,000,000 ops
2,215 ms
11 ns/op
90,293,453 ops/s
95.6 % of CPU usage

Ping latency:
20,000,000 ops
4,976 ms
248 ns/op
4,019,292 ops/s
43.2 % of CPU usage

Ping throughput 10K:
20,000,000 ops
8,393 ms
419 ns/op
2,382,938 ops/s
53.5 % of CPU usage

Initiation 1M:
1,000,000 ops
62 ms
62 ns/op
16,129,032 ops/s
50.3 % of CPU usage
184 bytes per instance
Tests run: 6, Failures: 0, Errors: 0, Skipped: 0, Time elapsed: 25.803 sec
Java HotSpot(TM) 64-Bit Server VM warning: ignoring option PermSize=128m; support was removed in 8.0
Java HotSpot(TM) 64-Bit Server VM warning: ignoring option MaxPermSize=128m; support was removed in 8.0

Results :

Tests run: 30, Failures: 0, Errors: 0, Skipped: 0

[INFO] ------------------------------------------------------------------------
[INFO] BUILD SUCCESS
[INFO] ------------------------------------------------------------------------
[INFO] Total time: 2:55.266s
[INFO] Finished at: Wed Jul 24 17:29:17 EEST 2013
[INFO] Final Memory: 20M/1024M
[INFO] ------------------------------------------------------------------------
