[INFO] Scanning for projects...
[INFO]                                                                         
[INFO] ------------------------------------------------------------------------
[INFO] Building Actors 1.0-SNAPSHOT
[INFO] ------------------------------------------------------------------------
[INFO] 
[INFO] --- maven-clean-plugin:2.5:clean (default-clean) @ actors ---
[INFO] Deleting C:\Users\Andriy\Projects\com\github\plokhotnyuk\actors\target
[INFO] 
[INFO] --- maven-resources-plugin:2.6:resources (default-resources) @ actors ---
[INFO] Using 'UTF-8' encoding to copy filtered resources.
[INFO] skip non existing resourceDirectory C:\Users\Andriy\Projects\com\github\plokhotnyuk\actors\src\main\resources
[INFO] 
[INFO] --- scala-maven-plugin:3.1.3:compile (compile) @ actors ---
[WARNING]  Expected all dependencies to require Scala version: 2.10.2
[WARNING]  com.github.plokhotnyuk.actors:actors:1.0-SNAPSHOT requires scala version: 2.10.2
[WARNING]  com.typesafe.akka:akka-actor_2.10:2.2.0 requires scala version: 2.10.2
[WARNING]  net.liftweb:lift-common_2.10:2.5.1 requires scala version: 2.10.0
[WARNING] Multiple versions of scala libraries detected!
[WARNING] No source files found.
[INFO] 
[INFO] --- maven-resources-plugin:2.6:testResources (default-testResources) @ actors ---
[INFO] Using 'UTF-8' encoding to copy filtered resources.
[INFO] skip non existing resourceDirectory C:\Users\Andriy\Projects\com\github\plokhotnyuk\actors\src\test\resources
[INFO] 
[INFO] --- scala-maven-plugin:3.1.3:testCompile (testCompile) @ actors ---
[WARNING]  Expected all dependencies to require Scala version: 2.10.2
[WARNING]  com.github.plokhotnyuk.actors:actors:1.0-SNAPSHOT requires scala version: 2.10.2
[WARNING]  com.typesafe.akka:akka-actor_2.10:2.2.0 requires scala version: 2.10.2
[WARNING]  net.liftweb:lift-common_2.10:2.5.1 requires scala version: 2.10.0
[WARNING] Multiple versions of scala libraries detected!
[INFO] C:\Users\Andriy\Projects\com\github\plokhotnyuk\actors\src\test\scala:-1: info: compiling
[INFO] Compiling 11 source files to C:\Users\Andriy\Projects\com\github\plokhotnyuk\actors\target\test-classes at 1374665487212
[WARNING] warning: there were 2 feature warning(s); re-run with -feature for details
[WARNING] one warning found
[INFO] prepare-compile in 0 s
[INFO] compile in 10 s
[INFO] ------------------------------------------------------------------------
[INFO] BUILD SUCCESS
[INFO] ------------------------------------------------------------------------
[INFO] Total time: 11.716s
[INFO] Finished at: Wed Jul 24 14:31:37 EEST 2013
[INFO] Final Memory: 16M/1024M
[INFO] ------------------------------------------------------------------------
[INFO] Scanning for projects...
[INFO]                                                                         
[INFO] ------------------------------------------------------------------------
[INFO] Building Actors 1.0-SNAPSHOT
[INFO] ------------------------------------------------------------------------
[INFO] 
[INFO] --- maven-resources-plugin:2.6:resources (default-resources) @ actors ---
[INFO] Using 'UTF-8' encoding to copy filtered resources.
[INFO] skip non existing resourceDirectory C:\Users\Andriy\Projects\com\github\plokhotnyuk\actors\src\main\resources
[INFO] 
[INFO] --- scala-maven-plugin:3.1.3:compile (compile) @ actors ---
[WARNING]  Expected all dependencies to require Scala version: 2.10.2
[WARNING]  com.github.plokhotnyuk.actors:actors:1.0-SNAPSHOT requires scala version: 2.10.2
[WARNING]  com.typesafe.akka:akka-actor_2.10:2.2.0 requires scala version: 2.10.2
[WARNING]  net.liftweb:lift-common_2.10:2.5.1 requires scala version: 2.10.0
[WARNING] Multiple versions of scala libraries detected!
[WARNING] No source files found.
[INFO] 
[INFO] --- maven-resources-plugin:2.6:testResources (default-testResources) @ actors ---
[INFO] Using 'UTF-8' encoding to copy filtered resources.
[INFO] skip non existing resourceDirectory C:\Users\Andriy\Projects\com\github\plokhotnyuk\actors\src\test\resources
[INFO] 
[INFO] --- scala-maven-plugin:3.1.3:testCompile (testCompile) @ actors ---
[WARNING]  Expected all dependencies to require Scala version: 2.10.2
[WARNING]  com.github.plokhotnyuk.actors:actors:1.0-SNAPSHOT requires scala version: 2.10.2
[WARNING]  com.typesafe.akka:akka-actor_2.10:2.2.0 requires scala version: 2.10.2
[WARNING]  net.liftweb:lift-common_2.10:2.5.1 requires scala version: 2.10.0
[WARNING] Multiple versions of scala libraries detected!
[INFO] Nothing to compile - all classes are up to date
[INFO] 
[INFO] --- maven-surefire-plugin:2.13:test (default-test) @ actors ---
[INFO] Surefire report directory: C:\Users\Andriy\Projects\com\github\plokhotnyuk\actors\target\surefire-reports

-------------------------------------------------------
 T E S T S
-------------------------------------------------------

-------------------------------------------------------
 T E S T S
-------------------------------------------------------
Running com.github.plokhotnyuk.actors.AkkaActorSpec
Executor service type: fixed-thread-pool

Single-producer sending:
40,000,000 ops
3,213 ms
80 ns/op
12,449,424 ops/s
49.9 % of CPU usage

Multi-producer sending:
20,000,000 ops
2,043 ms
102 ns/op
9,789,525 ops/s
71.2 % of CPU usage

Max throughput:
40,000,000 ops
2,247 ms
56 ns/op
17,801,513 ops/s
44.3 % of CPU usage

Ping latency:
10,000,000 ops
1,872 ms
187 ns/op
5,341,880 ops/s
25.4 % of CPU usage

Ping throughput 10K:
10,000,000 ops
6,646 ms
664 ns/op
1,504,664 ops/s
29.7 % of CPU usage

Initiation 1M:
1,000,000 ops
16,443 ms
16,443 ns/op
60,816 ops/s
50.3 % of CPU usage
430 bytes per instance
Tests run: 6, Failures: 0, Errors: 0, Skipped: 0, Time elapsed: 47.548 sec
Running com.github.plokhotnyuk.actors.LiftActorSpec
Executor service type: fixed-thread-pool

Single-producer sending:
20,000,000 ops
1,809 ms
90 ns/op
11,055,831 ops/s
41.2 % of CPU usage

Multi-producer sending:
20,000,000 ops
1,934 ms
96 ns/op
10,341,261 ops/s
45.0 % of CPU usage

Max throughput:
20,000,000 ops
2,262 ms
113 ns/op
8,841,732 ops/s
65.0 % of CPU usage

Ping latency:
2,000,000 ops
1,139 ms
569 ns/op
1,755,926 ops/s
28.1 % of CPU usage

Ping throughput 10K:
5,000,000 ops
1,809 ms
361 ns/op
2,763,957 ops/s
25.9 % of CPU usage

Initiation 1M:
1,000,000 ops
31 ms
31 ns/op
32,258,064 ops/s
50.3 % of CPU usage
72 bytes per instance
Tests run: 6, Failures: 0, Errors: 0, Skipped: 0, Time elapsed: 12.339 sec
Running com.github.plokhotnyuk.actors.ScalaActorSpec
Executor service type: fixed-thread-pool

Single-producer sending:
1,000,000 ops
1,123 ms
1,123 ns/op
890,471 ops/s
38.9 % of CPU usage

Multi-producer sending:
1,000,000 ops
1,202 ms
1,202 ns/op
831,946 ops/s
29.2 % of CPU usage

Max throughput:
5,000,000 ops
4,820 ms
964 ns/op
1,037,344 ops/s
26.3 % of CPU usage

Ping latency:
1,000,000 ops
1,981 ms
1,981 ns/op
504,795 ops/s
31.7 % of CPU usage

Ping throughput 10K:
2,000,000 ops
3,588 ms
1,794 ns/op
557,413 ops/s
25.2 % of CPU usage

Initiation 1M:
1,000,000 ops
124 ms
124 ns/op
8,064,516 ops/s
28.3 % of CPU usage
144 bytes per instance
Tests run: 6, Failures: 0, Errors: 0, Skipped: 0, Time elapsed: 17.581 sec
Running com.github.plokhotnyuk.actors.ScalazActor2Spec
Executor service type: fixed-thread-pool

Single-producer sending:
100,000,000 ops
4,181 ms
41 ns/op
23,917,723 ops/s
42.5 % of CPU usage

Multi-producer sending:
50,000,000 ops
3,869 ms
77 ns/op
12,923,235 ops/s
95.2 % of CPU usage

Max throughput:
200,000,000 ops
2,948 ms
14 ns/op
67,842,605 ops/s
94.9 % of CPU usage

Ping latency:
20,000,000 ops
1,622 ms
81 ns/op
12,330,456 ops/s
26.4 % of CPU usage

Ping throughput 10K:
20,000,000 ops
2,496 ms
124 ns/op
8,012,820 ops/s
25.6 % of CPU usage

Initiation 1M:
1,000,000 ops
47 ms
47 ns/op
21,276,595 ops/s
33.2 % of CPU usage
128 bytes per instance
Tests run: 6, Failures: 0, Errors: 0, Skipped: 0, Time elapsed: 19.766 sec
Running com.github.plokhotnyuk.actors.ScalazActorSpec
Executor service type: fixed-thread-pool

Single-producer sending:
100,000,000 ops
4,337 ms
43 ns/op
23,057,412 ops/s
41.6 % of CPU usage

Multi-producer sending:
50,000,000 ops
3,760 ms
75 ns/op
13,297,872 ops/s
95.4 % of CPU usage

Max throughput:
200,000,000 ops
2,215 ms
11 ns/op
90,293,453 ops/s
94.2 % of CPU usage

Ping latency:
20,000,000 ops
1,482 ms
74 ns/op
13,495,276 ops/s
26.6 % of CPU usage

Ping throughput 10K:
20,000,000 ops
2,574 ms
128 ns/op
7,770,007 ops/s
25.2 % of CPU usage

Initiation 1M:
1,000,000 ops
63 ms
63 ns/op
15,873,015 ops/s
37.1 % of CPU usage
184 bytes per instance
Tests run: 6, Failures: 0, Errors: 0, Skipped: 0, Time elapsed: 19.641 sec

Results :

Tests run: 30, Failures: 0, Errors: 0, Skipped: 0

[INFO] ------------------------------------------------------------------------
[INFO] BUILD SUCCESS
[INFO] ------------------------------------------------------------------------
[INFO] Total time: 2:10.790s
[INFO] Finished at: Wed Jul 24 14:33:49 EEST 2013
[INFO] Final Memory: 20M/1024M
[INFO] ------------------------------------------------------------------------
[INFO] Scanning for projects...
[INFO]                                                                         
[INFO] ------------------------------------------------------------------------
[INFO] Building Actors 1.0-SNAPSHOT
[INFO] ------------------------------------------------------------------------
[INFO] 
[INFO] --- maven-resources-plugin:2.6:resources (default-resources) @ actors ---
[INFO] Using 'UTF-8' encoding to copy filtered resources.
[INFO] skip non existing resourceDirectory C:\Users\Andriy\Projects\com\github\plokhotnyuk\actors\src\main\resources
[INFO] 
[INFO] --- scala-maven-plugin:3.1.3:compile (compile) @ actors ---
[WARNING]  Expected all dependencies to require Scala version: 2.10.2
[WARNING]  com.github.plokhotnyuk.actors:actors:1.0-SNAPSHOT requires scala version: 2.10.2
[WARNING]  com.typesafe.akka:akka-actor_2.10:2.2.0 requires scala version: 2.10.2
[WARNING]  net.liftweb:lift-common_2.10:2.5.1 requires scala version: 2.10.0
[WARNING] Multiple versions of scala libraries detected!
[WARNING] No source files found.
[INFO] 
[INFO] --- maven-resources-plugin:2.6:testResources (default-testResources) @ actors ---
[INFO] Using 'UTF-8' encoding to copy filtered resources.
[INFO] skip non existing resourceDirectory C:\Users\Andriy\Projects\com\github\plokhotnyuk\actors\src\test\resources
[INFO] 
[INFO] --- scala-maven-plugin:3.1.3:testCompile (testCompile) @ actors ---
[WARNING]  Expected all dependencies to require Scala version: 2.10.2
[WARNING]  com.github.plokhotnyuk.actors:actors:1.0-SNAPSHOT requires scala version: 2.10.2
[WARNING]  com.typesafe.akka:akka-actor_2.10:2.2.0 requires scala version: 2.10.2
[WARNING]  net.liftweb:lift-common_2.10:2.5.1 requires scala version: 2.10.0
[WARNING] Multiple versions of scala libraries detected!
[INFO] Nothing to compile - all classes are up to date
[INFO] 
[INFO] --- maven-surefire-plugin:2.13:test (default-test) @ actors ---
[INFO] Surefire report directory: C:\Users\Andriy\Projects\com\github\plokhotnyuk\actors\target\surefire-reports

-------------------------------------------------------
 T E S T S
-------------------------------------------------------

-------------------------------------------------------
 T E S T S
-------------------------------------------------------
Running com.github.plokhotnyuk.actors.AkkaActorSpec
Executor service type: scala-forkjoin-pool

Single-producer sending:
40,000,000 ops
3,230 ms
80 ns/op
12,383,900 ops/s
50.0 % of CPU usage

Multi-producer sending:
20,000,000 ops
2,091 ms
104 ns/op
9,564,801 ops/s
77.0 % of CPU usage

Max throughput:
40,000,000 ops
2,277 ms
56 ns/op
17,566,974 ops/s
40.9 % of CPU usage

Ping latency:
10,000,000 ops
1,809 ms
180 ns/op
5,527,915 ops/s
25.9 % of CPU usage

Ping throughput 10K:
10,000,000 ops
8,939 ms
893 ns/op
1,118,693 ops/s
29.1 % of CPU usage

Initiation 1M:
1,000,000 ops
15,694 ms
15,694 ns/op
63,718 ops/s
57.7 % of CPU usage
430 bytes per instance
Tests run: 6, Failures: 0, Errors: 0, Skipped: 0, Time elapsed: 50.528 sec
Running com.github.plokhotnyuk.actors.LiftActorSpec
Executor service type: scala-forkjoin-pool

Single-producer sending:
20,000,000 ops
1,872 ms
93 ns/op
10,683,760 ops/s
40.4 % of CPU usage

Multi-producer sending:
20,000,000 ops
2,153 ms
107 ns/op
9,289,363 ops/s
53.8 % of CPU usage

Max throughput:
20,000,000 ops
2,308 ms
115 ns/op
8,665,511 ops/s
65.9 % of CPU usage

Ping latency:
2,000,000 ops
1,030 ms
515 ns/op
1,941,747 ops/s
28.0 % of CPU usage

Ping throughput 10K:
5,000,000 ops
2,340 ms
468 ns/op
2,136,752 ops/s
25.5 % of CPU usage

Initiation 1M:
1,000,000 ops
32 ms
32 ns/op
31,250,000 ops/s
48.8 % of CPU usage
72 bytes per instance
Tests run: 6, Failures: 0, Errors: 0, Skipped: 0, Time elapsed: 13.057 sec
Running com.github.plokhotnyuk.actors.ScalaActorSpec
Executor service type: scala-forkjoin-pool

Single-producer sending:
1,000,000 ops
1,154 ms
1,154 ns/op
866,551 ops/s
38.9 % of CPU usage

Multi-producer sending:
1,000,000 ops
873 ms
873 ns/op
1,145,475 ops/s
29.5 % of CPU usage

Max throughput:
5,000,000 ops
4,227 ms
845 ns/op
1,182,872 ops/s
26.9 % of CPU usage

Ping latency:
1,000,000 ops
2,012 ms
2,012 ns/op
497,017 ops/s
31.0 % of CPU usage

Ping throughput 10K:
2,000,000 ops
4,321 ms
2,160 ns/op
462,855 ops/s
25.5 % of CPU usage

Initiation 1M:
1,000,000 ops
125 ms
125 ns/op
8,000,000 ops/s
28.1 % of CPU usage
144 bytes per instance
Tests run: 6, Failures: 0, Errors: 0, Skipped: 0, Time elapsed: 17.3 sec
Running com.github.plokhotnyuk.actors.ScalazActor2Spec
Executor service type: scala-forkjoin-pool

Single-producer sending:
100,000,000 ops
3,822 ms
38 ns/op
26,164,311 ops/s
51.7 % of CPU usage

Multi-producer sending:
50,000,000 ops
3,619 ms
72 ns/op
13,815,971 ops/s
95.5 % of CPU usage

Max throughput:
200,000,000 ops
3,120 ms
15 ns/op
64,102,564 ops/s
94.4 % of CPU usage

Ping latency:
20,000,000 ops
2,465 ms
123 ns/op
8,113,590 ops/s
25.9 % of CPU usage

Ping throughput 10K:
20,000,000 ops
3,307 ms
165 ns/op
6,047,777 ops/s
25.2 % of CPU usage

Initiation 1M:
1,000,000 ops
47 ms
47 ns/op
21,276,595 ops/s
41.5 % of CPU usage
128 bytes per instance
Tests run: 6, Failures: 0, Errors: 0, Skipped: 0, Time elapsed: 21.138 sec
Running com.github.plokhotnyuk.actors.ScalazActorSpec
Executor service type: scala-forkjoin-pool

Single-producer sending:
100,000,000 ops
3,729 ms
37 ns/op
26,816,840 ops/s
51.0 % of CPU usage

Multi-producer sending:
50,000,000 ops
3,681 ms
73 ns/op
13,583,265 ops/s
95.6 % of CPU usage

Max throughput:
200,000,000 ops
2,200 ms
11 ns/op
90,909,090 ops/s
98.7 % of CPU usage

Ping latency:
20,000,000 ops
2,418 ms
120 ns/op
8,271,298 ops/s
26.1 % of CPU usage

Ping throughput 10K:
20,000,000 ops
3,495 ms
174 ns/op
5,722,460 ops/s
25.6 % of CPU usage

Initiation 1M:
1,000,000 ops
63 ms
63 ns/op
15,873,015 ops/s
31.0 % of CPU usage
184 bytes per instance
Tests run: 6, Failures: 0, Errors: 0, Skipped: 0, Time elapsed: 20.811 sec

Results :

Tests run: 30, Failures: 0, Errors: 0, Skipped: 0

[INFO] ------------------------------------------------------------------------
[INFO] BUILD SUCCESS
[INFO] ------------------------------------------------------------------------
[INFO] Total time: 2:16.594s
[INFO] Finished at: Wed Jul 24 14:36:07 EEST 2013
[INFO] Final Memory: 20M/1024M
[INFO] ------------------------------------------------------------------------
[INFO] Scanning for projects...
[INFO]                                                                         
[INFO] ------------------------------------------------------------------------
[INFO] Building Actors 1.0-SNAPSHOT
[INFO] ------------------------------------------------------------------------
[INFO] 
[INFO] --- maven-resources-plugin:2.6:resources (default-resources) @ actors ---
[INFO] Using 'UTF-8' encoding to copy filtered resources.
[INFO] skip non existing resourceDirectory C:\Users\Andriy\Projects\com\github\plokhotnyuk\actors\src\main\resources
[INFO] 
[INFO] --- scala-maven-plugin:3.1.3:compile (compile) @ actors ---
[WARNING]  Expected all dependencies to require Scala version: 2.10.2
[WARNING]  com.github.plokhotnyuk.actors:actors:1.0-SNAPSHOT requires scala version: 2.10.2
[WARNING]  com.typesafe.akka:akka-actor_2.10:2.2.0 requires scala version: 2.10.2
[WARNING]  net.liftweb:lift-common_2.10:2.5.1 requires scala version: 2.10.0
[WARNING] Multiple versions of scala libraries detected!
[WARNING] No source files found.
[INFO] 
[INFO] --- maven-resources-plugin:2.6:testResources (default-testResources) @ actors ---
[INFO] Using 'UTF-8' encoding to copy filtered resources.
[INFO] skip non existing resourceDirectory C:\Users\Andriy\Projects\com\github\plokhotnyuk\actors\src\test\resources
[INFO] 
[INFO] --- scala-maven-plugin:3.1.3:testCompile (testCompile) @ actors ---
[WARNING]  Expected all dependencies to require Scala version: 2.10.2
[WARNING]  com.github.plokhotnyuk.actors:actors:1.0-SNAPSHOT requires scala version: 2.10.2
[WARNING]  com.typesafe.akka:akka-actor_2.10:2.2.0 requires scala version: 2.10.2
[WARNING]  net.liftweb:lift-common_2.10:2.5.1 requires scala version: 2.10.0
[WARNING] Multiple versions of scala libraries detected!
[INFO] Nothing to compile - all classes are up to date
[INFO] 
[INFO] --- maven-surefire-plugin:2.13:test (default-test) @ actors ---
[INFO] Surefire report directory: C:\Users\Andriy\Projects\com\github\plokhotnyuk\actors\target\surefire-reports

-------------------------------------------------------
 T E S T S
-------------------------------------------------------

-------------------------------------------------------
 T E S T S
-------------------------------------------------------
Running com.github.plokhotnyuk.actors.AkkaActorSpec
Executor service type: java-forkjoin-pool

Single-producer sending:
40,000,000 ops
3,230 ms
80 ns/op
12,383,900 ops/s
49.7 % of CPU usage

Multi-producer sending:
20,000,000 ops
2,028 ms
101 ns/op
9,861,932 ops/s
72.7 % of CPU usage

Max throughput:
40,000,000 ops
2,169 ms
54 ns/op
18,441,678 ops/s
42.3 % of CPU usage

Ping latency:
10,000,000 ops
1,528 ms
152 ns/op
6,544,502 ops/s
26.8 % of CPU usage

Ping throughput 10K:
10,000,000 ops
1,826 ms
182 ns/op
5,476,451 ops/s
46.3 % of CPU usage

Initiation 1M:
1,000,000 ops
15,834 ms
15,834 ns/op
63,155 ops/s
48.4 % of CPU usage
430 bytes per instance
Tests run: 6, Failures: 0, Errors: 0, Skipped: 0, Time elapsed: 41.855 sec
Running com.github.plokhotnyuk.actors.LiftActorSpec
Executor service type: java-forkjoin-pool

Single-producer sending:
20,000,000 ops
1,825 ms
91 ns/op
10,958,904 ops/s
40.8 % of CPU usage

Multi-producer sending:
20,000,000 ops
2,044 ms
102 ns/op
9,784,735 ops/s
49.6 % of CPU usage

Max throughput:
20,000,000 ops
2,075 ms
103 ns/op
9,638,554 ops/s
63.2 % of CPU usage

Ping latency:
2,000,000 ops
1,138 ms
569 ns/op
1,757,469 ops/s
28.4 % of CPU usage

Ping throughput 10K:
5,000,000 ops
2,465 ms
493 ns/op
2,028,397 ops/s
25.9 % of CPU usage

Initiation 1M:
1,000,000 ops
31 ms
31 ns/op
32,258,064 ops/s
50.3 % of CPU usage
72 bytes per instance
Tests run: 6, Failures: 0, Errors: 0, Skipped: 0, Time elapsed: 12.855 sec
Running com.github.plokhotnyuk.actors.ScalaActorSpec
Executor service type: java-forkjoin-pool

Single-producer sending:
1,000,000 ops
1,029 ms
1,029 ns/op
971,817 ops/s
37.5 % of CPU usage

Multi-producer sending:
1,000,000 ops
1,139 ms
1,139 ns/op
877,963 ops/s
34.6 % of CPU usage

Max throughput:
5,000,000 ops
5,304 ms
1,060 ns/op
942,684 ops/s
25.8 % of CPU usage

Ping latency:
1,000,000 ops
1,841 ms
1,841 ns/op
543,183 ops/s
32.4 % of CPU usage

Ping throughput 10K:
2,000,000 ops
3,245 ms
1,622 ns/op
616,332 ops/s
25.8 % of CPU usage

Initiation 1M:
1,000,000 ops
140 ms
140 ns/op
7,142,857 ops/s
33.4 % of CPU usage
144 bytes per instance
Tests run: 6, Failures: 0, Errors: 0, Skipped: 0, Time elapsed: 17.409 sec
Running com.github.plokhotnyuk.actors.ScalazActor2Spec
Executor service type: java-forkjoin-pool

Single-producer sending:
100,000,000 ops
4,773 ms
47 ns/op
20,951,183 ops/s
41.2 % of CPU usage

Multi-producer sending:
50,000,000 ops
4,368 ms
87 ns/op
11,446,886 ops/s
97.9 % of CPU usage

Max throughput:
200,000,000 ops
3,136 ms
15 ns/op
63,775,510 ops/s
89.0 % of CPU usage

Ping latency:
20,000,000 ops
2,074 ms
103 ns/op
9,643,201 ops/s
27.5 % of CPU usage

Ping throughput 10K:
20,000,000 ops
1,950 ms
97 ns/op
10,256,410 ops/s
26.2 % of CPU usage

Initiation 1M:
1,000,000 ops
47 ms
47 ns/op
21,276,595 ops/s
41.5 % of CPU usage
128 bytes per instance
Tests run: 6, Failures: 0, Errors: 0, Skipped: 0, Time elapsed: 19.407 sec
Running com.github.plokhotnyuk.actors.ScalazActorSpec
Executor service type: java-forkjoin-pool

Single-producer sending:
100,000,000 ops
5,756 ms
57 ns/op
17,373,175 ops/s
40.5 % of CPU usage

Multi-producer sending:
50,000,000 ops
4,243 ms
84 ns/op
11,784,115 ops/s
99.1 % of CPU usage

Max throughput:
200,000,000 ops
2,652 ms
13 ns/op
75,414,781 ops/s
91.3 % of CPU usage

Ping latency:
20,000,000 ops
1,498 ms
74 ns/op
13,351,134 ops/s
27.3 % of CPU usage

Ping throughput 10K:
20,000,000 ops
1,482 ms
74 ns/op
13,495,276 ops/s
25.8 % of CPU usage

Initiation 1M:
1,000,000 ops
62 ms
62 ns/op
16,129,032 ops/s
37.7 % of CPU usage
184 bytes per instance
Tests run: 6, Failures: 0, Errors: 0, Skipped: 0, Time elapsed: 19.11 sec

Results :

Tests run: 30, Failures: 0, Errors: 0, Skipped: 0

[INFO] ------------------------------------------------------------------------
[INFO] BUILD SUCCESS
[INFO] ------------------------------------------------------------------------
[INFO] Total time: 2:04.395s
[INFO] Finished at: Wed Jul 24 14:38:13 EEST 2013
[INFO] Final Memory: 20M/1024M
[INFO] ------------------------------------------------------------------------
[INFO] Scanning for projects...
[INFO]                                                                         
[INFO] ------------------------------------------------------------------------
[INFO] Building Actors 1.0-SNAPSHOT
[INFO] ------------------------------------------------------------------------
[INFO] 
[INFO] --- maven-resources-plugin:2.6:resources (default-resources) @ actors ---
[INFO] Using 'UTF-8' encoding to copy filtered resources.
[INFO] skip non existing resourceDirectory C:\Users\Andriy\Projects\com\github\plokhotnyuk\actors\src\main\resources
[INFO] 
[INFO] --- scala-maven-plugin:3.1.3:compile (compile) @ actors ---
[WARNING]  Expected all dependencies to require Scala version: 2.10.2
[WARNING]  com.github.plokhotnyuk.actors:actors:1.0-SNAPSHOT requires scala version: 2.10.2
[WARNING]  com.typesafe.akka:akka-actor_2.10:2.2.0 requires scala version: 2.10.2
[WARNING]  net.liftweb:lift-common_2.10:2.5.1 requires scala version: 2.10.0
[WARNING] Multiple versions of scala libraries detected!
[WARNING] No source files found.
[INFO] 
[INFO] --- maven-resources-plugin:2.6:testResources (default-testResources) @ actors ---
[INFO] Using 'UTF-8' encoding to copy filtered resources.
[INFO] skip non existing resourceDirectory C:\Users\Andriy\Projects\com\github\plokhotnyuk\actors\src\test\resources
[INFO] 
[INFO] --- scala-maven-plugin:3.1.3:testCompile (testCompile) @ actors ---
[WARNING]  Expected all dependencies to require Scala version: 2.10.2
[WARNING]  com.github.plokhotnyuk.actors:actors:1.0-SNAPSHOT requires scala version: 2.10.2
[WARNING]  com.typesafe.akka:akka-actor_2.10:2.2.0 requires scala version: 2.10.2
[WARNING]  net.liftweb:lift-common_2.10:2.5.1 requires scala version: 2.10.0
[WARNING] Multiple versions of scala libraries detected!
[INFO] Nothing to compile - all classes are up to date
[INFO] 
[INFO] --- maven-surefire-plugin:2.13:test (default-test) @ actors ---
[INFO] Surefire report directory: C:\Users\Andriy\Projects\com\github\plokhotnyuk\actors\target\surefire-reports

-------------------------------------------------------
 T E S T S
-------------------------------------------------------

-------------------------------------------------------
 T E S T S
-------------------------------------------------------
Running com.github.plokhotnyuk.actors.AkkaActorSpec
Executor service type: thread-pool

Single-producer sending:
40,000,000 ops
3,463 ms
86 ns/op
11,550,678 ops/s
52.4 % of CPU usage

Multi-producer sending:
20,000,000 ops
2,013 ms
100 ns/op
9,935,419 ops/s
73.0 % of CPU usage

Max throughput:
40,000,000 ops
2,277 ms
56 ns/op
17,566,974 ops/s
43.2 % of CPU usage

Ping latency:
10,000,000 ops
2,294 ms
229 ns/op
4,359,197 ops/s
26.4 % of CPU usage

Ping throughput 10K:
10,000,000 ops
7,270 ms
727 ns/op
1,375,515 ops/s
30.0 % of CPU usage

Initiation 1M:
1,000,000 ops
15,507 ms
15,507 ns/op
64,487 ops/s
51.7 % of CPU usage
430 bytes per instance
Tests run: 6, Failures: 0, Errors: 0, Skipped: 0, Time elapsed: 48.095 sec
Running com.github.plokhotnyuk.actors.LiftActorSpec
Executor service type: thread-pool

Single-producer sending:
20,000,000 ops
1,825 ms
91 ns/op
10,958,904 ops/s
40.0 % of CPU usage

Multi-producer sending:
20,000,000 ops
1,903 ms
95 ns/op
10,509,721 ops/s
42.2 % of CPU usage

Max throughput:
20,000,000 ops
2,216 ms
110 ns/op
9,025,270 ops/s
64.6 % of CPU usage

Ping latency:
2,000,000 ops
1,138 ms
569 ns/op
1,757,469 ops/s
28.8 % of CPU usage

Ping throughput 10K:
5,000,000 ops
2,387 ms
477 ns/op
2,094,679 ops/s
26.0 % of CPU usage

Initiation 1M:
1,000,000 ops
31 ms
31 ns/op
32,258,064 ops/s
50.3 % of CPU usage
72 bytes per instance
Tests run: 6, Failures: 0, Errors: 0, Skipped: 0, Time elapsed: 12.761 sec
Running com.github.plokhotnyuk.actors.ScalaActorSpec
Executor service type: thread-pool

Single-producer sending:
1,000,000 ops
1,326 ms
1,326 ns/op
754,147 ops/s
37.1 % of CPU usage

Multi-producer sending:
1,000,000 ops
1,045 ms
1,045 ns/op
956,937 ops/s
32.1 % of CPU usage

Max throughput:
5,000,000 ops
5,460 ms
1,092 ns/op
915,750 ops/s
25.9 % of CPU usage

Ping latency:
1,000,000 ops
2,075 ms
2,075 ns/op
481,927 ops/s
32.0 % of CPU usage

Ping throughput 10K:
2,000,000 ops
3,807 ms
1,903 ns/op
525,348 ops/s
25.7 % of CPU usage

Initiation 1M:
1,000,000 ops
125 ms
125 ns/op
8,000,000 ops/s
28.1 % of CPU usage
144 bytes per instance
Tests run: 6, Failures: 0, Errors: 0, Skipped: 0, Time elapsed: 18.455 sec
Running com.github.plokhotnyuk.actors.ScalazActor2Spec
Executor service type: thread-pool

Single-producer sending:
100,000,000 ops
3,728 ms
37 ns/op
26,824,034 ops/s
43.3 % of CPU usage

Multi-producer sending:
50,000,000 ops
3,885 ms
77 ns/op
12,870,012 ops/s
94.4 % of CPU usage

Max throughput:
200,000,000 ops
3,900 ms
19 ns/op
51,282,051 ops/s
95.5 % of CPU usage

Ping latency:
20,000,000 ops
2,683 ms
134 ns/op
7,454,342 ops/s
26.0 % of CPU usage

Ping throughput 10K:
20,000,000 ops
3,681 ms
184 ns/op
5,433,306 ops/s
25.2 % of CPU usage

Initiation 1M:
1,000,000 ops
47 ms
47 ns/op
21,276,595 ops/s
49.8 % of CPU usage
128 bytes per instance
Tests run: 6, Failures: 0, Errors: 0, Skipped: 0, Time elapsed: 22.62 sec
Running com.github.plokhotnyuk.actors.ScalazActorSpec
Executor service type: thread-pool

Single-producer sending:
100,000,000 ops
3,963 ms
39 ns/op
25,233,409 ops/s
46.5 % of CPU usage

Multi-producer sending:
50,000,000 ops
3,728 ms
74 ns/op
13,412,017 ops/s
95.6 % of CPU usage

Max throughput:
200,000,000 ops
2,293 ms
11 ns/op
87,221,979 ops/s
89.5 % of CPU usage

Ping latency:
20,000,000 ops
2,496 ms
124 ns/op
8,012,820 ops/s
26.1 % of CPU usage

Ping throughput 10K:
20,000,000 ops
3,260 ms
163 ns/op
6,134,969 ops/s
25.4 % of CPU usage

Initiation 1M:
1,000,000 ops
62 ms
62 ns/op
16,129,032 ops/s
44.0 % of CPU usage
184 bytes per instance
Tests run: 6, Failures: 0, Errors: 0, Skipped: 0, Time elapsed: 20.67 sec

Results :

Tests run: 30, Failures: 0, Errors: 0, Skipped: 0

[INFO] ------------------------------------------------------------------------
[INFO] BUILD SUCCESS
[INFO] ------------------------------------------------------------------------
[INFO] Total time: 2:16.454s
[INFO] Finished at: Wed Jul 24 14:40:32 EEST 2013
[INFO] Final Memory: 20M/1024M
[INFO] ------------------------------------------------------------------------
