[INFO] Scanning for projects...
[INFO]                                                                         
[INFO] ------------------------------------------------------------------------
[INFO] Building Actors 1.0-SNAPSHOT
[INFO] ------------------------------------------------------------------------
[INFO] 
[INFO] --- maven-clean-plugin:2.5:clean (default-clean) @ actors ---
[INFO] Deleting C:\Users\Andriy\Projects\com\github\plokhotnyuk\actors\target
[INFO] 
[INFO] --- maven-resources-plugin:2.6:resources (default-resources) @ actors ---
[INFO] Using 'UTF-8' encoding to copy filtered resources.
[INFO] skip non existing resourceDirectory C:\Users\Andriy\Projects\com\github\plokhotnyuk\actors\src\main\resources
[INFO] 
[INFO] --- scala-maven-plugin:3.1.3:compile (compile) @ actors ---
[WARNING]  Expected all dependencies to require Scala version: 2.10.2
[WARNING]  com.github.plokhotnyuk.actors:actors:1.0-SNAPSHOT requires scala version: 2.10.2
[WARNING]  com.typesafe.akka:akka-actor_2.10:2.2.0 requires scala version: 2.10.2
[WARNING]  net.liftweb:lift-common_2.10:2.5.1 requires scala version: 2.10.0
[WARNING] Multiple versions of scala libraries detected!
[WARNING] No source files found.
[INFO] 
[INFO] --- maven-resources-plugin:2.6:testResources (default-testResources) @ actors ---
[INFO] Using 'UTF-8' encoding to copy filtered resources.
[INFO] skip non existing resourceDirectory C:\Users\Andriy\Projects\com\github\plokhotnyuk\actors\src\test\resources
[INFO] 
[INFO] --- scala-maven-plugin:3.1.3:testCompile (testCompile) @ actors ---
[WARNING]  Expected all dependencies to require Scala version: 2.10.2
[WARNING]  com.github.plokhotnyuk.actors:actors:1.0-SNAPSHOT requires scala version: 2.10.2
[WARNING]  com.typesafe.akka:akka-actor_2.10:2.2.0 requires scala version: 2.10.2
[WARNING]  net.liftweb:lift-common_2.10:2.5.1 requires scala version: 2.10.0
[WARNING] Multiple versions of scala libraries detected!
[INFO] C:\Users\Andriy\Projects\com\github\plokhotnyuk\actors\src\test\scala:-1: info: compiling
[INFO] Compiling 11 source files to C:\Users\Andriy\Projects\com\github\plokhotnyuk\actors\target\test-classes at 1374667045473
[WARNING] warning: there were 2 feature warning(s); re-run with -feature for details
[WARNING] one warning found
[INFO] prepare-compile in 0 s
[INFO] compile in 10 s
[INFO] ------------------------------------------------------------------------
[INFO] BUILD SUCCESS
[INFO] ------------------------------------------------------------------------
[INFO] Total time: 11.685s
[INFO] Finished at: Wed Jul 24 14:57:35 EEST 2013
[INFO] Final Memory: 16M/1024M
[INFO] ------------------------------------------------------------------------
[INFO] Scanning for projects...
[INFO]                                                                         
[INFO] ------------------------------------------------------------------------
[INFO] Building Actors 1.0-SNAPSHOT
[INFO] ------------------------------------------------------------------------
[INFO] 
[INFO] --- maven-resources-plugin:2.6:resources (default-resources) @ actors ---
[INFO] Using 'UTF-8' encoding to copy filtered resources.
[INFO] skip non existing resourceDirectory C:\Users\Andriy\Projects\com\github\plokhotnyuk\actors\src\main\resources
[INFO] 
[INFO] --- scala-maven-plugin:3.1.3:compile (compile) @ actors ---
[WARNING]  Expected all dependencies to require Scala version: 2.10.2
[WARNING]  com.github.plokhotnyuk.actors:actors:1.0-SNAPSHOT requires scala version: 2.10.2
[WARNING]  com.typesafe.akka:akka-actor_2.10:2.2.0 requires scala version: 2.10.2
[WARNING]  net.liftweb:lift-common_2.10:2.5.1 requires scala version: 2.10.0
[WARNING] Multiple versions of scala libraries detected!
[WARNING] No source files found.
[INFO] 
[INFO] --- maven-resources-plugin:2.6:testResources (default-testResources) @ actors ---
[INFO] Using 'UTF-8' encoding to copy filtered resources.
[INFO] skip non existing resourceDirectory C:\Users\Andriy\Projects\com\github\plokhotnyuk\actors\src\test\resources
[INFO] 
[INFO] --- scala-maven-plugin:3.1.3:testCompile (testCompile) @ actors ---
[WARNING]  Expected all dependencies to require Scala version: 2.10.2
[WARNING]  com.github.plokhotnyuk.actors:actors:1.0-SNAPSHOT requires scala version: 2.10.2
[WARNING]  com.typesafe.akka:akka-actor_2.10:2.2.0 requires scala version: 2.10.2
[WARNING]  net.liftweb:lift-common_2.10:2.5.1 requires scala version: 2.10.0
[WARNING] Multiple versions of scala libraries detected!
[INFO] Nothing to compile - all classes are up to date
[INFO] 
[INFO] --- maven-surefire-plugin:2.13:test (default-test) @ actors ---
[INFO] Surefire report directory: C:\Users\Andriy\Projects\com\github\plokhotnyuk\actors\target\surefire-reports

-------------------------------------------------------
 T E S T S
-------------------------------------------------------

-------------------------------------------------------
 T E S T S
-------------------------------------------------------
Running com.github.plokhotnyuk.actors.AkkaActorSpec
Executor service type: fixed-thread-pool

Single-producer sending:
40,000,000 ops
3,557 ms
88 ns/op
11,245,431 ops/s
58.8 % of CPU usage

Multi-producer sending:
20,000,000 ops
2,371 ms
118 ns/op
8,435,259 ops/s
69.6 % of CPU usage

Max throughput:
40,000,000 ops
1,326 ms
33 ns/op
30,165,912 ops/s
94.1 % of CPU usage

Ping latency:
10,000,000 ops
5,679 ms
567 ns/op
1,760,873 ops/s
49.3 % of CPU usage

Ping throughput 10K:
10,000,000 ops
3,292 ms
329 ns/op
3,037,667 ops/s
99.5 % of CPU usage

Initiation 1M:
1,000,000 ops
20,358 ms
20,358 ns/op
49,120 ops/s
65.3 % of CPU usage
430 bytes per instance
Tests run: 6, Failures: 0, Errors: 0, Skipped: 0, Time elapsed: 52.666 sec
Running com.github.plokhotnyuk.actors.LiftActorSpec
Executor service type: fixed-thread-pool

Single-producer sending:
20,000,000 ops
1,747 ms
87 ns/op
11,448,196 ops/s
40.4 % of CPU usage

Multi-producer sending:
20,000,000 ops
2,153 ms
107 ns/op
9,289,363 ops/s
54.5 % of CPU usage

Max throughput:
20,000,000 ops
1,357 ms
67 ns/op
14,738,393 ops/s
95.7 % of CPU usage

Ping latency:
2,000,000 ops
2,589 ms
1,294 ns/op
772,499 ops/s
49.3 % of CPU usage

Ping throughput 10K:
5,000,000 ops
1,201 ms
240 ns/op
4,163,197 ops/s
99.4 % of CPU usage

Initiation 1M:
1,000,000 ops
46 ms
46 ns/op
21,739,130 ops/s
50.9 % of CPU usage
72 bytes per instance
Tests run: 6, Failures: 0, Errors: 0, Skipped: 0, Time elapsed: 12.293 sec
Running com.github.plokhotnyuk.actors.ScalaActorSpec
Executor service type: fixed-thread-pool

Single-producer sending:
1,000,000 ops
3,229 ms
3,229 ns/op
309,693 ops/s
52.2 % of CPU usage

Multi-producer sending:
1,000,000 ops
3,042 ms
3,042 ns/op
328,731 ops/s
54.9 % of CPU usage

Max throughput:
5,000,000 ops
3,463 ms
692 ns/op
1,443,834 ops/s
98.8 % of CPU usage

Ping latency:
1,000,000 ops
3,479 ms
3,479 ns/op
287,438 ops/s
73.1 % of CPU usage

Ping throughput 10K:
2,000,000 ops
2,169 ms
1,084 ns/op
922,083 ops/s
99.8 % of CPU usage

Initiation 1M:
1,000,000 ops
125 ms
125 ns/op
8,000,000 ops/s
40.6 % of CPU usage
144 bytes per instance
Tests run: 6, Failures: 0, Errors: 0, Skipped: 0, Time elapsed: 20.248 sec
Running com.github.plokhotnyuk.actors.ScalazActor2Spec
Executor service type: fixed-thread-pool

Single-producer sending:
100,000,000 ops
3,229 ms
32 ns/op
30,969,340 ops/s
67.9 % of CPU usage

Multi-producer sending:
50,000,000 ops
3,105 ms
62 ns/op
16,103,059 ops/s
98.7 % of CPU usage

Max throughput:
200,000,000 ops
2,699 ms
13 ns/op
74,101,519 ops/s
98.7 % of CPU usage

Ping latency:
20,000,000 ops
4,212 ms
210 ns/op
4,748,338 ops/s
45.3 % of CPU usage

Ping throughput 10K:
20,000,000 ops
3,603 ms
180 ns/op
5,550,929 ops/s
81.3 % of CPU usage

Initiation 1M:
1,000,000 ops
47 ms
47 ns/op
21,276,595 ops/s
49.8 % of CPU usage
128 bytes per instance
Tests run: 6, Failures: 0, Errors: 0, Skipped: 0, Time elapsed: 21.466 sec
Running com.github.plokhotnyuk.actors.ScalazActorSpec
Executor service type: fixed-thread-pool

Single-producer sending:
100,000,000 ops
3,245 ms
32 ns/op
30,816,640 ops/s
63.1 % of CPU usage

Multi-producer sending:
50,000,000 ops
3,790 ms
75 ns/op
13,192,612 ops/s
99.2 % of CPU usage

Max throughput:
200,000,000 ops
2,434 ms
12 ns/op
82,169,268 ops/s
95.5 % of CPU usage

Ping latency:
20,000,000 ops
3,697 ms
184 ns/op
5,409,791 ops/s
47.2 % of CPU usage

Ping throughput 10K:
20,000,000 ops
3,978 ms
198 ns/op
5,027,652 ops/s
87.1 % of CPU usage

Initiation 1M:
1,000,000 ops
62 ms
62 ns/op
16,129,032 ops/s
37.7 % of CPU usage
184 bytes per instance
Tests run: 6, Failures: 0, Errors: 0, Skipped: 0, Time elapsed: 22.417 sec

Results :

Tests run: 30, Failures: 0, Errors: 0, Skipped: 0

[INFO] ------------------------------------------------------------------------
[INFO] BUILD SUCCESS
[INFO] ------------------------------------------------------------------------
[INFO] Total time: 2:22.928s
[INFO] Finished at: Wed Jul 24 15:00:00 EEST 2013
[INFO] Final Memory: 20M/1024M
[INFO] ------------------------------------------------------------------------
[INFO] Scanning for projects...
[INFO]                                                                         
[INFO] ------------------------------------------------------------------------
[INFO] Building Actors 1.0-SNAPSHOT
[INFO] ------------------------------------------------------------------------
[INFO] 
[INFO] --- maven-resources-plugin:2.6:resources (default-resources) @ actors ---
[INFO] Using 'UTF-8' encoding to copy filtered resources.
[INFO] skip non existing resourceDirectory C:\Users\Andriy\Projects\com\github\plokhotnyuk\actors\src\main\resources
[INFO] 
[INFO] --- scala-maven-plugin:3.1.3:compile (compile) @ actors ---
[WARNING]  Expected all dependencies to require Scala version: 2.10.2
[WARNING]  com.github.plokhotnyuk.actors:actors:1.0-SNAPSHOT requires scala version: 2.10.2
[WARNING]  com.typesafe.akka:akka-actor_2.10:2.2.0 requires scala version: 2.10.2
[WARNING]  net.liftweb:lift-common_2.10:2.5.1 requires scala version: 2.10.0
[WARNING] Multiple versions of scala libraries detected!
[WARNING] No source files found.
[INFO] 
[INFO] --- maven-resources-plugin:2.6:testResources (default-testResources) @ actors ---
[INFO] Using 'UTF-8' encoding to copy filtered resources.
[INFO] skip non existing resourceDirectory C:\Users\Andriy\Projects\com\github\plokhotnyuk\actors\src\test\resources
[INFO] 
[INFO] --- scala-maven-plugin:3.1.3:testCompile (testCompile) @ actors ---
[WARNING]  Expected all dependencies to require Scala version: 2.10.2
[WARNING]  com.github.plokhotnyuk.actors:actors:1.0-SNAPSHOT requires scala version: 2.10.2
[WARNING]  com.typesafe.akka:akka-actor_2.10:2.2.0 requires scala version: 2.10.2
[WARNING]  net.liftweb:lift-common_2.10:2.5.1 requires scala version: 2.10.0
[WARNING] Multiple versions of scala libraries detected!
[INFO] Nothing to compile - all classes are up to date
[INFO] 
[INFO] --- maven-surefire-plugin:2.13:test (default-test) @ actors ---
[INFO] Surefire report directory: C:\Users\Andriy\Projects\com\github\plokhotnyuk\actors\target\surefire-reports

-------------------------------------------------------
 T E S T S
-------------------------------------------------------

-------------------------------------------------------
 T E S T S
-------------------------------------------------------
Running com.github.plokhotnyuk.actors.AkkaActorSpec
Executor service type: scala-forkjoin-pool

Single-producer sending:
40,000,000 ops
2,980 ms
74 ns/op
13,422,818 ops/s
52.6 % of CPU usage

Multi-producer sending:
20,000,000 ops
2,106 ms
105 ns/op
9,496,676 ops/s
71.5 % of CPU usage

Max throughput:
40,000,000 ops
1,607 ms
40 ns/op
24,891,101 ops/s
89.8 % of CPU usage

Ping latency:
10,000,000 ops
3,573 ms
357 ns/op
2,798,768 ops/s
97.0 % of CPU usage

Ping throughput 10K:
10,000,000 ops
2,730 ms
273 ns/op
3,663,003 ops/s
99.6 % of CPU usage

Initiation 1M:
1,000,000 ops
18,159 ms
18,159 ns/op
55,069 ops/s
50.0 % of CPU usage
430 bytes per instance
Tests run: 6, Failures: 0, Errors: 0, Skipped: 0, Time elapsed: 47.549 sec
Running com.github.plokhotnyuk.actors.LiftActorSpec
Executor service type: scala-forkjoin-pool

Single-producer sending:
20,000,000 ops
1,810 ms
90 ns/op
11,049,723 ops/s
40.5 % of CPU usage

Multi-producer sending:
20,000,000 ops
2,137 ms
106 ns/op
9,358,914 ops/s
51.3 % of CPU usage

Max throughput:
20,000,000 ops
1,545 ms
77 ns/op
12,944,983 ops/s
96.2 % of CPU usage

Ping latency:
2,000,000 ops
1,326 ms
663 ns/op
1,508,295 ops/s
98.8 % of CPU usage

Ping throughput 10K:
5,000,000 ops
1,311 ms
262 ns/op
3,813,882 ops/s
98.2 % of CPU usage

Initiation 1M:
1,000,000 ops
32 ms
32 ns/op
31,250,000 ops/s
48.8 % of CPU usage
71 bytes per instance
Tests run: 6, Failures: 0, Errors: 0, Skipped: 0, Time elapsed: 11.528 sec
Running com.github.plokhotnyuk.actors.ScalaActorSpec
Executor service type: scala-forkjoin-pool

Single-producer sending:
1,000,000 ops
1,451 ms
1,451 ns/op
689,179 ops/s
97.6 % of CPU usage

Multi-producer sending:
1,000,000 ops
1,373 ms
1,373 ns/op
728,332 ops/s
98.6 % of CPU usage

Max throughput:
5,000,000 ops
3,837 ms
767 ns/op
1,303,101 ops/s
99.7 % of CPU usage

Ping latency:
1,000,000 ops
1,779 ms
1,779 ns/op
562,113 ops/s
99.7 % of CPU usage

Ping throughput 10K:
2,000,000 ops
1,997 ms
998 ns/op
1,001,502 ops/s
99.2 % of CPU usage

Initiation 1M:
1,000,000 ops
125 ms
125 ns/op
8,000,000 ops/s
40.6 % of CPU usage
143 bytes per instance
Tests run: 6, Failures: 0, Errors: 0, Skipped: 0, Time elapsed: 15.195 sec
Running com.github.plokhotnyuk.actors.ScalazActor2Spec
Executor service type: scala-forkjoin-pool

Single-producer sending:
100,000,000 ops
9,874 ms
98 ns/op
10,127,607 ops/s
98.8 % of CPU usage

Multi-producer sending:
50,000,000 ops
3,776 ms
75 ns/op
13,241,525 ops/s
99.8 % of CPU usage

Max throughput:
200,000,000 ops
6,802 ms
34 ns/op
29,403,116 ops/s
99.7 % of CPU usage

Ping latency:
20,000,000 ops
4,883 ms
244 ns/op
4,095,842 ops/s
100.0 % of CPU usage

Ping throughput 10K:
20,000,000 ops
3,151 ms
157 ns/op
6,347,191 ops/s
99.6 % of CPU usage

Initiation 1M:
1,000,000 ops
47 ms
47 ns/op
21,276,595 ops/s
49.8 % of CPU usage
128 bytes per instance
Tests run: 6, Failures: 0, Errors: 0, Skipped: 0, Time elapsed: 33.54 sec
Running com.github.plokhotnyuk.actors.ScalazActorSpec
Executor service type: scala-forkjoin-pool

Single-producer sending:
100,000,000 ops
9,859 ms
98 ns/op
10,143,016 ops/s
98.7 % of CPU usage

Multi-producer sending:
50,000,000 ops
3,604 ms
72 ns/op
13,873,473 ops/s
99.6 % of CPU usage

Max throughput:
200,000,000 ops
6,411 ms
32 ns/op
31,196,381 ops/s
99.5 % of CPU usage

Ping latency:
20,000,000 ops
5,039 ms
251 ns/op
3,969,041 ops/s
100.0 % of CPU usage

Ping throughput 10K:
20,000,000 ops
3,510 ms
175 ns/op
5,698,005 ops/s
88.3 % of CPU usage

Initiation 1M:
1,000,000 ops
47 ms
47 ns/op
21,276,595 ops/s
33.2 % of CPU usage
184 bytes per instance
Tests run: 6, Failures: 0, Errors: 0, Skipped: 0, Time elapsed: 34.133 sec

Results :

Tests run: 30, Failures: 0, Errors: 0, Skipped: 0

[INFO] ------------------------------------------------------------------------
[INFO] BUILD SUCCESS
[INFO] ------------------------------------------------------------------------
[INFO] Total time: 2:35.688s
[INFO] Finished at: Wed Jul 24 15:02:37 EEST 2013
[INFO] Final Memory: 20M/1024M
[INFO] ------------------------------------------------------------------------
[INFO] Scanning for projects...
[INFO]                                                                         
[INFO] ------------------------------------------------------------------------
[INFO] Building Actors 1.0-SNAPSHOT
[INFO] ------------------------------------------------------------------------
[INFO] 
[INFO] --- maven-resources-plugin:2.6:resources (default-resources) @ actors ---
[INFO] Using 'UTF-8' encoding to copy filtered resources.
[INFO] skip non existing resourceDirectory C:\Users\Andriy\Projects\com\github\plokhotnyuk\actors\src\main\resources
[INFO] 
[INFO] --- scala-maven-plugin:3.1.3:compile (compile) @ actors ---
[WARNING]  Expected all dependencies to require Scala version: 2.10.2
[WARNING]  com.github.plokhotnyuk.actors:actors:1.0-SNAPSHOT requires scala version: 2.10.2
[WARNING]  com.typesafe.akka:akka-actor_2.10:2.2.0 requires scala version: 2.10.2
[WARNING]  net.liftweb:lift-common_2.10:2.5.1 requires scala version: 2.10.0
[WARNING] Multiple versions of scala libraries detected!
[WARNING] No source files found.
[INFO] 
[INFO] --- maven-resources-plugin:2.6:testResources (default-testResources) @ actors ---
[INFO] Using 'UTF-8' encoding to copy filtered resources.
[INFO] skip non existing resourceDirectory C:\Users\Andriy\Projects\com\github\plokhotnyuk\actors\src\test\resources
[INFO] 
[INFO] --- scala-maven-plugin:3.1.3:testCompile (testCompile) @ actors ---
[WARNING]  Expected all dependencies to require Scala version: 2.10.2
[WARNING]  com.github.plokhotnyuk.actors:actors:1.0-SNAPSHOT requires scala version: 2.10.2
[WARNING]  com.typesafe.akka:akka-actor_2.10:2.2.0 requires scala version: 2.10.2
[WARNING]  net.liftweb:lift-common_2.10:2.5.1 requires scala version: 2.10.0
[WARNING] Multiple versions of scala libraries detected!
[INFO] Nothing to compile - all classes are up to date
[INFO] 
[INFO] --- maven-surefire-plugin:2.13:test (default-test) @ actors ---
[INFO] Surefire report directory: C:\Users\Andriy\Projects\com\github\plokhotnyuk\actors\target\surefire-reports

-------------------------------------------------------
 T E S T S
-------------------------------------------------------

-------------------------------------------------------
 T E S T S
-------------------------------------------------------
Running com.github.plokhotnyuk.actors.AkkaActorSpec
Executor service type: java-forkjoin-pool

Single-producer sending:
40,000,000 ops
2,980 ms
74 ns/op
13,422,818 ops/s
52.3 % of CPU usage

Multi-producer sending:
20,000,000 ops
2,168 ms
108 ns/op
9,225,092 ops/s
71.2 % of CPU usage

Max throughput:
40,000,000 ops
1,576 ms
39 ns/op
25,380,710 ops/s
90.8 % of CPU usage

Ping latency:
10,000,000 ops
14,040 ms
1,404 ns/op
712,250 ops/s
98.8 % of CPU usage

Ping throughput 10K:
10,000,000 ops
1,341 ms
134 ns/op
7,457,121 ops/s
99.8 % of CPU usage

Initiation 1M:
1,000,000 ops
15,537 ms
15,537 ns/op
64,362 ops/s
51.1 % of CPU usage
430 bytes per instance
Tests run: 6, Failures: 0, Errors: 0, Skipped: 0, Time elapsed: 54.413 sec
Running com.github.plokhotnyuk.actors.LiftActorSpec
Executor service type: java-forkjoin-pool

Single-producer sending:
20,000,000 ops
2,075 ms
103 ns/op
9,638,554 ops/s
40.4 % of CPU usage

Multi-producer sending:
20,000,000 ops
2,418 ms
120 ns/op
8,271,298 ops/s
50.2 % of CPU usage

Max throughput:
20,000,000 ops
1,575 ms
78 ns/op
12,698,412 ops/s
95.6 % of CPU usage

Ping latency:
2,000,000 ops
2,699 ms
1,349 ns/op
741,015 ops/s
67.3 % of CPU usage

Ping throughput 10K:
5,000,000 ops
1,170 ms
234 ns/op
4,273,504 ops/s
93.0 % of CPU usage

Initiation 1M:
1,000,000 ops
31 ms
31 ns/op
32,258,064 ops/s
50.3 % of CPU usage
72 bytes per instance
Tests run: 6, Failures: 0, Errors: 0, Skipped: 0, Time elapsed: 13.478 sec
Running com.github.plokhotnyuk.actors.ScalaActorSpec
Executor service type: java-forkjoin-pool

Single-producer sending:
1,000,000 ops
4,617 ms
4,617 ns/op
216,590 ops/s
95.4 % of CPU usage

Multi-producer sending:
1,000,000 ops
4,742 ms
4,742 ns/op
210,881 ops/s
97.0 % of CPU usage

Max throughput:
5,000,000 ops
3,432 ms
686 ns/op
1,456,876 ops/s
99.5 % of CPU usage

Ping latency:
1,000,000 ops
7,301 ms
7,301 ns/op
136,967 ops/s
99.4 % of CPU usage

Ping throughput 10K:
2,000,000 ops
1,965 ms
982 ns/op
1,017,811 ops/s
99.8 % of CPU usage

Initiation 1M:
1,000,000 ops
125 ms
125 ns/op
8,000,000 ops/s
31.2 % of CPU usage
144 bytes per instance
Tests run: 6, Failures: 0, Errors: 0, Skipped: 0, Time elapsed: 27.191 sec
Running com.github.plokhotnyuk.actors.ScalazActor2Spec
Executor service type: java-forkjoin-pool

Single-producer sending:
100,000,000 ops
5,709 ms
57 ns/op
17,516,202 ops/s
83.5 % of CPU usage

Multi-producer sending:
50,000,000 ops
3,323 ms
66 ns/op
15,046,644 ops/s
99.4 % of CPU usage

Max throughput:
200,000,000 ops
3,728 ms
18 ns/op
53,648,068 ops/s
98.5 % of CPU usage

Ping latency:
20,000,000 ops
24,711 ms
1,235 ns/op
809,356 ops/s
99.5 % of CPU usage

Ping throughput 10K:
20,000,000 ops
1,763 ms
88 ns/op
11,344,299 ops/s
100.0 % of CPU usage

Initiation 1M:
1,000,000 ops
47 ms
47 ns/op
21,276,595 ops/s
49.8 % of CPU usage
128 bytes per instance
Tests run: 6, Failures: 0, Errors: 0, Skipped: 0, Time elapsed: 44.132 sec
Running com.github.plokhotnyuk.actors.ScalazActorSpec
Executor service type: java-forkjoin-pool

Single-producer sending:
100,000,000 ops
5,881 ms
58 ns/op
17,003,910 ops/s
84.8 % of CPU usage

Multi-producer sending:
50,000,000 ops
3,089 ms
61 ns/op
16,186,468 ops/s
99.7 % of CPU usage

Max throughput:
200,000,000 ops
3,885 ms
19 ns/op
51,480,051 ops/s
96.5 % of CPU usage

Ping latency:
20,000,000 ops
28,017 ms
1,400 ns/op
713,852 ops/s
99.8 % of CPU usage

Ping throughput 10K:
20,000,000 ops
2,215 ms
110 ns/op
9,029,345 ops/s
99.5 % of CPU usage

Initiation 1M:
1,000,000 ops
63 ms
63 ns/op
15,873,015 ops/s
31.0 % of CPU usage
184 bytes per instance
Tests run: 6, Failures: 0, Errors: 0, Skipped: 0, Time elapsed: 46.722 sec

Results :

Tests run: 30, Failures: 0, Errors: 0, Skipped: 0

[INFO] ------------------------------------------------------------------------
[INFO] BUILD SUCCESS
[INFO] ------------------------------------------------------------------------
[INFO] Total time: 3:20.164s
[INFO] Finished at: Wed Jul 24 15:05:59 EEST 2013
[INFO] Final Memory: 20M/1024M
[INFO] ------------------------------------------------------------------------
[INFO] Scanning for projects...
[INFO]                                                                         
[INFO] ------------------------------------------------------------------------
[INFO] Building Actors 1.0-SNAPSHOT
[INFO] ------------------------------------------------------------------------
[INFO] 
[INFO] --- maven-resources-plugin:2.6:resources (default-resources) @ actors ---
[INFO] Using 'UTF-8' encoding to copy filtered resources.
[INFO] skip non existing resourceDirectory C:\Users\Andriy\Projects\com\github\plokhotnyuk\actors\src\main\resources
[INFO] 
[INFO] --- scala-maven-plugin:3.1.3:compile (compile) @ actors ---
[WARNING]  Expected all dependencies to require Scala version: 2.10.2
[WARNING]  com.github.plokhotnyuk.actors:actors:1.0-SNAPSHOT requires scala version: 2.10.2
[WARNING]  com.typesafe.akka:akka-actor_2.10:2.2.0 requires scala version: 2.10.2
[WARNING]  net.liftweb:lift-common_2.10:2.5.1 requires scala version: 2.10.0
[WARNING] Multiple versions of scala libraries detected!
[WARNING] No source files found.
[INFO] 
[INFO] --- maven-resources-plugin:2.6:testResources (default-testResources) @ actors ---
[INFO] Using 'UTF-8' encoding to copy filtered resources.
[INFO] skip non existing resourceDirectory C:\Users\Andriy\Projects\com\github\plokhotnyuk\actors\src\test\resources
[INFO] 
[INFO] --- scala-maven-plugin:3.1.3:testCompile (testCompile) @ actors ---
[WARNING]  Expected all dependencies to require Scala version: 2.10.2
[WARNING]  com.github.plokhotnyuk.actors:actors:1.0-SNAPSHOT requires scala version: 2.10.2
[WARNING]  com.typesafe.akka:akka-actor_2.10:2.2.0 requires scala version: 2.10.2
[WARNING]  net.liftweb:lift-common_2.10:2.5.1 requires scala version: 2.10.0
[WARNING] Multiple versions of scala libraries detected!
[INFO] Nothing to compile - all classes are up to date
[INFO] 
[INFO] --- maven-surefire-plugin:2.13:test (default-test) @ actors ---
[INFO] Surefire report directory: C:\Users\Andriy\Projects\com\github\plokhotnyuk\actors\target\surefire-reports

-------------------------------------------------------
 T E S T S
-------------------------------------------------------

-------------------------------------------------------
 T E S T S
-------------------------------------------------------
Running com.github.plokhotnyuk.actors.AkkaActorSpec
Executor service type: thread-pool

Single-producer sending:
40,000,000 ops
3,182 ms
79 ns/op
12,570,710 ops/s
54.3 % of CPU usage

Multi-producer sending:
20,000,000 ops
2,168 ms
108 ns/op
9,225,092 ops/s
68.2 % of CPU usage

Max throughput:
40,000,000 ops
1,357 ms
33 ns/op
29,476,787 ops/s
92.8 % of CPU usage

Ping latency:
10,000,000 ops
19,609 ms
1,960 ns/op
509,969 ops/s
29.1 % of CPU usage

Ping throughput 10K:
10,000,000 ops
7,145 ms
714 ns/op
1,399,580 ops/s
72.9 % of CPU usage

Initiation 1M:
1,000,000 ops
15,585 ms
15,585 ns/op
64,164 ops/s
52.0 % of CPU usage
430 bytes per instance
Tests run: 6, Failures: 0, Errors: 0, Skipped: 0, Time elapsed: 64.273 sec
Running com.github.plokhotnyuk.actors.LiftActorSpec
Executor service type: thread-pool

Single-producer sending:
20,000,000 ops
1,778 ms
88 ns/op
11,248,593 ops/s
41.5 % of CPU usage

Multi-producer sending:
20,000,000 ops
2,199 ms
109 ns/op
9,095,043 ops/s
53.7 % of CPU usage

Max throughput:
20,000,000 ops
1,514 ms
75 ns/op
13,210,039 ops/s
93.5 % of CPU usage

Ping latency:
2,000,000 ops
4,898 ms
2,449 ns/op
408,329 ops/s
33.7 % of CPU usage

Ping throughput 10K:
5,000,000 ops
2,964 ms
592 ns/op
1,686,909 ops/s
72.9 % of CPU usage

Initiation 1M:
1,000,000 ops
31 ms
31 ns/op
32,258,064 ops/s
50.3 % of CPU usage
72 bytes per instance
Tests run: 6, Failures: 0, Errors: 0, Skipped: 0, Time elapsed: 16.708 sec
Running com.github.plokhotnyuk.actors.ScalaActorSpec
Executor service type: thread-pool

Single-producer sending:
1,000,000 ops
3,307 ms
3,307 ns/op
302,388 ops/s
53.1 % of CPU usage

Multi-producer sending:
1,000,000 ops
3,120 ms
3,120 ns/op
320,512 ops/s
51.6 % of CPU usage

Max throughput:
5,000,000 ops
6,692 ms
1,338 ns/op
747,160 ops/s
80.3 % of CPU usage

Ping latency:
1,000,000 ops
4,852 ms
4,852 ns/op
206,100 ops/s
53.2 % of CPU usage

Ping throughput 10K:
2,000,000 ops
3,744 ms
1,872 ns/op
534,188 ops/s
87.8 % of CPU usage

Initiation 1M:
1,000,000 ops
125 ms
125 ns/op
8,000,000 ops/s
34.3 % of CPU usage
144 bytes per instance
Tests run: 6, Failures: 0, Errors: 0, Skipped: 0, Time elapsed: 26.692 sec
Running com.github.plokhotnyuk.actors.ScalazActor2Spec
Executor service type: thread-pool

Single-producer sending:
100,000,000 ops
3,369 ms
33 ns/op
29,682,398 ops/s
68.6 % of CPU usage

Multi-producer sending:
50,000,000 ops
3,869 ms
77 ns/op
12,923,235 ops/s
99.3 % of CPU usage

Max throughput:
200,000,000 ops
2,730 ms
13 ns/op
73,260,073 ops/s
94.3 % of CPU usage

Ping latency:
20,000,000 ops
5,397 ms
269 ns/op
3,705,762 ops/s
43.4 % of CPU usage

Ping throughput 10K:
20,000,000 ops
8,502 ms
425 ns/op
2,352,387 ops/s
50.5 % of CPU usage

Initiation 1M:
1,000,000 ops
47 ms
47 ns/op
21,276,595 ops/s
49.8 % of CPU usage
128 bytes per instance
Tests run: 6, Failures: 0, Errors: 0, Skipped: 0, Time elapsed: 28.579 sec
Running com.github.plokhotnyuk.actors.ScalazActorSpec
Executor service type: thread-pool

Single-producer sending:
100,000,000 ops
3,369 ms
33 ns/op
29,682,398 ops/s
69.6 % of CPU usage

Multi-producer sending:
50,000,000 ops
3,729 ms
74 ns/op
13,408,420 ops/s
99.1 % of CPU usage

Max throughput:
200,000,000 ops
2,262 ms
11 ns/op
88,417,329 ops/s
96.9 % of CPU usage

Ping latency:
20,000,000 ops
5,180 ms
259 ns/op
3,861,003 ops/s
43.1 % of CPU usage

Ping throughput 10K:
20,000,000 ops
8,736 ms
436 ns/op
2,289,377 ops/s
49.8 % of CPU usage

Initiation 1M:
1,000,000 ops
63 ms
63 ns/op
15,873,015 ops/s
31.0 % of CPU usage
184 bytes per instance
Tests run: 6, Failures: 0, Errors: 0, Skipped: 0, Time elapsed: 28.236 sec

Results :

Tests run: 30, Failures: 0, Errors: 0, Skipped: 0

[INFO] ------------------------------------------------------------------------
[INFO] BUILD SUCCESS
[INFO] ------------------------------------------------------------------------
[INFO] Total time: 3:00.570s
[INFO] Finished at: Wed Jul 24 15:09:01 EEST 2013
[INFO] Final Memory: 20M/1024M
[INFO] ------------------------------------------------------------------------
