[INFO] Scanning for projects...
[INFO]                                                                         
[INFO] ------------------------------------------------------------------------
[INFO] Building Actors 1.0-SNAPSHOT
[INFO] ------------------------------------------------------------------------
[INFO] 
[INFO] --- maven-clean-plugin:2.4.1:clean (default-clean) @ actors ---
[INFO] Deleting C:\Users\Andriy\Projects\com\github\plokhotnyuk\actors\target
[INFO] 
[INFO] --- maven-resources-plugin:2.5:resources (default-resources) @ actors ---
[debug] execute contextualize
[INFO] Using 'UTF-8' encoding to copy filtered resources.
[INFO] skip non existing resourceDirectory C:\Users\Andriy\Projects\com\github\plokhotnyuk\actors\src\main\resources
[INFO] 
[INFO] --- scala-maven-plugin:3.1.3:compile (compile) @ actors ---
[WARNING]  Expected all dependencies to require Scala version: 2.10.2
[WARNING]  com.github.plokhotnyuk.actors:actors:1.0-SNAPSHOT requires scala version: 2.10.2
[WARNING]  com.typesafe.akka:akka-actor_2.10:2.2-SNAPSHOT requires scala version: 2.10.2
[WARNING]  net.liftweb:lift-common_2.10:2.5 requires scala version: 2.10.0
[WARNING] Multiple versions of scala libraries detected!
[WARNING] No source files found.
[INFO] 
[INFO] --- maven-resources-plugin:2.5:testResources (default-testResources) @ actors ---
[debug] execute contextualize
[INFO] Using 'UTF-8' encoding to copy filtered resources.
[INFO] skip non existing resourceDirectory C:\Users\Andriy\Projects\com\github\plokhotnyuk\actors\src\test\resources
[INFO] 
[INFO] --- scala-maven-plugin:3.1.3:testCompile (testCompile) @ actors ---
[WARNING]  Expected all dependencies to require Scala version: 2.10.2
[WARNING]  com.github.plokhotnyuk.actors:actors:1.0-SNAPSHOT requires scala version: 2.10.2
[WARNING]  com.typesafe.akka:akka-actor_2.10:2.2-SNAPSHOT requires scala version: 2.10.2
[WARNING]  net.liftweb:lift-common_2.10:2.5 requires scala version: 2.10.0
[WARNING] Multiple versions of scala libraries detected!
[INFO] C:\Users\Andriy\Projects\com\github\plokhotnyuk\actors\src\test\scala:-1: info: compiling
[INFO] Compiling 9 source files to C:\Users\Andriy\Projects\com\github\plokhotnyuk\actors\target\test-classes at 1372168316195
[INFO] prepare-compile in 0 s
[INFO] compile in 9 s
[INFO] ------------------------------------------------------------------------
[INFO] BUILD SUCCESS
[INFO] ------------------------------------------------------------------------
[INFO] Total time: 10.998s
[INFO] Finished at: Tue Jun 25 16:52:05 EEST 2013
[INFO] Final Memory: 14M/1024M
[INFO] ------------------------------------------------------------------------
[INFO] Scanning for projects...
[INFO]                                                                         
[INFO] ------------------------------------------------------------------------
[INFO] Building Actors 1.0-SNAPSHOT
[INFO] ------------------------------------------------------------------------
[INFO] 
[INFO] --- maven-resources-plugin:2.5:resources (default-resources) @ actors ---
[debug] execute contextualize
[INFO] Using 'UTF-8' encoding to copy filtered resources.
[INFO] skip non existing resourceDirectory C:\Users\Andriy\Projects\com\github\plokhotnyuk\actors\src\main\resources
[INFO] 
[INFO] --- scala-maven-plugin:3.1.3:compile (compile) @ actors ---
[WARNING]  Expected all dependencies to require Scala version: 2.10.2
[WARNING]  com.github.plokhotnyuk.actors:actors:1.0-SNAPSHOT requires scala version: 2.10.2
[WARNING]  com.typesafe.akka:akka-actor_2.10:2.2-SNAPSHOT requires scala version: 2.10.2
[WARNING]  net.liftweb:lift-common_2.10:2.5 requires scala version: 2.10.0
[WARNING] Multiple versions of scala libraries detected!
[WARNING] No source files found.
[INFO] 
[INFO] --- maven-resources-plugin:2.5:testResources (default-testResources) @ actors ---
[debug] execute contextualize
[INFO] Using 'UTF-8' encoding to copy filtered resources.
[INFO] skip non existing resourceDirectory C:\Users\Andriy\Projects\com\github\plokhotnyuk\actors\src\test\resources
[INFO] 
[INFO] --- scala-maven-plugin:3.1.3:testCompile (testCompile) @ actors ---
[WARNING]  Expected all dependencies to require Scala version: 2.10.2
[WARNING]  com.github.plokhotnyuk.actors:actors:1.0-SNAPSHOT requires scala version: 2.10.2
[WARNING]  com.typesafe.akka:akka-actor_2.10:2.2-SNAPSHOT requires scala version: 2.10.2
[WARNING]  net.liftweb:lift-common_2.10:2.5 requires scala version: 2.10.0
[WARNING] Multiple versions of scala libraries detected!
[INFO] Nothing to compile - all classes are up to date
[INFO] 
[INFO] --- maven-surefire-plugin:2.13:test (default-test) @ actors ---
[INFO] Surefire report directory: C:\Users\Andriy\Projects\com\github\plokhotnyuk\actors\target\surefire-reports

-------------------------------------------------------
 T E S T S
-------------------------------------------------------

-------------------------------------------------------
 T E S T S
-------------------------------------------------------
Running com.github.plokhotnyuk.actors.AkkaActorSpec
Executor service type: fixed-thread-pool

Single-producer sending:
40,000,000 ops
3,463 ms
86 ns/op
11,550,678 ops/s
55.1 % of CPU usage

Multi-producer sending:
20,000,000 ops
1,934 ms
96 ns/op
10,341,261 ops/s
71.0 % of CPU usage

Max throughput:
40,000,000 ops
1,716 ms
42 ns/op
23,310,023 ops/s
97.7 % of CPU usage

Ping between actors:
10,000,000 ops
3,011 ms
301 ns/op
3,321,155 ops/s
46.6 % of CPU usage
Tests run: 4, Failures: 0, Errors: 0, Skipped: 0, Time elapsed: 11.404 sec
Running com.github.plokhotnyuk.actors.LiftActorSpec
Executor service type: fixed-thread-pool

Single-producer sending:
20,000,000 ops
1,840 ms
92 ns/op
10,869,565 ops/s
39.6 % of CPU usage

Multi-producer sending:
20,000,000 ops
3,089 ms
154 ns/op
6,474,587 ops/s
66.3 % of CPU usage

Max throughput:
20,000,000 ops
1,154 ms
57 ns/op
17,331,022 ops/s
94.3 % of CPU usage

Ping between actors:
2,000,000 ops
1,841 ms
920 ns/op
1,086,366 ops/s
48.9 % of CPU usage
Tests run: 4, Failures: 0, Errors: 0, Skipped: 0, Time elapsed: 8.923 sec
Running com.github.plokhotnyuk.actors.ProxyActorsActorSpec
Executor service type: fixed-thread-pool

Single-producer sending:
10,000,000 ops
3,354 ms
335 ns/op
2,981,514 ops/s
84.5 % of CPU usage

Multi-producer sending:
10,000,000 ops
3,213 ms
321 ns/op
3,112,356 ops/s
77.8 % of CPU usage

Max throughput:
10,000,000 ops
3,900 ms
390 ns/op
2,564,102 ops/s
97.1 % of CPU usage

Ping between actors:
10,000,000 ops
2,855 ms
285 ns/op
3,502,626 ops/s
45.2 % of CPU usage
Tests run: 4, Failures: 0, Errors: 0, Skipped: 0, Time elapsed: 14.43 sec
Running com.github.plokhotnyuk.actors.ScalaActorSpec
Executor service type: fixed-thread-pool

Single-producer sending:
1,000,000 ops
3,010 ms
3,010 ns/op
332,225 ops/s
52.1 % of CPU usage

Multi-producer sending:
1,000,000 ops
8,565 ms
8,565 ns/op
116,754 ops/s
40.0 % of CPU usage

Max throughput:
5,000,000 ops
3,354 ms
670 ns/op
1,490,757 ops/s
99.2 % of CPU usage

Ping between actors:
1,000,000 ops
3,416 ms
3,416 ns/op
292,740 ops/s
66.4 % of CPU usage
Tests run: 4, Failures: 0, Errors: 0, Skipped: 0, Time elapsed: 19.375 sec
Running com.github.plokhotnyuk.actors.ScalazActorSpec
Executor service type: fixed-thread-pool

Single-producer sending:
100,000,000 ops
3,058 ms
30 ns/op
32,701,111 ops/s
66.3 % of CPU usage

Multi-producer sending:
50,000,000 ops
3,088 ms
61 ns/op
16,191,709 ops/s
98.4 % of CPU usage

Max throughput:
200,000,000 ops
2,356 ms
11 ns/op
84,889,643 ops/s
98.2 % of CPU usage

Ping between actors:
10,000,000 ops
1,388 ms
138 ns/op
7,204,610 ops/s
56.2 % of CPU usage
Tests run: 4, Failures: 0, Errors: 0, Skipped: 0, Time elapsed: 10.935 sec

Results :

Tests run: 20, Failures: 0, Errors: 0, Skipped: 0

[INFO] ------------------------------------------------------------------------
[INFO] BUILD SUCCESS
[INFO] ------------------------------------------------------------------------
[INFO] Total time: 1:13.757s
[INFO] Finished at: Tue Jun 25 16:53:20 EEST 2013
[INFO] Final Memory: 19M/1024M
[INFO] ------------------------------------------------------------------------
[INFO] Scanning for projects...
[INFO]                                                                         
[INFO] ------------------------------------------------------------------------
[INFO] Building Actors 1.0-SNAPSHOT
[INFO] ------------------------------------------------------------------------
[INFO] 
[INFO] --- maven-resources-plugin:2.5:resources (default-resources) @ actors ---
[debug] execute contextualize
[INFO] Using 'UTF-8' encoding to copy filtered resources.
[INFO] skip non existing resourceDirectory C:\Users\Andriy\Projects\com\github\plokhotnyuk\actors\src\main\resources
[INFO] 
[INFO] --- scala-maven-plugin:3.1.3:compile (compile) @ actors ---
[WARNING]  Expected all dependencies to require Scala version: 2.10.2
[WARNING]  com.github.plokhotnyuk.actors:actors:1.0-SNAPSHOT requires scala version: 2.10.2
[WARNING]  com.typesafe.akka:akka-actor_2.10:2.2-SNAPSHOT requires scala version: 2.10.2
[WARNING]  net.liftweb:lift-common_2.10:2.5 requires scala version: 2.10.0
[WARNING] Multiple versions of scala libraries detected!
[WARNING] No source files found.
[INFO] 
[INFO] --- maven-resources-plugin:2.5:testResources (default-testResources) @ actors ---
[debug] execute contextualize
[INFO] Using 'UTF-8' encoding to copy filtered resources.
[INFO] skip non existing resourceDirectory C:\Users\Andriy\Projects\com\github\plokhotnyuk\actors\src\test\resources
[INFO] 
[INFO] --- scala-maven-plugin:3.1.3:testCompile (testCompile) @ actors ---
[WARNING]  Expected all dependencies to require Scala version: 2.10.2
[WARNING]  com.github.plokhotnyuk.actors:actors:1.0-SNAPSHOT requires scala version: 2.10.2
[WARNING]  com.typesafe.akka:akka-actor_2.10:2.2-SNAPSHOT requires scala version: 2.10.2
[WARNING]  net.liftweb:lift-common_2.10:2.5 requires scala version: 2.10.0
[WARNING] Multiple versions of scala libraries detected!
[INFO] Nothing to compile - all classes are up to date
[INFO] 
[INFO] --- maven-surefire-plugin:2.13:test (default-test) @ actors ---
[INFO] Surefire report directory: C:\Users\Andriy\Projects\com\github\plokhotnyuk\actors\target\surefire-reports

-------------------------------------------------------
 T E S T S
-------------------------------------------------------

-------------------------------------------------------
 T E S T S
-------------------------------------------------------
Running com.github.plokhotnyuk.actors.AkkaActorSpec
Executor service type: scala-forkjoin-pool

Single-producer sending:
40,000,000 ops
3,838 ms
95 ns/op
10,422,094 ops/s
60.6 % of CPU usage

Multi-producer sending:
20,000,000 ops
2,013 ms
100 ns/op
9,935,419 ops/s
73.8 % of CPU usage

Max throughput:
40,000,000 ops
2,168 ms
54 ns/op
18,450,184 ops/s
98.2 % of CPU usage

Ping between actors:
10,000,000 ops
77,080 ms
7,708 ns/op
129,735 ops/s
99.8 % of CPU usage
Tests run: 4, Failures: 0, Errors: 0, Skipped: 0, Time elapsed: 86.409 sec
Running com.github.plokhotnyuk.actors.LiftActorSpec
Executor service type: scala-forkjoin-pool

Single-producer sending:
20,000,000 ops
1,919 ms
95 ns/op
10,422,094 ops/s
40.6 % of CPU usage

Multi-producer sending:
20,000,000 ops
3,136 ms
156 ns/op
6,377,551 ops/s
63.2 % of CPU usage

Max throughput:
20,000,000 ops
1,404 ms
70 ns/op
14,245,014 ops/s
90.6 % of CPU usage

Ping between actors:
2,000,000 ops
23,821 ms
11,910 ns/op
83,959 ops/s
99.6 % of CPU usage
Tests run: 4, Failures: 0, Errors: 0, Skipped: 0, Time elapsed: 31.466 sec
Running com.github.plokhotnyuk.actors.ProxyActorsActorSpec
Executor service type: scala-forkjoin-pool

Single-producer sending:
10,000,000 ops
19,687 ms
1,968 ns/op
507,949 ops/s
98.2 % of CPU usage

Multi-producer sending:
10,000,000 ops
19,828 ms
1,982 ns/op
504,337 ops/s
98.5 % of CPU usage

Max throughput:
10,000,000 ops
17,612 ms
1,761 ns/op
567,794 ops/s
98.5 % of CPU usage

Ping between actors:
10,000,000 ops
79,279 ms
7,927 ns/op
126,136 ops/s
99.9 % of CPU usage
Tests run: 4, Failures: 0, Errors: 0, Skipped: 0, Time elapsed: 137.561 sec
Running com.github.plokhotnyuk.actors.ScalaActorSpec
Executor service type: scala-forkjoin-pool

Single-producer sending:
1,000,000 ops
9,126 ms
9,126 ns/op
109,577 ops/s
99.7 % of CPU usage

Multi-producer sending:
1,000,000 ops
15,444 ms
15,444 ns/op
64,750 ops/s
98.5 % of CPU usage

Max throughput:
5,000,000 ops
75,692 ms
15,138 ns/op
66,057 ops/s
99.8 % of CPU usage

Ping between actors:
1,000,000 ops
4,556 ms
4,556 ns/op
219,490 ops/s
99.8 % of CPU usage
Tests run: 4, Failures: 0, Errors: 0, Skipped: 0, Time elapsed: 105.924 sec
Running com.github.plokhotnyuk.actors.ScalazActorSpec
Executor service type: scala-forkjoin-pool

Single-producer sending:
100,000,000 ops
17,878 ms
178 ns/op
5,593,466 ops/s
97.0 % of CPU usage

Multi-producer sending:
50,000,000 ops
4,680 ms
93 ns/op
10,683,760 ops/s
99.0 % of CPU usage

Max throughput:
200,000,000 ops
28,392 ms
141 ns/op
7,044,237 ops/s
99.4 % of CPU usage

Ping between actors:
10,000,000 ops
42,058 ms
4,205 ns/op
237,766 ops/s
99.9 % of CPU usage
Tests run: 4, Failures: 0, Errors: 0, Skipped: 0, Time elapsed: 94.022 sec

Results :

Tests run: 20, Failures: 0, Errors: 0, Skipped: 0

[INFO] ------------------------------------------------------------------------
[INFO] BUILD SUCCESS
[INFO] ------------------------------------------------------------------------
[INFO] Total time: 7:44.100s
[INFO] Finished at: Tue Jun 25 17:01:06 EEST 2013
[INFO] Final Memory: 19M/1024M
[INFO] ------------------------------------------------------------------------
[INFO] Scanning for projects...
[INFO]                                                                         
[INFO] ------------------------------------------------------------------------
[INFO] Building Actors 1.0-SNAPSHOT
[INFO] ------------------------------------------------------------------------
[INFO] 
[INFO] --- maven-resources-plugin:2.5:resources (default-resources) @ actors ---
[debug] execute contextualize
[INFO] Using 'UTF-8' encoding to copy filtered resources.
[INFO] skip non existing resourceDirectory C:\Users\Andriy\Projects\com\github\plokhotnyuk\actors\src\main\resources
[INFO] 
[INFO] --- scala-maven-plugin:3.1.3:compile (compile) @ actors ---
[WARNING]  Expected all dependencies to require Scala version: 2.10.2
[WARNING]  com.github.plokhotnyuk.actors:actors:1.0-SNAPSHOT requires scala version: 2.10.2
[WARNING]  com.typesafe.akka:akka-actor_2.10:2.2-SNAPSHOT requires scala version: 2.10.2
[WARNING]  net.liftweb:lift-common_2.10:2.5 requires scala version: 2.10.0
[WARNING] Multiple versions of scala libraries detected!
[WARNING] No source files found.
[INFO] 
[INFO] --- maven-resources-plugin:2.5:testResources (default-testResources) @ actors ---
[debug] execute contextualize
[INFO] Using 'UTF-8' encoding to copy filtered resources.
[INFO] skip non existing resourceDirectory C:\Users\Andriy\Projects\com\github\plokhotnyuk\actors\src\test\resources
[INFO] 
[INFO] --- scala-maven-plugin:3.1.3:testCompile (testCompile) @ actors ---
[WARNING]  Expected all dependencies to require Scala version: 2.10.2
[WARNING]  com.github.plokhotnyuk.actors:actors:1.0-SNAPSHOT requires scala version: 2.10.2
[WARNING]  com.typesafe.akka:akka-actor_2.10:2.2-SNAPSHOT requires scala version: 2.10.2
[WARNING]  net.liftweb:lift-common_2.10:2.5 requires scala version: 2.10.0
[WARNING] Multiple versions of scala libraries detected!
[INFO] Nothing to compile - all classes are up to date
[INFO] 
[INFO] --- maven-surefire-plugin:2.13:test (default-test) @ actors ---
[INFO] Surefire report directory: C:\Users\Andriy\Projects\com\github\plokhotnyuk\actors\target\surefire-reports

-------------------------------------------------------
 T E S T S
-------------------------------------------------------

-------------------------------------------------------
 T E S T S
-------------------------------------------------------
Running com.github.plokhotnyuk.actors.AkkaActorSpec
Executor service type: java-forkjoin-pool

Single-producer sending:
40,000,000 ops
3,073 ms
76 ns/op
13,016,596 ops/s
53.3 % of CPU usage

Multi-producer sending:
20,000,000 ops
2,184 ms
109 ns/op
9,157,509 ops/s
69.5 % of CPU usage

Max throughput:
40,000,000 ops
2,902 ms
72 ns/op
13,783,597 ops/s
93.4 % of CPU usage

Ping between actors:
10,000,000 ops
4,462 ms
446 ns/op
2,241,147 ops/s
99.1 % of CPU usage
Tests run: 4, Failures: 0, Errors: 0, Skipped: 0, Time elapsed: 13.947 sec
Running com.github.plokhotnyuk.actors.LiftActorSpec
Executor service type: java-forkjoin-pool

Single-producer sending:
20,000,000 ops
1,794 ms
89 ns/op
11,148,272 ops/s
38.3 % of CPU usage

Multi-producer sending:
20,000,000 ops
3,089 ms
154 ns/op
6,474,587 ops/s
62.6 % of CPU usage

Max throughput:
20,000,000 ops
1,747 ms
87 ns/op
11,448,196 ops/s
91.5 % of CPU usage

Ping between actors:
2,000,000 ops
4,197 ms
2,098 ns/op
476,530 ops/s
98.1 % of CPU usage
Tests run: 4, Failures: 0, Errors: 0, Skipped: 0, Time elapsed: 11.841 sec
Running com.github.plokhotnyuk.actors.ProxyActorsActorSpec
Executor service type: java-forkjoin-pool

Single-producer sending:
10,000,000 ops
161,275 ms
16,127 ns/op
62,005 ops/s
97.7 % of CPU usage

Multi-producer sending:
10,000,000 ops
120,167 ms
12,016 ns/op
83,217 ops/s
99.1 % of CPU usage

Max throughput:
10,000,000 ops
80,293 ms
8,029 ns/op
124,543 ops/s
99.8 % of CPU usage

Ping between actors:
10,000,000 ops
27,752 ms
2,775 ns/op
360,334 ops/s
99.8 % of CPU usage
Tests run: 4, Failures: 0, Errors: 0, Skipped: 0, Time elapsed: 390.719 sec
Running com.github.plokhotnyuk.actors.ScalaActorSpec
Executor service type: java-forkjoin-pool

Single-producer sending:
1,000,000 ops
7,457 ms
7,457 ns/op
134,102 ops/s
99.8 % of CPU usage

Multi-producer sending:
1,000,000 ops
1,778 ms
1,778 ns/op
562,429 ops/s
98.7 % of CPU usage

Max throughput:
5,000,000 ops
15,616 ms
3,123 ns/op
320,184 ops/s
99.5 % of CPU usage

Ping between actors:
1,000,000 ops
11,310 ms
11,310 ns/op
88,417 ops/s
99.8 % of CPU usage
Tests run: 4, Failures: 0, Errors: 0, Skipped: 0, Time elapsed: 37.191 sec
Running com.github.plokhotnyuk.actors.ScalazActorSpec
Executor service type: java-forkjoin-pool

Single-producer sending:
100,000,000 ops
22,917 ms
229 ns/op
4,363,572 ops/s
98.4 % of CPU usage

Multi-producer sending:
50,000,000 ops
4,852 ms
97 ns/op
10,305,028 ops/s
98.9 % of CPU usage

Max throughput:
200,000,000 ops
10,436 ms
52 ns/op
19,164,430 ops/s
98.7 % of CPU usage

Ping between actors:
10,000,000 ops
9,438 ms
943 ns/op
1,059,546 ops/s
99.7 % of CPU usage
Tests run: 4, Failures: 0, Errors: 0, Skipped: 0, Time elapsed: 48.735 sec

Results :

Tests run: 20, Failures: 0, Errors: 0, Skipped: 0

[INFO] ------------------------------------------------------------------------
[INFO] BUILD SUCCESS
[INFO] ------------------------------------------------------------------------
[INFO] Total time: 8:31.277s
[INFO] Finished at: Tue Jun 25 17:09:39 EEST 2013
[INFO] Final Memory: 19M/1024M
[INFO] ------------------------------------------------------------------------
[INFO] Scanning for projects...
[INFO]                                                                         
[INFO] ------------------------------------------------------------------------
[INFO] Building Actors 1.0-SNAPSHOT
[INFO] ------------------------------------------------------------------------
[INFO] 
[INFO] --- maven-resources-plugin:2.5:resources (default-resources) @ actors ---
[debug] execute contextualize
[INFO] Using 'UTF-8' encoding to copy filtered resources.
[INFO] skip non existing resourceDirectory C:\Users\Andriy\Projects\com\github\plokhotnyuk\actors\src\main\resources
[INFO] 
[INFO] --- scala-maven-plugin:3.1.3:compile (compile) @ actors ---
[WARNING]  Expected all dependencies to require Scala version: 2.10.2
[WARNING]  com.github.plokhotnyuk.actors:actors:1.0-SNAPSHOT requires scala version: 2.10.2
[WARNING]  com.typesafe.akka:akka-actor_2.10:2.2-SNAPSHOT requires scala version: 2.10.2
[WARNING]  net.liftweb:lift-common_2.10:2.5 requires scala version: 2.10.0
[WARNING] Multiple versions of scala libraries detected!
[WARNING] No source files found.
[INFO] 
[INFO] --- maven-resources-plugin:2.5:testResources (default-testResources) @ actors ---
[debug] execute contextualize
[INFO] Using 'UTF-8' encoding to copy filtered resources.
[INFO] skip non existing resourceDirectory C:\Users\Andriy\Projects\com\github\plokhotnyuk\actors\src\test\resources
[INFO] 
[INFO] --- scala-maven-plugin:3.1.3:testCompile (testCompile) @ actors ---
[WARNING]  Expected all dependencies to require Scala version: 2.10.2
[WARNING]  com.github.plokhotnyuk.actors:actors:1.0-SNAPSHOT requires scala version: 2.10.2
[WARNING]  com.typesafe.akka:akka-actor_2.10:2.2-SNAPSHOT requires scala version: 2.10.2
[WARNING]  net.liftweb:lift-common_2.10:2.5 requires scala version: 2.10.0
[WARNING] Multiple versions of scala libraries detected!
[INFO] Nothing to compile - all classes are up to date
[INFO] 
[INFO] --- maven-surefire-plugin:2.13:test (default-test) @ actors ---
[INFO] Surefire report directory: C:\Users\Andriy\Projects\com\github\plokhotnyuk\actors\target\surefire-reports

-------------------------------------------------------
 T E S T S
-------------------------------------------------------

-------------------------------------------------------
 T E S T S
-------------------------------------------------------
Running com.github.plokhotnyuk.actors.AkkaActorSpec
Executor service type: thread-pool

Single-producer sending:
40,000,000 ops
3,697 ms
92 ns/op
10,819,583 ops/s
59.2 % of CPU usage

Multi-producer sending:
20,000,000 ops
2,433 ms
121 ns/op
8,220,304 ops/s
66.2 % of CPU usage

Max throughput:
40,000,000 ops
2,013 ms
50 ns/op
19,870,839 ops/s
96.3 % of CPU usage

Ping between actors:
10,000,000 ops
45,552 ms
4,555 ns/op
219,529 ops/s
24.3 % of CPU usage
Tests run: 4, Failures: 0, Errors: 0, Skipped: 0, Time elapsed: 54.99 sec
Running com.github.plokhotnyuk.actors.LiftActorSpec
Executor service type: thread-pool

Single-producer sending:
20,000,000 ops
1,825 ms
91 ns/op
10,958,904 ops/s
39.7 % of CPU usage

Multi-producer sending:
20,000,000 ops
3,229 ms
161 ns/op
6,193,868 ops/s
68.2 % of CPU usage

Max throughput:
20,000,000 ops
1,326 ms
66 ns/op
15,082,956 ops/s
93.8 % of CPU usage

Ping between actors:
2,000,000 ops
11,435 ms
5,717 ns/op
174,901 ops/s
28.8 % of CPU usage
Tests run: 4, Failures: 0, Errors: 0, Skipped: 0, Time elapsed: 18.845 sec
Running com.github.plokhotnyuk.actors.ProxyActorsActorSpec
Executor service type: thread-pool

Single-producer sending:
10,000,000 ops
9,220 ms
922 ns/op
1,084,598 ops/s
90.6 % of CPU usage

Multi-producer sending:
10,000,000 ops
4,430 ms
443 ns/op
2,257,336 ops/s
70.8 % of CPU usage

Max throughput:
10,000,000 ops
5,584 ms
558 ns/op
1,790,830 ops/s
80.7 % of CPU usage

Ping between actors:
10,000,000 ops
54,369 ms
5,436 ns/op
183,928 ops/s
24.0 % of CPU usage
Tests run: 4, Failures: 0, Errors: 0, Skipped: 0, Time elapsed: 74.903 sec
Running com.github.plokhotnyuk.actors.ScalaActorSpec
Executor service type: thread-pool

Single-producer sending:
1,000,000 ops
4,743 ms
4,743 ns/op
210,837 ops/s
56.3 % of CPU usage

Multi-producer sending:
1,000,000 ops
4,013 ms
4,013 ns/op
249,190 ops/s
48.2 % of CPU usage

Max throughput:
5,000,000 ops
7,328 ms
1,465 ns/op
682,314 ops/s
74.6 % of CPU usage

Ping between actors:
1,000,000 ops
13,369 ms
13,369 ns/op
74,799 ops/s
38.0 % of CPU usage
Tests run: 4, Failures: 0, Errors: 0, Skipped: 0, Time elapsed: 30.86 sec
Running com.github.plokhotnyuk.actors.ScalazActorSpec
Executor service type: thread-pool

Single-producer sending:
100,000,000 ops
9,005 ms
90 ns/op
11,104,941 ops/s
40.7 % of CPU usage

Multi-producer sending:
50,000,000 ops
3,284 ms
65 ns/op
15,225,334 ops/s
80.8 % of CPU usage

Max throughput:
200,000,000 ops
3,177 ms
15 ns/op
62,952,470 ops/s
81.6 % of CPU usage

Ping between actors:
10,000,000 ops
3,900 ms
390 ns/op
2,564,102 ops/s
37.3 % of CPU usage
Tests run: 4, Failures: 0, Errors: 0, Skipped: 0, Time elapsed: 20.45 sec

Results :

Tests run: 20, Failures: 0, Errors: 0, Skipped: 0

[INFO] ------------------------------------------------------------------------
[INFO] BUILD SUCCESS
[INFO] ------------------------------------------------------------------------
[INFO] Total time: 3:29.263s
[INFO] Finished at: Tue Jun 25 17:13:10 EEST 2013
[INFO] Final Memory: 19M/1024M
[INFO] ------------------------------------------------------------------------
