[INFO] Scanning for projects...
[INFO]                                                                         
[INFO] ------------------------------------------------------------------------
[INFO] Building Actors 1.0-SNAPSHOT
[INFO] ------------------------------------------------------------------------
[INFO] 
[INFO] --- maven-clean-plugin:2.5:clean (default-clean) @ actors ---
[INFO] Deleting C:\Users\Andriy\Projects\com\github\plokhotnyuk\actors\target
[INFO] 
[INFO] --- maven-resources-plugin:2.6:resources (default-resources) @ actors ---
[INFO] Using 'UTF-8' encoding to copy filtered resources.
[INFO] skip non existing resourceDirectory C:\Users\Andriy\Projects\com\github\plokhotnyuk\actors\src\main\resources
[INFO] 
[INFO] --- scala-maven-plugin:3.1.3:compile (compile) @ actors ---
[WARNING]  Expected all dependencies to require Scala version: 2.10.2
[WARNING]  com.github.plokhotnyuk.actors:actors:1.0-SNAPSHOT requires scala version: 2.10.2
[WARNING]  com.typesafe.akka:akka-actor_2.10:2.2.0 requires scala version: 2.10.2
[WARNING]  net.liftweb:lift-common_2.10:2.5.1 requires scala version: 2.10.0
[WARNING] Multiple versions of scala libraries detected!
[WARNING] No source files found.
[INFO] 
[INFO] --- maven-resources-plugin:2.6:testResources (default-testResources) @ actors ---
[INFO] Using 'UTF-8' encoding to copy filtered resources.
[INFO] skip non existing resourceDirectory C:\Users\Andriy\Projects\com\github\plokhotnyuk\actors\src\test\resources
[INFO] 
[INFO] --- scala-maven-plugin:3.1.3:testCompile (testCompile) @ actors ---
[WARNING]  Expected all dependencies to require Scala version: 2.10.2
[WARNING]  com.github.plokhotnyuk.actors:actors:1.0-SNAPSHOT requires scala version: 2.10.2
[WARNING]  com.typesafe.akka:akka-actor_2.10:2.2.0 requires scala version: 2.10.2
[WARNING]  net.liftweb:lift-common_2.10:2.5.1 requires scala version: 2.10.0
[WARNING] Multiple versions of scala libraries detected!
[INFO] C:\Users\Andriy\Projects\com\github\plokhotnyuk\actors\src\test\scala:-1: info: compiling
[INFO] Compiling 11 source files to C:\Users\Andriy\Projects\com\github\plokhotnyuk\actors\target\test-classes at 1374669527412
[WARNING] warning: there were 2 feature warning(s); re-run with -feature for details
[WARNING] one warning found
[INFO] prepare-compile in 0 s
[INFO] compile in 10 s
[INFO] ------------------------------------------------------------------------
[INFO] BUILD SUCCESS
[INFO] ------------------------------------------------------------------------
[INFO] Total time: 11.840s
[INFO] Finished at: Wed Jul 24 15:38:57 EEST 2013
[INFO] Final Memory: 16M/1024M
[INFO] ------------------------------------------------------------------------
[INFO] Scanning for projects...
[INFO]                                                                         
[INFO] ------------------------------------------------------------------------
[INFO] Building Actors 1.0-SNAPSHOT
[INFO] ------------------------------------------------------------------------
[INFO] 
[INFO] --- maven-resources-plugin:2.6:resources (default-resources) @ actors ---
[INFO] Using 'UTF-8' encoding to copy filtered resources.
[INFO] skip non existing resourceDirectory C:\Users\Andriy\Projects\com\github\plokhotnyuk\actors\src\main\resources
[INFO] 
[INFO] --- scala-maven-plugin:3.1.3:compile (compile) @ actors ---
[WARNING]  Expected all dependencies to require Scala version: 2.10.2
[WARNING]  com.github.plokhotnyuk.actors:actors:1.0-SNAPSHOT requires scala version: 2.10.2
[WARNING]  com.typesafe.akka:akka-actor_2.10:2.2.0 requires scala version: 2.10.2
[WARNING]  net.liftweb:lift-common_2.10:2.5.1 requires scala version: 2.10.0
[WARNING] Multiple versions of scala libraries detected!
[WARNING] No source files found.
[INFO] 
[INFO] --- maven-resources-plugin:2.6:testResources (default-testResources) @ actors ---
[INFO] Using 'UTF-8' encoding to copy filtered resources.
[INFO] skip non existing resourceDirectory C:\Users\Andriy\Projects\com\github\plokhotnyuk\actors\src\test\resources
[INFO] 
[INFO] --- scala-maven-plugin:3.1.3:testCompile (testCompile) @ actors ---
[WARNING]  Expected all dependencies to require Scala version: 2.10.2
[WARNING]  com.github.plokhotnyuk.actors:actors:1.0-SNAPSHOT requires scala version: 2.10.2
[WARNING]  com.typesafe.akka:akka-actor_2.10:2.2.0 requires scala version: 2.10.2
[WARNING]  net.liftweb:lift-common_2.10:2.5.1 requires scala version: 2.10.0
[WARNING] Multiple versions of scala libraries detected!
[INFO] Nothing to compile - all classes are up to date
[INFO] 
[INFO] --- maven-surefire-plugin:2.13:test (default-test) @ actors ---
[INFO] Surefire report directory: C:\Users\Andriy\Projects\com\github\plokhotnyuk\actors\target\surefire-reports

-------------------------------------------------------
 T E S T S
-------------------------------------------------------

-------------------------------------------------------
 T E S T S
-------------------------------------------------------
Running com.github.plokhotnyuk.actors.AkkaActorSpec
Executor service type: fixed-thread-pool

Single-producer sending:
40,000,000 ops
3,167 ms
79 ns/op
12,630,249 ops/s
70.3 % of CPU usage

Multi-producer sending:
20,000,000 ops
2,512 ms
125 ns/op
7,961,783 ops/s
75.9 % of CPU usage

Max throughput:
40,000,000 ops
1,342 ms
33 ns/op
29,806,259 ops/s
97.6 % of CPU usage

Ping latency:
10,000,000 ops
7,176 ms
717 ns/op
1,393,534 ops/s
41.5 % of CPU usage

Ping throughput 10K:
10,000,000 ops
3,229 ms
322 ns/op
3,096,934 ops/s
99.3 % of CPU usage

Initiation 1M:
1,000,000 ops
20,795 ms
20,795 ns/op
48,088 ops/s
66.7 % of CPU usage
430 bytes per instance
Tests run: 6, Failures: 0, Errors: 0, Skipped: 0, Time elapsed: 54.086 sec
Running com.github.plokhotnyuk.actors.LiftActorSpec
Executor service type: fixed-thread-pool

Single-producer sending:
20,000,000 ops
2,090 ms
104 ns/op
9,569,377 ops/s
41.2 % of CPU usage

Multi-producer sending:
20,000,000 ops
2,075 ms
103 ns/op
9,638,554 ops/s
46.4 % of CPU usage

Max throughput:
20,000,000 ops
1,778 ms
88 ns/op
11,248,593 ops/s
93.0 % of CPU usage

Ping latency:
2,000,000 ops
3,183 ms
1,591 ns/op
628,338 ops/s
47.8 % of CPU usage

Ping throughput 10K:
5,000,000 ops
1,233 ms
246 ns/op
4,055,150 ops/s
99.3 % of CPU usage

Initiation 1M:
1,000,000 ops
46 ms
46 ns/op
21,739,130 ops/s
50.9 % of CPU usage
72 bytes per instance
Tests run: 6, Failures: 0, Errors: 0, Skipped: 0, Time elapsed: 13.869 sec
Running com.github.plokhotnyuk.actors.ScalaActorSpec
Executor service type: fixed-thread-pool

Single-producer sending:
1,000,000 ops
3,807 ms
3,807 ns/op
262,674 ops/s
55.9 % of CPU usage

Multi-producer sending:
1,000,000 ops
3,027 ms
3,027 ns/op
330,360 ops/s
50.9 % of CPU usage

Max throughput:
5,000,000 ops
3,213 ms
642 ns/op
1,556,178 ops/s
98.2 % of CPU usage

Ping latency:
1,000,000 ops
4,072 ms
4,072 ns/op
245,579 ops/s
64.2 % of CPU usage

Ping throughput 10K:
2,000,000 ops
2,278 ms
1,139 ns/op
877,963 ops/s
99.3 % of CPU usage

Initiation 1M:
1,000,000 ops
125 ms
125 ns/op
8,000,000 ops/s
34.3 % of CPU usage
144 bytes per instance
Tests run: 6, Failures: 0, Errors: 0, Skipped: 0, Time elapsed: 21.325 sec
Running com.github.plokhotnyuk.actors.ScalazActor2Spec
Executor service type: fixed-thread-pool

Single-producer sending:
100,000,000 ops
3,370 ms
33 ns/op
29,673,590 ops/s
68.9 % of CPU usage

Multi-producer sending:
50,000,000 ops
2,980 ms
59 ns/op
16,778,523 ops/s
98.0 % of CPU usage

Max throughput:
200,000,000 ops
3,136 ms
15 ns/op
63,775,510 ops/s
96.0 % of CPU usage

Ping latency:
20,000,000 ops
4,227 ms
211 ns/op
4,731,488 ops/s
45.9 % of CPU usage

Ping throughput 10K:
20,000,000 ops
3,822 ms
191 ns/op
5,232,862 ops/s
84.8 % of CPU usage

Initiation 1M:
1,000,000 ops
47 ms
47 ns/op
21,276,595 ops/s
49.8 % of CPU usage
128 bytes per instance
Tests run: 6, Failures: 0, Errors: 0, Skipped: 0, Time elapsed: 22.183 sec
Running com.github.plokhotnyuk.actors.ScalazActorSpec
Executor service type: fixed-thread-pool

Single-producer sending:
100,000,000 ops
3,198 ms
31 ns/op
31,269,543 ops/s
66.5 % of CPU usage

Multi-producer sending:
50,000,000 ops
3,790 ms
75 ns/op
13,192,612 ops/s
99.3 % of CPU usage

Max throughput:
200,000,000 ops
2,636 ms
13 ns/op
75,872,534 ops/s
97.4 % of CPU usage

Ping latency:
20,000,000 ops
3,963 ms
198 ns/op
5,046,681 ops/s
45.3 % of CPU usage

Ping throughput 10K:
20,000,000 ops
4,088 ms
204 ns/op
4,892,367 ops/s
86.3 % of CPU usage

Initiation 1M:
1,000,000 ops
63 ms
63 ns/op
15,873,015 ops/s
37.1 % of CPU usage
184 bytes per instance
Tests run: 6, Failures: 0, Errors: 0, Skipped: 0, Time elapsed: 23.057 sec

Results :

Tests run: 30, Failures: 0, Errors: 0, Skipped: 0

[INFO] ------------------------------------------------------------------------
[INFO] BUILD SUCCESS
[INFO] ------------------------------------------------------------------------
[INFO] Total time: 2:29.199s
[INFO] Finished at: Wed Jul 24 15:41:28 EEST 2013
[INFO] Final Memory: 20M/1024M
[INFO] ------------------------------------------------------------------------
[INFO] Scanning for projects...
[INFO]                                                                         
[INFO] ------------------------------------------------------------------------
[INFO] Building Actors 1.0-SNAPSHOT
[INFO] ------------------------------------------------------------------------
[INFO] 
[INFO] --- maven-resources-plugin:2.6:resources (default-resources) @ actors ---
[INFO] Using 'UTF-8' encoding to copy filtered resources.
[INFO] skip non existing resourceDirectory C:\Users\Andriy\Projects\com\github\plokhotnyuk\actors\src\main\resources
[INFO] 
[INFO] --- scala-maven-plugin:3.1.3:compile (compile) @ actors ---
[WARNING]  Expected all dependencies to require Scala version: 2.10.2
[WARNING]  com.github.plokhotnyuk.actors:actors:1.0-SNAPSHOT requires scala version: 2.10.2
[WARNING]  com.typesafe.akka:akka-actor_2.10:2.2.0 requires scala version: 2.10.2
[WARNING]  net.liftweb:lift-common_2.10:2.5.1 requires scala version: 2.10.0
[WARNING] Multiple versions of scala libraries detected!
[WARNING] No source files found.
[INFO] 
[INFO] --- maven-resources-plugin:2.6:testResources (default-testResources) @ actors ---
[INFO] Using 'UTF-8' encoding to copy filtered resources.
[INFO] skip non existing resourceDirectory C:\Users\Andriy\Projects\com\github\plokhotnyuk\actors\src\test\resources
[INFO] 
[INFO] --- scala-maven-plugin:3.1.3:testCompile (testCompile) @ actors ---
[WARNING]  Expected all dependencies to require Scala version: 2.10.2
[WARNING]  com.github.plokhotnyuk.actors:actors:1.0-SNAPSHOT requires scala version: 2.10.2
[WARNING]  com.typesafe.akka:akka-actor_2.10:2.2.0 requires scala version: 2.10.2
[WARNING]  net.liftweb:lift-common_2.10:2.5.1 requires scala version: 2.10.0
[WARNING] Multiple versions of scala libraries detected!
[INFO] Nothing to compile - all classes are up to date
[INFO] 
[INFO] --- maven-surefire-plugin:2.13:test (default-test) @ actors ---
[INFO] Surefire report directory: C:\Users\Andriy\Projects\com\github\plokhotnyuk\actors\target\surefire-reports

-------------------------------------------------------
 T E S T S
-------------------------------------------------------

-------------------------------------------------------
 T E S T S
-------------------------------------------------------
Running com.github.plokhotnyuk.actors.AkkaActorSpec
Executor service type: scala-forkjoin-pool

Single-producer sending:
40,000,000 ops
3,182 ms
79 ns/op
12,570,710 ops/s
52.0 % of CPU usage

Multi-producer sending:
20,000,000 ops
2,074 ms
103 ns/op
9,643,201 ops/s
73.0 % of CPU usage

Max throughput:
40,000,000 ops
1,904 ms
47 ns/op
21,008,403 ops/s
94.2 % of CPU usage

Ping latency:
10,000,000 ops
6,879 ms
687 ns/op
1,453,699 ops/s
98.7 % of CPU usage

Ping throughput 10K:
10,000,000 ops
2,918 ms
291 ns/op
3,427,004 ops/s
99.7 % of CPU usage

Initiation 1M:
1,000,000 ops
17,331 ms
17,331 ns/op
57,700 ops/s
52.9 % of CPU usage
433 bytes per instance
Tests run: 6, Failures: 0, Errors: 0, Skipped: 0, Time elapsed: 51.699 sec
Running com.github.plokhotnyuk.actors.LiftActorSpec
Executor service type: scala-forkjoin-pool

Single-producer sending:
20,000,000 ops
1,919 ms
95 ns/op
10,422,094 ops/s
43.5 % of CPU usage

Multi-producer sending:
20,000,000 ops
2,168 ms
108 ns/op
9,225,092 ops/s
52.2 % of CPU usage

Max throughput:
20,000,000 ops
1,544 ms
77 ns/op
12,953,367 ops/s
98.0 % of CPU usage

Ping latency:
2,000,000 ops
2,153 ms
1,076 ns/op
928,936 ops/s
100.0 % of CPU usage

Ping throughput 10K:
5,000,000 ops
1,763 ms
352 ns/op
2,836,074 ops/s
97.8 % of CPU usage

Initiation 1M:
1,000,000 ops
47 ms
47 ns/op
21,276,595 ops/s
41.5 % of CPU usage
71 bytes per instance
Tests run: 6, Failures: 0, Errors: 0, Skipped: 0, Time elapsed: 13.338 sec
Running com.github.plokhotnyuk.actors.ScalaActorSpec
Executor service type: scala-forkjoin-pool

Single-producer sending:
1,000,000 ops
3,026 ms
3,026 ns/op
330,469 ops/s
97.3 % of CPU usage

Multi-producer sending:
1,000,000 ops
2,231 ms
2,231 ns/op
448,229 ops/s
99.5 % of CPU usage

Max throughput:
5,000,000 ops
10,421 ms
2,084 ns/op
479,800 ops/s
99.9 % of CPU usage

Ping latency:
1,000,000 ops
2,122 ms
2,122 ns/op
471,253 ops/s
99.6 % of CPU usage

Ping throughput 10K:
2,000,000 ops
2,309 ms
1,154 ns/op
866,175 ops/s
98.8 % of CPU usage

Initiation 1M:
1,000,000 ops
125 ms
125 ns/op
8,000,000 ops/s
40.6 % of CPU usage
143 bytes per instance
Tests run: 6, Failures: 0, Errors: 0, Skipped: 0, Time elapsed: 24.976 sec
Running com.github.plokhotnyuk.actors.ScalazActor2Spec
Executor service type: scala-forkjoin-pool

Single-producer sending:
100,000,000 ops
8,424 ms
84 ns/op
11,870,845 ops/s
97.3 % of CPU usage

Multi-producer sending:
50,000,000 ops
4,680 ms
93 ns/op
10,683,760 ops/s
98.8 % of CPU usage

Max throughput:
200,000,000 ops
23,899 ms
119 ns/op
8,368,550 ops/s
99.1 % of CPU usage

Ping latency:
20,000,000 ops
8,096 ms
404 ns/op
2,470,355 ops/s
100.0 % of CPU usage

Ping throughput 10K:
20,000,000 ops
7,472 ms
373 ns/op
2,676,659 ops/s
99.5 % of CPU usage

Initiation 1M:
1,000,000 ops
47 ms
47 ns/op
21,276,595 ops/s
41.5 % of CPU usage
128 bytes per instance
Tests run: 6, Failures: 0, Errors: 0, Skipped: 0, Time elapsed: 57.455 sec
Running com.github.plokhotnyuk.actors.ScalazActorSpec
Executor service type: scala-forkjoin-pool

Single-producer sending:
100,000,000 ops
8,721 ms
87 ns/op
11,466,574 ops/s
97.6 % of CPU usage

Multi-producer sending:
50,000,000 ops
4,649 ms
92 ns/op
10,755,001 ops/s
98.2 % of CPU usage

Max throughput:
200,000,000 ops
24,320 ms
121 ns/op
8,223,684 ops/s
99.0 % of CPU usage

Ping latency:
20,000,000 ops
11,357 ms
567 ns/op
1,761,028 ops/s
100.0 % of CPU usage

Ping throughput 10K:
20,000,000 ops
5,678 ms
283 ns/op
3,522,367 ops/s
99.7 % of CPU usage

Initiation 1M:
1,000,000 ops
78 ms
78 ns/op
12,820,512 ops/s
35.0 % of CPU usage
184 bytes per instance
Tests run: 6, Failures: 0, Errors: 0, Skipped: 0, Time elapsed: 60.544 sec

Results :

Tests run: 30, Failures: 0, Errors: 0, Skipped: 0

[INFO] ------------------------------------------------------------------------
[INFO] BUILD SUCCESS
[INFO] ------------------------------------------------------------------------
[INFO] Total time: 3:42.332s
[INFO] Finished at: Wed Jul 24 15:45:12 EEST 2013
[INFO] Final Memory: 20M/1024M
[INFO] ------------------------------------------------------------------------
[INFO] Scanning for projects...
[INFO]                                                                         
[INFO] ------------------------------------------------------------------------
[INFO] Building Actors 1.0-SNAPSHOT
[INFO] ------------------------------------------------------------------------
[INFO] 
[INFO] --- maven-resources-plugin:2.6:resources (default-resources) @ actors ---
[INFO] Using 'UTF-8' encoding to copy filtered resources.
[INFO] skip non existing resourceDirectory C:\Users\Andriy\Projects\com\github\plokhotnyuk\actors\src\main\resources
[INFO] 
[INFO] --- scala-maven-plugin:3.1.3:compile (compile) @ actors ---
[WARNING]  Expected all dependencies to require Scala version: 2.10.2
[WARNING]  com.github.plokhotnyuk.actors:actors:1.0-SNAPSHOT requires scala version: 2.10.2
[WARNING]  com.typesafe.akka:akka-actor_2.10:2.2.0 requires scala version: 2.10.2
[WARNING]  net.liftweb:lift-common_2.10:2.5.1 requires scala version: 2.10.0
[WARNING] Multiple versions of scala libraries detected!
[WARNING] No source files found.
[INFO] 
[INFO] --- maven-resources-plugin:2.6:testResources (default-testResources) @ actors ---
[INFO] Using 'UTF-8' encoding to copy filtered resources.
[INFO] skip non existing resourceDirectory C:\Users\Andriy\Projects\com\github\plokhotnyuk\actors\src\test\resources
[INFO] 
[INFO] --- scala-maven-plugin:3.1.3:testCompile (testCompile) @ actors ---
[WARNING]  Expected all dependencies to require Scala version: 2.10.2
[WARNING]  com.github.plokhotnyuk.actors:actors:1.0-SNAPSHOT requires scala version: 2.10.2
[WARNING]  com.typesafe.akka:akka-actor_2.10:2.2.0 requires scala version: 2.10.2
[WARNING]  net.liftweb:lift-common_2.10:2.5.1 requires scala version: 2.10.0
[WARNING] Multiple versions of scala libraries detected!
[INFO] Nothing to compile - all classes are up to date
[INFO] 
[INFO] --- maven-surefire-plugin:2.13:test (default-test) @ actors ---
[INFO] Surefire report directory: C:\Users\Andriy\Projects\com\github\plokhotnyuk\actors\target\surefire-reports

-------------------------------------------------------
 T E S T S
-------------------------------------------------------

-------------------------------------------------------
 T E S T S
-------------------------------------------------------
Running com.github.plokhotnyuk.actors.AkkaActorSpec
Executor service type: java-forkjoin-pool

Single-producer sending:
40,000,000 ops
3,245 ms
81 ns/op
12,326,656 ops/s
51.0 % of CPU usage

Multi-producer sending:
20,000,000 ops
2,106 ms
105 ns/op
9,496,676 ops/s
69.3 % of CPU usage

Max throughput:
40,000,000 ops
1,903 ms
47 ns/op
21,019,442 ops/s
93.0 % of CPU usage

Ping latency:
10,000,000 ops
2,870 ms
287 ns/op
3,484,320 ops/s
97.6 % of CPU usage

Ping throughput 10K:
10,000,000 ops
4,040 ms
404 ns/op
2,475,247 ops/s
99.7 % of CPU usage

Initiation 1M:
1,000,000 ops
15,631 ms
15,631 ns/op
63,975 ops/s
49.8 % of CPU usage
433 bytes per instance
Tests run: 6, Failures: 0, Errors: 0, Skipped: 0, Time elapsed: 49.265 sec
Running com.github.plokhotnyuk.actors.LiftActorSpec
Executor service type: java-forkjoin-pool

Single-producer sending:
20,000,000 ops
1,856 ms
92 ns/op
10,775,862 ops/s
40.3 % of CPU usage

Multi-producer sending:
20,000,000 ops
2,122 ms
106 ns/op
9,425,070 ops/s
54.4 % of CPU usage

Max throughput:
20,000,000 ops
1,420 ms
71 ns/op
14,084,507 ops/s
94.8 % of CPU usage

Ping latency:
2,000,000 ops
2,184 ms
1,092 ns/op
915,750 ops/s
99.5 % of CPU usage

Ping throughput 10K:
5,000,000 ops
1,092 ms
218 ns/op
4,578,754 ops/s
99.3 % of CPU usage

Initiation 1M:
1,000,000 ops
31 ms
31 ns/op
32,258,064 ops/s
50.3 % of CPU usage
72 bytes per instance
Tests run: 6, Failures: 0, Errors: 0, Skipped: 0, Time elapsed: 11.95 sec
Running com.github.plokhotnyuk.actors.ScalaActorSpec
Executor service type: java-forkjoin-pool

Single-producer sending:
1,000,000 ops
1,716 ms
1,716 ns/op
582,750 ops/s
97.3 % of CPU usage

Multi-producer sending:
1,000,000 ops
1,528 ms
1,528 ns/op
654,450 ops/s
98.3 % of CPU usage

Max throughput:
5,000,000 ops
7,083 ms
1,416 ns/op
705,915 ops/s
99.7 % of CPU usage

Ping latency:
1,000,000 ops
2,324 ms
2,324 ns/op
430,292 ops/s
99.9 % of CPU usage

Ping throughput 10K:
2,000,000 ops
2,605 ms
1,302 ns/op
767,754 ops/s
96.4 % of CPU usage

Initiation 1M:
1,000,000 ops
125 ms
125 ns/op
8,000,000 ops/s
28.1 % of CPU usage
144 bytes per instance
Tests run: 6, Failures: 0, Errors: 0, Skipped: 0, Time elapsed: 20.966 sec
Running com.github.plokhotnyuk.actors.ScalazActor2Spec
Executor service type: java-forkjoin-pool

Single-producer sending:
100,000,000 ops
7,191 ms
71 ns/op
13,906,271 ops/s
94.7 % of CPU usage

Multi-producer sending:
50,000,000 ops
3,152 ms
63 ns/op
15,862,944 ops/s
98.7 % of CPU usage

Max throughput:
200,000,000 ops
11,481 ms
57 ns/op
17,420,085 ops/s
99.4 % of CPU usage

Ping latency:
20,000,000 ops
3,900 ms
195 ns/op
5,128,205 ops/s
99.7 % of CPU usage

Ping throughput 10K:
20,000,000 ops
3,510 ms
175 ns/op
5,698,005 ops/s
99.8 % of CPU usage

Initiation 1M:
1,000,000 ops
47 ms
47 ns/op
21,276,595 ops/s
49.8 % of CPU usage
128 bytes per instance
Tests run: 6, Failures: 0, Errors: 0, Skipped: 0, Time elapsed: 34.008 sec
Running com.github.plokhotnyuk.actors.ScalazActorSpec
Executor service type: java-forkjoin-pool

Single-producer sending:
100,000,000 ops
7,503 ms
75 ns/op
13,328,002 ops/s
94.4 % of CPU usage

Multi-producer sending:
50,000,000 ops
3,417 ms
68 ns/op
14,632,718 ops/s
99.0 % of CPU usage

Max throughput:
200,000,000 ops
9,063 ms
45 ns/op
22,067,747 ops/s
99.1 % of CPU usage

Ping latency:
20,000,000 ops
3,651 ms
182 ns/op
5,477,951 ops/s
99.7 % of CPU usage

Ping throughput 10K:
20,000,000 ops
3,292 ms
164 ns/op
6,075,334 ops/s
99.6 % of CPU usage

Initiation 1M:
1,000,000 ops
62 ms
62 ns/op
16,129,032 ops/s
37.7 % of CPU usage
184 bytes per instance
Tests run: 6, Failures: 0, Errors: 0, Skipped: 0, Time elapsed: 30.591 sec

Results :

Tests run: 30, Failures: 0, Errors: 0, Skipped: 0

[INFO] ------------------------------------------------------------------------
[INFO] BUILD SUCCESS
[INFO] ------------------------------------------------------------------------
[INFO] Total time: 2:40.852s
[INFO] Finished at: Wed Jul 24 15:47:55 EEST 2013
[INFO] Final Memory: 20M/1024M
[INFO] ------------------------------------------------------------------------
[INFO] Scanning for projects...
[INFO]                                                                         
[INFO] ------------------------------------------------------------------------
[INFO] Building Actors 1.0-SNAPSHOT
[INFO] ------------------------------------------------------------------------
[INFO] 
[INFO] --- maven-resources-plugin:2.6:resources (default-resources) @ actors ---
[INFO] Using 'UTF-8' encoding to copy filtered resources.
[INFO] skip non existing resourceDirectory C:\Users\Andriy\Projects\com\github\plokhotnyuk\actors\src\main\resources
[INFO] 
[INFO] --- scala-maven-plugin:3.1.3:compile (compile) @ actors ---
[WARNING]  Expected all dependencies to require Scala version: 2.10.2
[WARNING]  com.github.plokhotnyuk.actors:actors:1.0-SNAPSHOT requires scala version: 2.10.2
[WARNING]  com.typesafe.akka:akka-actor_2.10:2.2.0 requires scala version: 2.10.2
[WARNING]  net.liftweb:lift-common_2.10:2.5.1 requires scala version: 2.10.0
[WARNING] Multiple versions of scala libraries detected!
[WARNING] No source files found.
[INFO] 
[INFO] --- maven-resources-plugin:2.6:testResources (default-testResources) @ actors ---
[INFO] Using 'UTF-8' encoding to copy filtered resources.
[INFO] skip non existing resourceDirectory C:\Users\Andriy\Projects\com\github\plokhotnyuk\actors\src\test\resources
[INFO] 
[INFO] --- scala-maven-plugin:3.1.3:testCompile (testCompile) @ actors ---
[WARNING]  Expected all dependencies to require Scala version: 2.10.2
[WARNING]  com.github.plokhotnyuk.actors:actors:1.0-SNAPSHOT requires scala version: 2.10.2
[WARNING]  com.typesafe.akka:akka-actor_2.10:2.2.0 requires scala version: 2.10.2
[WARNING]  net.liftweb:lift-common_2.10:2.5.1 requires scala version: 2.10.0
[WARNING] Multiple versions of scala libraries detected!
[INFO] Nothing to compile - all classes are up to date
[INFO] 
[INFO] --- maven-surefire-plugin:2.13:test (default-test) @ actors ---
[INFO] Surefire report directory: C:\Users\Andriy\Projects\com\github\plokhotnyuk\actors\target\surefire-reports

-------------------------------------------------------
 T E S T S
-------------------------------------------------------

-------------------------------------------------------
 T E S T S
-------------------------------------------------------
Running com.github.plokhotnyuk.actors.AkkaActorSpec
Executor service type: thread-pool

Single-producer sending:
40,000,000 ops
3,183 ms
79 ns/op
12,566,760 ops/s
53.8 % of CPU usage

Multi-producer sending:
20,000,000 ops
2,231 ms
111 ns/op
8,964,589 ops/s
69.1 % of CPU usage

Max throughput:
40,000,000 ops
1,544 ms
38 ns/op
25,906,735 ops/s
96.5 % of CPU usage

Ping latency:
10,000,000 ops
38,938 ms
3,893 ns/op
256,818 ops/s
32.2 % of CPU usage

Ping throughput 10K:
10,000,000 ops
14,860 ms
1,486 ns/op
672,947 ops/s
96.1 % of CPU usage

Initiation 1M:
1,000,000 ops
16,177 ms
16,177 ns/op
61,816 ops/s
51.8 % of CPU usage
430 bytes per instance
Tests run: 6, Failures: 0, Errors: 0, Skipped: 0, Time elapsed: 92.5 sec
Running com.github.plokhotnyuk.actors.LiftActorSpec
Executor service type: thread-pool

Single-producer sending:
20,000,000 ops
1,763 ms
88 ns/op
11,344,299 ops/s
37.4 % of CPU usage

Multi-producer sending:
20,000,000 ops
1,919 ms
95 ns/op
10,422,094 ops/s
43.9 % of CPU usage

Max throughput:
20,000,000 ops
1,794 ms
89 ns/op
11,148,272 ops/s
93.7 % of CPU usage

Ping latency:
2,000,000 ops
7,987 ms
3,993 ns/op
250,406 ops/s
30.3 % of CPU usage

Ping throughput 10K:
5,000,000 ops
2,948 ms
589 ns/op
1,696,065 ops/s
73.6 % of CPU usage

Initiation 1M:
1,000,000 ops
31 ms
31 ns/op
32,258,064 ops/s
50.3 % of CPU usage
72 bytes per instance
Tests run: 6, Failures: 0, Errors: 0, Skipped: 0, Time elapsed: 19.921 sec
Running com.github.plokhotnyuk.actors.ScalaActorSpec
Executor service type: thread-pool

Single-producer sending:
1,000,000 ops
3,713 ms
3,713 ns/op
269,323 ops/s
51.5 % of CPU usage

Multi-producer sending:
1,000,000 ops
2,932 ms
2,932 ns/op
341,064 ops/s
49.7 % of CPU usage

Max throughput:
5,000,000 ops
6,490 ms
1,298 ns/op
770,416 ops/s
75.1 % of CPU usage

Ping latency:
1,000,000 ops
7,254 ms
7,254 ns/op
137,854 ops/s
44.9 % of CPU usage

Ping throughput 10K:
2,000,000 ops
3,713 ms
1,856 ns/op
538,647 ops/s
93.1 % of CPU usage

Initiation 1M:
1,000,000 ops
125 ms
125 ns/op
8,000,000 ops/s
28.1 % of CPU usage
144 bytes per instance
Tests run: 6, Failures: 0, Errors: 0, Skipped: 0, Time elapsed: 29.204 sec
Running com.github.plokhotnyuk.actors.ScalazActor2Spec
Executor service type: thread-pool

Single-producer sending:
100,000,000 ops
2,730 ms
27 ns/op
36,630,036 ops/s
64.9 % of CPU usage

Multi-producer sending:
50,000,000 ops
3,650 ms
73 ns/op
13,698,630 ops/s
98.7 % of CPU usage

Max throughput:
200,000,000 ops
2,668 ms
13 ns/op
74,962,518 ops/s
98.8 % of CPU usage

Ping latency:
20,000,000 ops
5,522 ms
276 ns/op
3,621,876 ops/s
43.8 % of CPU usage

Ping throughput 10K:
20,000,000 ops
8,315 ms
415 ns/op
2,405,291 ops/s
53.7 % of CPU usage

Initiation 1M:
1,000,000 ops
47 ms
47 ns/op
21,276,595 ops/s
41.5 % of CPU usage
128 bytes per instance
Tests run: 6, Failures: 0, Errors: 0, Skipped: 0, Time elapsed: 27.129 sec
Running com.github.plokhotnyuk.actors.ScalazActorSpec
Executor service type: thread-pool

Single-producer sending:
100,000,000 ops
4,041 ms
40 ns/op
24,746,349 ops/s
60.6 % of CPU usage

Multi-producer sending:
50,000,000 ops
3,712 ms
74 ns/op
13,469,827 ops/s
96.6 % of CPU usage

Max throughput:
200,000,000 ops
2,450 ms
12 ns/op
81,632,653 ops/s
97.3 % of CPU usage

Ping latency:
20,000,000 ops
5,366 ms
268 ns/op
3,727,171 ops/s
42.7 % of CPU usage

Ping throughput 10K:
20,000,000 ops
8,923 ms
446 ns/op
2,241,398 ops/s
53.8 % of CPU usage

Initiation 1M:
1,000,000 ops
62 ms
62 ns/op
16,129,032 ops/s
31.5 % of CPU usage
184 bytes per instance
Tests run: 6, Failures: 0, Errors: 0, Skipped: 0, Time elapsed: 29.765 sec

Results :

Tests run: 30, Failures: 0, Errors: 0, Skipped: 0

[INFO] ------------------------------------------------------------------------
[INFO] BUILD SUCCESS
[INFO] ------------------------------------------------------------------------
[INFO] Total time: 3:32.621s
[INFO] Finished at: Wed Jul 24 15:51:29 EEST 2013
[INFO] Final Memory: 20M/1024M
[INFO] ------------------------------------------------------------------------
