[INFO] Scanning for projects...
[INFO]                                                                         
[INFO] ------------------------------------------------------------------------
[INFO] Building Actors 1.0-SNAPSHOT
[INFO] ------------------------------------------------------------------------
[INFO] 
[INFO] --- maven-clean-plugin:2.3:clean (default-clean) @ actors ---
[INFO] Deleting file set: /home/sergey/workspace/actors/target (included: [**], excluded: [])
[INFO] 
[INFO] --- maven-resources-plugin:2.3:resources (default-resources) @ actors ---
[INFO] Using 'UTF-8' encoding to copy filtered resources.
[INFO] skip non existing resourceDirectory /home/sergey/workspace/actors/src/main/resources
[INFO] 
[INFO] --- scala-maven-plugin:3.1.3:compile (compile) @ actors ---
[WARNING]  Expected all dependencies to require Scala version: 2.10.2
[WARNING]  com.github.plokhotnyuk.actors:actors:1.0-SNAPSHOT requires scala version: 2.10.2
[WARNING]  com.typesafe.akka:akka-actor_2.10:2.2.0 requires scala version: 2.10.2
[WARNING]  net.liftweb:lift-common_2.10:2.5.1 requires scala version: 2.10.0
[WARNING] Multiple versions of scala libraries detected!
[WARNING] No source files found.
[INFO] 
[INFO] --- maven-resources-plugin:2.3:testResources (default-testResources) @ actors ---
[INFO] Using 'UTF-8' encoding to copy filtered resources.
[INFO] skip non existing resourceDirectory /home/sergey/workspace/actors/src/test/resources
[INFO] 
[INFO] --- scala-maven-plugin:3.1.3:testCompile (testCompile) @ actors ---
[WARNING]  Expected all dependencies to require Scala version: 2.10.2
[WARNING]  com.github.plokhotnyuk.actors:actors:1.0-SNAPSHOT requires scala version: 2.10.2
[WARNING]  com.typesafe.akka:akka-actor_2.10:2.2.0 requires scala version: 2.10.2
[WARNING]  net.liftweb:lift-common_2.10:2.5.1 requires scala version: 2.10.0
[WARNING] Multiple versions of scala libraries detected!
[INFO] /home/sergey/workspace/actors/src/test/scala:-1: info: compiling
[INFO] Compiling 11 source files to /home/sergey/workspace/actors/target/test-classes at 1374250029755
[WARNING] warning: there were 2 feature warning(s); re-run with -feature for details
[WARNING] one warning found
[INFO] prepare-compile in 0 s
[INFO] compile in 5 s
[INFO] ------------------------------------------------------------------------
[INFO] BUILD SUCCESS
[INFO] ------------------------------------------------------------------------
[INFO] Total time: 6.535s
[INFO] Finished at: Fri Jul 19 19:07:15 EEST 2013
[INFO] Final Memory: 14M/1024M
[INFO] ------------------------------------------------------------------------
[WARNING] The requested profile "dev" could not be activated because it does not exist.
[INFO] Scanning for projects...
[INFO]                                                                         
[INFO] ------------------------------------------------------------------------
[INFO] Building Actors 1.0-SNAPSHOT
[INFO] ------------------------------------------------------------------------
[INFO] 
[INFO] --- maven-resources-plugin:2.3:resources (default-resources) @ actors ---
[INFO] Using 'UTF-8' encoding to copy filtered resources.
[INFO] skip non existing resourceDirectory /home/sergey/workspace/actors/src/main/resources
[INFO] 
[INFO] --- scala-maven-plugin:3.1.3:compile (compile) @ actors ---
[WARNING]  Expected all dependencies to require Scala version: 2.10.2
[WARNING]  com.github.plokhotnyuk.actors:actors:1.0-SNAPSHOT requires scala version: 2.10.2
[WARNING]  com.typesafe.akka:akka-actor_2.10:2.2.0 requires scala version: 2.10.2
[WARNING]  net.liftweb:lift-common_2.10:2.5.1 requires scala version: 2.10.0
[WARNING] Multiple versions of scala libraries detected!
[WARNING] No source files found.
[INFO] 
[INFO] --- maven-resources-plugin:2.3:testResources (default-testResources) @ actors ---
[INFO] Using 'UTF-8' encoding to copy filtered resources.
[INFO] skip non existing resourceDirectory /home/sergey/workspace/actors/src/test/resources
[INFO] 
[INFO] --- scala-maven-plugin:3.1.3:testCompile (testCompile) @ actors ---
[WARNING]  Expected all dependencies to require Scala version: 2.10.2
[WARNING]  com.github.plokhotnyuk.actors:actors:1.0-SNAPSHOT requires scala version: 2.10.2
[WARNING]  com.typesafe.akka:akka-actor_2.10:2.2.0 requires scala version: 2.10.2
[WARNING]  net.liftweb:lift-common_2.10:2.5.1 requires scala version: 2.10.0
[WARNING] Multiple versions of scala libraries detected!
[INFO] Nothing to compile - all classes are up to date
[INFO] 
[INFO] --- maven-surefire-plugin:2.13:test (default-test) @ actors ---
[INFO] Surefire report directory: /home/sergey/workspace/actors/target/surefire-reports

-------------------------------------------------------
 T E S T S
-------------------------------------------------------

-------------------------------------------------------
 T E S T S
-------------------------------------------------------
Running com.github.plokhotnyuk.actors.AkkaActorSpec
Executor service type: fixed-thread-pool

Single-producer sending:
40,000,000 ops
3,564 ms
89 ns/op
11,223,344 ops/s
53.9 % of CPU usage

Multi-producer sending:
20,000,000 ops
2,189 ms
109 ns/op
9,136,592 ops/s
78.6 % of CPU usage

Max throughput:
40,000,000 ops
850 ms
21 ns/op
47,058,823 ops/s
95.6 % of CPU usage

Ping latency:
10,000,000 ops
7,858 ms
785 ns/op
1,272,588 ops/s
47.8 % of CPU usage

Ping throughput 10K:
10,000,000 ops
2,227 ms
222 ns/op
4,490,345 ops/s
99.1 % of CPU usage

Initiation 1M:
1,000,000 ops
10,400 ms
10,400 ns/op
96,153 ops/s
66.3 % of CPU usage
430 bytes per instance
Tests run: 6, Failures: 0, Errors: 0, Skipped: 0, Time elapsed: 37.922 sec
Running com.github.plokhotnyuk.actors.LiftActorSpec
Executor service type: fixed-thread-pool

Single-producer sending:
20,000,000 ops
1,568 ms
78 ns/op
12,755,102 ops/s
40.5 % of CPU usage

Multi-producer sending:
20,000,000 ops
2,721 ms
136 ns/op
7,350,238 ops/s
42.7 % of CPU usage

Max throughput:
20,000,000 ops
905 ms
45 ns/op
22,099,447 ops/s
91.7 % of CPU usage

Ping latency:
2,000,000 ops
3,541 ms
1,770 ns/op
564,812 ops/s
49.3 % of CPU usage

Ping throughput 10K:
5,000,000 ops
1,162 ms
232 ns/op
4,302,925 ops/s
96.6 % of CPU usage

Initiation 1M:
1,000,000 ops
31 ms
31 ns/op
32,258,064 ops/s
56.5 % of CPU usage
72 bytes per instance
Tests run: 6, Failures: 0, Errors: 0, Skipped: 0, Time elapsed: 12.671 sec
Running com.github.plokhotnyuk.actors.ScalaActorSpec
Executor service type: fixed-thread-pool

Single-producer sending:
1,000,000 ops
3,578 ms
3,578 ns/op
279,485 ops/s
53.7 % of CPU usage

Multi-producer sending:
1,000,000 ops
3,859 ms
3,859 ns/op
259,134 ops/s
52.7 % of CPU usage

Max throughput:
5,000,000 ops
2,324 ms
464 ns/op
2,151,462 ops/s
99.7 % of CPU usage

Ping latency:
1,000,000 ops
4,442 ms
4,442 ns/op
225,123 ops/s
65.4 % of CPU usage

Ping throughput 10K:
2,000,000 ops
1,417 ms
708 ns/op
1,411,432 ops/s
98.8 % of CPU usage

Initiation 1M:
1,000,000 ops
110 ms
110 ns/op
9,090,909 ops/s
40.9 % of CPU usage
144 bytes per instance
Tests run: 6, Failures: 0, Errors: 0, Skipped: 0, Time elapsed: 19.482 sec
Running com.github.plokhotnyuk.actors.ScalazActor2Spec
Executor service type: fixed-thread-pool

Single-producer sending:
100,000,000 ops
2,686 ms
26 ns/op
37,230,081 ops/s
73.1 % of CPU usage

Multi-producer sending:
50,000,000 ops
3,868 ms
77 ns/op
12,926,577 ops/s
97.2 % of CPU usage

Max throughput:
200,000,000 ops
2,466 ms
12 ns/op
81,103,000 ops/s
91.4 % of CPU usage

Ping latency:
20,000,000 ops
7,758 ms
387 ns/op
2,577,984 ops/s
46.7 % of CPU usage

Ping throughput 10K:
20,000,000 ops
3,264 ms
163 ns/op
6,127,450 ops/s
94.1 % of CPU usage

Initiation 1M:
1,000,000 ops
47 ms
47 ns/op
21,276,595 ops/s
53.2 % of CPU usage
112 bytes per instance
Tests run: 6, Failures: 0, Errors: 0, Skipped: 0, Time elapsed: 23.557 sec
Running com.github.plokhotnyuk.actors.ScalazActorSpec
Executor service type: fixed-thread-pool

Single-producer sending:
100,000,000 ops
3,272 ms
32 ns/op
30,562,347 ops/s
72.2 % of CPU usage

Multi-producer sending:
50,000,000 ops
3,935 ms
78 ns/op
12,706,480 ops/s
98.9 % of CPU usage

Max throughput:
200,000,000 ops
1,675 ms
8 ns/op
119,402,985 ops/s
95.5 % of CPU usage

Ping latency:
20,000,000 ops
6,975 ms
348 ns/op
2,867,383 ops/s
46.0 % of CPU usage

Ping throughput 10K:
20,000,000 ops
3,456 ms
172 ns/op
5,787,037 ops/s
95.8 % of CPU usage

Initiation 1M:
1,000,000 ops
52 ms
52 ns/op
19,230,769 ops/s
43.3 % of CPU usage
184 bytes per instance
Tests run: 6, Failures: 0, Errors: 0, Skipped: 0, Time elapsed: 23.477 sec

Results :

Tests run: 30, Failures: 0, Errors: 0, Skipped: 0

[INFO] ------------------------------------------------------------------------
[INFO] BUILD SUCCESS
[INFO] ------------------------------------------------------------------------
[INFO] Total time: 2:08.078s
[INFO] Finished at: Fri Jul 19 19:09:24 EEST 2013
[INFO] Final Memory: 19M/1024M
[INFO] ------------------------------------------------------------------------
[WARNING] The requested profile "dev" could not be activated because it does not exist.
[INFO] Scanning for projects...
[INFO]                                                                         
[INFO] ------------------------------------------------------------------------
[INFO] Building Actors 1.0-SNAPSHOT
[INFO] ------------------------------------------------------------------------
[INFO] 
[INFO] --- maven-resources-plugin:2.3:resources (default-resources) @ actors ---
[INFO] Using 'UTF-8' encoding to copy filtered resources.
[INFO] skip non existing resourceDirectory /home/sergey/workspace/actors/src/main/resources
[INFO] 
[INFO] --- scala-maven-plugin:3.1.3:compile (compile) @ actors ---
[WARNING]  Expected all dependencies to require Scala version: 2.10.2
[WARNING]  com.github.plokhotnyuk.actors:actors:1.0-SNAPSHOT requires scala version: 2.10.2
[WARNING]  com.typesafe.akka:akka-actor_2.10:2.2.0 requires scala version: 2.10.2
[WARNING]  net.liftweb:lift-common_2.10:2.5.1 requires scala version: 2.10.0
[WARNING] Multiple versions of scala libraries detected!
[WARNING] No source files found.
[INFO] 
[INFO] --- maven-resources-plugin:2.3:testResources (default-testResources) @ actors ---
[INFO] Using 'UTF-8' encoding to copy filtered resources.
[INFO] skip non existing resourceDirectory /home/sergey/workspace/actors/src/test/resources
[INFO] 
[INFO] --- scala-maven-plugin:3.1.3:testCompile (testCompile) @ actors ---
[WARNING]  Expected all dependencies to require Scala version: 2.10.2
[WARNING]  com.github.plokhotnyuk.actors:actors:1.0-SNAPSHOT requires scala version: 2.10.2
[WARNING]  com.typesafe.akka:akka-actor_2.10:2.2.0 requires scala version: 2.10.2
[WARNING]  net.liftweb:lift-common_2.10:2.5.1 requires scala version: 2.10.0
[WARNING] Multiple versions of scala libraries detected!
[INFO] Nothing to compile - all classes are up to date
[INFO] 
[INFO] --- maven-surefire-plugin:2.13:test (default-test) @ actors ---
[INFO] Surefire report directory: /home/sergey/workspace/actors/target/surefire-reports

-------------------------------------------------------
 T E S T S
-------------------------------------------------------

-------------------------------------------------------
 T E S T S
-------------------------------------------------------
Running com.github.plokhotnyuk.actors.AkkaActorSpec
Executor service type: scala-forkjoin-pool

Single-producer sending:
40,000,000 ops
4,021 ms
100 ns/op
9,947,774 ops/s
54.7 % of CPU usage

Multi-producer sending:
20,000,000 ops
1,981 ms
99 ns/op
10,095,911 ops/s
78.9 % of CPU usage

Max throughput:
40,000,000 ops
1,094 ms
27 ns/op
36,563,071 ops/s
94.6 % of CPU usage

Ping latency:
10,000,000 ops
3,815 ms
381 ns/op
2,621,231 ops/s
99.0 % of CPU usage

Ping throughput 10K:
10,000,000 ops
2,200 ms
220 ns/op
4,545,454 ops/s
99.4 % of CPU usage

Initiation 1M:
1,000,000 ops
10,317 ms
10,317 ns/op
96,927 ops/s
55.6 % of CPU usage
430 bytes per instance
Tests run: 6, Failures: 0, Errors: 0, Skipped: 0, Time elapsed: 35.059 sec
Running com.github.plokhotnyuk.actors.LiftActorSpec
Executor service type: scala-forkjoin-pool

Single-producer sending:
20,000,000 ops
1,895 ms
94 ns/op
10,554,089 ops/s
42.7 % of CPU usage

Multi-producer sending:
20,000,000 ops
3,061 ms
153 ns/op
6,533,812 ops/s
44.8 % of CPU usage

Max throughput:
20,000,000 ops
936 ms
46 ns/op
21,367,521 ops/s
94.3 % of CPU usage

Ping latency:
2,000,000 ops
1,222 ms
611 ns/op
1,636,661 ops/s
97.8 % of CPU usage

Ping throughput 10K:
5,000,000 ops
942 ms
188 ns/op
5,307,855 ops/s
97.9 % of CPU usage

Initiation 1M:
1,000,000 ops
33 ms
33 ns/op
30,303,030 ops/s
60.6 % of CPU usage
72 bytes per instance
Tests run: 6, Failures: 0, Errors: 0, Skipped: 0, Time elapsed: 10.919 sec
Running com.github.plokhotnyuk.actors.ScalaActorSpec
Executor service type: scala-forkjoin-pool

Single-producer sending:
1,000,000 ops
956 ms
956 ns/op
1,046,025 ops/s
98.3 % of CPU usage

Multi-producer sending:
1,000,000 ops
872 ms
872 ns/op
1,146,788 ops/s
98.1 % of CPU usage

Max throughput:
5,000,000 ops
1,658 ms
331 ns/op
3,015,681 ops/s
98.9 % of CPU usage

Ping latency:
1,000,000 ops
1,023 ms
1,023 ns/op
977,517 ops/s
98.5 % of CPU usage

Ping throughput 10K:
2,000,000 ops
1,161 ms
580 ns/op
1,722,652 ops/s
99.1 % of CPU usage

Initiation 1M:
1,000,000 ops
114 ms
114 ns/op
8,771,929 ops/s
37.3 % of CPU usage
143 bytes per instance
Tests run: 6, Failures: 0, Errors: 0, Skipped: 0, Time elapsed: 9.501 sec
Running com.github.plokhotnyuk.actors.ScalazActor2Spec
Executor service type: scala-forkjoin-pool

Single-producer sending:
100,000,000 ops
3,136 ms
31 ns/op
31,887,755 ops/s
98.5 % of CPU usage

Multi-producer sending:
50,000,000 ops
3,209 ms
64 ns/op
15,581,177 ops/s
99.2 % of CPU usage

Max throughput:
200,000,000 ops
2,959 ms
14 ns/op
67,590,402 ops/s
99.1 % of CPU usage

Ping latency:
20,000,000 ops
4,270 ms
213 ns/op
4,683,840 ops/s
99.0 % of CPU usage

Ping throughput 10K:
20,000,000 ops
2,086 ms
104 ns/op
9,587,727 ops/s
99.5 % of CPU usage

Initiation 1M:
1,000,000 ops
43 ms
43 ns/op
23,255,813 ops/s
52.3 % of CPU usage
112 bytes per instance
Tests run: 6, Failures: 0, Errors: 0, Skipped: 0, Time elapsed: 19.752 sec
Running com.github.plokhotnyuk.actors.ScalazActorSpec
Executor service type: scala-forkjoin-pool

Single-producer sending:
100,000,000 ops
2,892 ms
28 ns/op
34,578,146 ops/s
98.0 % of CPU usage

Multi-producer sending:
50,000,000 ops
3,268 ms
65 ns/op
15,299,877 ops/s
98.8 % of CPU usage

Max throughput:
200,000,000 ops
2,927 ms
14 ns/op
68,329,347 ops/s
98.7 % of CPU usage

Ping latency:
20,000,000 ops
4,237 ms
211 ns/op
4,720,320 ops/s
98.1 % of CPU usage

Ping throughput 10K:
20,000,000 ops
2,218 ms
110 ns/op
9,017,132 ops/s
99.3 % of CPU usage

Initiation 1M:
1,000,000 ops
57 ms
57 ns/op
17,543,859 ops/s
39.5 % of CPU usage
183 bytes per instance
Tests run: 6, Failures: 0, Errors: 0, Skipped: 0, Time elapsed: 19.92 sec

Results :

Tests run: 30, Failures: 0, Errors: 0, Skipped: 0

[INFO] ------------------------------------------------------------------------
[INFO] BUILD SUCCESS
[INFO] ------------------------------------------------------------------------
[INFO] Total time: 1:46.110s
[INFO] Finished at: Fri Jul 19 19:11:12 EEST 2013
[INFO] Final Memory: 19M/1024M
[INFO] ------------------------------------------------------------------------
[WARNING] The requested profile "dev" could not be activated because it does not exist.
[INFO] Scanning for projects...
[INFO]                                                                         
[INFO] ------------------------------------------------------------------------
[INFO] Building Actors 1.0-SNAPSHOT
[INFO] ------------------------------------------------------------------------
[INFO] 
[INFO] --- maven-resources-plugin:2.3:resources (default-resources) @ actors ---
[INFO] Using 'UTF-8' encoding to copy filtered resources.
[INFO] skip non existing resourceDirectory /home/sergey/workspace/actors/src/main/resources
[INFO] 
[INFO] --- scala-maven-plugin:3.1.3:compile (compile) @ actors ---
[WARNING]  Expected all dependencies to require Scala version: 2.10.2
[WARNING]  com.github.plokhotnyuk.actors:actors:1.0-SNAPSHOT requires scala version: 2.10.2
[WARNING]  com.typesafe.akka:akka-actor_2.10:2.2.0 requires scala version: 2.10.2
[WARNING]  net.liftweb:lift-common_2.10:2.5.1 requires scala version: 2.10.0
[WARNING] Multiple versions of scala libraries detected!
[WARNING] No source files found.
[INFO] 
[INFO] --- maven-resources-plugin:2.3:testResources (default-testResources) @ actors ---
[INFO] Using 'UTF-8' encoding to copy filtered resources.
[INFO] skip non existing resourceDirectory /home/sergey/workspace/actors/src/test/resources
[INFO] 
[INFO] --- scala-maven-plugin:3.1.3:testCompile (testCompile) @ actors ---
[WARNING]  Expected all dependencies to require Scala version: 2.10.2
[WARNING]  com.github.plokhotnyuk.actors:actors:1.0-SNAPSHOT requires scala version: 2.10.2
[WARNING]  com.typesafe.akka:akka-actor_2.10:2.2.0 requires scala version: 2.10.2
[WARNING]  net.liftweb:lift-common_2.10:2.5.1 requires scala version: 2.10.0
[WARNING] Multiple versions of scala libraries detected!
[INFO] Nothing to compile - all classes are up to date
[INFO] 
[INFO] --- maven-surefire-plugin:2.13:test (default-test) @ actors ---
[INFO] Surefire report directory: /home/sergey/workspace/actors/target/surefire-reports

-------------------------------------------------------
 T E S T S
-------------------------------------------------------

-------------------------------------------------------
 T E S T S
-------------------------------------------------------
Running com.github.plokhotnyuk.actors.AkkaActorSpec
Executor service type: java-forkjoin-pool

Single-producer sending:
40,000,000 ops
3,808 ms
95 ns/op
10,504,201 ops/s
53.0 % of CPU usage

Multi-producer sending:
20,000,000 ops
2,096 ms
104 ns/op
9,541,984 ops/s
77.4 % of CPU usage

Max throughput:
40,000,000 ops
821 ms
20 ns/op
48,721,071 ops/s
88.0 % of CPU usage

Ping latency:
10,000,000 ops
12,310 ms
1,231 ns/op
812,347 ops/s
70.3 % of CPU usage

Ping throughput 10K:
10,000,000 ops
731 ms
73 ns/op
13,679,890 ops/s
99.2 % of CPU usage

Initiation 1M:
1,000,000 ops
10,363 ms
10,363 ns/op
96,497 ops/s
50.7 % of CPU usage
430 bytes per instance
Tests run: 6, Failures: 0, Errors: 0, Skipped: 0, Time elapsed: 41.142 sec
Running com.github.plokhotnyuk.actors.LiftActorSpec
Executor service type: java-forkjoin-pool

Single-producer sending:
20,000,000 ops
1,910 ms
95 ns/op
10,471,204 ops/s
43.5 % of CPU usage

Multi-producer sending:
20,000,000 ops
3,094 ms
154 ns/op
6,464,124 ops/s
47.1 % of CPU usage

Max throughput:
20,000,000 ops
1,042 ms
52 ns/op
19,193,857 ops/s
94.5 % of CPU usage

Ping latency:
2,000,000 ops
5,449 ms
2,724 ns/op
367,039 ops/s
60.5 % of CPU usage

Ping throughput 10K:
5,000,000 ops
524 ms
104 ns/op
9,541,984 ops/s
100.7 % of CPU usage

Initiation 1M:
1,000,000 ops
34 ms
34 ns/op
29,411,764 ops/s
58.8 % of CPU usage
72 bytes per instance
Tests run: 6, Failures: 0, Errors: 0, Skipped: 0, Time elapsed: 14.84 sec
Running com.github.plokhotnyuk.actors.ScalaActorSpec
Executor service type: java-forkjoin-pool

Single-producer sending:
1,000,000 ops
4,066 ms
4,066 ns/op
245,941 ops/s
70.7 % of CPU usage

Multi-producer sending:
1,000,000 ops
3,822 ms
3,822 ns/op
261,643 ops/s
70.3 % of CPU usage

Max throughput:
5,000,000 ops
1,298 ms
259 ns/op
3,852,080 ops/s
99.2 % of CPU usage

Ping latency:
1,000,000 ops
4,155 ms
4,155 ns/op
240,673 ops/s
77.4 % of CPU usage

Ping throughput 10K:
2,000,000 ops
1,096 ms
548 ns/op
1,824,817 ops/s
101.3 % of CPU usage

Initiation 1M:
1,000,000 ops
103 ms
103 ns/op
9,708,737 ops/s
38.8 % of CPU usage
144 bytes per instance
Tests run: 6, Failures: 0, Errors: 0, Skipped: 0, Time elapsed: 18.341 sec
Running com.github.plokhotnyuk.actors.ScalazActor2Spec
Executor service type: java-forkjoin-pool

Single-producer sending:
100,000,000 ops
2,617 ms
26 ns/op
38,211,692 ops/s
85.1 % of CPU usage

Multi-producer sending:
50,000,000 ops
2,747 ms
54 ns/op
18,201,674 ops/s
99.2 % of CPU usage

Max throughput:
200,000,000 ops
2,320 ms
11 ns/op
86,206,896 ops/s
98.0 % of CPU usage

Ping latency:
20,000,000 ops
10,820 ms
541 ns/op
1,848,428 ops/s
83.7 % of CPU usage

Ping throughput 10K:
20,000,000 ops
858 ms
42 ns/op
23,310,023 ops/s
100.5 % of CPU usage

Initiation 1M:
1,000,000 ops
46 ms
46 ns/op
21,739,130 ops/s
48.9 % of CPU usage
112 bytes per instance
Tests run: 6, Failures: 0, Errors: 0, Skipped: 0, Time elapsed: 22.998 sec
Running com.github.plokhotnyuk.actors.ScalazActorSpec
Executor service type: java-forkjoin-pool

Single-producer sending:
100,000,000 ops
2,413 ms
24 ns/op
41,442,188 ops/s
80.7 % of CPU usage

Multi-producer sending:
50,000,000 ops
2,647 ms
52 ns/op
18,889,308 ops/s
99.0 % of CPU usage

Max throughput:
200,000,000 ops
2,355 ms
11 ns/op
84,925,690 ops/s
98.3 % of CPU usage

Ping latency:
20,000,000 ops
11,606 ms
580 ns/op
1,723,246 ops/s
81.3 % of CPU usage

Ping throughput 10K:
20,000,000 ops
761 ms
38 ns/op
26,281,208 ops/s
100.9 % of CPU usage

Initiation 1M:
1,000,000 ops
54 ms
54 ns/op
18,518,518 ops/s
41.7 % of CPU usage
184 bytes per instance
Tests run: 6, Failures: 0, Errors: 0, Skipped: 0, Time elapsed: 23.89 sec

Results :

Tests run: 30, Failures: 0, Errors: 0, Skipped: 0

[INFO] ------------------------------------------------------------------------
[INFO] BUILD SUCCESS
[INFO] ------------------------------------------------------------------------
[INFO] Total time: 2:12.189s
[INFO] Finished at: Fri Jul 19 19:13:25 EEST 2013
[INFO] Final Memory: 19M/1024M
[INFO] ------------------------------------------------------------------------
[WARNING] The requested profile "dev" could not be activated because it does not exist.
[INFO] Scanning for projects...
[INFO]                                                                         
[INFO] ------------------------------------------------------------------------
[INFO] Building Actors 1.0-SNAPSHOT
[INFO] ------------------------------------------------------------------------
[INFO] 
[INFO] --- maven-resources-plugin:2.3:resources (default-resources) @ actors ---
[INFO] Using 'UTF-8' encoding to copy filtered resources.
[INFO] skip non existing resourceDirectory /home/sergey/workspace/actors/src/main/resources
[INFO] 
[INFO] --- scala-maven-plugin:3.1.3:compile (compile) @ actors ---
[WARNING]  Expected all dependencies to require Scala version: 2.10.2
[WARNING]  com.github.plokhotnyuk.actors:actors:1.0-SNAPSHOT requires scala version: 2.10.2
[WARNING]  com.typesafe.akka:akka-actor_2.10:2.2.0 requires scala version: 2.10.2
[WARNING]  net.liftweb:lift-common_2.10:2.5.1 requires scala version: 2.10.0
[WARNING] Multiple versions of scala libraries detected!
[WARNING] No source files found.
[INFO] 
[INFO] --- maven-resources-plugin:2.3:testResources (default-testResources) @ actors ---
[INFO] Using 'UTF-8' encoding to copy filtered resources.
[INFO] skip non existing resourceDirectory /home/sergey/workspace/actors/src/test/resources
[INFO] 
[INFO] --- scala-maven-plugin:3.1.3:testCompile (testCompile) @ actors ---
[WARNING]  Expected all dependencies to require Scala version: 2.10.2
[WARNING]  com.github.plokhotnyuk.actors:actors:1.0-SNAPSHOT requires scala version: 2.10.2
[WARNING]  com.typesafe.akka:akka-actor_2.10:2.2.0 requires scala version: 2.10.2
[WARNING]  net.liftweb:lift-common_2.10:2.5.1 requires scala version: 2.10.0
[WARNING] Multiple versions of scala libraries detected!
[INFO] Nothing to compile - all classes are up to date
[INFO] 
[INFO] --- maven-surefire-plugin:2.13:test (default-test) @ actors ---
[INFO] Surefire report directory: /home/sergey/workspace/actors/target/surefire-reports

-------------------------------------------------------
 T E S T S
-------------------------------------------------------

-------------------------------------------------------
 T E S T S
-------------------------------------------------------
Running com.github.plokhotnyuk.actors.AkkaActorSpec
Executor service type: thread-pool

Single-producer sending:
40,000,000 ops
3,462 ms
86 ns/op
11,554,015 ops/s
53.1 % of CPU usage

Multi-producer sending:
20,000,000 ops
2,071 ms
103 ns/op
9,657,170 ops/s
70.5 % of CPU usage

Max throughput:
40,000,000 ops
846 ms
21 ns/op
47,281,323 ops/s
95.7 % of CPU usage

Ping latency:
10,000,000 ops
23,200 ms
2,320 ns/op
431,034 ops/s
32.4 % of CPU usage

Ping throughput 10K:
10,000,000 ops
5,270 ms
527 ns/op
1,897,533 ops/s
73.1 % of CPU usage

Initiation 1M:
1,000,000 ops
10,789 ms
10,789 ns/op
92,686 ops/s
49.4 % of CPU usage
430 bytes per instance
Tests run: 6, Failures: 0, Errors: 0, Skipped: 0, Time elapsed: 56.788 sec
Running com.github.plokhotnyuk.actors.LiftActorSpec
Executor service type: thread-pool

Single-producer sending:
20,000,000 ops
1,738 ms
86 ns/op
11,507,479 ops/s
42.4 % of CPU usage

Multi-producer sending:
20,000,000 ops
2,952 ms
147 ns/op
6,775,067 ops/s
44.1 % of CPU usage

Max throughput:
20,000,000 ops
895 ms
44 ns/op
22,346,368 ops/s
94.4 % of CPU usage

Ping latency:
2,000,000 ops
5,172 ms
2,586 ns/op
386,697 ops/s
38.0 % of CPU usage

Ping throughput 10K:
5,000,000 ops
1,629 ms
325 ns/op
3,069,367 ops/s
90.5 % of CPU usage

Initiation 1M:
1,000,000 ops
30 ms
30 ns/op
33,333,333 ops/s
58.3 % of CPU usage
72 bytes per instance
Tests run: 6, Failures: 0, Errors: 0, Skipped: 0, Time elapsed: 15.17 sec
Running com.github.plokhotnyuk.actors.ScalaActorSpec
Executor service type: thread-pool

Single-producer sending:
1,000,000 ops
5,869 ms
5,869 ns/op
170,386 ops/s
47.8 % of CPU usage

Multi-producer sending:
1,000,000 ops
6,016 ms
6,016 ns/op
166,223 ops/s
47.2 % of CPU usage

Max throughput:
5,000,000 ops
8,493 ms
1,698 ns/op
588,720 ops/s
71.4 % of CPU usage

Ping latency:
1,000,000 ops
6,010 ms
6,010 ns/op
166,389 ops/s
54.9 % of CPU usage

Ping throughput 10K:
2,000,000 ops
1,855 ms
927 ns/op
1,078,167 ops/s
93.0 % of CPU usage

Initiation 1M:
1,000,000 ops
103 ms
103 ns/op
9,708,737 ops/s
36.4 % of CPU usage
144 bytes per instance
Tests run: 6, Failures: 0, Errors: 0, Skipped: 0, Time elapsed: 32.179 sec
Running com.github.plokhotnyuk.actors.ScalazActor2Spec
Executor service type: thread-pool

Single-producer sending:
100,000,000 ops
2,703 ms
27 ns/op
36,995,930 ops/s
67.0 % of CPU usage

Multi-producer sending:
50,000,000 ops
3,843 ms
76 ns/op
13,010,668 ops/s
95.0 % of CPU usage

Max throughput:
200,000,000 ops
2,012 ms
10 ns/op
99,403,578 ops/s
95.2 % of CPU usage

Ping latency:
20,000,000 ops
11,238 ms
561 ns/op
1,779,676 ops/s
41.8 % of CPU usage

Ping throughput 10K:
20,000,000 ops
15,598 ms
779 ns/op
1,282,215 ops/s
45.5 % of CPU usage

Initiation 1M:
1,000,000 ops
48 ms
48 ns/op
20,833,333 ops/s
46.9 % of CPU usage
112 bytes per instance
Tests run: 6, Failures: 0, Errors: 0, Skipped: 0, Time elapsed: 38.976 sec
Running com.github.plokhotnyuk.actors.ScalazActorSpec
Executor service type: thread-pool

Single-producer sending:
100,000,000 ops
2,828 ms
28 ns/op
35,360,678 ops/s
69.0 % of CPU usage

Multi-producer sending:
50,000,000 ops
3,745 ms
74 ns/op
13,351,134 ops/s
96.2 % of CPU usage

Max throughput:
200,000,000 ops
1,782 ms
8 ns/op
112,233,445 ops/s
95.4 % of CPU usage

Ping latency:
20,000,000 ops
9,637 ms
481 ns/op
2,075,334 ops/s
42.2 % of CPU usage

Ping throughput 10K:
20,000,000 ops
14,358 ms
717 ns/op
1,392,951 ops/s
48.1 % of CPU usage

Initiation 1M:
1,000,000 ops
51 ms
51 ns/op
19,607,843 ops/s
39.2 % of CPU usage
184 bytes per instance
Tests run: 6, Failures: 0, Errors: 0, Skipped: 0, Time elapsed: 36.456 sec

Results :

Tests run: 30, Failures: 0, Errors: 0, Skipped: 0

[INFO] ------------------------------------------------------------------------
[INFO] BUILD SUCCESS
[INFO] ------------------------------------------------------------------------
[INFO] Total time: 3:10.539s
[INFO] Finished at: Fri Jul 19 19:16:37 EEST 2013
[INFO] Final Memory: 19M/1024M
[INFO] ------------------------------------------------------------------------
[WARNING] The requested profile "dev" could not be activated because it does not exist.
