[INFO] Scanning for projects...
[INFO]                                                                         
[INFO] ------------------------------------------------------------------------
[INFO] Building Actors 1.0-SNAPSHOT
[INFO] ------------------------------------------------------------------------
[INFO] 
[INFO] --- maven-clean-plugin:2.3:clean (default-clean) @ actors ---
[INFO] Deleting file set: /home/sergey/workspace/actors/target (included: [**], excluded: [])
[INFO] 
[INFO] --- maven-resources-plugin:2.3:resources (default-resources) @ actors ---
[INFO] Using 'UTF-8' encoding to copy filtered resources.
[INFO] skip non existing resourceDirectory /home/sergey/workspace/actors/src/main/resources
[INFO] 
[INFO] --- scala-maven-plugin:3.1.3:compile (compile) @ actors ---
[WARNING]  Expected all dependencies to require Scala version: 2.10.2
[WARNING]  com.github.plokhotnyuk.actors:actors:1.0-SNAPSHOT requires scala version: 2.10.2
[WARNING]  com.typesafe.akka:akka-actor_2.10:2.2.0 requires scala version: 2.10.2
[WARNING]  net.liftweb:lift-common_2.10:2.5.1 requires scala version: 2.10.0
[WARNING] Multiple versions of scala libraries detected!
[WARNING] No source files found.
[INFO] 
[INFO] --- maven-resources-plugin:2.3:testResources (default-testResources) @ actors ---
[INFO] Using 'UTF-8' encoding to copy filtered resources.
[INFO] skip non existing resourceDirectory /home/sergey/workspace/actors/src/test/resources
[INFO] 
[INFO] --- scala-maven-plugin:3.1.3:testCompile (testCompile) @ actors ---
[WARNING]  Expected all dependencies to require Scala version: 2.10.2
[WARNING]  com.github.plokhotnyuk.actors:actors:1.0-SNAPSHOT requires scala version: 2.10.2
[WARNING]  com.typesafe.akka:akka-actor_2.10:2.2.0 requires scala version: 2.10.2
[WARNING]  net.liftweb:lift-common_2.10:2.5.1 requires scala version: 2.10.0
[WARNING] Multiple versions of scala libraries detected!
[INFO] /home/sergey/workspace/actors/src/test/scala:-1: info: compiling
[INFO] Compiling 11 source files to /home/sergey/workspace/actors/target/test-classes at 1375204626064
[WARNING] warning: there were 2 feature warning(s); re-run with -feature for details
[WARNING] one warning found
[INFO] prepare-compile in 0 s
[INFO] compile in 5 s
[INFO] ------------------------------------------------------------------------
[INFO] BUILD SUCCESS
[INFO] ------------------------------------------------------------------------
[INFO] Total time: 6.486s
[INFO] Finished at: Tue Jul 30 20:17:11 EEST 2013
[INFO] Final Memory: 14M/1024M
[INFO] ------------------------------------------------------------------------
[WARNING] The requested profile "dev" could not be activated because it does not exist.
[INFO] Scanning for projects...
[INFO]                                                                         
[INFO] ------------------------------------------------------------------------
[INFO] Building Actors 1.0-SNAPSHOT
[INFO] ------------------------------------------------------------------------
[INFO] 
[INFO] --- maven-resources-plugin:2.3:resources (default-resources) @ actors ---
[INFO] Using 'UTF-8' encoding to copy filtered resources.
[INFO] skip non existing resourceDirectory /home/sergey/workspace/actors/src/main/resources
[INFO] 
[INFO] --- scala-maven-plugin:3.1.3:compile (compile) @ actors ---
[WARNING]  Expected all dependencies to require Scala version: 2.10.2
[WARNING]  com.github.plokhotnyuk.actors:actors:1.0-SNAPSHOT requires scala version: 2.10.2
[WARNING]  com.typesafe.akka:akka-actor_2.10:2.2.0 requires scala version: 2.10.2
[WARNING]  net.liftweb:lift-common_2.10:2.5.1 requires scala version: 2.10.0
[WARNING] Multiple versions of scala libraries detected!
[WARNING] No source files found.
[INFO] 
[INFO] --- maven-resources-plugin:2.3:testResources (default-testResources) @ actors ---
[INFO] Using 'UTF-8' encoding to copy filtered resources.
[INFO] skip non existing resourceDirectory /home/sergey/workspace/actors/src/test/resources
[INFO] 
[INFO] --- scala-maven-plugin:3.1.3:testCompile (testCompile) @ actors ---
[WARNING]  Expected all dependencies to require Scala version: 2.10.2
[WARNING]  com.github.plokhotnyuk.actors:actors:1.0-SNAPSHOT requires scala version: 2.10.2
[WARNING]  com.typesafe.akka:akka-actor_2.10:2.2.0 requires scala version: 2.10.2
[WARNING]  net.liftweb:lift-common_2.10:2.5.1 requires scala version: 2.10.0
[WARNING] Multiple versions of scala libraries detected!
[INFO] Nothing to compile - all classes are up to date
[INFO] 
[INFO] --- maven-surefire-plugin:2.13:test (default-test) @ actors ---
[INFO] Surefire report directory: /home/sergey/workspace/actors/target/surefire-reports

-------------------------------------------------------
 T E S T S
-------------------------------------------------------

-------------------------------------------------------
 T E S T S
-------------------------------------------------------
Running com.github.plokhotnyuk.actors.AkkaActorSpec
Executor service type: fixed-thread-pool

Single-producer sending:
40,000,000 ops
3,771 ms
94 ns/op
10,607,265 ops/s
70.8 % of CPU usage

Multi-producer sending:
20,000,000 ops
2,922 ms
146 ns/op
6,844,626 ops/s
76.4 % of CPU usage

Max throughput:
40,000,000 ops
710 ms
17 ns/op
56,338,028 ops/s
97.9 % of CPU usage

Ping latency:
10,000,000 ops
11,366 ms
1,136 ns/op
879,816 ops/s
44.3 % of CPU usage

Ping throughput 10K:
10,000,000 ops
2,142 ms
214 ns/op
4,668,534 ops/s
99.9 % of CPU usage

Initiation 1M:
1,000,000 ops
10,295 ms
10,295 ns/op
97,134 ops/s
71.6 % of CPU usage
430 bytes per instance
Tests run: 6, Failures: 0, Errors: 0, Skipped: 0, Time elapsed: 42.034 sec
Running com.github.plokhotnyuk.actors.LiftActorSpec
Executor service type: fixed-thread-pool

Single-producer sending:
20,000,000 ops
1,646 ms
82 ns/op
12,150,668 ops/s
42.2 % of CPU usage

Multi-producer sending:
20,000,000 ops
3,080 ms
154 ns/op
6,493,506 ops/s
44.2 % of CPU usage

Max throughput:
20,000,000 ops
606 ms
30 ns/op
33,003,300 ops/s
94.9 % of CPU usage

Ping latency:
2,000,000 ops
4,176 ms
2,088 ns/op
478,927 ops/s
49.3 % of CPU usage

Ping throughput 10K:
5,000,000 ops
1,081 ms
216 ns/op
4,625,346 ops/s
75.9 % of CPU usage

Initiation 1M:
1,000,000 ops
33 ms
33 ns/op
30,303,030 ops/s
60.6 % of CPU usage
72 bytes per instance
Tests run: 6, Failures: 0, Errors: 0, Skipped: 0, Time elapsed: 13.333 sec
Running com.github.plokhotnyuk.actors.ScalaActorSpec
Executor service type: fixed-thread-pool

Single-producer sending:
1,000,000 ops
4,517 ms
4,517 ns/op
221,385 ops/s
54.1 % of CPU usage

Multi-producer sending:
1,000,000 ops
3,747 ms
3,747 ns/op
266,880 ops/s
52.2 % of CPU usage

Max throughput:
5,000,000 ops
2,269 ms
453 ns/op
2,203,613 ops/s
81.3 % of CPU usage

Ping latency:
1,000,000 ops
3,988 ms
3,988 ns/op
250,752 ops/s
52.8 % of CPU usage

Ping throughput 10K:
2,000,000 ops
1,432 ms
716 ns/op
1,396,648 ops/s
99.2 % of CPU usage

Initiation 1M:
1,000,000 ops
103 ms
103 ns/op
9,708,737 ops/s
38.8 % of CPU usage
144 bytes per instance
Tests run: 6, Failures: 0, Errors: 0, Skipped: 0, Time elapsed: 19.876 sec
Running com.github.plokhotnyuk.actors.ScalazActor2Spec
Executor service type: fixed-thread-pool

Single-producer sending:
50,000,000 ops
1,263 ms
25 ns/op
39,588,281 ops/s
73.6 % of CPU usage

Multi-producer sending:
50,000,000 ops
3,577 ms
71 ns/op
13,978,194 ops/s
97.2 % of CPU usage

Max throughput:
100,000,000 ops
890 ms
8 ns/op
112,359,550 ops/s
97.5 % of CPU usage

Ping latency:
10,000,000 ops
2,742 ms
274 ns/op
3,646,973 ops/s
48.4 % of CPU usage

Ping throughput 10K:
10,000,000 ops
1,755 ms
175 ns/op
5,698,005 ops/s
61.1 % of CPU usage

Initiation 1M:
1,000,000 ops
42 ms
42 ns/op
23,809,523 ops/s
47.6 % of CPU usage
120 bytes per instance
Tests run: 6, Failures: 0, Errors: 0, Skipped: 0, Time elapsed: 14.131 sec
Running com.github.plokhotnyuk.actors.ScalazActorSpec
Executor service type: fixed-thread-pool

Single-producer sending:
50,000,000 ops
1,407 ms
28 ns/op
35,536,602 ops/s
74.4 % of CPU usage

Multi-producer sending:
50,000,000 ops
4,175 ms
83 ns/op
11,976,047 ops/s
99.4 % of CPU usage

Max throughput:
100,000,000 ops
756 ms
7 ns/op
132,275,132 ops/s
97.9 % of CPU usage

Ping latency:
10,000,000 ops
2,718 ms
271 ns/op
3,679,175 ops/s
48.2 % of CPU usage

Ping throughput 10K:
10,000,000 ops
1,558 ms
155 ns/op
6,418,485 ops/s
73.0 % of CPU usage

Initiation 1M:
1,000,000 ops
56 ms
56 ns/op
17,857,142 ops/s
44.6 % of CPU usage
184 bytes per instance
Tests run: 6, Failures: 0, Errors: 0, Skipped: 0, Time elapsed: 14.89 sec

Results :

Tests run: 30, Failures: 0, Errors: 0, Skipped: 0

[INFO] ------------------------------------------------------------------------
[INFO] BUILD SUCCESS
[INFO] ------------------------------------------------------------------------
[INFO] Total time: 1:55.134s
[INFO] Finished at: Tue Jul 30 20:19:08 EEST 2013
[INFO] Final Memory: 18M/1024M
[INFO] ------------------------------------------------------------------------
[WARNING] The requested profile "dev" could not be activated because it does not exist.
[INFO] Scanning for projects...
[INFO]                                                                         
[INFO] ------------------------------------------------------------------------
[INFO] Building Actors 1.0-SNAPSHOT
[INFO] ------------------------------------------------------------------------
[INFO] 
[INFO] --- maven-resources-plugin:2.3:resources (default-resources) @ actors ---
[INFO] Using 'UTF-8' encoding to copy filtered resources.
[INFO] skip non existing resourceDirectory /home/sergey/workspace/actors/src/main/resources
[INFO] 
[INFO] --- scala-maven-plugin:3.1.3:compile (compile) @ actors ---
[WARNING]  Expected all dependencies to require Scala version: 2.10.2
[WARNING]  com.github.plokhotnyuk.actors:actors:1.0-SNAPSHOT requires scala version: 2.10.2
[WARNING]  com.typesafe.akka:akka-actor_2.10:2.2.0 requires scala version: 2.10.2
[WARNING]  net.liftweb:lift-common_2.10:2.5.1 requires scala version: 2.10.0
[WARNING] Multiple versions of scala libraries detected!
[WARNING] No source files found.
[INFO] 
[INFO] --- maven-resources-plugin:2.3:testResources (default-testResources) @ actors ---
[INFO] Using 'UTF-8' encoding to copy filtered resources.
[INFO] skip non existing resourceDirectory /home/sergey/workspace/actors/src/test/resources
[INFO] 
[INFO] --- scala-maven-plugin:3.1.3:testCompile (testCompile) @ actors ---
[WARNING]  Expected all dependencies to require Scala version: 2.10.2
[WARNING]  com.github.plokhotnyuk.actors:actors:1.0-SNAPSHOT requires scala version: 2.10.2
[WARNING]  com.typesafe.akka:akka-actor_2.10:2.2.0 requires scala version: 2.10.2
[WARNING]  net.liftweb:lift-common_2.10:2.5.1 requires scala version: 2.10.0
[WARNING] Multiple versions of scala libraries detected!
[INFO] Nothing to compile - all classes are up to date
[INFO] 
[INFO] --- maven-surefire-plugin:2.13:test (default-test) @ actors ---
[INFO] Surefire report directory: /home/sergey/workspace/actors/target/surefire-reports

-------------------------------------------------------
 T E S T S
-------------------------------------------------------

-------------------------------------------------------
 T E S T S
-------------------------------------------------------
Running com.github.plokhotnyuk.actors.AkkaActorSpec
Executor service type: scala-forkjoin-pool

Single-producer sending:
40,000,000 ops
3,357 ms
83 ns/op
11,915,400 ops/s
52.3 % of CPU usage

Multi-producer sending:
20,000,000 ops
2,336 ms
116 ns/op
8,561,643 ops/s
73.8 % of CPU usage

Max throughput:
40,000,000 ops
1,646 ms
41 ns/op
24,301,336 ops/s
94.9 % of CPU usage

Ping latency:
10,000,000 ops
5,743 ms
574 ns/op
1,741,250 ops/s
99.5 % of CPU usage

Ping throughput 10K:
10,000,000 ops
3,090 ms
309 ns/op
3,236,245 ops/s
99.2 % of CPU usage

Initiation 1M:
1,000,000 ops
11,463 ms
11,463 ns/op
87,237 ops/s
61.9 % of CPU usage
430 bytes per instance
Tests run: 6, Failures: 0, Errors: 0, Skipped: 0, Time elapsed: 59.097 sec
Running com.github.plokhotnyuk.actors.LiftActorSpec
Executor service type: scala-forkjoin-pool

Single-producer sending:
20,000,000 ops
1,801 ms
90 ns/op
11,104,941 ops/s
42.9 % of CPU usage

Multi-producer sending:
20,000,000 ops
3,229 ms
161 ns/op
6,193,868 ops/s
43.7 % of CPU usage

Max throughput:
20,000,000 ops
506 ms
25 ns/op
39,525,691 ops/s
94.4 % of CPU usage

Ping latency:
2,000,000 ops
1,559 ms
779 ns/op
1,282,873 ops/s
98.0 % of CPU usage

Ping throughput 10K:
5,000,000 ops
1,051 ms
210 ns/op
4,757,373 ops/s
97.3 % of CPU usage

Initiation 1M:
1,000,000 ops
29 ms
29 ns/op
34,482,758 ops/s
51.7 % of CPU usage
72 bytes per instance
Tests run: 6, Failures: 0, Errors: 0, Skipped: 0, Time elapsed: 10.853 sec
Running com.github.plokhotnyuk.actors.ScalaActorSpec
Executor service type: scala-forkjoin-pool

Single-producer sending:
1,000,000 ops
2,233 ms
2,233 ns/op
447,828 ops/s
98.4 % of CPU usage

Multi-producer sending:
1,000,000 ops
2,109 ms
2,109 ns/op
474,158 ops/s
98.3 % of CPU usage

Max throughput:
5,000,000 ops
4,839 ms
967 ns/op
1,033,271 ops/s
99.5 % of CPU usage

Ping latency:
1,000,000 ops
3,516 ms
3,516 ns/op
284,414 ops/s
98.7 % of CPU usage

Ping throughput 10K:
2,000,000 ops
1,514 ms
757 ns/op
1,321,003 ops/s
98.9 % of CPU usage

Initiation 1M:
1,000,000 ops
103 ms
103 ns/op
9,708,737 ops/s
36.4 % of CPU usage
143 bytes per instance
Tests run: 6, Failures: 0, Errors: 0, Skipped: 0, Time elapsed: 18.179 sec
Running com.github.plokhotnyuk.actors.ScalazActor2Spec
Executor service type: scala-forkjoin-pool

Single-producer sending:
50,000,000 ops
1,561 ms
31 ns/op
32,030,749 ops/s
94.8 % of CPU usage

Multi-producer sending:
50,000,000 ops
3,663 ms
73 ns/op
13,650,013 ops/s
96.9 % of CPU usage

Max throughput:
100,000,000 ops
3,138 ms
31 ns/op
31,867,431 ops/s
99.4 % of CPU usage

Ping latency:
10,000,000 ops
6,002 ms
600 ns/op
1,666,111 ops/s
99.5 % of CPU usage

Ping throughput 10K:
10,000,000 ops
2,234 ms
223 ns/op
4,476,275 ops/s
99.4 % of CPU usage

Initiation 1M:
1,000,000 ops
47 ms
47 ns/op
21,276,595 ops/s
47.9 % of CPU usage
119 bytes per instance
Tests run: 6, Failures: 0, Errors: 0, Skipped: 0, Time elapsed: 20.537 sec
Running com.github.plokhotnyuk.actors.ScalazActorSpec
Executor service type: scala-forkjoin-pool

Single-producer sending:
50,000,000 ops
1,448 ms
28 ns/op
34,530,386 ops/s
94.1 % of CPU usage

Multi-producer sending:
50,000,000 ops
4,425 ms
88 ns/op
11,299,435 ops/s
99.3 % of CPU usage

Max throughput:
100,000,000 ops
3,939 ms
39 ns/op
25,387,154 ops/s
99.4 % of CPU usage

Ping latency:
10,000,000 ops
7,992 ms
799 ns/op
1,251,251 ops/s
99.4 % of CPU usage

Ping throughput 10K:
10,000,000 ops
2,404 ms
240 ns/op
4,159,733 ops/s
99.3 % of CPU usage

Initiation 1M:
1,000,000 ops
58 ms
58 ns/op
17,241,379 ops/s
43.1 % of CPU usage
183 bytes per instance
Tests run: 6, Failures: 0, Errors: 0, Skipped: 0, Time elapsed: 24.585 sec

Results :

Tests run: 30, Failures: 0, Errors: 0, Skipped: 0

[INFO] ------------------------------------------------------------------------
[INFO] BUILD SUCCESS
[INFO] ------------------------------------------------------------------------
[INFO] Total time: 2:24.108s
[INFO] Finished at: Tue Jul 30 20:21:33 EEST 2013
[INFO] Final Memory: 18M/1024M
[INFO] ------------------------------------------------------------------------
[WARNING] The requested profile "dev" could not be activated because it does not exist.
[INFO] Scanning for projects...
[INFO]                                                                         
[INFO] ------------------------------------------------------------------------
[INFO] Building Actors 1.0-SNAPSHOT
[INFO] ------------------------------------------------------------------------
[INFO] 
[INFO] --- maven-resources-plugin:2.3:resources (default-resources) @ actors ---
[INFO] Using 'UTF-8' encoding to copy filtered resources.
[INFO] skip non existing resourceDirectory /home/sergey/workspace/actors/src/main/resources
[INFO] 
[INFO] --- scala-maven-plugin:3.1.3:compile (compile) @ actors ---
[WARNING]  Expected all dependencies to require Scala version: 2.10.2
[WARNING]  com.github.plokhotnyuk.actors:actors:1.0-SNAPSHOT requires scala version: 2.10.2
[WARNING]  com.typesafe.akka:akka-actor_2.10:2.2.0 requires scala version: 2.10.2
[WARNING]  net.liftweb:lift-common_2.10:2.5.1 requires scala version: 2.10.0
[WARNING] Multiple versions of scala libraries detected!
[WARNING] No source files found.
[INFO] 
[INFO] --- maven-resources-plugin:2.3:testResources (default-testResources) @ actors ---
[INFO] Using 'UTF-8' encoding to copy filtered resources.
[INFO] skip non existing resourceDirectory /home/sergey/workspace/actors/src/test/resources
[INFO] 
[INFO] --- scala-maven-plugin:3.1.3:testCompile (testCompile) @ actors ---
[WARNING]  Expected all dependencies to require Scala version: 2.10.2
[WARNING]  com.github.plokhotnyuk.actors:actors:1.0-SNAPSHOT requires scala version: 2.10.2
[WARNING]  com.typesafe.akka:akka-actor_2.10:2.2.0 requires scala version: 2.10.2
[WARNING]  net.liftweb:lift-common_2.10:2.5.1 requires scala version: 2.10.0
[WARNING] Multiple versions of scala libraries detected!
[INFO] Nothing to compile - all classes are up to date
[INFO] 
[INFO] --- maven-surefire-plugin:2.13:test (default-test) @ actors ---
[INFO] Surefire report directory: /home/sergey/workspace/actors/target/surefire-reports

-------------------------------------------------------
 T E S T S
-------------------------------------------------------

-------------------------------------------------------
 T E S T S
-------------------------------------------------------
Running com.github.plokhotnyuk.actors.AkkaActorSpec
Executor service type: java-forkjoin-pool

Single-producer sending:
40,000,000 ops
3,643 ms
91 ns/op
10,979,961 ops/s
52.5 % of CPU usage

Multi-producer sending:
20,000,000 ops
2,222 ms
111 ns/op
9,000,900 ops/s
76.3 % of CPU usage

Max throughput:
40,000,000 ops
913 ms
22 ns/op
43,811,610 ops/s
96.7 % of CPU usage

Ping latency:
10,000,000 ops
2,190 ms
219 ns/op
4,566,210 ops/s
99.1 % of CPU usage

Ping throughput 10K:
10,000,000 ops
2,851 ms
285 ns/op
3,507,541 ops/s
99.3 % of CPU usage

Initiation 1M:
1,000,000 ops
10,408 ms
10,408 ns/op
96,079 ops/s
53.1 % of CPU usage
433 bytes per instance
Tests run: 6, Failures: 0, Errors: 0, Skipped: 0, Time elapsed: 42.158 sec
Running com.github.plokhotnyuk.actors.LiftActorSpec
Executor service type: java-forkjoin-pool

Single-producer sending:
20,000,000 ops
1,744 ms
87 ns/op
11,467,889 ops/s
42.1 % of CPU usage

Multi-producer sending:
20,000,000 ops
3,026 ms
151 ns/op
6,609,385 ops/s
42.0 % of CPU usage

Max throughput:
20,000,000 ops
592 ms
29 ns/op
33,783,783 ops/s
94.6 % of CPU usage

Ping latency:
2,000,000 ops
1,509 ms
754 ns/op
1,325,381 ops/s
97.9 % of CPU usage

Ping throughput 10K:
5,000,000 ops
721 ms
144 ns/op
6,934,812 ops/s
98.5 % of CPU usage

Initiation 1M:
1,000,000 ops
30 ms
30 ns/op
33,333,333 ops/s
58.3 % of CPU usage
72 bytes per instance
Tests run: 6, Failures: 0, Errors: 0, Skipped: 0, Time elapsed: 10.294 sec
Running com.github.plokhotnyuk.actors.ScalaActorSpec
Executor service type: java-forkjoin-pool

Single-producer sending:
1,000,000 ops
1,252 ms
1,252 ns/op
798,722 ops/s
97.2 % of CPU usage

Multi-producer sending:
1,000,000 ops
1,596 ms
1,596 ns/op
626,566 ops/s
96.8 % of CPU usage

Max throughput:
5,000,000 ops
2,678 ms
535 ns/op
1,867,064 ops/s
99.3 % of CPU usage

Ping latency:
1,000,000 ops
4,374 ms
4,374 ns/op
228,623 ops/s
99.3 % of CPU usage

Ping throughput 10K:
2,000,000 ops
2,232 ms
1,116 ns/op
896,057 ops/s
99.4 % of CPU usage

Initiation 1M:
1,000,000 ops
104 ms
104 ns/op
9,615,384 ops/s
38.5 % of CPU usage
144 bytes per instance
Tests run: 6, Failures: 0, Errors: 0, Skipped: 0, Time elapsed: 16.048 sec
Running com.github.plokhotnyuk.actors.ScalazActor2Spec
Executor service type: java-forkjoin-pool

Single-producer sending:
50,000,000 ops
1,263 ms
25 ns/op
39,588,281 ops/s
88.7 % of CPU usage

Multi-producer sending:
50,000,000 ops
3,713 ms
74 ns/op
13,466,199 ops/s
99.4 % of CPU usage

Max throughput:
100,000,000 ops
3,434 ms
34 ns/op
29,120,559 ops/s
99.4 % of CPU usage

Ping latency:
10,000,000 ops
2,998 ms
299 ns/op
3,335,557 ops/s
99.2 % of CPU usage

Ping throughput 10K:
10,000,000 ops
3,424 ms
342 ns/op
2,920,560 ops/s
99.5 % of CPU usage

Initiation 1M:
1,000,000 ops
46 ms
46 ns/op
21,739,130 ops/s
48.9 % of CPU usage
120 bytes per instance
Tests run: 6, Failures: 0, Errors: 0, Skipped: 0, Time elapsed: 18.725 sec
Running com.github.plokhotnyuk.actors.ScalazActorSpec
Executor service type: java-forkjoin-pool

Single-producer sending:
50,000,000 ops
1,464 ms
29 ns/op
34,153,005 ops/s
93.9 % of CPU usage

Multi-producer sending:
50,000,000 ops
2,674 ms
53 ns/op
18,698,578 ops/s
98.9 % of CPU usage

Max throughput:
100,000,000 ops
2,002 ms
20 ns/op
49,950,049 ops/s
99.3 % of CPU usage

Ping latency:
10,000,000 ops
2,032 ms
203 ns/op
4,921,259 ops/s
99.0 % of CPU usage

Ping throughput 10K:
10,000,000 ops
2,905 ms
290 ns/op
3,442,340 ops/s
99.5 % of CPU usage

Initiation 1M:
1,000,000 ops
54 ms
54 ns/op
18,518,518 ops/s
41.7 % of CPU usage
184 bytes per instance
Tests run: 6, Failures: 0, Errors: 0, Skipped: 0, Time elapsed: 15.358 sec

Results :

Tests run: 30, Failures: 0, Errors: 0, Skipped: 0

[INFO] ------------------------------------------------------------------------
[INFO] BUILD SUCCESS
[INFO] ------------------------------------------------------------------------
[INFO] Total time: 1:53.447s
[INFO] Finished at: Tue Jul 30 20:23:27 EEST 2013
[INFO] Final Memory: 18M/1024M
[INFO] ------------------------------------------------------------------------
[WARNING] The requested profile "dev" could not be activated because it does not exist.
[INFO] Scanning for projects...
[INFO]                                                                         
[INFO] ------------------------------------------------------------------------
[INFO] Building Actors 1.0-SNAPSHOT
[INFO] ------------------------------------------------------------------------
[INFO] 
[INFO] --- maven-resources-plugin:2.3:resources (default-resources) @ actors ---
[INFO] Using 'UTF-8' encoding to copy filtered resources.
[INFO] skip non existing resourceDirectory /home/sergey/workspace/actors/src/main/resources
[INFO] 
[INFO] --- scala-maven-plugin:3.1.3:compile (compile) @ actors ---
[WARNING]  Expected all dependencies to require Scala version: 2.10.2
[WARNING]  com.github.plokhotnyuk.actors:actors:1.0-SNAPSHOT requires scala version: 2.10.2
[WARNING]  com.typesafe.akka:akka-actor_2.10:2.2.0 requires scala version: 2.10.2
[WARNING]  net.liftweb:lift-common_2.10:2.5.1 requires scala version: 2.10.0
[WARNING] Multiple versions of scala libraries detected!
[WARNING] No source files found.
[INFO] 
[INFO] --- maven-resources-plugin:2.3:testResources (default-testResources) @ actors ---
[INFO] Using 'UTF-8' encoding to copy filtered resources.
[INFO] skip non existing resourceDirectory /home/sergey/workspace/actors/src/test/resources
[INFO] 
[INFO] --- scala-maven-plugin:3.1.3:testCompile (testCompile) @ actors ---
[WARNING]  Expected all dependencies to require Scala version: 2.10.2
[WARNING]  com.github.plokhotnyuk.actors:actors:1.0-SNAPSHOT requires scala version: 2.10.2
[WARNING]  com.typesafe.akka:akka-actor_2.10:2.2.0 requires scala version: 2.10.2
[WARNING]  net.liftweb:lift-common_2.10:2.5.1 requires scala version: 2.10.0
[WARNING] Multiple versions of scala libraries detected!
[INFO] Nothing to compile - all classes are up to date
[INFO] 
[INFO] --- maven-surefire-plugin:2.13:test (default-test) @ actors ---
[INFO] Surefire report directory: /home/sergey/workspace/actors/target/surefire-reports

-------------------------------------------------------
 T E S T S
-------------------------------------------------------

-------------------------------------------------------
 T E S T S
-------------------------------------------------------
Running com.github.plokhotnyuk.actors.AkkaActorSpec
Executor service type: thread-pool

Single-producer sending:
40,000,000 ops
3,475 ms
86 ns/op
11,510,791 ops/s
51.5 % of CPU usage

Multi-producer sending:
20,000,000 ops
2,458 ms
122 ns/op
8,136,696 ops/s
73.9 % of CPU usage

Max throughput:
40,000,000 ops
700 ms
17 ns/op
57,142,857 ops/s
96.4 % of CPU usage

Ping latency:
10,000,000 ops
65,187 ms
6,518 ns/op
153,404 ops/s
28.1 % of CPU usage

Ping throughput 10K:
10,000,000 ops
10,238 ms
1,023 ns/op
976,753 ops/s
36.1 % of CPU usage

Initiation 1M:
1,000,000 ops
10,769 ms
10,769 ns/op
92,859 ops/s
52.7 % of CPU usage
430 bytes per instance
Tests run: 6, Failures: 0, Errors: 0, Skipped: 0, Time elapsed: 103.975 sec
Running com.github.plokhotnyuk.actors.LiftActorSpec
Executor service type: thread-pool

Single-producer sending:
20,000,000 ops
2,150 ms
107 ns/op
9,302,325 ops/s
43.8 % of CPU usage

Multi-producer sending:
20,000,000 ops
3,164 ms
158 ns/op
6,321,112 ops/s
42.7 % of CPU usage

Max throughput:
20,000,000 ops
585 ms
29 ns/op
34,188,034 ops/s
95.3 % of CPU usage

Ping latency:
2,000,000 ops
12,650 ms
6,325 ns/op
158,102 ops/s
31.4 % of CPU usage

Ping throughput 10K:
5,000,000 ops
3,762 ms
752 ns/op
1,329,080 ops/s
34.3 % of CPU usage

Initiation 1M:
1,000,000 ops
38 ms
38 ns/op
26,315,789 ops/s
52.6 % of CPU usage
72 bytes per instance
Tests run: 6, Failures: 0, Errors: 0, Skipped: 0, Time elapsed: 25.032 sec
Running com.github.plokhotnyuk.actors.ScalaActorSpec
Executor service type: thread-pool

Single-producer sending:
1,000,000 ops
6,070 ms
6,070 ns/op
164,744 ops/s
48.5 % of CPU usage

Multi-producer sending:
1,000,000 ops
6,676 ms
6,676 ns/op
149,790 ops/s
50.0 % of CPU usage

Max throughput:
5,000,000 ops
12,613 ms
2,522 ns/op
396,416 ops/s
33.2 % of CPU usage

Ping latency:
1,000,000 ops
7,406 ms
7,406 ns/op
135,025 ops/s
49.0 % of CPU usage

Ping throughput 10K:
2,000,000 ops
6,364 ms
3,182 ns/op
314,267 ops/s
33.7 % of CPU usage

Initiation 1M:
1,000,000 ops
103 ms
103 ns/op
9,708,737 ops/s
43.7 % of CPU usage
144 bytes per instance
Tests run: 6, Failures: 0, Errors: 0, Skipped: 0, Time elapsed: 42.959 sec
Running com.github.plokhotnyuk.actors.ScalazActor2Spec
Executor service type: thread-pool

Single-producer sending:
50,000,000 ops
1,209 ms
24 ns/op
41,356,492 ops/s
62.7 % of CPU usage

Multi-producer sending:
50,000,000 ops
3,724 ms
74 ns/op
13,426,423 ops/s
94.6 % of CPU usage

Max throughput:
100,000,000 ops
705 ms
7 ns/op
141,843,971 ops/s
98.6 % of CPU usage

Ping latency:
10,000,000 ops
9,151 ms
915 ns/op
1,092,776 ops/s
40.3 % of CPU usage

Ping throughput 10K:
10,000,000 ops
6,388 ms
638 ns/op
1,565,435 ops/s
43.8 % of CPU usage

Initiation 1M:
1,000,000 ops
43 ms
43 ns/op
23,255,813 ops/s
52.3 % of CPU usage
120 bytes per instance
Tests run: 6, Failures: 0, Errors: 0, Skipped: 0, Time elapsed: 25.029 sec
Running com.github.plokhotnyuk.actors.ScalazActorSpec
Executor service type: thread-pool

Single-producer sending:
50,000,000 ops
2,601 ms
52 ns/op
19,223,375 ops/s
59.4 % of CPU usage

Multi-producer sending:
50,000,000 ops
4,215 ms
84 ns/op
11,862,396 ops/s
99.8 % of CPU usage

Max throughput:
100,000,000 ops
566 ms
5 ns/op
176,678,445 ops/s
95.8 % of CPU usage

Ping latency:
10,000,000 ops
5,548 ms
554 ns/op
1,802,451 ops/s
42.4 % of CPU usage

Ping throughput 10K:
10,000,000 ops
6,267 ms
626 ns/op
1,595,659 ops/s
42.6 % of CPU usage

Initiation 1M:
1,000,000 ops
58 ms
58 ns/op
17,241,379 ops/s
38.8 % of CPU usage
184 bytes per instance
Tests run: 6, Failures: 0, Errors: 0, Skipped: 0, Time elapsed: 23.468 sec

Results :

Tests run: 30, Failures: 0, Errors: 0, Skipped: 0

[INFO] ------------------------------------------------------------------------
[INFO] BUILD SUCCESS
[INFO] ------------------------------------------------------------------------
[INFO] Total time: 3:51.331s
[INFO] Finished at: Tue Jul 30 20:27:20 EEST 2013
[INFO] Final Memory: 18M/1024M
[INFO] ------------------------------------------------------------------------
[WARNING] The requested profile "dev" could not be activated because it does not exist.
