[INFO] Scanning for projects...
[INFO]                                                                         
[INFO] ------------------------------------------------------------------------
[INFO] Building Actors 1.0-SNAPSHOT
[INFO] ------------------------------------------------------------------------
[INFO] 
[INFO] --- maven-clean-plugin:2.3:clean (default-clean) @ actors ---
[INFO] Deleting file set: /home/sergey/workspace/actors/target (included: [**], excluded: [])
[INFO] 
[INFO] --- maven-resources-plugin:2.3:resources (default-resources) @ actors ---
[INFO] Using 'UTF-8' encoding to copy filtered resources.
[INFO] skip non existing resourceDirectory /home/sergey/workspace/actors/src/main/resources
[INFO] 
[INFO] --- scala-maven-plugin:3.1.3:compile (compile) @ actors ---
[WARNING]  Expected all dependencies to require Scala version: 2.10.2
[WARNING]  com.github.plokhotnyuk.actors:actors:1.0-SNAPSHOT requires scala version: 2.10.2
[WARNING]  com.typesafe.akka:akka-actor_2.10:2.2.0 requires scala version: 2.10.2
[WARNING]  net.liftweb:lift-common_2.10:2.5.1 requires scala version: 2.10.0
[WARNING] Multiple versions of scala libraries detected!
[WARNING] No source files found.
[INFO] 
[INFO] --- maven-resources-plugin:2.3:testResources (default-testResources) @ actors ---
[INFO] Using 'UTF-8' encoding to copy filtered resources.
[INFO] skip non existing resourceDirectory /home/sergey/workspace/actors/src/test/resources
[INFO] 
[INFO] --- scala-maven-plugin:3.1.3:testCompile (testCompile) @ actors ---
[WARNING]  Expected all dependencies to require Scala version: 2.10.2
[WARNING]  com.github.plokhotnyuk.actors:actors:1.0-SNAPSHOT requires scala version: 2.10.2
[WARNING]  com.typesafe.akka:akka-actor_2.10:2.2.0 requires scala version: 2.10.2
[WARNING]  net.liftweb:lift-common_2.10:2.5.1 requires scala version: 2.10.0
[WARNING] Multiple versions of scala libraries detected!
[INFO] /home/sergey/workspace/actors/src/test/scala:-1: info: compiling
[INFO] Compiling 11 source files to /home/sergey/workspace/actors/target/test-classes at 1375291509687
[WARNING] warning: there were 2 feature warning(s); re-run with -feature for details
[WARNING] one warning found
[INFO] prepare-compile in 0 s
[INFO] compile in 5 s
[INFO] ------------------------------------------------------------------------
[INFO] BUILD SUCCESS
[INFO] ------------------------------------------------------------------------
[INFO] Total time: 6.609s
[INFO] Finished at: Wed Jul 31 20:25:15 EEST 2013
[INFO] Final Memory: 14M/1024M
[INFO] ------------------------------------------------------------------------
[WARNING] The requested profile "dev" could not be activated because it does not exist.
[INFO] Scanning for projects...
[INFO]                                                                         
[INFO] ------------------------------------------------------------------------
[INFO] Building Actors 1.0-SNAPSHOT
[INFO] ------------------------------------------------------------------------
[INFO] 
[INFO] --- maven-resources-plugin:2.3:resources (default-resources) @ actors ---
[INFO] Using 'UTF-8' encoding to copy filtered resources.
[INFO] skip non existing resourceDirectory /home/sergey/workspace/actors/src/main/resources
[INFO] 
[INFO] --- scala-maven-plugin:3.1.3:compile (compile) @ actors ---
[WARNING]  Expected all dependencies to require Scala version: 2.10.2
[WARNING]  com.github.plokhotnyuk.actors:actors:1.0-SNAPSHOT requires scala version: 2.10.2
[WARNING]  com.typesafe.akka:akka-actor_2.10:2.2.0 requires scala version: 2.10.2
[WARNING]  net.liftweb:lift-common_2.10:2.5.1 requires scala version: 2.10.0
[WARNING] Multiple versions of scala libraries detected!
[WARNING] No source files found.
[INFO] 
[INFO] --- maven-resources-plugin:2.3:testResources (default-testResources) @ actors ---
[INFO] Using 'UTF-8' encoding to copy filtered resources.
[INFO] skip non existing resourceDirectory /home/sergey/workspace/actors/src/test/resources
[INFO] 
[INFO] --- scala-maven-plugin:3.1.3:testCompile (testCompile) @ actors ---
[WARNING]  Expected all dependencies to require Scala version: 2.10.2
[WARNING]  com.github.plokhotnyuk.actors:actors:1.0-SNAPSHOT requires scala version: 2.10.2
[WARNING]  com.typesafe.akka:akka-actor_2.10:2.2.0 requires scala version: 2.10.2
[WARNING]  net.liftweb:lift-common_2.10:2.5.1 requires scala version: 2.10.0
[WARNING] Multiple versions of scala libraries detected!
[INFO] Nothing to compile - all classes are up to date
[INFO] 
[INFO] --- maven-surefire-plugin:2.13:test (default-test) @ actors ---
[INFO] Surefire report directory: /home/sergey/workspace/actors/target/surefire-reports

-------------------------------------------------------
 T E S T S
-------------------------------------------------------

-------------------------------------------------------
 T E S T S
-------------------------------------------------------
Running com.github.plokhotnyuk.actors.AkkaActorSpec
Executor service type: fixed-thread-pool

Single-producer sending:
40,000,000 ops
3,094 ms
77 ns/op
12,928,248 ops/s
52.6 % of CPU usage

Multi-producer sending:
20,000,000 ops
2,218 ms
110 ns/op
9,017,132 ops/s
73.7 % of CPU usage

Max throughput:
40,000,000 ops
1,647 ms
41 ns/op
24,286,581 ops/s
37.9 % of CPU usage

Ping latency:
10,000,000 ops
1,584 ms
158 ns/op
6,313,131 ops/s
26.2 % of CPU usage

Ping throughput 10K:
10,000,000 ops
5,146 ms
514 ns/op
1,943,256 ops/s
29.0 % of CPU usage

Initiation 1M:
1,000,000 ops
10,331 ms
10,331 ns/op
96,796 ops/s
50.3 % of CPU usage
430 bytes per instance
Tests run: 6, Failures: 0, Errors: 0, Skipped: 0, Time elapsed: 35.008 sec
Running com.github.plokhotnyuk.actors.LiftActorSpec
Executor service type: fixed-thread-pool

Single-producer sending:
20,000,000 ops
1,579 ms
78 ns/op
12,666,244 ops/s
41.2 % of CPU usage

Multi-producer sending:
20,000,000 ops
3,183 ms
159 ns/op
6,283,380 ops/s
45.4 % of CPU usage

Max throughput:
20,000,000 ops
1,015 ms
50 ns/op
19,704,433 ops/s
51.0 % of CPU usage

Ping latency:
2,000,000 ops
830 ms
415 ns/op
2,409,638 ops/s
27.7 % of CPU usage

Ping throughput 10K:
5,000,000 ops
1,566 ms
313 ns/op
3,192,848 ops/s
26.3 % of CPU usage

Initiation 1M:
1,000,000 ops
29 ms
29 ns/op
34,482,758 ops/s
60.3 % of CPU usage
72 bytes per instance
Tests run: 6, Failures: 0, Errors: 0, Skipped: 0, Time elapsed: 10.86 sec
Running com.github.plokhotnyuk.actors.ScalaActorSpec
Executor service type: fixed-thread-pool

Single-producer sending:
1,000,000 ops
906 ms
906 ns/op
1,103,752 ops/s
35.6 % of CPU usage

Multi-producer sending:
1,000,000 ops
923 ms
923 ns/op
1,083,423 ops/s
31.4 % of CPU usage

Max throughput:
5,000,000 ops
4,038 ms
807 ns/op
1,238,236 ops/s
26.3 % of CPU usage

Ping latency:
1,000,000 ops
1,644 ms
1,644 ns/op
608,272 ops/s
33.2 % of CPU usage

Ping throughput 10K:
2,000,000 ops
2,937 ms
1,468 ns/op
680,966 ops/s
26.1 % of CPU usage

Initiation 1M:
1,000,000 ops
101 ms
101 ns/op
9,900,990 ops/s
39.6 % of CPU usage
144 bytes per instance
Tests run: 6, Failures: 0, Errors: 0, Skipped: 0, Time elapsed: 14.266 sec
Running com.github.plokhotnyuk.actors.ScalazActor2Spec
Executor service type: fixed-thread-pool

Single-producer sending:
50,000,000 ops
1,689 ms
33 ns/op
29,603,315 ops/s
50.5 % of CPU usage

Multi-producer sending:
50,000,000 ops
4,282 ms
85 ns/op
11,676,786 ops/s
99.2 % of CPU usage

Max throughput:
100,000,000 ops
892 ms
8 ns/op
112,107,623 ops/s
71.2 % of CPU usage

Ping latency:
10,000,000 ops
586 ms
58 ns/op
17,064,846 ops/s
26.5 % of CPU usage

Ping throughput 10K:
10,000,000 ops
862 ms
86 ns/op
11,600,928 ops/s
27.0 % of CPU usage

Initiation 1M:
1,000,000 ops
40 ms
40 ns/op
25,000,000 ops/s
50.0 % of CPU usage
128 bytes per instance
Tests run: 6, Failures: 0, Errors: 0, Skipped: 0, Time elapsed: 12.193 sec
Running com.github.plokhotnyuk.actors.ScalazActorSpec
Executor service type: fixed-thread-pool

Single-producer sending:
50,000,000 ops
1,936 ms
38 ns/op
25,826,446 ops/s
50.4 % of CPU usage

Multi-producer sending:
50,000,000 ops
4,307 ms
86 ns/op
11,609,008 ops/s
98.2 % of CPU usage

Max throughput:
100,000,000 ops
878 ms
8 ns/op
113,895,216 ops/s
69.2 % of CPU usage

Ping latency:
10,000,000 ops
620 ms
62 ns/op
16,129,032 ops/s
26.6 % of CPU usage

Ping throughput 10K:
10,000,000 ops
843 ms
84 ns/op
11,862,396 ops/s
26.4 % of CPU usage

Initiation 1M:
1,000,000 ops
55 ms
55 ns/op
18,181,818 ops/s
45.5 % of CPU usage
184 bytes per instance
Tests run: 6, Failures: 0, Errors: 0, Skipped: 0, Time elapsed: 12.877 sec

Results :

Tests run: 30, Failures: 0, Errors: 0, Skipped: 0

[INFO] ------------------------------------------------------------------------
[INFO] BUILD SUCCESS
[INFO] ------------------------------------------------------------------------
[INFO] Total time: 1:36.093s
[INFO] Finished at: Wed Jul 31 20:26:52 EEST 2013
[INFO] Final Memory: 18M/1024M
[INFO] ------------------------------------------------------------------------
[WARNING] The requested profile "dev" could not be activated because it does not exist.
[INFO] Scanning for projects...
[INFO]                                                                         
[INFO] ------------------------------------------------------------------------
[INFO] Building Actors 1.0-SNAPSHOT
[INFO] ------------------------------------------------------------------------
[INFO] 
[INFO] --- maven-resources-plugin:2.3:resources (default-resources) @ actors ---
[INFO] Using 'UTF-8' encoding to copy filtered resources.
[INFO] skip non existing resourceDirectory /home/sergey/workspace/actors/src/main/resources
[INFO] 
[INFO] --- scala-maven-plugin:3.1.3:compile (compile) @ actors ---
[WARNING]  Expected all dependencies to require Scala version: 2.10.2
[WARNING]  com.github.plokhotnyuk.actors:actors:1.0-SNAPSHOT requires scala version: 2.10.2
[WARNING]  com.typesafe.akka:akka-actor_2.10:2.2.0 requires scala version: 2.10.2
[WARNING]  net.liftweb:lift-common_2.10:2.5.1 requires scala version: 2.10.0
[WARNING] Multiple versions of scala libraries detected!
[WARNING] No source files found.
[INFO] 
[INFO] --- maven-resources-plugin:2.3:testResources (default-testResources) @ actors ---
[INFO] Using 'UTF-8' encoding to copy filtered resources.
[INFO] skip non existing resourceDirectory /home/sergey/workspace/actors/src/test/resources
[INFO] 
[INFO] --- scala-maven-plugin:3.1.3:testCompile (testCompile) @ actors ---
[WARNING]  Expected all dependencies to require Scala version: 2.10.2
[WARNING]  com.github.plokhotnyuk.actors:actors:1.0-SNAPSHOT requires scala version: 2.10.2
[WARNING]  com.typesafe.akka:akka-actor_2.10:2.2.0 requires scala version: 2.10.2
[WARNING]  net.liftweb:lift-common_2.10:2.5.1 requires scala version: 2.10.0
[WARNING] Multiple versions of scala libraries detected!
[INFO] Nothing to compile - all classes are up to date
[INFO] 
[INFO] --- maven-surefire-plugin:2.13:test (default-test) @ actors ---
[INFO] Surefire report directory: /home/sergey/workspace/actors/target/surefire-reports

-------------------------------------------------------
 T E S T S
-------------------------------------------------------

-------------------------------------------------------
 T E S T S
-------------------------------------------------------
Running com.github.plokhotnyuk.actors.AkkaActorSpec
Executor service type: scala-forkjoin-pool

Single-producer sending:
40,000,000 ops
3,789 ms
94 ns/op
10,556,875 ops/s
51.4 % of CPU usage

Multi-producer sending:
20,000,000 ops
2,200 ms
110 ns/op
9,090,909 ops/s
75.7 % of CPU usage

Max throughput:
40,000,000 ops
1,649 ms
41 ns/op
24,257,125 ops/s
37.3 % of CPU usage

Ping latency:
10,000,000 ops
1,457 ms
145 ns/op
6,863,417 ops/s
26.1 % of CPU usage

Ping throughput 10K:
10,000,000 ops
6,465 ms
646 ns/op
1,546,790 ops/s
28.3 % of CPU usage

Initiation 1M:
1,000,000 ops
10,083 ms
10,083 ns/op
99,176 ops/s
56.4 % of CPU usage
430 bytes per instance
Tests run: 6, Failures: 0, Errors: 0, Skipped: 0, Time elapsed: 36.814 sec
Running com.github.plokhotnyuk.actors.LiftActorSpec
Executor service type: scala-forkjoin-pool

Single-producer sending:
20,000,000 ops
1,728 ms
86 ns/op
11,574,074 ops/s
42.0 % of CPU usage

Multi-producer sending:
20,000,000 ops
3,178 ms
158 ns/op
6,293,266 ops/s
45.1 % of CPU usage

Max throughput:
20,000,000 ops
1,083 ms
54 ns/op
18,467,220 ops/s
47.8 % of CPU usage

Ping latency:
2,000,000 ops
912 ms
456 ns/op
2,192,982 ops/s
29.1 % of CPU usage

Ping throughput 10K:
5,000,000 ops
2,183 ms
436 ns/op
2,290,426 ops/s
25.9 % of CPU usage

Initiation 1M:
1,000,000 ops
33 ms
33 ns/op
30,303,030 ops/s
53.0 % of CPU usage
72 bytes per instance
Tests run: 6, Failures: 0, Errors: 0, Skipped: 0, Time elapsed: 11.814 sec
Running com.github.plokhotnyuk.actors.ScalaActorSpec
Executor service type: scala-forkjoin-pool

Single-producer sending:
1,000,000 ops
936 ms
936 ns/op
1,068,376 ops/s
37.1 % of CPU usage

Multi-producer sending:
1,000,000 ops
996 ms
996 ns/op
1,004,016 ops/s
31.1 % of CPU usage

Max throughput:
5,000,000 ops
4,786 ms
957 ns/op
1,044,713 ops/s
26.0 % of CPU usage

Ping latency:
1,000,000 ops
1,842 ms
1,842 ns/op
542,888 ops/s
32.2 % of CPU usage

Ping throughput 10K:
2,000,000 ops
3,477 ms
1,738 ns/op
575,208 ops/s
26.3 % of CPU usage

Initiation 1M:
1,000,000 ops
106 ms
106 ns/op
9,433,962 ops/s
42.5 % of CPU usage
144 bytes per instance
Tests run: 6, Failures: 0, Errors: 0, Skipped: 0, Time elapsed: 15.737 sec
Running com.github.plokhotnyuk.actors.ScalazActor2Spec
Executor service type: scala-forkjoin-pool

Single-producer sending:
50,000,000 ops
1,591 ms
31 ns/op
31,426,775 ops/s
51.4 % of CPU usage

Multi-producer sending:
50,000,000 ops
4,227 ms
84 ns/op
11,828,720 ops/s
99.5 % of CPU usage

Max throughput:
100,000,000 ops
770 ms
7 ns/op
129,870,129 ops/s
88.6 % of CPU usage

Ping latency:
10,000,000 ops
958 ms
95 ns/op
10,438,413 ops/s
27.4 % of CPU usage

Ping throughput 10K:
10,000,000 ops
1,353 ms
135 ns/op
7,390,983 ops/s
26.2 % of CPU usage

Initiation 1M:
1,000,000 ops
44 ms
44 ns/op
22,727,272 ops/s
51.1 % of CPU usage
128 bytes per instance
Tests run: 6, Failures: 0, Errors: 0, Skipped: 0, Time elapsed: 12.861 sec
Running com.github.plokhotnyuk.actors.ScalazActorSpec
Executor service type: scala-forkjoin-pool

Single-producer sending:
50,000,000 ops
1,970 ms
39 ns/op
25,380,710 ops/s
52.3 % of CPU usage

Multi-producer sending:
50,000,000 ops
4,232 ms
84 ns/op
11,814,744 ops/s
98.9 % of CPU usage

Max throughput:
100,000,000 ops
693 ms
6 ns/op
144,300,144 ops/s
83.0 % of CPU usage

Ping latency:
10,000,000 ops
989 ms
98 ns/op
10,111,223 ops/s
27.3 % of CPU usage

Ping throughput 10K:
10,000,000 ops
1,909 ms
190 ns/op
5,238,344 ops/s
25.7 % of CPU usage

Initiation 1M:
1,000,000 ops
52 ms
52 ns/op
19,230,769 ops/s
38.5 % of CPU usage
184 bytes per instance
Tests run: 6, Failures: 0, Errors: 0, Skipped: 0, Time elapsed: 14.16 sec

Results :

Tests run: 30, Failures: 0, Errors: 0, Skipped: 0

[INFO] ------------------------------------------------------------------------
[INFO] BUILD SUCCESS
[INFO] ------------------------------------------------------------------------
[INFO] Total time: 1:42.258s
[INFO] Finished at: Wed Jul 31 20:28:36 EEST 2013
[INFO] Final Memory: 18M/1024M
[INFO] ------------------------------------------------------------------------
[WARNING] The requested profile "dev" could not be activated because it does not exist.
[INFO] Scanning for projects...
[INFO]                                                                         
[INFO] ------------------------------------------------------------------------
[INFO] Building Actors 1.0-SNAPSHOT
[INFO] ------------------------------------------------------------------------
[INFO] 
[INFO] --- maven-resources-plugin:2.3:resources (default-resources) @ actors ---
[INFO] Using 'UTF-8' encoding to copy filtered resources.
[INFO] skip non existing resourceDirectory /home/sergey/workspace/actors/src/main/resources
[INFO] 
[INFO] --- scala-maven-plugin:3.1.3:compile (compile) @ actors ---
[WARNING]  Expected all dependencies to require Scala version: 2.10.2
[WARNING]  com.github.plokhotnyuk.actors:actors:1.0-SNAPSHOT requires scala version: 2.10.2
[WARNING]  com.typesafe.akka:akka-actor_2.10:2.2.0 requires scala version: 2.10.2
[WARNING]  net.liftweb:lift-common_2.10:2.5.1 requires scala version: 2.10.0
[WARNING] Multiple versions of scala libraries detected!
[WARNING] No source files found.
[INFO] 
[INFO] --- maven-resources-plugin:2.3:testResources (default-testResources) @ actors ---
[INFO] Using 'UTF-8' encoding to copy filtered resources.
[INFO] skip non existing resourceDirectory /home/sergey/workspace/actors/src/test/resources
[INFO] 
[INFO] --- scala-maven-plugin:3.1.3:testCompile (testCompile) @ actors ---
[WARNING]  Expected all dependencies to require Scala version: 2.10.2
[WARNING]  com.github.plokhotnyuk.actors:actors:1.0-SNAPSHOT requires scala version: 2.10.2
[WARNING]  com.typesafe.akka:akka-actor_2.10:2.2.0 requires scala version: 2.10.2
[WARNING]  net.liftweb:lift-common_2.10:2.5.1 requires scala version: 2.10.0
[WARNING] Multiple versions of scala libraries detected!
[INFO] Nothing to compile - all classes are up to date
[INFO] 
[INFO] --- maven-surefire-plugin:2.13:test (default-test) @ actors ---
[INFO] Surefire report directory: /home/sergey/workspace/actors/target/surefire-reports

-------------------------------------------------------
 T E S T S
-------------------------------------------------------

-------------------------------------------------------
 T E S T S
-------------------------------------------------------
Running com.github.plokhotnyuk.actors.AkkaActorSpec
Executor service type: java-forkjoin-pool

Single-producer sending:
40,000,000 ops
2,817 ms
70 ns/op
14,199,503 ops/s
50.9 % of CPU usage

Multi-producer sending:
20,000,000 ops
2,292 ms
114 ns/op
8,726,003 ops/s
76.5 % of CPU usage

Max throughput:
40,000,000 ops
1,652 ms
41 ns/op
24,213,075 ops/s
36.9 % of CPU usage

Ping latency:
10,000,000 ops
1,227 ms
122 ns/op
8,149,959 ops/s
26.1 % of CPU usage

Ping throughput 10K:
10,000,000 ops
1,358 ms
135 ns/op
7,363,770 ops/s
42.2 % of CPU usage

Initiation 1M:
1,000,000 ops
10,546 ms
10,546 ns/op
94,822 ops/s
49.0 % of CPU usage
430 bytes per instance
Tests run: 6, Failures: 0, Errors: 0, Skipped: 0, Time elapsed: 31.393 sec
Running com.github.plokhotnyuk.actors.LiftActorSpec
Executor service type: java-forkjoin-pool

Single-producer sending:
20,000,000 ops
1,754 ms
87 ns/op
11,402,508 ops/s
42.3 % of CPU usage

Multi-producer sending:
20,000,000 ops
3,113 ms
155 ns/op
6,424,670 ops/s
45.4 % of CPU usage

Max throughput:
20,000,000 ops
1,041 ms
52 ns/op
19,212,295 ops/s
49.2 % of CPU usage

Ping latency:
2,000,000 ops
767 ms
383 ns/op
2,607,561 ops/s
28.7 % of CPU usage

Ping throughput 10K:
5,000,000 ops
1,655 ms
331 ns/op
3,021,148 ops/s
26.7 % of CPU usage

Initiation 1M:
1,000,000 ops
30 ms
30 ns/op
33,333,333 ops/s
50.0 % of CPU usage
72 bytes per instance
Tests run: 6, Failures: 0, Errors: 0, Skipped: 0, Time elapsed: 11.027 sec
Running com.github.plokhotnyuk.actors.ScalaActorSpec
Executor service type: java-forkjoin-pool

Single-producer sending:
1,000,000 ops
866 ms
866 ns/op
1,154,734 ops/s
37.5 % of CPU usage

Multi-producer sending:
1,000,000 ops
872 ms
872 ns/op
1,146,788 ops/s
33.0 % of CPU usage

Max throughput:
5,000,000 ops
3,736 ms
747 ns/op
1,338,329 ops/s
26.2 % of CPU usage

Ping latency:
1,000,000 ops
1,571 ms
1,571 ns/op
636,537 ops/s
31.3 % of CPU usage

Ping throughput 10K:
2,000,000 ops
2,895 ms
1,447 ns/op
690,846 ops/s
26.3 % of CPU usage

Initiation 1M:
1,000,000 ops
103 ms
103 ns/op
9,708,737 ops/s
41.3 % of CPU usage
144 bytes per instance
Tests run: 6, Failures: 0, Errors: 0, Skipped: 0, Time elapsed: 13.744 sec
Running com.github.plokhotnyuk.actors.ScalazActor2Spec
Executor service type: java-forkjoin-pool

Single-producer sending:
50,000,000 ops
1,845 ms
36 ns/op
27,100,271 ops/s
51.5 % of CPU usage

Multi-producer sending:
50,000,000 ops
3,371 ms
67 ns/op
14,832,393 ops/s
97.7 % of CPU usage

Max throughput:
100,000,000 ops
710 ms
7 ns/op
140,845,070 ops/s
89.4 % of CPU usage

Ping latency:
10,000,000 ops
606 ms
60 ns/op
16,501,650 ops/s
27.6 % of CPU usage

Ping throughput 10K:
10,000,000 ops
621 ms
62 ns/op
16,103,059 ops/s
29.8 % of CPU usage

Initiation 1M:
1,000,000 ops
37 ms
37 ns/op
27,027,027 ops/s
54.1 % of CPU usage
128 bytes per instance
Tests run: 6, Failures: 0, Errors: 0, Skipped: 0, Time elapsed: 9.538 sec
Running com.github.plokhotnyuk.actors.ScalazActorSpec
Executor service type: java-forkjoin-pool

Single-producer sending:
50,000,000 ops
2,330 ms
46 ns/op
21,459,227 ops/s
51.0 % of CPU usage

Multi-producer sending:
50,000,000 ops
4,354 ms
87 ns/op
11,483,693 ops/s
97.8 % of CPU usage

Max throughput:
100,000,000 ops
928 ms
9 ns/op
107,758,620 ops/s
68.7 % of CPU usage

Ping latency:
10,000,000 ops
643 ms
64 ns/op
15,552,099 ops/s
28.8 % of CPU usage

Ping throughput 10K:
10,000,000 ops
658 ms
65 ns/op
15,197,568 ops/s
28.9 % of CPU usage

Initiation 1M:
1,000,000 ops
53 ms
53 ns/op
18,867,924 ops/s
42.5 % of CPU usage
184 bytes per instance
Tests run: 6, Failures: 0, Errors: 0, Skipped: 0, Time elapsed: 11.638 sec

Results :

Tests run: 30, Failures: 0, Errors: 0, Skipped: 0

[INFO] ------------------------------------------------------------------------
[INFO] BUILD SUCCESS
[INFO] ------------------------------------------------------------------------
[INFO] Total time: 1:28.189s
[INFO] Finished at: Wed Jul 31 20:30:05 EEST 2013
[INFO] Final Memory: 18M/1024M
[INFO] ------------------------------------------------------------------------
[WARNING] The requested profile "dev" could not be activated because it does not exist.
[INFO] Scanning for projects...
[INFO]                                                                         
[INFO] ------------------------------------------------------------------------
[INFO] Building Actors 1.0-SNAPSHOT
[INFO] ------------------------------------------------------------------------
[INFO] 
[INFO] --- maven-resources-plugin:2.3:resources (default-resources) @ actors ---
[INFO] Using 'UTF-8' encoding to copy filtered resources.
[INFO] skip non existing resourceDirectory /home/sergey/workspace/actors/src/main/resources
[INFO] 
[INFO] --- scala-maven-plugin:3.1.3:compile (compile) @ actors ---
[WARNING]  Expected all dependencies to require Scala version: 2.10.2
[WARNING]  com.github.plokhotnyuk.actors:actors:1.0-SNAPSHOT requires scala version: 2.10.2
[WARNING]  com.typesafe.akka:akka-actor_2.10:2.2.0 requires scala version: 2.10.2
[WARNING]  net.liftweb:lift-common_2.10:2.5.1 requires scala version: 2.10.0
[WARNING] Multiple versions of scala libraries detected!
[WARNING] No source files found.
[INFO] 
[INFO] --- maven-resources-plugin:2.3:testResources (default-testResources) @ actors ---
[INFO] Using 'UTF-8' encoding to copy filtered resources.
[INFO] skip non existing resourceDirectory /home/sergey/workspace/actors/src/test/resources
[INFO] 
[INFO] --- scala-maven-plugin:3.1.3:testCompile (testCompile) @ actors ---
[WARNING]  Expected all dependencies to require Scala version: 2.10.2
[WARNING]  com.github.plokhotnyuk.actors:actors:1.0-SNAPSHOT requires scala version: 2.10.2
[WARNING]  com.typesafe.akka:akka-actor_2.10:2.2.0 requires scala version: 2.10.2
[WARNING]  net.liftweb:lift-common_2.10:2.5.1 requires scala version: 2.10.0
[WARNING] Multiple versions of scala libraries detected!
[INFO] Nothing to compile - all classes are up to date
[INFO] 
[INFO] --- maven-surefire-plugin:2.13:test (default-test) @ actors ---
[INFO] Surefire report directory: /home/sergey/workspace/actors/target/surefire-reports

-------------------------------------------------------
 T E S T S
-------------------------------------------------------

-------------------------------------------------------
 T E S T S
-------------------------------------------------------
Running com.github.plokhotnyuk.actors.AkkaActorSpec
Executor service type: thread-pool

Single-producer sending:
40,000,000 ops
2,898 ms
72 ns/op
13,802,622 ops/s
51.4 % of CPU usage

Multi-producer sending:
20,000,000 ops
2,301 ms
115 ns/op
8,691,873 ops/s
75.3 % of CPU usage

Max throughput:
40,000,000 ops
1,601 ms
40 ns/op
24,984,384 ops/s
37.6 % of CPU usage

Ping latency:
10,000,000 ops
2,006 ms
200 ns/op
4,985,044 ops/s
25.9 % of CPU usage

Ping throughput 10K:
10,000,000 ops
5,714 ms
571 ns/op
1,750,087 ops/s
28.5 % of CPU usage

Initiation 1M:
1,000,000 ops
10,441 ms
10,441 ns/op
95,776 ops/s
50.4 % of CPU usage
430 bytes per instance
Tests run: 6, Failures: 0, Errors: 0, Skipped: 0, Time elapsed: 35.784 sec
Running com.github.plokhotnyuk.actors.LiftActorSpec
Executor service type: thread-pool

Single-producer sending:
20,000,000 ops
1,643 ms
82 ns/op
12,172,854 ops/s
41.5 % of CPU usage

Multi-producer sending:
20,000,000 ops
3,172 ms
158 ns/op
6,305,170 ops/s
41.4 % of CPU usage

Max throughput:
20,000,000 ops
1,028 ms
51 ns/op
19,455,252 ops/s
49.6 % of CPU usage

Ping latency:
2,000,000 ops
878 ms
439 ns/op
2,277,904 ops/s
29.9 % of CPU usage

Ping throughput 10K:
5,000,000 ops
1,746 ms
349 ns/op
2,863,688 ops/s
25.8 % of CPU usage

Initiation 1M:
1,000,000 ops
30 ms
30 ns/op
33,333,333 ops/s
50.0 % of CPU usage
72 bytes per instance
Tests run: 6, Failures: 0, Errors: 0, Skipped: 0, Time elapsed: 11.169 sec
Running com.github.plokhotnyuk.actors.ScalaActorSpec
Executor service type: thread-pool

Single-producer sending:
1,000,000 ops
1,027 ms
1,027 ns/op
973,709 ops/s
35.8 % of CPU usage

Multi-producer sending:
1,000,000 ops
1,278 ms
1,278 ns/op
782,472 ops/s
29.3 % of CPU usage

Max throughput:
5,000,000 ops
6,086 ms
1,217 ns/op
821,557 ops/s
25.8 % of CPU usage

Ping latency:
1,000,000 ops
1,727 ms
1,727 ns/op
579,038 ops/s
28.8 % of CPU usage

Ping throughput 10K:
2,000,000 ops
3,460 ms
1,730 ns/op
578,034 ops/s
25.9 % of CPU usage

Initiation 1M:
1,000,000 ops
106 ms
106 ns/op
9,433,962 ops/s
40.1 % of CPU usage
144 bytes per instance
Tests run: 6, Failures: 0, Errors: 0, Skipped: 0, Time elapsed: 17.358 sec
Running com.github.plokhotnyuk.actors.ScalazActor2Spec
Executor service type: thread-pool

Single-producer sending:
50,000,000 ops
1,484 ms
29 ns/op
33,692,722 ops/s
52.2 % of CPU usage

Multi-producer sending:
50,000,000 ops
4,338 ms
86 ns/op
11,526,048 ops/s
98.2 % of CPU usage

Max throughput:
100,000,000 ops
695 ms
6 ns/op
143,884,892 ops/s
78.8 % of CPU usage

Ping latency:
10,000,000 ops
1,067 ms
106 ns/op
9,372,071 ops/s
26.7 % of CPU usage

Ping throughput 10K:
10,000,000 ops
1,244 ms
124 ns/op
8,038,585 ops/s
26.1 % of CPU usage

Initiation 1M:
1,000,000 ops
37 ms
37 ns/op
27,027,027 ops/s
54.1 % of CPU usage
128 bytes per instance
Tests run: 6, Failures: 0, Errors: 0, Skipped: 0, Time elapsed: 12.715 sec
Running com.github.plokhotnyuk.actors.ScalazActorSpec
Executor service type: thread-pool

Single-producer sending:
50,000,000 ops
1,652 ms
33 ns/op
30,266,343 ops/s
52.8 % of CPU usage

Multi-producer sending:
50,000,000 ops
4,131 ms
82 ns/op
12,103,606 ops/s
99.5 % of CPU usage

Max throughput:
100,000,000 ops
646 ms
6 ns/op
154,798,761 ops/s
83.6 % of CPU usage

Ping latency:
10,000,000 ops
1,080 ms
108 ns/op
9,259,259 ops/s
26.4 % of CPU usage

Ping throughput 10K:
10,000,000 ops
1,356 ms
135 ns/op
7,374,631 ops/s
26.0 % of CPU usage

Initiation 1M:
1,000,000 ops
55 ms
55 ns/op
18,181,818 ops/s
40.9 % of CPU usage
184 bytes per instance
Tests run: 6, Failures: 0, Errors: 0, Skipped: 0, Time elapsed: 13.163 sec

Results :

Tests run: 30, Failures: 0, Errors: 0, Skipped: 0

[INFO] ------------------------------------------------------------------------
[INFO] BUILD SUCCESS
[INFO] ------------------------------------------------------------------------
[INFO] Total time: 1:41.052s
[INFO] Finished at: Wed Jul 31 20:31:47 EEST 2013
[INFO] Final Memory: 18M/1024M
[INFO] ------------------------------------------------------------------------
[WARNING] The requested profile "dev" could not be activated because it does not exist.
