[INFO] Scanning for projects...
[INFO]                                                                         
[INFO] ------------------------------------------------------------------------
[INFO] Building Actors 1.0-SNAPSHOT
[INFO] ------------------------------------------------------------------------
[INFO] 
[INFO] --- maven-clean-plugin:2.3:clean (default-clean) @ actors ---
[INFO] Deleting file set: /home/sergey/workspace/actors/target (included: [**], excluded: [])
[INFO] 
[INFO] --- maven-resources-plugin:2.3:resources (default-resources) @ actors ---
[INFO] Using 'UTF-8' encoding to copy filtered resources.
[INFO] skip non existing resourceDirectory /home/sergey/workspace/actors/src/main/resources
[INFO] 
[INFO] --- scala-maven-plugin:3.1.3:compile (compile) @ actors ---
[WARNING]  Expected all dependencies to require Scala version: 2.10.2
[WARNING]  com.github.plokhotnyuk.actors:actors:1.0-SNAPSHOT requires scala version: 2.10.2
[WARNING]  com.typesafe.akka:akka-actor_2.10:2.2.0 requires scala version: 2.10.2
[WARNING]  net.liftweb:lift-common_2.10:2.5.1 requires scala version: 2.10.0
[WARNING] Multiple versions of scala libraries detected!
[WARNING] No source files found.
[INFO] 
[INFO] --- maven-resources-plugin:2.3:testResources (default-testResources) @ actors ---
[INFO] Using 'UTF-8' encoding to copy filtered resources.
[INFO] skip non existing resourceDirectory /home/sergey/workspace/actors/src/test/resources
[INFO] 
[INFO] --- scala-maven-plugin:3.1.3:testCompile (testCompile) @ actors ---
[WARNING]  Expected all dependencies to require Scala version: 2.10.2
[WARNING]  com.github.plokhotnyuk.actors:actors:1.0-SNAPSHOT requires scala version: 2.10.2
[WARNING]  com.typesafe.akka:akka-actor_2.10:2.2.0 requires scala version: 2.10.2
[WARNING]  net.liftweb:lift-common_2.10:2.5.1 requires scala version: 2.10.0
[WARNING] Multiple versions of scala libraries detected!
[INFO] /home/sergey/workspace/actors/src/test/scala:-1: info: compiling
[INFO] Compiling 11 source files to /home/sergey/workspace/actors/target/test-classes at 1375204060954
[WARNING] warning: there were 2 feature warning(s); re-run with -feature for details
[WARNING] one warning found
[INFO] prepare-compile in 0 s
[INFO] compile in 5 s
[INFO] ------------------------------------------------------------------------
[INFO] BUILD SUCCESS
[INFO] ------------------------------------------------------------------------
[INFO] Total time: 6.556s
[INFO] Finished at: Tue Jul 30 20:07:46 EEST 2013
[INFO] Final Memory: 14M/1024M
[INFO] ------------------------------------------------------------------------
[WARNING] The requested profile "dev" could not be activated because it does not exist.
[INFO] Scanning for projects...
[INFO]                                                                         
[INFO] ------------------------------------------------------------------------
[INFO] Building Actors 1.0-SNAPSHOT
[INFO] ------------------------------------------------------------------------
[INFO] 
[INFO] --- maven-resources-plugin:2.3:resources (default-resources) @ actors ---
[INFO] Using 'UTF-8' encoding to copy filtered resources.
[INFO] skip non existing resourceDirectory /home/sergey/workspace/actors/src/main/resources
[INFO] 
[INFO] --- scala-maven-plugin:3.1.3:compile (compile) @ actors ---
[WARNING]  Expected all dependencies to require Scala version: 2.10.2
[WARNING]  com.github.plokhotnyuk.actors:actors:1.0-SNAPSHOT requires scala version: 2.10.2
[WARNING]  com.typesafe.akka:akka-actor_2.10:2.2.0 requires scala version: 2.10.2
[WARNING]  net.liftweb:lift-common_2.10:2.5.1 requires scala version: 2.10.0
[WARNING] Multiple versions of scala libraries detected!
[WARNING] No source files found.
[INFO] 
[INFO] --- maven-resources-plugin:2.3:testResources (default-testResources) @ actors ---
[INFO] Using 'UTF-8' encoding to copy filtered resources.
[INFO] skip non existing resourceDirectory /home/sergey/workspace/actors/src/test/resources
[INFO] 
[INFO] --- scala-maven-plugin:3.1.3:testCompile (testCompile) @ actors ---
[WARNING]  Expected all dependencies to require Scala version: 2.10.2
[WARNING]  com.github.plokhotnyuk.actors:actors:1.0-SNAPSHOT requires scala version: 2.10.2
[WARNING]  com.typesafe.akka:akka-actor_2.10:2.2.0 requires scala version: 2.10.2
[WARNING]  net.liftweb:lift-common_2.10:2.5.1 requires scala version: 2.10.0
[WARNING] Multiple versions of scala libraries detected!
[INFO] Nothing to compile - all classes are up to date
[INFO] 
[INFO] --- maven-surefire-plugin:2.13:test (default-test) @ actors ---
[INFO] Surefire report directory: /home/sergey/workspace/actors/target/surefire-reports

-------------------------------------------------------
 T E S T S
-------------------------------------------------------

-------------------------------------------------------
 T E S T S
-------------------------------------------------------
Running com.github.plokhotnyuk.actors.AkkaActorSpec
Executor service type: fixed-thread-pool

Single-producer sending:
40,000,000 ops
3,279 ms
81 ns/op
12,198,841 ops/s
57.6 % of CPU usage

Multi-producer sending:
20,000,000 ops
2,355 ms
117 ns/op
8,492,569 ops/s
77.8 % of CPU usage

Max throughput:
40,000,000 ops
718 ms
17 ns/op
55,710,306 ops/s
97.8 % of CPU usage

Ping latency:
10,000,000 ops
9,254 ms
925 ns/op
1,080,613 ops/s
47.9 % of CPU usage

Ping throughput 10K:
10,000,000 ops
2,136 ms
213 ns/op
4,681,647 ops/s
99.3 % of CPU usage

Initiation 1M:
1,000,000 ops
10,647 ms
10,647 ns/op
93,923 ops/s
68.9 % of CPU usage
430 bytes per instance
Tests run: 6, Failures: 0, Errors: 0, Skipped: 0, Time elapsed: 39.038 sec
Running com.github.plokhotnyuk.actors.LiftActorSpec
Executor service type: fixed-thread-pool

Single-producer sending:
20,000,000 ops
1,677 ms
83 ns/op
11,926,058 ops/s
42.0 % of CPU usage

Multi-producer sending:
20,000,000 ops
3,132 ms
156 ns/op
6,385,696 ops/s
43.3 % of CPU usage

Max throughput:
20,000,000 ops
628 ms
31 ns/op
31,847,133 ops/s
95.5 % of CPU usage

Ping latency:
2,000,000 ops
3,761 ms
1,880 ns/op
531,773 ops/s
49.2 % of CPU usage

Ping throughput 10K:
5,000,000 ops
1,059 ms
211 ns/op
4,721,435 ops/s
76.0 % of CPU usage

Initiation 1M:
1,000,000 ops
33 ms
33 ns/op
30,303,030 ops/s
60.6 % of CPU usage
72 bytes per instance
Tests run: 6, Failures: 0, Errors: 0, Skipped: 0, Time elapsed: 12.951 sec
Running com.github.plokhotnyuk.actors.ScalaActorSpec
Executor service type: fixed-thread-pool

Single-producer sending:
1,000,000 ops
4,134 ms
4,134 ns/op
241,896 ops/s
53.3 % of CPU usage

Multi-producer sending:
1,000,000 ops
3,941 ms
3,941 ns/op
253,742 ops/s
52.3 % of CPU usage

Max throughput:
5,000,000 ops
2,240 ms
448 ns/op
2,232,142 ops/s
78.7 % of CPU usage

Ping latency:
1,000,000 ops
3,426 ms
3,426 ns/op
291,885 ops/s
50.4 % of CPU usage

Ping throughput 10K:
2,000,000 ops
1,490 ms
745 ns/op
1,342,281 ops/s
94.1 % of CPU usage

Initiation 1M:
1,000,000 ops
101 ms
101 ns/op
9,900,990 ops/s
39.6 % of CPU usage
144 bytes per instance
Tests run: 6, Failures: 0, Errors: 0, Skipped: 0, Time elapsed: 19.068 sec
Running com.github.plokhotnyuk.actors.ScalazActor2Spec
Executor service type: fixed-thread-pool

Single-producer sending:
50,000,000 ops
1,284 ms
25 ns/op
38,940,809 ops/s
74.6 % of CPU usage

Multi-producer sending:
50,000,000 ops
3,740 ms
74 ns/op
13,368,983 ops/s
96.1 % of CPU usage

Max throughput:
100,000,000 ops
683 ms
6 ns/op
146,412,884 ops/s
97.7 % of CPU usage

Ping latency:
10,000,000 ops
2,892 ms
289 ns/op
3,457,814 ops/s
47.5 % of CPU usage

Ping throughput 10K:
10,000,000 ops
1,628 ms
162 ns/op
6,142,506 ops/s
60.4 % of CPU usage

Initiation 1M:
1,000,000 ops
43 ms
43 ns/op
23,255,813 ops/s
46.5 % of CPU usage
120 bytes per instance
Tests run: 6, Failures: 0, Errors: 0, Skipped: 0, Time elapsed: 14.085 sec
Running com.github.plokhotnyuk.actors.ScalazActorSpec
Executor service type: fixed-thread-pool

Single-producer sending:
50,000,000 ops
1,386 ms
27 ns/op
36,075,036 ops/s
74.1 % of CPU usage

Multi-producer sending:
50,000,000 ops
3,251 ms
65 ns/op
15,379,883 ops/s
99.2 % of CPU usage

Max throughput:
100,000,000 ops
647 ms
6 ns/op
154,559,505 ops/s
98.1 % of CPU usage

Ping latency:
10,000,000 ops
2,805 ms
280 ns/op
3,565,062 ops/s
47.5 % of CPU usage

Ping throughput 10K:
10,000,000 ops
1,510 ms
151 ns/op
6,622,516 ops/s
73.2 % of CPU usage

Initiation 1M:
1,000,000 ops
51 ms
51 ns/op
19,607,843 ops/s
39.2 % of CPU usage
184 bytes per instance
Tests run: 6, Failures: 0, Errors: 0, Skipped: 0, Time elapsed: 13.842 sec

Results :

Tests run: 30, Failures: 0, Errors: 0, Skipped: 0

[INFO] ------------------------------------------------------------------------
[INFO] BUILD SUCCESS
[INFO] ------------------------------------------------------------------------
[INFO] Total time: 1:49.838s
[INFO] Finished at: Tue Jul 30 20:09:37 EEST 2013
[INFO] Final Memory: 18M/1024M
[INFO] ------------------------------------------------------------------------
[WARNING] The requested profile "dev" could not be activated because it does not exist.
[INFO] Scanning for projects...
[INFO]                                                                         
[INFO] ------------------------------------------------------------------------
[INFO] Building Actors 1.0-SNAPSHOT
[INFO] ------------------------------------------------------------------------
[INFO] 
[INFO] --- maven-resources-plugin:2.3:resources (default-resources) @ actors ---
[INFO] Using 'UTF-8' encoding to copy filtered resources.
[INFO] skip non existing resourceDirectory /home/sergey/workspace/actors/src/main/resources
[INFO] 
[INFO] --- scala-maven-plugin:3.1.3:compile (compile) @ actors ---
[WARNING]  Expected all dependencies to require Scala version: 2.10.2
[WARNING]  com.github.plokhotnyuk.actors:actors:1.0-SNAPSHOT requires scala version: 2.10.2
[WARNING]  com.typesafe.akka:akka-actor_2.10:2.2.0 requires scala version: 2.10.2
[WARNING]  net.liftweb:lift-common_2.10:2.5.1 requires scala version: 2.10.0
[WARNING] Multiple versions of scala libraries detected!
[WARNING] No source files found.
[INFO] 
[INFO] --- maven-resources-plugin:2.3:testResources (default-testResources) @ actors ---
[INFO] Using 'UTF-8' encoding to copy filtered resources.
[INFO] skip non existing resourceDirectory /home/sergey/workspace/actors/src/test/resources
[INFO] 
[INFO] --- scala-maven-plugin:3.1.3:testCompile (testCompile) @ actors ---
[WARNING]  Expected all dependencies to require Scala version: 2.10.2
[WARNING]  com.github.plokhotnyuk.actors:actors:1.0-SNAPSHOT requires scala version: 2.10.2
[WARNING]  com.typesafe.akka:akka-actor_2.10:2.2.0 requires scala version: 2.10.2
[WARNING]  net.liftweb:lift-common_2.10:2.5.1 requires scala version: 2.10.0
[WARNING] Multiple versions of scala libraries detected!
[INFO] Nothing to compile - all classes are up to date
[INFO] 
[INFO] --- maven-surefire-plugin:2.13:test (default-test) @ actors ---
[INFO] Surefire report directory: /home/sergey/workspace/actors/target/surefire-reports

-------------------------------------------------------
 T E S T S
-------------------------------------------------------

-------------------------------------------------------
 T E S T S
-------------------------------------------------------
Running com.github.plokhotnyuk.actors.AkkaActorSpec
Executor service type: scala-forkjoin-pool

Single-producer sending:
40,000,000 ops
3,351 ms
83 ns/op
11,936,735 ops/s
49.2 % of CPU usage

Multi-producer sending:
20,000,000 ops
2,320 ms
116 ns/op
8,620,689 ops/s
74.7 % of CPU usage

Max throughput:
40,000,000 ops
817 ms
20 ns/op
48,959,608 ops/s
95.2 % of CPU usage

Ping latency:
10,000,000 ops
4,293 ms
429 ns/op
2,329,373 ops/s
99.2 % of CPU usage

Ping throughput 10K:
10,000,000 ops
1,969 ms
196 ns/op
5,078,720 ops/s
99.5 % of CPU usage

Initiation 1M:
1,000,000 ops
9,898 ms
9,898 ns/op
101,030 ops/s
55.9 % of CPU usage
430 bytes per instance
Tests run: 6, Failures: 0, Errors: 0, Skipped: 0, Time elapsed: 34.077 sec
Running com.github.plokhotnyuk.actors.LiftActorSpec
Executor service type: scala-forkjoin-pool

Single-producer sending:
20,000,000 ops
1,915 ms
95 ns/op
10,443,864 ops/s
43.5 % of CPU usage

Multi-producer sending:
20,000,000 ops
3,161 ms
158 ns/op
6,327,111 ops/s
43.2 % of CPU usage

Max throughput:
20,000,000 ops
636 ms
31 ns/op
31,446,540 ops/s
94.7 % of CPU usage

Ping latency:
2,000,000 ops
1,322 ms
661 ns/op
1,512,859 ops/s
99.1 % of CPU usage

Ping throughput 10K:
5,000,000 ops
873 ms
174 ns/op
5,727,376 ops/s
95.4 % of CPU usage

Initiation 1M:
1,000,000 ops
32 ms
32 ns/op
31,250,000 ops/s
54.7 % of CPU usage
72 bytes per instance
Tests run: 6, Failures: 0, Errors: 0, Skipped: 0, Time elapsed: 10.627 sec
Running com.github.plokhotnyuk.actors.ScalaActorSpec
Executor service type: scala-forkjoin-pool

Single-producer sending:
1,000,000 ops
1,067 ms
1,067 ns/op
937,207 ops/s
98.4 % of CPU usage

Multi-producer sending:
1,000,000 ops
1,140 ms
1,140 ns/op
877,192 ops/s
95.0 % of CPU usage

Max throughput:
5,000,000 ops
1,959 ms
391 ns/op
2,552,322 ops/s
99.3 % of CPU usage

Ping latency:
1,000,000 ops
1,294 ms
1,294 ns/op
772,797 ops/s
98.0 % of CPU usage

Ping throughput 10K:
2,000,000 ops
1,171 ms
585 ns/op
1,707,941 ops/s
99.1 % of CPU usage

Initiation 1M:
1,000,000 ops
103 ms
103 ns/op
9,708,737 ops/s
41.3 % of CPU usage
143 bytes per instance
Tests run: 6, Failures: 0, Errors: 0, Skipped: 0, Time elapsed: 10.398 sec
Running com.github.plokhotnyuk.actors.ScalazActor2Spec
Executor service type: scala-forkjoin-pool

Single-producer sending:
50,000,000 ops
1,451 ms
29 ns/op
34,458,993 ops/s
98.2 % of CPU usage

Multi-producer sending:
50,000,000 ops
3,653 ms
73 ns/op
13,687,380 ops/s
99.4 % of CPU usage

Max throughput:
100,000,000 ops
619 ms
6 ns/op
161,550,888 ops/s
98.1 % of CPU usage

Ping latency:
10,000,000 ops
2,262 ms
226 ns/op
4,420,866 ops/s
98.9 % of CPU usage

Ping throughput 10K:
10,000,000 ops
1,050 ms
105 ns/op
9,523,809 ops/s
99.0 % of CPU usage

Initiation 1M:
1,000,000 ops
48 ms
48 ns/op
20,833,333 ops/s
52.1 % of CPU usage
119 bytes per instance
Tests run: 6, Failures: 0, Errors: 0, Skipped: 0, Time elapsed: 13.009 sec
Running com.github.plokhotnyuk.actors.ScalazActorSpec
Executor service type: scala-forkjoin-pool

Single-producer sending:
50,000,000 ops
1,373 ms
27 ns/op
36,416,605 ops/s
97.8 % of CPU usage

Multi-producer sending:
50,000,000 ops
3,385 ms
67 ns/op
14,771,048 ops/s
99.3 % of CPU usage

Max throughput:
100,000,000 ops
1,190 ms
11 ns/op
84,033,613 ops/s
98.9 % of CPU usage

Ping latency:
10,000,000 ops
2,462 ms
246 ns/op
4,061,738 ops/s
98.9 % of CPU usage

Ping throughput 10K:
10,000,000 ops
1,272 ms
127 ns/op
7,861,635 ops/s
98.9 % of CPU usage

Initiation 1M:
1,000,000 ops
57 ms
57 ns/op
17,543,859 ops/s
39.5 % of CPU usage
183 bytes per instance
Tests run: 6, Failures: 0, Errors: 0, Skipped: 0, Time elapsed: 14.045 sec

Results :

Tests run: 30, Failures: 0, Errors: 0, Skipped: 0

[INFO] ------------------------------------------------------------------------
[INFO] BUILD SUCCESS
[INFO] ------------------------------------------------------------------------
[INFO] Total time: 1:33.055s
[INFO] Finished at: Tue Jul 30 20:11:11 EEST 2013
[INFO] Final Memory: 18M/1024M
[INFO] ------------------------------------------------------------------------
[WARNING] The requested profile "dev" could not be activated because it does not exist.
[INFO] Scanning for projects...
[INFO]                                                                         
[INFO] ------------------------------------------------------------------------
[INFO] Building Actors 1.0-SNAPSHOT
[INFO] ------------------------------------------------------------------------
[INFO] 
[INFO] --- maven-resources-plugin:2.3:resources (default-resources) @ actors ---
[INFO] Using 'UTF-8' encoding to copy filtered resources.
[INFO] skip non existing resourceDirectory /home/sergey/workspace/actors/src/main/resources
[INFO] 
[INFO] --- scala-maven-plugin:3.1.3:compile (compile) @ actors ---
[WARNING]  Expected all dependencies to require Scala version: 2.10.2
[WARNING]  com.github.plokhotnyuk.actors:actors:1.0-SNAPSHOT requires scala version: 2.10.2
[WARNING]  com.typesafe.akka:akka-actor_2.10:2.2.0 requires scala version: 2.10.2
[WARNING]  net.liftweb:lift-common_2.10:2.5.1 requires scala version: 2.10.0
[WARNING] Multiple versions of scala libraries detected!
[WARNING] No source files found.
[INFO] 
[INFO] --- maven-resources-plugin:2.3:testResources (default-testResources) @ actors ---
[INFO] Using 'UTF-8' encoding to copy filtered resources.
[INFO] skip non existing resourceDirectory /home/sergey/workspace/actors/src/test/resources
[INFO] 
[INFO] --- scala-maven-plugin:3.1.3:testCompile (testCompile) @ actors ---
[WARNING]  Expected all dependencies to require Scala version: 2.10.2
[WARNING]  com.github.plokhotnyuk.actors:actors:1.0-SNAPSHOT requires scala version: 2.10.2
[WARNING]  com.typesafe.akka:akka-actor_2.10:2.2.0 requires scala version: 2.10.2
[WARNING]  net.liftweb:lift-common_2.10:2.5.1 requires scala version: 2.10.0
[WARNING] Multiple versions of scala libraries detected!
[INFO] Nothing to compile - all classes are up to date
[INFO] 
[INFO] --- maven-surefire-plugin:2.13:test (default-test) @ actors ---
[INFO] Surefire report directory: /home/sergey/workspace/actors/target/surefire-reports

-------------------------------------------------------
 T E S T S
-------------------------------------------------------

-------------------------------------------------------
 T E S T S
-------------------------------------------------------
Running com.github.plokhotnyuk.actors.AkkaActorSpec
Executor service type: java-forkjoin-pool

Single-producer sending:
40,000,000 ops
4,178 ms
104 ns/op
9,573,958 ops/s
52.9 % of CPU usage

Multi-producer sending:
20,000,000 ops
2,240 ms
112 ns/op
8,928,571 ops/s
76.5 % of CPU usage

Max throughput:
40,000,000 ops
833 ms
20 ns/op
48,019,207 ops/s
96.3 % of CPU usage

Ping latency:
10,000,000 ops
26,200 ms
2,620 ns/op
381,679 ops/s
94.6 % of CPU usage

Ping throughput 10K:
10,000,000 ops
709 ms
70 ns/op
14,104,372 ops/s
98.4 % of CPU usage

Initiation 1M:
1,000,000 ops
10,319 ms
10,319 ns/op
96,908 ops/s
53.3 % of CPU usage
430 bytes per instance
Tests run: 6, Failures: 0, Errors: 0, Skipped: 0, Time elapsed: 56.325 sec
Running com.github.plokhotnyuk.actors.LiftActorSpec
Executor service type: java-forkjoin-pool

Single-producer sending:
20,000,000 ops
1,719 ms
85 ns/op
11,634,671 ops/s
42.3 % of CPU usage

Multi-producer sending:
20,000,000 ops
3,073 ms
153 ns/op
6,508,298 ops/s
44.9 % of CPU usage

Max throughput:
20,000,000 ops
596 ms
29 ns/op
33,557,046 ops/s
95.6 % of CPU usage

Ping latency:
2,000,000 ops
4,161 ms
2,080 ns/op
480,653 ops/s
82.2 % of CPU usage

Ping throughput 10K:
5,000,000 ops
681 ms
136 ns/op
7,342,143 ops/s
98.8 % of CPU usage

Initiation 1M:
1,000,000 ops
35 ms
35 ns/op
28,571,428 ops/s
57.1 % of CPU usage
72 bytes per instance
Tests run: 6, Failures: 0, Errors: 0, Skipped: 0, Time elapsed: 12.843 sec
Running com.github.plokhotnyuk.actors.ScalaActorSpec
Executor service type: java-forkjoin-pool

Single-producer sending:
1,000,000 ops
2,139 ms
2,139 ns/op
467,508 ops/s
97.4 % of CPU usage

Multi-producer sending:
1,000,000 ops
4,240 ms
4,240 ns/op
235,849 ops/s
96.8 % of CPU usage

Max throughput:
5,000,000 ops
1,162 ms
232 ns/op
4,302,925 ops/s
99.2 % of CPU usage

Ping latency:
1,000,000 ops
1,918 ms
1,918 ns/op
521,376 ops/s
97.8 % of CPU usage

Ping throughput 10K:
2,000,000 ops
1,034 ms
517 ns/op
1,934,235 ops/s
98.9 % of CPU usage

Initiation 1M:
1,000,000 ops
100 ms
100 ns/op
10,000,000 ops/s
40.0 % of CPU usage
144 bytes per instance
Tests run: 6, Failures: 0, Errors: 0, Skipped: 0, Time elapsed: 14.349 sec
Running com.github.plokhotnyuk.actors.ScalazActor2Spec
Executor service type: java-forkjoin-pool

Single-producer sending:
50,000,000 ops
1,017 ms
20 ns/op
49,164,208 ops/s
86.3 % of CPU usage

Multi-producer sending:
50,000,000 ops
3,827 ms
76 ns/op
13,065,064 ops/s
98.4 % of CPU usage

Max throughput:
100,000,000 ops
789 ms
7 ns/op
126,742,712 ops/s
97.6 % of CPU usage

Ping latency:
10,000,000 ops
4,592 ms
459 ns/op
2,177,700 ops/s
99.0 % of CPU usage

Ping throughput 10K:
10,000,000 ops
945 ms
94 ns/op
10,582,010 ops/s
98.9 % of CPU usage

Initiation 1M:
1,000,000 ops
43 ms
43 ns/op
23,255,813 ops/s
52.3 % of CPU usage
120 bytes per instance
Tests run: 6, Failures: 0, Errors: 0, Skipped: 0, Time elapsed: 15.092 sec
Running com.github.plokhotnyuk.actors.ScalazActorSpec
Executor service type: java-forkjoin-pool

Single-producer sending:
50,000,000 ops
1,154 ms
23 ns/op
43,327,556 ops/s
92.7 % of CPU usage

Multi-producer sending:
50,000,000 ops
3,995 ms
79 ns/op
12,515,644 ops/s
99.4 % of CPU usage

Max throughput:
100,000,000 ops
937 ms
9 ns/op
106,723,585 ops/s
99.0 % of CPU usage

Ping latency:
10,000,000 ops
3,904 ms
390 ns/op
2,561,475 ops/s
99.4 % of CPU usage

Ping throughput 10K:
10,000,000 ops
974 ms
97 ns/op
10,266,940 ops/s
99.3 % of CPU usage

Initiation 1M:
1,000,000 ops
60 ms
60 ns/op
16,666,666 ops/s
37.5 % of CPU usage
184 bytes per instance
Tests run: 6, Failures: 0, Errors: 0, Skipped: 0, Time elapsed: 15.319 sec

Results :

Tests run: 30, Failures: 0, Errors: 0, Skipped: 0

[INFO] ------------------------------------------------------------------------
[INFO] BUILD SUCCESS
[INFO] ------------------------------------------------------------------------
[INFO] Total time: 2:04.825s
[INFO] Finished at: Tue Jul 30 20:13:17 EEST 2013
[INFO] Final Memory: 18M/1024M
[INFO] ------------------------------------------------------------------------
[WARNING] The requested profile "dev" could not be activated because it does not exist.
[INFO] Scanning for projects...
[INFO]                                                                         
[INFO] ------------------------------------------------------------------------
[INFO] Building Actors 1.0-SNAPSHOT
[INFO] ------------------------------------------------------------------------
[INFO] 
[INFO] --- maven-resources-plugin:2.3:resources (default-resources) @ actors ---
[INFO] Using 'UTF-8' encoding to copy filtered resources.
[INFO] skip non existing resourceDirectory /home/sergey/workspace/actors/src/main/resources
[INFO] 
[INFO] --- scala-maven-plugin:3.1.3:compile (compile) @ actors ---
[WARNING]  Expected all dependencies to require Scala version: 2.10.2
[WARNING]  com.github.plokhotnyuk.actors:actors:1.0-SNAPSHOT requires scala version: 2.10.2
[WARNING]  com.typesafe.akka:akka-actor_2.10:2.2.0 requires scala version: 2.10.2
[WARNING]  net.liftweb:lift-common_2.10:2.5.1 requires scala version: 2.10.0
[WARNING] Multiple versions of scala libraries detected!
[WARNING] No source files found.
[INFO] 
[INFO] --- maven-resources-plugin:2.3:testResources (default-testResources) @ actors ---
[INFO] Using 'UTF-8' encoding to copy filtered resources.
[INFO] skip non existing resourceDirectory /home/sergey/workspace/actors/src/test/resources
[INFO] 
[INFO] --- scala-maven-plugin:3.1.3:testCompile (testCompile) @ actors ---
[WARNING]  Expected all dependencies to require Scala version: 2.10.2
[WARNING]  com.github.plokhotnyuk.actors:actors:1.0-SNAPSHOT requires scala version: 2.10.2
[WARNING]  com.typesafe.akka:akka-actor_2.10:2.2.0 requires scala version: 2.10.2
[WARNING]  net.liftweb:lift-common_2.10:2.5.1 requires scala version: 2.10.0
[WARNING] Multiple versions of scala libraries detected!
[INFO] Nothing to compile - all classes are up to date
[INFO] 
[INFO] --- maven-surefire-plugin:2.13:test (default-test) @ actors ---
[INFO] Surefire report directory: /home/sergey/workspace/actors/target/surefire-reports

-------------------------------------------------------
 T E S T S
-------------------------------------------------------

-------------------------------------------------------
 T E S T S
-------------------------------------------------------
Running com.github.plokhotnyuk.actors.AkkaActorSpec
Executor service type: thread-pool

Single-producer sending:
40,000,000 ops
3,439 ms
85 ns/op
11,631,288 ops/s
50.1 % of CPU usage

Multi-producer sending:
20,000,000 ops
2,402 ms
120 ns/op
8,326,394 ops/s
72.5 % of CPU usage

Max throughput:
40,000,000 ops
660 ms
16 ns/op
60,606,060 ops/s
98.1 % of CPU usage

Ping latency:
10,000,000 ops
40,459 ms
4,045 ns/op
247,163 ops/s
29.4 % of CPU usage

Ping throughput 10K:
10,000,000 ops
9,440 ms
944 ns/op
1,059,322 ops/s
34.6 % of CPU usage

Initiation 1M:
1,000,000 ops
10,310 ms
10,310 ns/op
96,993 ops/s
51.8 % of CPU usage
430 bytes per instance
Tests run: 6, Failures: 0, Errors: 0, Skipped: 0, Time elapsed: 77.777 sec
Running com.github.plokhotnyuk.actors.LiftActorSpec
Executor service type: thread-pool

Single-producer sending:
20,000,000 ops
1,645 ms
82 ns/op
12,158,054 ops/s
41.6 % of CPU usage

Multi-producer sending:
20,000,000 ops
3,156 ms
157 ns/op
6,337,135 ops/s
46.0 % of CPU usage

Max throughput:
20,000,000 ops
642 ms
32 ns/op
31,152,647 ops/s
94.2 % of CPU usage

Ping latency:
2,000,000 ops
9,619 ms
4,809 ns/op
207,921 ops/s
32.9 % of CPU usage

Ping throughput 10K:
5,000,000 ops
3,224 ms
644 ns/op
1,550,868 ops/s
32.9 % of CPU usage

Initiation 1M:
1,000,000 ops
29 ms
29 ns/op
34,482,758 ops/s
51.7 % of CPU usage
72 bytes per instance
Tests run: 6, Failures: 0, Errors: 0, Skipped: 0, Time elapsed: 20.998 sec
Running com.github.plokhotnyuk.actors.ScalaActorSpec
Executor service type: thread-pool

Single-producer sending:
1,000,000 ops
5,968 ms
5,968 ns/op
167,560 ops/s
48.2 % of CPU usage

Multi-producer sending:
1,000,000 ops
5,723 ms
5,723 ns/op
174,733 ops/s
45.2 % of CPU usage

Max throughput:
5,000,000 ops
9,312 ms
1,862 ns/op
536,941 ops/s
31.8 % of CPU usage

Ping latency:
1,000,000 ops
6,297 ms
6,297 ns/op
158,805 ops/s
51.3 % of CPU usage

Ping throughput 10K:
2,000,000 ops
5,896 ms
2,948 ns/op
339,213 ops/s
30.8 % of CPU usage

Initiation 1M:
1,000,000 ops
103 ms
103 ns/op
9,708,737 ops/s
41.3 % of CPU usage
144 bytes per instance
Tests run: 6, Failures: 0, Errors: 0, Skipped: 0, Time elapsed: 37.046 sec
Running com.github.plokhotnyuk.actors.ScalazActor2Spec
Executor service type: thread-pool

Single-producer sending:
50,000,000 ops
1,309 ms
26 ns/op
38,197,097 ops/s
65.7 % of CPU usage

Multi-producer sending:
50,000,000 ops
4,305 ms
86 ns/op
11,614,401 ops/s
99.7 % of CPU usage

Max throughput:
100,000,000 ops
637 ms
6 ns/op
156,985,871 ops/s
96.5 % of CPU usage

Ping latency:
10,000,000 ops
5,086 ms
508 ns/op
1,966,181 ops/s
42.2 % of CPU usage

Ping throughput 10K:
10,000,000 ops
6,132 ms
613 ns/op
1,630,789 ops/s
43.6 % of CPU usage

Initiation 1M:
1,000,000 ops
43 ms
43 ns/op
23,255,813 ops/s
52.3 % of CPU usage
120 bytes per instance
Tests run: 6, Failures: 0, Errors: 0, Skipped: 0, Time elapsed: 21.335 sec
Running com.github.plokhotnyuk.actors.ScalazActorSpec
Executor service type: thread-pool

Single-producer sending:
50,000,000 ops
1,318 ms
26 ns/op
37,936,267 ops/s
69.0 % of CPU usage

Multi-producer sending:
50,000,000 ops
4,263 ms
85 ns/op
11,728,829 ops/s
99.5 % of CPU usage

Max throughput:
100,000,000 ops
596 ms
5 ns/op
167,785,234 ops/s
94.0 % of CPU usage

Ping latency:
10,000,000 ops
4,969 ms
496 ns/op
2,012,477 ops/s
43.1 % of CPU usage

Ping throughput 10K:
10,000,000 ops
5,718 ms
571 ns/op
1,748,863 ops/s
40.4 % of CPU usage

Initiation 1M:
1,000,000 ops
53 ms
53 ns/op
18,867,924 ops/s
37.7 % of CPU usage
184 bytes per instance
Tests run: 6, Failures: 0, Errors: 0, Skipped: 0, Time elapsed: 21.124 sec

Results :

Tests run: 30, Failures: 0, Errors: 0, Skipped: 0

[INFO] ------------------------------------------------------------------------
[INFO] BUILD SUCCESS
[INFO] ------------------------------------------------------------------------
[INFO] Total time: 3:09.176s
[INFO] Finished at: Tue Jul 30 20:16:28 EEST 2013
[INFO] Final Memory: 18M/1024M
[INFO] ------------------------------------------------------------------------
[WARNING] The requested profile "dev" could not be activated because it does not exist.
