[INFO] Scanning for projects...
[INFO]                                                                         
[INFO] ------------------------------------------------------------------------
[INFO] Building Actors 1.0-SNAPSHOT
[INFO] ------------------------------------------------------------------------
[INFO] 
[INFO] --- maven-clean-plugin:2.3:clean (default-clean) @ actors ---
[INFO] Deleting file set: /home/andrey/dev/actors/target (included: [**], excluded: [])
[INFO] 
[INFO] --- maven-resources-plugin:2.3:resources (default-resources) @ actors ---
[INFO] Using 'UTF-8' encoding to copy filtered resources.
[INFO] skip non existing resourceDirectory /home/andrey/dev/actors/src/main/resources
[INFO] 
[INFO] --- scala-maven-plugin:3.1.3:compile (compile) @ actors ---
[WARNING]  Expected all dependencies to require Scala version: 2.10.2
[WARNING]  com.github.plokhotnyuk.actors:actors:1.0-SNAPSHOT requires scala version: 2.10.2
[WARNING]  com.typesafe.akka:akka-actor_2.10:2.2.0-RC1 requires scala version: 2.10.1
[WARNING] Multiple versions of scala libraries detected!
[WARNING] No source files found.
[INFO] 
[INFO] --- maven-resources-plugin:2.3:testResources (default-testResources) @ actors ---
[INFO] Using 'UTF-8' encoding to copy filtered resources.
[INFO] skip non existing resourceDirectory /home/andrey/dev/actors/src/test/resources
[INFO] 
[INFO] --- scala-maven-plugin:3.1.3:testCompile (testCompile) @ actors ---
[WARNING]  Expected all dependencies to require Scala version: 2.10.2
[WARNING]  com.github.plokhotnyuk.actors:actors:1.0-SNAPSHOT requires scala version: 2.10.2
[WARNING]  com.typesafe.akka:akka-actor_2.10:2.2.0-RC1 requires scala version: 2.10.1
[WARNING] Multiple versions of scala libraries detected!
[INFO] /home/andrey/dev/actors/src/test/scala:-1: info: compiling
[INFO] Compiling 10 source files to /home/andrey/dev/actors/target/test-classes at 1371107874543
[INFO] prepare-compile in 0 s
[INFO] compile in 4 s
[INFO] ------------------------------------------------------------------------
[INFO] BUILD SUCCESS
[INFO] ------------------------------------------------------------------------
[INFO] Total time: 5.317s
[INFO] Finished at: Thu Jun 13 10:17:59 EEST 2013
[INFO] Final Memory: 20M/981M
[INFO] ------------------------------------------------------------------------
[INFO] Scanning for projects...
[INFO]                                                                         
[INFO] ------------------------------------------------------------------------
[INFO] Building Actors 1.0-SNAPSHOT
[INFO] ------------------------------------------------------------------------
[INFO] 
[INFO] --- maven-resources-plugin:2.3:resources (default-resources) @ actors ---
[INFO] Using 'UTF-8' encoding to copy filtered resources.
[INFO] skip non existing resourceDirectory /home/andrey/dev/actors/src/main/resources
[INFO] 
[INFO] --- scala-maven-plugin:3.1.3:compile (compile) @ actors ---
[WARNING]  Expected all dependencies to require Scala version: 2.10.2
[WARNING]  com.github.plokhotnyuk.actors:actors:1.0-SNAPSHOT requires scala version: 2.10.2
[WARNING]  com.typesafe.akka:akka-actor_2.10:2.2.0-RC1 requires scala version: 2.10.1
[WARNING] Multiple versions of scala libraries detected!
[WARNING] No source files found.
[INFO] 
[INFO] --- maven-resources-plugin:2.3:testResources (default-testResources) @ actors ---
[INFO] Using 'UTF-8' encoding to copy filtered resources.
[INFO] skip non existing resourceDirectory /home/andrey/dev/actors/src/test/resources
[INFO] 
[INFO] --- scala-maven-plugin:3.1.3:testCompile (testCompile) @ actors ---
[WARNING]  Expected all dependencies to require Scala version: 2.10.2
[WARNING]  com.github.plokhotnyuk.actors:actors:1.0-SNAPSHOT requires scala version: 2.10.2
[WARNING]  com.typesafe.akka:akka-actor_2.10:2.2.0-RC1 requires scala version: 2.10.1
[WARNING] Multiple versions of scala libraries detected!
[INFO] Nothing to compile - all classes are up to date
[INFO] 
[INFO] --- maven-surefire-plugin:2.13:test (default-test) @ actors ---
[INFO] Surefire report directory: /home/andrey/dev/actors/target/surefire-reports

-------------------------------------------------------
 T E S T S
-------------------------------------------------------

-------------------------------------------------------
 T E S T S
-------------------------------------------------------
Running com.github.plokhotnyuk.actors.AkkaActorSpec
Using Posix JNA-based affinity control implementation
Executor service type: scala-forkjoin-pool

Single-producer sending:
40,000,000 ops
2,760 ms
69 ns/op
14,492,753 ops/s
23.1 % of CPU usage

Multi-producer sending:
20,000,000 ops
2,218 ms
110 ns/op
9,017,132 ops/s
66.8 % of CPU usage

Max throughput:
40,000,000 ops
810 ms
20 ns/op
49,382,716 ops/s
92.0 % of CPU usage

Ping between actors:
10,000,000 ops
2,798 ms
279 ns/op
3,573,981 ops/s
98.1 % of CPU usage
Tests run: 4, Failures: 0, Errors: 0, Skipped: 0, Time elapsed: 9.291 sec
Running com.github.plokhotnyuk.actors.LiftActorSpec
Using Posix JNA-based affinity control implementation
Executor service type: scala-forkjoin-pool

Single-producer sending:
20,000,000 ops
1,990 ms
99 ns/op
10,050,251 ops/s
22.6 % of CPU usage

Multi-producer sending:
20,000,000 ops
2,793 ms
139 ns/op
7,160,759 ops/s
57.5 % of CPU usage

Max throughput:
20,000,000 ops
775 ms
38 ns/op
25,806,451 ops/s
79.8 % of CPU usage

Ping between actors:
2,000,000 ops
1,117 ms
558 ns/op
1,790,510 ops/s
83.3 % of CPU usage
Tests run: 4, Failures: 0, Errors: 0, Skipped: 0, Time elapsed: 7.258 sec
Running com.github.plokhotnyuk.actors.ProxyActorsActorSpec
Using Posix JNA-based affinity control implementation
Executor service type: scala-forkjoin-pool

Single-producer sending:
10,000,000 ops
2,002 ms
200 ns/op
4,995,004 ops/s
41.3 % of CPU usage

Multi-producer sending:
10,000,000 ops
2,586 ms
258 ns/op
3,866,976 ops/s
49.8 % of CPU usage

Max throughput:
10,000,000 ops
2,170 ms
217 ns/op
4,608,294 ops/s
87.2 % of CPU usage

Ping between actors:
10,000,000 ops
3,010 ms
301 ns/op
3,322,259 ops/s
97.8 % of CPU usage
Tests run: 4, Failures: 0, Errors: 0, Skipped: 0, Time elapsed: 10.436 sec
Running com.github.plokhotnyuk.actors.ScalaActorSpec
Using Posix JNA-based affinity control implementation
Executor service type: scala-forkjoin-pool

Single-producer sending:
1,000,000 ops
1,230 ms
1,230 ns/op
813,008 ops/s
94.2 % of CPU usage

Multi-producer sending:
1,000,000 ops
1,147 ms
1,147 ns/op
871,839 ops/s
95.2 % of CPU usage

Max throughput:
5,000,000 ops
1,478 ms
295 ns/op
3,382,949 ops/s
98.4 % of CPU usage

Ping between actors:
1,000,000 ops
1,318 ms
1,318 ns/op
758,725 ops/s
94.3 % of CPU usage
Tests run: 4, Failures: 0, Errors: 0, Skipped: 0, Time elapsed: 5.782 sec
Running com.github.plokhotnyuk.actors.ScalazActorSpec
Using Posix JNA-based affinity control implementation
Executor service type: scala-forkjoin-pool

Single-producer sending:
100,000,000 ops
5,259 ms
52 ns/op
19,015,021 ops/s
47.2 % of CPU usage

Multi-producer sending:
50,000,000 ops
3,054 ms
61 ns/op
16,371,971 ops/s
97.4 % of CPU usage

Max throughput:
200,000,000 ops
1,769 ms
8 ns/op
113,058,224 ops/s
95.5 % of CPU usage

Ping between actors:
10,000,000 ops
2,537 ms
253 ns/op
3,941,663 ops/s
87.7 % of CPU usage
Tests run: 4, Failures: 0, Errors: 0, Skipped: 0, Time elapsed: 13.223 sec

Results :

Tests run: 20, Failures: 0, Errors: 0, Skipped: 0

[INFO] ------------------------------------------------------------------------
[INFO] BUILD SUCCESS
[INFO] ------------------------------------------------------------------------
[INFO] Total time: 48.694s
[INFO] Finished at: Thu Jun 13 10:18:48 EEST 2013
[INFO] Final Memory: 13M/981M
[INFO] ------------------------------------------------------------------------
[INFO] Scanning for projects...
[INFO]                                                                         
[INFO] ------------------------------------------------------------------------
[INFO] Building Actors 1.0-SNAPSHOT
[INFO] ------------------------------------------------------------------------
[INFO] 
[INFO] --- maven-resources-plugin:2.3:resources (default-resources) @ actors ---
[INFO] Using 'UTF-8' encoding to copy filtered resources.
[INFO] skip non existing resourceDirectory /home/andrey/dev/actors/src/main/resources
[INFO] 
[INFO] --- scala-maven-plugin:3.1.3:compile (compile) @ actors ---
[WARNING]  Expected all dependencies to require Scala version: 2.10.2
[WARNING]  com.github.plokhotnyuk.actors:actors:1.0-SNAPSHOT requires scala version: 2.10.2
[WARNING]  com.typesafe.akka:akka-actor_2.10:2.2.0-RC1 requires scala version: 2.10.1
[WARNING] Multiple versions of scala libraries detected!
[WARNING] No source files found.
[INFO] 
[INFO] --- maven-resources-plugin:2.3:testResources (default-testResources) @ actors ---
[INFO] Using 'UTF-8' encoding to copy filtered resources.
[INFO] skip non existing resourceDirectory /home/andrey/dev/actors/src/test/resources
[INFO] 
[INFO] --- scala-maven-plugin:3.1.3:testCompile (testCompile) @ actors ---
[WARNING]  Expected all dependencies to require Scala version: 2.10.2
[WARNING]  com.github.plokhotnyuk.actors:actors:1.0-SNAPSHOT requires scala version: 2.10.2
[WARNING]  com.typesafe.akka:akka-actor_2.10:2.2.0-RC1 requires scala version: 2.10.1
[WARNING] Multiple versions of scala libraries detected!
[INFO] Nothing to compile - all classes are up to date
[INFO] 
[INFO] --- maven-surefire-plugin:2.13:test (default-test) @ actors ---
[INFO] Surefire report directory: /home/andrey/dev/actors/target/surefire-reports

-------------------------------------------------------
 T E S T S
-------------------------------------------------------

-------------------------------------------------------
 T E S T S
-------------------------------------------------------
Running com.github.plokhotnyuk.actors.AkkaActorSpec
Using Posix JNA-based affinity control implementation
Executor service type: java-forkjoin-pool

Single-producer sending:
40,000,000 ops
3,065 ms
76 ns/op
13,050,570 ops/s
25.0 % of CPU usage

Multi-producer sending:
20,000,000 ops
2,151 ms
107 ns/op
9,298,000 ops/s
65.8 % of CPU usage

Max throughput:
40,000,000 ops
758 ms
18 ns/op
52,770,448 ops/s
90.2 % of CPU usage

Ping between actors:
10,000,000 ops
6,642 ms
664 ns/op
1,505,570 ops/s
39.6 % of CPU usage
Tests run: 4, Failures: 0, Errors: 0, Skipped: 0, Time elapsed: 13.376 sec
Running com.github.plokhotnyuk.actors.LiftActorSpec
Using Posix JNA-based affinity control implementation
Executor service type: java-forkjoin-pool

Single-producer sending:
20,000,000 ops
1,764 ms
88 ns/op
11,337,868 ops/s
22.3 % of CPU usage

Multi-producer sending:
20,000,000 ops
2,792 ms
139 ns/op
7,163,323 ops/s
56.9 % of CPU usage

Max throughput:
20,000,000 ops
707 ms
35 ns/op
28,288,543 ops/s
84.9 % of CPU usage

Ping between actors:
2,000,000 ops
2,091 ms
1,045 ns/op
956,480 ops/s
34.4 % of CPU usage
Tests run: 4, Failures: 0, Errors: 0, Skipped: 0, Time elapsed: 7.959 sec
Running com.github.plokhotnyuk.actors.ProxyActorsActorSpec
Using Posix JNA-based affinity control implementation
Executor service type: java-forkjoin-pool

Single-producer sending:
10,000,000 ops
2,538 ms
253 ns/op
3,940,110 ops/s
43.7 % of CPU usage

Multi-producer sending:
10,000,000 ops
2,518 ms
251 ns/op
3,971,405 ops/s
34.2 % of CPU usage

Max throughput:
10,000,000 ops
3,033 ms
303 ns/op
3,297,065 ops/s
46.5 % of CPU usage

Ping between actors:
10,000,000 ops
9,987 ms
998 ns/op
1,001,301 ops/s
47.4 % of CPU usage
Tests run: 4, Failures: 0, Errors: 0, Skipped: 0, Time elapsed: 18.715 sec
Running com.github.plokhotnyuk.actors.ScalaActorSpec
Using Posix JNA-based affinity control implementation
Executor service type: java-forkjoin-pool

Single-producer sending:
1,000,000 ops
1,944 ms
1,944 ns/op
514,403 ops/s
56.9 % of CPU usage

Multi-producer sending:
1,000,000 ops
1,780 ms
1,780 ns/op
561,797 ops/s
60.0 % of CPU usage

Max throughput:
5,000,000 ops
847 ms
169 ns/op
5,903,187 ops/s
98.6 % of CPU usage

Ping between actors:
1,000,000 ops
2,168 ms
2,168 ns/op
461,254 ops/s
62.2 % of CPU usage
Tests run: 4, Failures: 0, Errors: 0, Skipped: 0, Time elapsed: 7.349 sec
Running com.github.plokhotnyuk.actors.ScalazActorSpec
Using Posix JNA-based affinity control implementation
Executor service type: java-forkjoin-pool

Single-producer sending:
100,000,000 ops
7,610 ms
76 ns/op
13,140,604 ops/s
31.5 % of CPU usage

Multi-producer sending:
50,000,000 ops
3,277 ms
65 ns/op
15,257,857 ops/s
97.7 % of CPU usage

Max throughput:
200,000,000 ops
2,039 ms
10 ns/op
98,087,297 ops/s
90.1 % of CPU usage

Ping between actors:
10,000,000 ops
2,818 ms
281 ns/op
3,548,616 ops/s
75.6 % of CPU usage
Tests run: 4, Failures: 0, Errors: 0, Skipped: 0, Time elapsed: 16.372 sec

Results :

Tests run: 20, Failures: 0, Errors: 0, Skipped: 0

[INFO] ------------------------------------------------------------------------
[INFO] BUILD SUCCESS
[INFO] ------------------------------------------------------------------------
[INFO] Total time: 1:06.395s
[INFO] Finished at: Thu Jun 13 10:19:55 EEST 2013
[INFO] Final Memory: 14M/981M
[INFO] ------------------------------------------------------------------------
[INFO] Scanning for projects...
[INFO]                                                                         
[INFO] ------------------------------------------------------------------------
[INFO] Building Actors 1.0-SNAPSHOT
[INFO] ------------------------------------------------------------------------
[INFO] 
[INFO] --- maven-resources-plugin:2.3:resources (default-resources) @ actors ---
[INFO] Using 'UTF-8' encoding to copy filtered resources.
[INFO] skip non existing resourceDirectory /home/andrey/dev/actors/src/main/resources
[INFO] 
[INFO] --- scala-maven-plugin:3.1.3:compile (compile) @ actors ---
[WARNING]  Expected all dependencies to require Scala version: 2.10.2
[WARNING]  com.github.plokhotnyuk.actors:actors:1.0-SNAPSHOT requires scala version: 2.10.2
[WARNING]  com.typesafe.akka:akka-actor_2.10:2.2.0-RC1 requires scala version: 2.10.1
[WARNING] Multiple versions of scala libraries detected!
[WARNING] No source files found.
[INFO] 
[INFO] --- maven-resources-plugin:2.3:testResources (default-testResources) @ actors ---
[INFO] Using 'UTF-8' encoding to copy filtered resources.
[INFO] skip non existing resourceDirectory /home/andrey/dev/actors/src/test/resources
[INFO] 
[INFO] --- scala-maven-plugin:3.1.3:testCompile (testCompile) @ actors ---
[WARNING]  Expected all dependencies to require Scala version: 2.10.2
[WARNING]  com.github.plokhotnyuk.actors:actors:1.0-SNAPSHOT requires scala version: 2.10.2
[WARNING]  com.typesafe.akka:akka-actor_2.10:2.2.0-RC1 requires scala version: 2.10.1
[WARNING] Multiple versions of scala libraries detected!
[INFO] Nothing to compile - all classes are up to date
[INFO] 
[INFO] --- maven-surefire-plugin:2.13:test (default-test) @ actors ---
[INFO] Surefire report directory: /home/andrey/dev/actors/target/surefire-reports

-------------------------------------------------------
 T E S T S
-------------------------------------------------------

-------------------------------------------------------
 T E S T S
-------------------------------------------------------
Running com.github.plokhotnyuk.actors.AkkaActorSpec
Using Posix JNA-based affinity control implementation
Executor service type: fast-thread-pool

Single-producer sending:
40,000,000 ops
2,318 ms
57 ns/op
17,256,255 ops/s
17.4 % of CPU usage

Multi-producer sending:
20,000,000 ops
2,293 ms
114 ns/op
8,722,197 ops/s
73.8 % of CPU usage

Max throughput:
40,000,000 ops
797 ms
19 ns/op
50,188,205 ops/s
83.8 % of CPU usage

Ping between actors:
10,000,000 ops
2,299 ms
229 ns/op
4,349,717 ops/s
23.0 % of CPU usage
Tests run: 4, Failures: 0, Errors: 0, Skipped: 0, Time elapsed: 8.472 sec
Running com.github.plokhotnyuk.actors.LiftActorSpec
Using Posix JNA-based affinity control implementation
Executor service type: fast-thread-pool

Single-producer sending:
20,000,000 ops
1,857 ms
92 ns/op
10,770,059 ops/s
22.7 % of CPU usage

Multi-producer sending:
20,000,000 ops
2,713 ms
135 ns/op
7,371,913 ops/s
55.9 % of CPU usage

Max throughput:
20,000,000 ops
822 ms
41 ns/op
24,330,900 ops/s
78.6 % of CPU usage

Ping between actors:
2,000,000 ops
1,474 ms
737 ns/op
1,356,852 ops/s
23.2 % of CPU usage
Tests run: 4, Failures: 0, Errors: 0, Skipped: 0, Time elapsed: 7.533 sec
Running com.github.plokhotnyuk.actors.ProxyActorsActorSpec
Using Posix JNA-based affinity control implementation
Executor service type: fast-thread-pool

Single-producer sending:
10,000,000 ops
1,774 ms
177 ns/op
5,636,978 ops/s
26.4 % of CPU usage

Multi-producer sending:
10,000,000 ops
2,042 ms
204 ns/op
4,897,159 ops/s
47.0 % of CPU usage

Max throughput:
10,000,000 ops
2,628 ms
262 ns/op
3,805,175 ops/s
88.8 % of CPU usage

Ping between actors:
10,000,000 ops
2,893 ms
289 ns/op
3,456,619 ops/s
23.4 % of CPU usage
Tests run: 4, Failures: 0, Errors: 0, Skipped: 0, Time elapsed: 10.077 sec
Running com.github.plokhotnyuk.actors.ScalaActorSpec
Using Posix JNA-based affinity control implementation
Executor service type: fast-thread-pool

Single-producer sending:
1,000,000 ops
1,791 ms
1,791 ns/op
558,347 ops/s
26.0 % of CPU usage

Multi-producer sending:
1,000,000 ops
1,827 ms
1,827 ns/op
547,345 ops/s
26.2 % of CPU usage

Max throughput:
5,000,000 ops
1,586 ms
317 ns/op
3,152,585 ops/s
97.7 % of CPU usage

Ping between actors:
1,000,000 ops
2,083 ms
2,083 ns/op
480,076 ops/s
31.9 % of CPU usage
Tests run: 4, Failures: 0, Errors: 0, Skipped: 0, Time elapsed: 7.928 sec
Running com.github.plokhotnyuk.actors.ScalazActorSpec
Using Posix JNA-based affinity control implementation
Executor service type: fast-thread-pool

Single-producer sending:
100,000,000 ops
2,200 ms
22 ns/op
45,454,545 ops/s
33.4 % of CPU usage

Multi-producer sending:
50,000,000 ops
4,143 ms
82 ns/op
12,068,549 ops/s
93.0 % of CPU usage

Max throughput:
200,000,000 ops
1,218 ms
6 ns/op
164,203,612 ops/s
85.6 % of CPU usage

Ping between actors:
10,000,000 ops
1,580 ms
158 ns/op
6,329,113 ops/s
27.4 % of CPU usage
Tests run: 4, Failures: 0, Errors: 0, Skipped: 0, Time elapsed: 9.746 sec

Results :

Tests run: 20, Failures: 0, Errors: 0, Skipped: 0

[INFO] ------------------------------------------------------------------------
[INFO] BUILD SUCCESS
[INFO] ------------------------------------------------------------------------
[INFO] Total time: 46.442s
[INFO] Finished at: Thu Jun 13 10:20:43 EEST 2013
[INFO] Final Memory: 13M/981M
[INFO] ------------------------------------------------------------------------
[INFO] Scanning for projects...
[INFO]                                                                         
[INFO] ------------------------------------------------------------------------
[INFO] Building Actors 1.0-SNAPSHOT
[INFO] ------------------------------------------------------------------------
[INFO] 
[INFO] --- maven-resources-plugin:2.3:resources (default-resources) @ actors ---
[INFO] Using 'UTF-8' encoding to copy filtered resources.
[INFO] skip non existing resourceDirectory /home/andrey/dev/actors/src/main/resources
[INFO] 
[INFO] --- scala-maven-plugin:3.1.3:compile (compile) @ actors ---
[WARNING]  Expected all dependencies to require Scala version: 2.10.2
[WARNING]  com.github.plokhotnyuk.actors:actors:1.0-SNAPSHOT requires scala version: 2.10.2
[WARNING]  com.typesafe.akka:akka-actor_2.10:2.2.0-RC1 requires scala version: 2.10.1
[WARNING] Multiple versions of scala libraries detected!
[WARNING] No source files found.
[INFO] 
[INFO] --- maven-resources-plugin:2.3:testResources (default-testResources) @ actors ---
[INFO] Using 'UTF-8' encoding to copy filtered resources.
[INFO] skip non existing resourceDirectory /home/andrey/dev/actors/src/test/resources
[INFO] 
[INFO] --- scala-maven-plugin:3.1.3:testCompile (testCompile) @ actors ---
[WARNING]  Expected all dependencies to require Scala version: 2.10.2
[WARNING]  com.github.plokhotnyuk.actors:actors:1.0-SNAPSHOT requires scala version: 2.10.2
[WARNING]  com.typesafe.akka:akka-actor_2.10:2.2.0-RC1 requires scala version: 2.10.1
[WARNING] Multiple versions of scala libraries detected!
[INFO] Nothing to compile - all classes are up to date
[INFO] 
[INFO] --- maven-surefire-plugin:2.13:test (default-test) @ actors ---
[INFO] Surefire report directory: /home/andrey/dev/actors/target/surefire-reports

-------------------------------------------------------
 T E S T S
-------------------------------------------------------

-------------------------------------------------------
 T E S T S
-------------------------------------------------------
Running com.github.plokhotnyuk.actors.AkkaActorSpec
Using Posix JNA-based affinity control implementation
Executor service type: thread-pool

Single-producer sending:
40,000,000 ops
2,237 ms
55 ns/op
17,881,090 ops/s
20.8 % of CPU usage

Multi-producer sending:
20,000,000 ops
2,300 ms
115 ns/op
8,695,652 ops/s
70.9 % of CPU usage

Max throughput:
40,000,000 ops
876 ms
21 ns/op
45,662,100 ops/s
89.0 % of CPU usage

Ping between actors:
10,000,000 ops
2,598 ms
259 ns/op
3,849,114 ops/s
22.6 % of CPU usage
Tests run: 4, Failures: 0, Errors: 0, Skipped: 0, Time elapsed: 8.766 sec
Running com.github.plokhotnyuk.actors.LiftActorSpec
Using Posix JNA-based affinity control implementation
Executor service type: thread-pool

Single-producer sending:
20,000,000 ops
1,633 ms
81 ns/op
12,247,397 ops/s
21.6 % of CPU usage

Multi-producer sending:
20,000,000 ops
2,625 ms
131 ns/op
7,619,047 ops/s
54.8 % of CPU usage

Max throughput:
20,000,000 ops
726 ms
36 ns/op
27,548,209 ops/s
85.1 % of CPU usage

Ping between actors:
2,000,000 ops
1,613 ms
806 ns/op
1,239,925 ops/s
23.4 % of CPU usage
Tests run: 4, Failures: 0, Errors: 0, Skipped: 0, Time elapsed: 7.208 sec
Running com.github.plokhotnyuk.actors.ProxyActorsActorSpec
Using Posix JNA-based affinity control implementation
Executor service type: thread-pool

Single-producer sending:
10,000,000 ops
1,971 ms
197 ns/op
5,073,566 ops/s
37.4 % of CPU usage

Multi-producer sending:
10,000,000 ops
2,292 ms
229 ns/op
4,363,001 ops/s
54.0 % of CPU usage

Max throughput:
10,000,000 ops
2,662 ms
266 ns/op
3,756,574 ops/s
91.5 % of CPU usage

Ping between actors:
10,000,000 ops
3,780 ms
378 ns/op
2,645,502 ops/s
24.2 % of CPU usage
Tests run: 4, Failures: 0, Errors: 0, Skipped: 0, Time elapsed: 11.375 sec
Running com.github.plokhotnyuk.actors.ScalaActorSpec
Using Posix JNA-based affinity control implementation
Executor service type: thread-pool

Single-producer sending:
1,000,000 ops
2,077 ms
2,077 ns/op
481,463 ops/s
27.3 % of CPU usage

Multi-producer sending:
1,000,000 ops
1,962 ms
1,962 ns/op
509,683 ops/s
24.8 % of CPU usage

Max throughput:
5,000,000 ops
1,835 ms
367 ns/op
2,724,795 ops/s
96.7 % of CPU usage

Ping between actors:
1,000,000 ops
2,436 ms
2,436 ns/op
410,509 ops/s
33.6 % of CPU usage
Tests run: 4, Failures: 0, Errors: 0, Skipped: 0, Time elapsed: 8.946 sec
Running com.github.plokhotnyuk.actors.ScalazActorSpec
Using Posix JNA-based affinity control implementation
Executor service type: thread-pool

Single-producer sending:
100,000,000 ops
2,338 ms
23 ns/op
42,771,599 ops/s
31.6 % of CPU usage

Multi-producer sending:
50,000,000 ops
3,950 ms
79 ns/op
12,658,227 ops/s
92.2 % of CPU usage

Max throughput:
200,000,000 ops
1,281 ms
6 ns/op
156,128,024 ops/s
86.1 % of CPU usage

Ping between actors:
10,000,000 ops
1,891 ms
189 ns/op
5,288,207 ops/s
30.9 % of CPU usage
Tests run: 4, Failures: 0, Errors: 0, Skipped: 0, Time elapsed: 10.09 sec

Results :

Tests run: 20, Failures: 0, Errors: 0, Skipped: 0

[INFO] ------------------------------------------------------------------------
[INFO] BUILD SUCCESS
[INFO] ------------------------------------------------------------------------
[INFO] Total time: 49.007s
[INFO] Finished at: Thu Jun 13 10:21:32 EEST 2013
[INFO] Final Memory: 13M/981M
[INFO] ------------------------------------------------------------------------
