[INFO] Scanning for projects...
[INFO]                                                                         
[INFO] ------------------------------------------------------------------------
[INFO] Building Actors 1.0-SNAPSHOT
[INFO] ------------------------------------------------------------------------
[INFO] 
[INFO] --- maven-clean-plugin:2.4.1:clean (default-clean) @ actors ---
[INFO] Deleting /Users/fedgehog/_/actors/target
[INFO] 
[INFO] --- maven-resources-plugin:2.5:resources (default-resources) @ actors ---
[debug] execute contextualize
[INFO] Using 'UTF-8' encoding to copy filtered resources.
[INFO] skip non existing resourceDirectory /Users/fedgehog/_/actors/src/main/resources
[INFO] 
[INFO] --- scala-maven-plugin:3.1.3:compile (compile) @ actors ---
[WARNING]  Expected all dependencies to require Scala version: 2.10.2
[WARNING]  com.github.plokhotnyuk.actors:actors:1.0-SNAPSHOT requires scala version: 2.10.2
[WARNING]  com.typesafe.akka:akka-actor_2.10:2.2.0-RC2 requires scala version: 2.10.2
[WARNING]  net.liftweb:lift-common_2.10:2.5.1 requires scala version: 2.10.0
[WARNING] Multiple versions of scala libraries detected!
[WARNING] No source files found.
[INFO] 
[INFO] --- maven-resources-plugin:2.5:testResources (default-testResources) @ actors ---
[debug] execute contextualize
[INFO] Using 'UTF-8' encoding to copy filtered resources.
[INFO] skip non existing resourceDirectory /Users/fedgehog/_/actors/src/test/resources
[INFO] 
[INFO] --- scala-maven-plugin:3.1.3:testCompile (testCompile) @ actors ---
[WARNING]  Expected all dependencies to require Scala version: 2.10.2
[WARNING]  com.github.plokhotnyuk.actors:actors:1.0-SNAPSHOT requires scala version: 2.10.2
[WARNING]  com.typesafe.akka:akka-actor_2.10:2.2.0-RC2 requires scala version: 2.10.2
[WARNING]  net.liftweb:lift-common_2.10:2.5.1 requires scala version: 2.10.0
[WARNING] Multiple versions of scala libraries detected!
[INFO] /Users/fedgehog/_/actors/src/test/scala:-1: info: compiling
[INFO] Compiling 10 source files to /Users/fedgehog/_/actors/target/test-classes at 1372941792385
[INFO] prepare-compile in 0 s
[INFO] compile in 9 s
[INFO] ------------------------------------------------------------------------
[INFO] BUILD SUCCESS
[INFO] ------------------------------------------------------------------------
[INFO] Total time: 11.906s
[INFO] Finished at: Thu Jul 04 15:43:21 EEST 2013
[INFO] Final Memory: 10M/141M
[INFO] ------------------------------------------------------------------------
[WARNING] The requested profile "dev" could not be activated because it does not exist.
[INFO] Scanning for projects...
[INFO]                                                                         
[INFO] ------------------------------------------------------------------------
[INFO] Building Actors 1.0-SNAPSHOT
[INFO] ------------------------------------------------------------------------
[INFO] 
[INFO] --- maven-resources-plugin:2.5:resources (default-resources) @ actors ---
[debug] execute contextualize
[INFO] Using 'UTF-8' encoding to copy filtered resources.
[INFO] skip non existing resourceDirectory /Users/fedgehog/_/actors/src/main/resources
[INFO] 
[INFO] --- scala-maven-plugin:3.1.3:compile (compile) @ actors ---
[WARNING]  Expected all dependencies to require Scala version: 2.10.2
[WARNING]  com.github.plokhotnyuk.actors:actors:1.0-SNAPSHOT requires scala version: 2.10.2
[WARNING]  com.typesafe.akka:akka-actor_2.10:2.2.0-RC2 requires scala version: 2.10.2
[WARNING]  net.liftweb:lift-common_2.10:2.5.1 requires scala version: 2.10.0
[WARNING] Multiple versions of scala libraries detected!
[WARNING] No source files found.
[INFO] 
[INFO] --- maven-resources-plugin:2.5:testResources (default-testResources) @ actors ---
[debug] execute contextualize
[INFO] Using 'UTF-8' encoding to copy filtered resources.
[INFO] skip non existing resourceDirectory /Users/fedgehog/_/actors/src/test/resources
[INFO] 
[INFO] --- scala-maven-plugin:3.1.3:testCompile (testCompile) @ actors ---
[WARNING]  Expected all dependencies to require Scala version: 2.10.2
[WARNING]  com.github.plokhotnyuk.actors:actors:1.0-SNAPSHOT requires scala version: 2.10.2
[WARNING]  com.typesafe.akka:akka-actor_2.10:2.2.0-RC2 requires scala version: 2.10.2
[WARNING]  net.liftweb:lift-common_2.10:2.5.1 requires scala version: 2.10.0
[WARNING] Multiple versions of scala libraries detected!
[INFO] Nothing to compile - all classes are up to date
[INFO] 
[INFO] --- maven-surefire-plugin:2.13:test (default-test) @ actors ---
[INFO] Surefire report directory: /Users/fedgehog/_/actors/target/surefire-reports

-------------------------------------------------------
 T E S T S
-------------------------------------------------------

-------------------------------------------------------
 T E S T S
-------------------------------------------------------
Running com.github.plokhotnyuk.actors.AkkaActorSpec
Executor service type: fixed-thread-pool

Single-producer sending:
40,000,000 ops
3,754 ms
93 ns/op
10,655,301 ops/s
32.1 % of CPU usage

Multi-producer sending:
20,000,000 ops
2,901 ms
145 ns/op
6,894,174 ops/s
75.5 % of CPU usage

Max throughput:
40,000,000 ops
2,106 ms
52 ns/op
18,993,352 ops/s
32.8 % of CPU usage

Ping latency:
10,000,000 ops
2,471 ms
247 ns/op
4,046,944 ops/s
41.3 % of CPU usage

Ping throughput 1K:
10,000,000 ops
1,715 ms
171 ns/op
5,830,903 ops/s
87.4 % of CPU usage
Tests run: 5, Failures: 0, Errors: 0, Skipped: 0, Time elapsed: 14.716 sec
Running com.github.plokhotnyuk.actors.LiftActorSpec
Executor service type: fixed-thread-pool

Single-producer sending:
20,000,000 ops
1,990 ms
99 ns/op
10,050,251 ops/s
19.3 % of CPU usage

Multi-producer sending:
20,000,000 ops
3,436 ms
171 ns/op
5,820,721 ops/s
55.8 % of CPU usage

Max throughput:
20,000,000 ops
1,676 ms
83 ns/op
11,933,174 ops/s
48.8 % of CPU usage

Ping latency:
2,000,000 ops
1,730 ms
865 ns/op
1,156,069 ops/s
42.6 % of CPU usage

Ping throughput 1K:
5,000,000 ops
2,076 ms
415 ns/op
2,408,477 ops/s
26.8 % of CPU usage
Tests run: 5, Failures: 0, Errors: 0, Skipped: 0, Time elapsed: 11.782 sec
Running com.github.plokhotnyuk.actors.ProxyActorsActorSpec
Executor service type: fixed-thread-pool

Single-producer sending:
10,000,000 ops
1,910 ms
191 ns/op
5,235,602 ops/s
22.9 % of CPU usage

Multi-producer sending:
10,000,000 ops
2,164 ms
216 ns/op
4,621,072 ops/s
54.9 % of CPU usage

Max throughput:
5,000,000 ops
1,041 ms
208 ns/op
4,803,073 ops/s
50.6 % of CPU usage

Ping latency:
10,000,000 ops
3,311 ms
331 ns/op
3,020,235 ops/s
44.5 % of CPU usage

Ping throughput 1K:
100,000 ops
1,728 ms
17,280 ns/op
57,870 ops/s
36.8 % of CPU usage
Tests run: 5, Failures: 0, Errors: 0, Skipped: 0, Time elapsed: 13.042 sec
Running com.github.plokhotnyuk.actors.ScalaActorSpec
Executor service type: fixed-thread-pool

Single-producer sending:
1,000,000 ops
2,167 ms
2,167 ns/op
461,467 ops/s
51.6 % of CPU usage

Multi-producer sending:
1,000,000 ops
2,087 ms
2,087 ns/op
479,156 ops/s
47.0 % of CPU usage

Max throughput:
5,000,000 ops
2,177 ms
435 ns/op
2,296,738 ops/s
95.7 % of CPU usage

Ping latency:
1,000,000 ops
2,691 ms
2,691 ns/op
371,609 ops/s
54.7 % of CPU usage

Ping throughput 1K:
2,000,000 ops
1,124 ms
562 ns/op
1,779,359 ops/s
96.5 % of CPU usage
Tests run: 5, Failures: 0, Errors: 0, Skipped: 0, Time elapsed: 11.171 sec
Running com.github.plokhotnyuk.actors.ScalazActorSpec
Executor service type: fixed-thread-pool

Single-producer sending:
100,000,000 ops
3,827 ms
38 ns/op
26,130,128 ops/s
53.1 % of CPU usage

Multi-producer sending:
50,000,000 ops
5,873 ms
117 ns/op
8,513,536 ops/s
97.2 % of CPU usage

Max throughput:
200,000,000 ops
1,557 ms
7 ns/op
128,452,151 ops/s
95.5 % of CPU usage

Ping latency:
20,000,000 ops
2,534 ms
126 ns/op
7,892,659 ops/s
44.1 % of CPU usage

Ping throughput 1K:
20,000,000 ops
1,495 ms
74 ns/op
13,377,926 ops/s
12.8 % of CPU usage
Tests run: 5, Failures: 0, Errors: 0, Skipped: 0, Time elapsed: 16.149 sec

Results :

Tests run: 25, Failures: 0, Errors: 0, Skipped: 0

[INFO] ------------------------------------------------------------------------
[INFO] BUILD SUCCESS
[INFO] ------------------------------------------------------------------------
[INFO] Total time: 1:19.645s
[INFO] Finished at: Thu Jul 04 15:44:42 EEST 2013
[INFO] Final Memory: 13M/197M
[INFO] ------------------------------------------------------------------------
[WARNING] The requested profile "dev" could not be activated because it does not exist.
[INFO] Scanning for projects...
[INFO]                                                                         
[INFO] ------------------------------------------------------------------------
[INFO] Building Actors 1.0-SNAPSHOT
[INFO] ------------------------------------------------------------------------
[INFO] 
[INFO] --- maven-resources-plugin:2.5:resources (default-resources) @ actors ---
[debug] execute contextualize
[INFO] Using 'UTF-8' encoding to copy filtered resources.
[INFO] skip non existing resourceDirectory /Users/fedgehog/_/actors/src/main/resources
[INFO] 
[INFO] --- scala-maven-plugin:3.1.3:compile (compile) @ actors ---
[WARNING]  Expected all dependencies to require Scala version: 2.10.2
[WARNING]  com.github.plokhotnyuk.actors:actors:1.0-SNAPSHOT requires scala version: 2.10.2
[WARNING]  com.typesafe.akka:akka-actor_2.10:2.2.0-RC2 requires scala version: 2.10.2
[WARNING]  net.liftweb:lift-common_2.10:2.5.1 requires scala version: 2.10.0
[WARNING] Multiple versions of scala libraries detected!
[WARNING] No source files found.
[INFO] 
[INFO] --- maven-resources-plugin:2.5:testResources (default-testResources) @ actors ---
[debug] execute contextualize
[INFO] Using 'UTF-8' encoding to copy filtered resources.
[INFO] skip non existing resourceDirectory /Users/fedgehog/_/actors/src/test/resources
[INFO] 
[INFO] --- scala-maven-plugin:3.1.3:testCompile (testCompile) @ actors ---
[WARNING]  Expected all dependencies to require Scala version: 2.10.2
[WARNING]  com.github.plokhotnyuk.actors:actors:1.0-SNAPSHOT requires scala version: 2.10.2
[WARNING]  com.typesafe.akka:akka-actor_2.10:2.2.0-RC2 requires scala version: 2.10.2
[WARNING]  net.liftweb:lift-common_2.10:2.5.1 requires scala version: 2.10.0
[WARNING] Multiple versions of scala libraries detected!
[INFO] Nothing to compile - all classes are up to date
[INFO] 
[INFO] --- maven-surefire-plugin:2.13:test (default-test) @ actors ---
[INFO] Surefire report directory: /Users/fedgehog/_/actors/target/surefire-reports

-------------------------------------------------------
 T E S T S
-------------------------------------------------------

-------------------------------------------------------
 T E S T S
-------------------------------------------------------
Running com.github.plokhotnyuk.actors.AkkaActorSpec
Executor service type: scala-forkjoin-pool

Single-producer sending:
40,000,000 ops
3,651 ms
91 ns/op
10,955,902 ops/s
26.9 % of CPU usage

Multi-producer sending:
20,000,000 ops
2,986 ms
149 ns/op
6,697,923 ops/s
78.8 % of CPU usage

Max throughput:
40,000,000 ops
823 ms
20 ns/op
48,602,673 ops/s
92.9 % of CPU usage

Ping latency:
10,000,000 ops
3,699 ms
369 ns/op
2,703,433 ops/s
88.7 % of CPU usage

Ping throughput 1K:
10,000,000 ops
829 ms
82 ns/op
12,062,726 ops/s
97.4 % of CPU usage
Tests run: 5, Failures: 0, Errors: 0, Skipped: 0, Time elapsed: 13.331 sec
Running com.github.plokhotnyuk.actors.LiftActorSpec
Executor service type: scala-forkjoin-pool

Single-producer sending:
20,000,000 ops
2,298 ms
114 ns/op
8,703,220 ops/s
18.4 % of CPU usage

Multi-producer sending:
20,000,000 ops
3,445 ms
172 ns/op
5,805,515 ops/s
56.1 % of CPU usage

Max throughput:
20,000,000 ops
729 ms
36 ns/op
27,434,842 ops/s
89.8 % of CPU usage

Ping latency:
2,000,000 ops
2,375 ms
1,187 ns/op
842,105 ops/s
62.8 % of CPU usage

Ping throughput 1K:
5,000,000 ops
1,380 ms
276 ns/op
3,623,188 ops/s
64.1 % of CPU usage
Tests run: 5, Failures: 0, Errors: 0, Skipped: 0, Time elapsed: 11.1 sec
Running com.github.plokhotnyuk.actors.ProxyActorsActorSpec
Executor service type: scala-forkjoin-pool

Single-producer sending:
10,000,000 ops
2,706 ms
270 ns/op
3,695,491 ops/s
41.9 % of CPU usage

Multi-producer sending:
10,000,000 ops
3,298 ms
329 ns/op
3,032,140 ops/s
50.3 % of CPU usage

Max throughput:
5,000,000 ops
548 ms
109 ns/op
9,124,087 ops/s
90.5 % of CPU usage

Ping latency:
10,000,000 ops
9,985 ms
998 ns/op
1,001,502 ops/s
61.4 % of CPU usage

Ping throughput 1K:
100,000 ops
1,589 ms
15,890 ns/op
62,932 ops/s
36.6 % of CPU usage
Tests run: 5, Failures: 0, Errors: 0, Skipped: 0, Time elapsed: 21.007 sec
Running com.github.plokhotnyuk.actors.ScalaActorSpec
Executor service type: scala-forkjoin-pool

Single-producer sending:
1,000,000 ops
1,566 ms
1,566 ns/op
638,569 ops/s
91.7 % of CPU usage

Multi-producer sending:
1,000,000 ops
1,283 ms
1,283 ns/op
779,423 ops/s
90.6 % of CPU usage

Max throughput:
5,000,000 ops
1,458 ms
291 ns/op
3,429,355 ops/s
95.8 % of CPU usage

Ping latency:
1,000,000 ops
1,747 ms
1,747 ns/op
572,409 ops/s
92.1 % of CPU usage

Ping throughput 1K:
2,000,000 ops
1,133 ms
566 ns/op
1,765,225 ops/s
97.1 % of CPU usage
Tests run: 5, Failures: 0, Errors: 0, Skipped: 0, Time elapsed: 8.098 sec
Running com.github.plokhotnyuk.actors.ScalazActorSpec
Executor service type: scala-forkjoin-pool

Single-producer sending:
100,000,000 ops
3,702 ms
37 ns/op
27,012,425 ops/s
92.9 % of CPU usage

Multi-producer sending:
50,000,000 ops
3,846 ms
76 ns/op
13,000,520 ops/s
91.9 % of CPU usage

Max throughput:
200,000,000 ops
1,847 ms
9 ns/op
108,283,703 ops/s
96.5 % of CPU usage

Ping latency:
20,000,000 ops
5,366 ms
268 ns/op
3,727,171 ops/s
89.1 % of CPU usage

Ping throughput 1K:
20,000,000 ops
1,434 ms
71 ns/op
13,947,001 ops/s
91.0 % of CPU usage
Tests run: 5, Failures: 0, Errors: 0, Skipped: 0, Time elapsed: 17.077 sec

Results :

Tests run: 25, Failures: 0, Errors: 0, Skipped: 0

[INFO] ------------------------------------------------------------------------
[INFO] BUILD SUCCESS
[INFO] ------------------------------------------------------------------------
[INFO] Total time: 1:23.263s
[INFO] Finished at: Thu Jul 04 15:46:06 EEST 2013
[INFO] Final Memory: 14M/196M
[INFO] ------------------------------------------------------------------------
[WARNING] The requested profile "dev" could not be activated because it does not exist.
[INFO] Scanning for projects...
[INFO]                                                                         
[INFO] ------------------------------------------------------------------------
[INFO] Building Actors 1.0-SNAPSHOT
[INFO] ------------------------------------------------------------------------
[INFO] 
[INFO] --- maven-resources-plugin:2.5:resources (default-resources) @ actors ---
[debug] execute contextualize
[INFO] Using 'UTF-8' encoding to copy filtered resources.
[INFO] skip non existing resourceDirectory /Users/fedgehog/_/actors/src/main/resources
[INFO] 
[INFO] --- scala-maven-plugin:3.1.3:compile (compile) @ actors ---
[WARNING]  Expected all dependencies to require Scala version: 2.10.2
[WARNING]  com.github.plokhotnyuk.actors:actors:1.0-SNAPSHOT requires scala version: 2.10.2
[WARNING]  com.typesafe.akka:akka-actor_2.10:2.2.0-RC2 requires scala version: 2.10.2
[WARNING]  net.liftweb:lift-common_2.10:2.5.1 requires scala version: 2.10.0
[WARNING] Multiple versions of scala libraries detected!
[WARNING] No source files found.
[INFO] 
[INFO] --- maven-resources-plugin:2.5:testResources (default-testResources) @ actors ---
[debug] execute contextualize
[INFO] Using 'UTF-8' encoding to copy filtered resources.
[INFO] skip non existing resourceDirectory /Users/fedgehog/_/actors/src/test/resources
[INFO] 
[INFO] --- scala-maven-plugin:3.1.3:testCompile (testCompile) @ actors ---
[WARNING]  Expected all dependencies to require Scala version: 2.10.2
[WARNING]  com.github.plokhotnyuk.actors:actors:1.0-SNAPSHOT requires scala version: 2.10.2
[WARNING]  com.typesafe.akka:akka-actor_2.10:2.2.0-RC2 requires scala version: 2.10.2
[WARNING]  net.liftweb:lift-common_2.10:2.5.1 requires scala version: 2.10.0
[WARNING] Multiple versions of scala libraries detected!
[INFO] Nothing to compile - all classes are up to date
[INFO] 
[INFO] --- maven-surefire-plugin:2.13:test (default-test) @ actors ---
[INFO] Surefire report directory: /Users/fedgehog/_/actors/target/surefire-reports

-------------------------------------------------------
 T E S T S
-------------------------------------------------------

-------------------------------------------------------
 T E S T S
-------------------------------------------------------
Running com.github.plokhotnyuk.actors.AkkaActorSpec
Executor service type: java-forkjoin-pool

Single-producer sending:
40,000,000 ops
3,780 ms
94 ns/op
10,582,010 ops/s
27.3 % of CPU usage

Multi-producer sending:
20,000,000 ops
2,965 ms
148 ns/op
6,745,362 ops/s
76.4 % of CPU usage

Max throughput:
40,000,000 ops
1,009 ms
25 ns/op
39,643,211 ops/s
92.7 % of CPU usage

Ping latency:
10,000,000 ops
16,844 ms
1,684 ns/op
593,683 ops/s
31.3 % of CPU usage

Ping throughput 1K:
10,000,000 ops
556 ms
55 ns/op
17,985,611 ops/s
95.6 % of CPU usage
Tests run: 5, Failures: 0, Errors: 0, Skipped: 0, Time elapsed: 26.453 sec
Running com.github.plokhotnyuk.actors.LiftActorSpec
Executor service type: java-forkjoin-pool

Single-producer sending:
20,000,000 ops
1,895 ms
94 ns/op
10,554,089 ops/s
18.9 % of CPU usage

Multi-producer sending:
20,000,000 ops
3,486 ms
174 ns/op
5,737,234 ops/s
56.1 % of CPU usage

Max throughput:
20,000,000 ops
628 ms
31 ns/op
31,847,133 ops/s
91.9 % of CPU usage

Ping latency:
2,000,000 ops
4,115 ms
2,057 ns/op
486,026 ops/s
28.9 % of CPU usage

Ping throughput 1K:
5,000,000 ops
1,167 ms
233 ns/op
4,284,490 ops/s
63.8 % of CPU usage
Tests run: 5, Failures: 0, Errors: 0, Skipped: 0, Time elapsed: 12.178 sec
Running com.github.plokhotnyuk.actors.ProxyActorsActorSpec
Executor service type: java-forkjoin-pool

Single-producer sending:
10,000,000 ops
2,874 ms
287 ns/op
3,479,471 ops/s
55.0 % of CPU usage

Multi-producer sending:
10,000,000 ops
3,332 ms
333 ns/op
3,001,200 ops/s
50.5 % of CPU usage

Max throughput:
5,000,000 ops
1,601 ms
320 ns/op
3,123,048 ops/s
59.3 % of CPU usage

Ping latency:
10,000,000 ops
33,737 ms
3,373 ns/op
296,410 ops/s
32.8 % of CPU usage

Ping throughput 1K:
100,000 ops
1,659 ms
16,590 ns/op
60,277 ops/s
37.9 % of CPU usage
Tests run: 5, Failures: 0, Errors: 0, Skipped: 0, Time elapsed: 46.022 sec
Running com.github.plokhotnyuk.actors.ScalaActorSpec
Executor service type: java-forkjoin-pool

Single-producer sending:
1,000,000 ops
3,531 ms
3,531 ns/op
283,205 ops/s
60.3 % of CPU usage

Multi-producer sending:
1,000,000 ops
4,015 ms
4,015 ns/op
249,066 ops/s
58.7 % of CPU usage

Max throughput:
5,000,000 ops
1,712 ms
342 ns/op
2,920,560 ops/s
96.3 % of CPU usage

Ping latency:
1,000,000 ops
5,248 ms
5,248 ns/op
190,548 ops/s
54.5 % of CPU usage

Ping throughput 1K:
2,000,000 ops
1,186 ms
593 ns/op
1,686,340 ops/s
93.1 % of CPU usage
Tests run: 5, Failures: 0, Errors: 0, Skipped: 0, Time elapsed: 16.625 sec
Running com.github.plokhotnyuk.actors.ScalazActorSpec
Executor service type: java-forkjoin-pool

Single-producer sending:
100,000,000 ops
2,666 ms
26 ns/op
37,509,377 ops/s
55.9 % of CPU usage

Multi-producer sending:
50,000,000 ops
5,478 ms
109 ns/op
9,127,418 ops/s
94.9 % of CPU usage

Max throughput:
200,000,000 ops
1,650 ms
8 ns/op
121,212,121 ops/s
81.8 % of CPU usage

Ping latency:
20,000,000 ops
17,706 ms
885 ns/op
1,129,560 ops/s
47.2 % of CPU usage

Ping throughput 1K:
20,000,000 ops
1,024 ms
51 ns/op
19,531,250 ops/s
96.6 % of CPU usage
Tests run: 5, Failures: 0, Errors: 0, Skipped: 0, Time elapsed: 29.403 sec

Results :

Tests run: 25, Failures: 0, Errors: 0, Skipped: 0

[INFO] ------------------------------------------------------------------------
[INFO] BUILD SUCCESS
[INFO] ------------------------------------------------------------------------
[INFO] Total time: 2:23.316s
[INFO] Finished at: Thu Jul 04 15:48:31 EEST 2013
[INFO] Final Memory: 13M/196M
[INFO] ------------------------------------------------------------------------
[WARNING] The requested profile "dev" could not be activated because it does not exist.
[INFO] Scanning for projects...
[INFO]                                                                         
[INFO] ------------------------------------------------------------------------
[INFO] Building Actors 1.0-SNAPSHOT
[INFO] ------------------------------------------------------------------------
[INFO] 
[INFO] --- maven-resources-plugin:2.5:resources (default-resources) @ actors ---
[debug] execute contextualize
[INFO] Using 'UTF-8' encoding to copy filtered resources.
[INFO] skip non existing resourceDirectory /Users/fedgehog/_/actors/src/main/resources
[INFO] 
[INFO] --- scala-maven-plugin:3.1.3:compile (compile) @ actors ---
[WARNING]  Expected all dependencies to require Scala version: 2.10.2
[WARNING]  com.github.plokhotnyuk.actors:actors:1.0-SNAPSHOT requires scala version: 2.10.2
[WARNING]  com.typesafe.akka:akka-actor_2.10:2.2.0-RC2 requires scala version: 2.10.2
[WARNING]  net.liftweb:lift-common_2.10:2.5.1 requires scala version: 2.10.0
[WARNING] Multiple versions of scala libraries detected!
[WARNING] No source files found.
[INFO] 
[INFO] --- maven-resources-plugin:2.5:testResources (default-testResources) @ actors ---
[debug] execute contextualize
[INFO] Using 'UTF-8' encoding to copy filtered resources.
[INFO] skip non existing resourceDirectory /Users/fedgehog/_/actors/src/test/resources
[INFO] 
[INFO] --- scala-maven-plugin:3.1.3:testCompile (testCompile) @ actors ---
[WARNING]  Expected all dependencies to require Scala version: 2.10.2
[WARNING]  com.github.plokhotnyuk.actors:actors:1.0-SNAPSHOT requires scala version: 2.10.2
[WARNING]  com.typesafe.akka:akka-actor_2.10:2.2.0-RC2 requires scala version: 2.10.2
[WARNING]  net.liftweb:lift-common_2.10:2.5.1 requires scala version: 2.10.0
[WARNING] Multiple versions of scala libraries detected!
[INFO] Nothing to compile - all classes are up to date
[INFO] 
[INFO] --- maven-surefire-plugin:2.13:test (default-test) @ actors ---
[INFO] Surefire report directory: /Users/fedgehog/_/actors/target/surefire-reports

-------------------------------------------------------
 T E S T S
-------------------------------------------------------

-------------------------------------------------------
 T E S T S
-------------------------------------------------------
Running com.github.plokhotnyuk.actors.AkkaActorSpec
Executor service type: thread-pool

Single-producer sending:
40,000,000 ops
3,869 ms
96 ns/op
10,338,588 ops/s
28.6 % of CPU usage

Multi-producer sending:
20,000,000 ops
3,068 ms
153 ns/op
6,518,904 ops/s
75.0 % of CPU usage

Max throughput:
40,000,000 ops
941 ms
23 ns/op
42,507,970 ops/s
93.0 % of CPU usage

Ping latency:
10,000,000 ops
19,794 ms
1,979 ns/op
505,203 ops/s
14.5 % of CPU usage

Ping throughput 1K:
10,000,000 ops
4,030 ms
403 ns/op
2,481,389 ops/s
28.4 % of CPU usage
Tests run: 5, Failures: 0, Errors: 0, Skipped: 0, Time elapsed: 33.061 sec
Running com.github.plokhotnyuk.actors.LiftActorSpec
Executor service type: thread-pool

Single-producer sending:
20,000,000 ops
1,901 ms
95 ns/op
10,520,778 ops/s
18.9 % of CPU usage

Multi-producer sending:
20,000,000 ops
3,496 ms
174 ns/op
5,720,823 ops/s
55.4 % of CPU usage

Max throughput:
20,000,000 ops
657 ms
32 ns/op
30,441,400 ops/s
89.0 % of CPU usage

Ping latency:
2,000,000 ops
4,532 ms
2,266 ns/op
441,306 ops/s
18.5 % of CPU usage

Ping throughput 1K:
5,000,000 ops
2,354 ms
470 ns/op
2,124,044 ops/s
36.6 % of CPU usage
Tests run: 5, Failures: 0, Errors: 0, Skipped: 0, Time elapsed: 13.841 sec
Running com.github.plokhotnyuk.actors.ProxyActorsActorSpec
Executor service type: thread-pool

Single-producer sending:
10,000,000 ops
3,522 ms
352 ns/op
2,839,295 ops/s
27.2 % of CPU usage

Multi-producer sending:
10,000,000 ops
3,741 ms
374 ns/op
2,673,082 ops/s
35.9 % of CPU usage

Max throughput:
5,000,000 ops
1,910 ms
382 ns/op
2,617,801 ops/s
33.6 % of CPU usage

Ping latency:
10,000,000 ops
19,200 ms
1,920 ns/op
520,833 ops/s
15.8 % of CPU usage

Ping throughput 1K:
100,000 ops
1,559 ms
15,590 ns/op
64,143 ops/s
37.3 % of CPU usage
Tests run: 5, Failures: 0, Errors: 0, Skipped: 0, Time elapsed: 32.866 sec
Running com.github.plokhotnyuk.actors.ScalaActorSpec
Executor service type: thread-pool

Single-producer sending:
1,000,000 ops
3,311 ms
3,311 ns/op
302,023 ops/s
26.6 % of CPU usage

Multi-producer sending:
1,000,000 ops
3,209 ms
3,209 ns/op
311,623 ops/s
23.8 % of CPU usage

Max throughput:
5,000,000 ops
6,704 ms
1,340 ns/op
745,823 ops/s
40.5 % of CPU usage

Ping latency:
1,000,000 ops
4,452 ms
4,452 ns/op
224,618 ops/s
28.0 % of CPU usage

Ping throughput 1K:
2,000,000 ops
3,481 ms
1,740 ns/op
574,547 ops/s
47.1 % of CPU usage
Tests run: 5, Failures: 0, Errors: 0, Skipped: 0, Time elapsed: 22.08 sec
Running com.github.plokhotnyuk.actors.ScalazActorSpec
Executor service type: thread-pool

Single-producer sending:
100,000,000 ops
2,789 ms
27 ns/op
35,855,145 ops/s
35.9 % of CPU usage

Multi-producer sending:
50,000,000 ops
5,861 ms
117 ns/op
8,530,967 ops/s
94.9 % of CPU usage

Max throughput:
200,000,000 ops
1,061 ms
5 ns/op
188,501,413 ops/s
95.3 % of CPU usage

Ping latency:
20,000,000 ops
5,190 ms
259 ns/op
3,853,564 ops/s
20.1 % of CPU usage

Ping throughput 1K:
20,000,000 ops
6,888 ms
344 ns/op
2,903,600 ops/s
23.1 % of CPU usage
Tests run: 5, Failures: 0, Errors: 0, Skipped: 0, Time elapsed: 22.664 sec

Results :

Tests run: 25, Failures: 0, Errors: 0, Skipped: 0

[INFO] ------------------------------------------------------------------------
[INFO] BUILD SUCCESS
[INFO] ------------------------------------------------------------------------
[INFO] Total time: 2:17.382s
[INFO] Finished at: Thu Jul 04 15:50:49 EEST 2013
[INFO] Final Memory: 13M/197M
[INFO] ------------------------------------------------------------------------
[WARNING] The requested profile "dev" could not be activated because it does not exist.
