[INFO] Scanning for projects...
[INFO]                                                                         
[INFO] ------------------------------------------------------------------------
[INFO] Building Actors 1.0-SNAPSHOT
[INFO] ------------------------------------------------------------------------
[INFO] 
[INFO] --- maven-clean-plugin:2.3:clean (default-clean) @ actors ---
[INFO] Deleting file set: /home/andrey/dev/actors/target (included: [**], excluded: [])
[INFO] 
[INFO] --- maven-resources-plugin:2.3:resources (default-resources) @ actors ---
[INFO] Using 'UTF-8' encoding to copy filtered resources.
[INFO] skip non existing resourceDirectory /home/andrey/dev/actors/src/main/resources
[INFO] 
[INFO] --- scala-maven-plugin:3.1.3:compile (compile) @ actors ---
[WARNING]  Expected all dependencies to require Scala version: 2.10.2
[WARNING]  com.github.plokhotnyuk.actors:actors:1.0-SNAPSHOT requires scala version: 2.10.2
[WARNING]  com.typesafe.akka:akka-actor_2.10:2.2.0-RC2 requires scala version: 2.10.2
[WARNING]  net.liftweb:lift-common_2.10:2.5.1 requires scala version: 2.10.0
[WARNING] Multiple versions of scala libraries detected!
[WARNING] No source files found.
[INFO] 
[INFO] --- maven-resources-plugin:2.3:testResources (default-testResources) @ actors ---
[INFO] Using 'UTF-8' encoding to copy filtered resources.
[INFO] skip non existing resourceDirectory /home/andrey/dev/actors/src/test/resources
[INFO] 
[INFO] --- scala-maven-plugin:3.1.3:testCompile (testCompile) @ actors ---
[WARNING]  Expected all dependencies to require Scala version: 2.10.2
[WARNING]  com.github.plokhotnyuk.actors:actors:1.0-SNAPSHOT requires scala version: 2.10.2
[WARNING]  com.typesafe.akka:akka-actor_2.10:2.2.0-RC2 requires scala version: 2.10.2
[WARNING]  net.liftweb:lift-common_2.10:2.5.1 requires scala version: 2.10.0
[WARNING] Multiple versions of scala libraries detected!
[INFO] /home/andrey/dev/actors/src/test/scala:-1: info: compiling
[INFO] Compiling 9 source files to /home/andrey/dev/actors/target/test-classes at 1373395858121
[INFO] prepare-compile in 0 s
[INFO] compile in 5 s
[INFO] ------------------------------------------------------------------------
[INFO] BUILD SUCCESS
[INFO] ------------------------------------------------------------------------
[INFO] Total time: 5.913s
[INFO] Finished at: Tue Jul 09 21:51:03 EEST 2013
[INFO] Final Memory: 20M/981M
[INFO] ------------------------------------------------------------------------
[INFO] Scanning for projects...
[INFO]                                                                         
[INFO] ------------------------------------------------------------------------
[INFO] Building Actors 1.0-SNAPSHOT
[INFO] ------------------------------------------------------------------------
[INFO] 
[INFO] --- maven-resources-plugin:2.3:resources (default-resources) @ actors ---
[INFO] Using 'UTF-8' encoding to copy filtered resources.
[INFO] skip non existing resourceDirectory /home/andrey/dev/actors/src/main/resources
[INFO] 
[INFO] --- scala-maven-plugin:3.1.3:compile (compile) @ actors ---
[WARNING]  Expected all dependencies to require Scala version: 2.10.2
[WARNING]  com.github.plokhotnyuk.actors:actors:1.0-SNAPSHOT requires scala version: 2.10.2
[WARNING]  com.typesafe.akka:akka-actor_2.10:2.2.0-RC2 requires scala version: 2.10.2
[WARNING]  net.liftweb:lift-common_2.10:2.5.1 requires scala version: 2.10.0
[WARNING] Multiple versions of scala libraries detected!
[WARNING] No source files found.
[INFO] 
[INFO] --- maven-resources-plugin:2.3:testResources (default-testResources) @ actors ---
[INFO] Using 'UTF-8' encoding to copy filtered resources.
[INFO] skip non existing resourceDirectory /home/andrey/dev/actors/src/test/resources
[INFO] 
[INFO] --- scala-maven-plugin:3.1.3:testCompile (testCompile) @ actors ---
[WARNING]  Expected all dependencies to require Scala version: 2.10.2
[WARNING]  com.github.plokhotnyuk.actors:actors:1.0-SNAPSHOT requires scala version: 2.10.2
[WARNING]  com.typesafe.akka:akka-actor_2.10:2.2.0-RC2 requires scala version: 2.10.2
[WARNING]  net.liftweb:lift-common_2.10:2.5.1 requires scala version: 2.10.0
[WARNING] Multiple versions of scala libraries detected!
[INFO] Nothing to compile - all classes are up to date
[INFO] 
[INFO] --- maven-surefire-plugin:2.13:test (default-test) @ actors ---
[INFO] Surefire report directory: /home/andrey/dev/actors/target/surefire-reports

-------------------------------------------------------
 T E S T S
-------------------------------------------------------

-------------------------------------------------------
 T E S T S
-------------------------------------------------------
Running com.github.plokhotnyuk.actors.AkkaActorSpec
Executor service type: fixed-thread-pool

Single-producer sending:
40,000,000 ops
2,998 ms
74 ns/op
13,342,228 ops/s
27.3 % of CPU usage

Multi-producer sending:
20,000,000 ops
2,550 ms
127 ns/op
7,843,137 ops/s
74.0 % of CPU usage

Max throughput:
40,000,000 ops
927 ms
23 ns/op
43,149,946 ops/s
95.1 % of CPU usage

Ping latency:
10,000,000 ops
4,449 ms
444 ns/op
2,247,696 ops/s
26.1 % of CPU usage

Ping throughput 1K:
10,000,000 ops
1,508 ms
150 ns/op
6,631,299 ops/s
16.4 % of CPU usage
Tests run: 5, Failures: 0, Errors: 0, Skipped: 0, Time elapsed: 13.371 sec
Running com.github.plokhotnyuk.actors.LiftActorSpec
Executor service type: fixed-thread-pool

Single-producer sending:
20,000,000 ops
1,852 ms
92 ns/op
10,799,136 ops/s
22.7 % of CPU usage

Multi-producer sending:
20,000,000 ops
2,874 ms
143 ns/op
6,958,942 ops/s
55.8 % of CPU usage

Max throughput:
20,000,000 ops
970 ms
48 ns/op
20,618,556 ops/s
72.4 % of CPU usage

Ping latency:
2,000,000 ops
1,552 ms
776 ns/op
1,288,659 ops/s
27.1 % of CPU usage

Ping throughput 1K:
5,000,000 ops
1,411 ms
282 ns/op
3,543,586 ops/s
13.0 % of CPU usage
Tests run: 5, Failures: 0, Errors: 0, Skipped: 0, Time elapsed: 9.219 sec
Running com.github.plokhotnyuk.actors.ProxyActorsActorSpec
Executor service type: fixed-thread-pool

Single-producer sending:
10,000,000 ops
1,622 ms
162 ns/op
6,165,228 ops/s
36.6 % of CPU usage

Multi-producer sending:
10,000,000 ops
1,358 ms
135 ns/op
7,363,770 ops/s
33.6 % of CPU usage

Max throughput:
5,000,000 ops
620 ms
124 ns/op
8,064,516 ops/s
31.7 % of CPU usage

Ping latency:
10,000,000 ops
5,362 ms
536 ns/op
1,864,975 ops/s
27.0 % of CPU usage

Ping throughput 1K:
100,000 ops
1,271 ms
12,710 ns/op
78,678 ops/s
34.5 % of CPU usage
Tests run: 5, Failures: 0, Errors: 0, Skipped: 0, Time elapsed: 12.126 sec
Running com.github.plokhotnyuk.actors.ScalaActorSpec
Executor service type: fixed-thread-pool

Single-producer sending:
1,000,000 ops
1,971 ms
1,971 ns/op
507,356 ops/s
31.7 % of CPU usage

Multi-producer sending:
1,000,000 ops
1,859 ms
1,859 ns/op
537,923 ops/s
30.8 % of CPU usage

Max throughput:
5,000,000 ops
3,456 ms
691 ns/op
1,446,759 ops/s
15.2 % of CPU usage

Ping latency:
1,000,000 ops
1,944 ms
1,944 ns/op
514,403 ops/s
37.2 % of CPU usage

Ping throughput 1K:
2,000,000 ops
827 ms
413 ns/op
2,418,379 ops/s
74.5 % of CPU usage
Tests run: 5, Failures: 0, Errors: 0, Skipped: 0, Time elapsed: 10.641 sec
Running com.github.plokhotnyuk.actors.ScalazActorSpec
Executor service type: fixed-thread-pool

Single-producer sending:
100,000,000 ops
2,328 ms
23 ns/op
42,955,326 ops/s
40.5 % of CPU usage

Multi-producer sending:
50,000,000 ops
4,246 ms
84 ns/op
11,775,788 ops/s
93.6 % of CPU usage

Max throughput:
200,000,000 ops
1,197 ms
5 ns/op
167,084,377 ops/s
90.9 % of CPU usage

Ping latency:
20,000,000 ops
3,622 ms
181 ns/op
5,521,811 ops/s
26.5 % of CPU usage

Ping throughput 1K:
20,000,000 ops
1,172 ms
58 ns/op
17,064,846 ops/s
12.7 % of CPU usage
Tests run: 5, Failures: 0, Errors: 0, Skipped: 0, Time elapsed: 13.128 sec

Results :

Tests run: 25, Failures: 0, Errors: 0, Skipped: 0

[INFO] ------------------------------------------------------------------------
[INFO] BUILD SUCCESS
[INFO] ------------------------------------------------------------------------
[INFO] Total time: 1:01.171s
[INFO] Finished at: Tue Jul 09 21:52:05 EEST 2013
[INFO] Final Memory: 14M/981M
[INFO] ------------------------------------------------------------------------
[INFO] Scanning for projects...
[INFO]                                                                         
[INFO] ------------------------------------------------------------------------
[INFO] Building Actors 1.0-SNAPSHOT
[INFO] ------------------------------------------------------------------------
[INFO] 
[INFO] --- maven-resources-plugin:2.3:resources (default-resources) @ actors ---
[INFO] Using 'UTF-8' encoding to copy filtered resources.
[INFO] skip non existing resourceDirectory /home/andrey/dev/actors/src/main/resources
[INFO] 
[INFO] --- scala-maven-plugin:3.1.3:compile (compile) @ actors ---
[WARNING]  Expected all dependencies to require Scala version: 2.10.2
[WARNING]  com.github.plokhotnyuk.actors:actors:1.0-SNAPSHOT requires scala version: 2.10.2
[WARNING]  com.typesafe.akka:akka-actor_2.10:2.2.0-RC2 requires scala version: 2.10.2
[WARNING]  net.liftweb:lift-common_2.10:2.5.1 requires scala version: 2.10.0
[WARNING] Multiple versions of scala libraries detected!
[WARNING] No source files found.
[INFO] 
[INFO] --- maven-resources-plugin:2.3:testResources (default-testResources) @ actors ---
[INFO] Using 'UTF-8' encoding to copy filtered resources.
[INFO] skip non existing resourceDirectory /home/andrey/dev/actors/src/test/resources
[INFO] 
[INFO] --- scala-maven-plugin:3.1.3:testCompile (testCompile) @ actors ---
[WARNING]  Expected all dependencies to require Scala version: 2.10.2
[WARNING]  com.github.plokhotnyuk.actors:actors:1.0-SNAPSHOT requires scala version: 2.10.2
[WARNING]  com.typesafe.akka:akka-actor_2.10:2.2.0-RC2 requires scala version: 2.10.2
[WARNING]  net.liftweb:lift-common_2.10:2.5.1 requires scala version: 2.10.0
[WARNING] Multiple versions of scala libraries detected!
[INFO] Nothing to compile - all classes are up to date
[INFO] 
[INFO] --- maven-surefire-plugin:2.13:test (default-test) @ actors ---
[INFO] Surefire report directory: /home/andrey/dev/actors/target/surefire-reports

-------------------------------------------------------
 T E S T S
-------------------------------------------------------

-------------------------------------------------------
 T E S T S
-------------------------------------------------------
Running com.github.plokhotnyuk.actors.AkkaActorSpec
Executor service type: scala-forkjoin-pool

Single-producer sending:
40,000,000 ops
2,767 ms
69 ns/op
14,456,089 ops/s
28.1 % of CPU usage

Multi-producer sending:
20,000,000 ops
2,185 ms
109 ns/op
9,153,318 ops/s
72.7 % of CPU usage

Max throughput:
40,000,000 ops
869 ms
21 ns/op
46,029,919 ops/s
93.2 % of CPU usage

Ping latency:
10,000,000 ops
2,607 ms
260 ns/op
3,835,826 ops/s
96.0 % of CPU usage

Ping throughput 1K:
10,000,000 ops
688 ms
68 ns/op
14,534,883 ops/s
97.2 % of CPU usage
Tests run: 5, Failures: 0, Errors: 0, Skipped: 0, Time elapsed: 9.996 sec
Running com.github.plokhotnyuk.actors.LiftActorSpec
Executor service type: scala-forkjoin-pool

Single-producer sending:
20,000,000 ops
1,932 ms
96 ns/op
10,351,966 ops/s
22.6 % of CPU usage

Multi-producer sending:
20,000,000 ops
2,840 ms
142 ns/op
7,042,253 ops/s
56.6 % of CPU usage

Max throughput:
20,000,000 ops
684 ms
34 ns/op
29,239,766 ops/s
86.6 % of CPU usage

Ping latency:
2,000,000 ops
1,191 ms
595 ns/op
1,679,261 ops/s
94.1 % of CPU usage

Ping throughput 1K:
5,000,000 ops
925 ms
185 ns/op
5,405,405 ops/s
58.0 % of CPU usage
Tests run: 5, Failures: 0, Errors: 0, Skipped: 0, Time elapsed: 8.147 sec
Running com.github.plokhotnyuk.actors.ProxyActorsActorSpec
Executor service type: scala-forkjoin-pool

Single-producer sending:
10,000,000 ops
1,980 ms
198 ns/op
5,050,505 ops/s
33.5 % of CPU usage

Multi-producer sending:
10,000,000 ops
2,522 ms
252 ns/op
3,965,107 ops/s
47.5 % of CPU usage

Max throughput:
5,000,000 ops
535 ms
107 ns/op
9,345,794 ops/s
63.1 % of CPU usage

Ping latency:
10,000,000 ops
2,720 ms
272 ns/op
3,676,470 ops/s
96.0 % of CPU usage

Ping throughput 1K:
100,000 ops
1,287 ms
12,870 ns/op
77,700 ops/s
36.4 % of CPU usage
Tests run: 5, Failures: 0, Errors: 0, Skipped: 0, Time elapsed: 10.973 sec
Running com.github.plokhotnyuk.actors.ScalaActorSpec
Executor service type: scala-forkjoin-pool

Single-producer sending:
1,000,000 ops
1,012 ms
1,012 ns/op
988,142 ops/s
91.9 % of CPU usage

Multi-producer sending:
1,000,000 ops
1,045 ms
1,045 ns/op
956,937 ops/s
92.8 % of CPU usage

Max throughput:
5,000,000 ops
1,193 ms
238 ns/op
4,191,114 ops/s
97.2 % of CPU usage

Ping latency:
1,000,000 ops
1,167 ms
1,167 ns/op
856,898 ops/s
92.5 % of CPU usage

Ping throughput 1K:
2,000,000 ops
699 ms
349 ns/op
2,861,230 ops/s
98.4 % of CPU usage
Tests run: 5, Failures: 0, Errors: 0, Skipped: 0, Time elapsed: 5.716 sec
Running com.github.plokhotnyuk.actors.ScalazActorSpec
Executor service type: scala-forkjoin-pool

Single-producer sending:
100,000,000 ops
3,024 ms
30 ns/op
33,068,783 ops/s
94.1 % of CPU usage

Multi-producer sending:
50,000,000 ops
3,357 ms
67 ns/op
14,894,250 ops/s
95.7 % of CPU usage

Max throughput:
200,000,000 ops
1,698 ms
8 ns/op
117,785,630 ops/s
97.4 % of CPU usage

Ping latency:
20,000,000 ops
4,531 ms
226 ns/op
4,414,036 ops/s
94.9 % of CPU usage

Ping throughput 1K:
20,000,000 ops
1,061 ms
53 ns/op
18,850,141 ops/s
97.7 % of CPU usage
Tests run: 5, Failures: 0, Errors: 0, Skipped: 0, Time elapsed: 14.256 sec

Results :

Tests run: 25, Failures: 0, Errors: 0, Skipped: 0

[INFO] ------------------------------------------------------------------------
[INFO] BUILD SUCCESS
[INFO] ------------------------------------------------------------------------
[INFO] Total time: 51.859s
[INFO] Finished at: Tue Jul 09 21:52:57 EEST 2013
[INFO] Final Memory: 13M/981M
[INFO] ------------------------------------------------------------------------
[INFO] Scanning for projects...
[INFO]                                                                         
[INFO] ------------------------------------------------------------------------
[INFO] Building Actors 1.0-SNAPSHOT
[INFO] ------------------------------------------------------------------------
[INFO] 
[INFO] --- maven-resources-plugin:2.3:resources (default-resources) @ actors ---
[INFO] Using 'UTF-8' encoding to copy filtered resources.
[INFO] skip non existing resourceDirectory /home/andrey/dev/actors/src/main/resources
[INFO] 
[INFO] --- scala-maven-plugin:3.1.3:compile (compile) @ actors ---
[WARNING]  Expected all dependencies to require Scala version: 2.10.2
[WARNING]  com.github.plokhotnyuk.actors:actors:1.0-SNAPSHOT requires scala version: 2.10.2
[WARNING]  com.typesafe.akka:akka-actor_2.10:2.2.0-RC2 requires scala version: 2.10.2
[WARNING]  net.liftweb:lift-common_2.10:2.5.1 requires scala version: 2.10.0
[WARNING] Multiple versions of scala libraries detected!
[WARNING] No source files found.
[INFO] 
[INFO] --- maven-resources-plugin:2.3:testResources (default-testResources) @ actors ---
[INFO] Using 'UTF-8' encoding to copy filtered resources.
[INFO] skip non existing resourceDirectory /home/andrey/dev/actors/src/test/resources
[INFO] 
[INFO] --- scala-maven-plugin:3.1.3:testCompile (testCompile) @ actors ---
[WARNING]  Expected all dependencies to require Scala version: 2.10.2
[WARNING]  com.github.plokhotnyuk.actors:actors:1.0-SNAPSHOT requires scala version: 2.10.2
[WARNING]  com.typesafe.akka:akka-actor_2.10:2.2.0-RC2 requires scala version: 2.10.2
[WARNING]  net.liftweb:lift-common_2.10:2.5.1 requires scala version: 2.10.0
[WARNING] Multiple versions of scala libraries detected!
[INFO] Nothing to compile - all classes are up to date
[INFO] 
[INFO] --- maven-surefire-plugin:2.13:test (default-test) @ actors ---
[INFO] Surefire report directory: /home/andrey/dev/actors/target/surefire-reports

-------------------------------------------------------
 T E S T S
-------------------------------------------------------

-------------------------------------------------------
 T E S T S
-------------------------------------------------------
Running com.github.plokhotnyuk.actors.AkkaActorSpec
Executor service type: java-forkjoin-pool

Single-producer sending:
40,000,000 ops
2,909 ms
72 ns/op
13,750,429 ops/s
27.5 % of CPU usage

Multi-producer sending:
20,000,000 ops
2,416 ms
120 ns/op
8,278,145 ops/s
75.4 % of CPU usage

Max throughput:
40,000,000 ops
770 ms
19 ns/op
51,948,051 ops/s
96.6 % of CPU usage

Ping latency:
10,000,000 ops
6,879 ms
687 ns/op
1,453,699 ops/s
38.8 % of CPU usage

Ping throughput 1K:
10,000,000 ops
466 ms
46 ns/op
21,459,227 ops/s
99.5 % of CPU usage
Tests run: 5, Failures: 0, Errors: 0, Skipped: 0, Time elapsed: 14.318 sec
Running com.github.plokhotnyuk.actors.LiftActorSpec
Executor service type: java-forkjoin-pool

Single-producer sending:
20,000,000 ops
1,722 ms
86 ns/op
11,614,401 ops/s
22.4 % of CPU usage

Multi-producer sending:
20,000,000 ops
2,930 ms
146 ns/op
6,825,938 ops/s
56.0 % of CPU usage

Max throughput:
20,000,000 ops
665 ms
33 ns/op
30,075,187 ops/s
87.2 % of CPU usage

Ping latency:
2,000,000 ops
2,137 ms
1,068 ns/op
935,891 ops/s
33.6 % of CPU usage

Ping throughput 1K:
5,000,000 ops
681 ms
136 ns/op
7,342,143 ops/s
51.8 % of CPU usage
Tests run: 5, Failures: 0, Errors: 0, Skipped: 0, Time elapsed: 8.71 sec
Running com.github.plokhotnyuk.actors.ProxyActorsActorSpec
Executor service type: java-forkjoin-pool

Single-producer sending:
10,000,000 ops
2,513 ms
251 ns/op
3,979,307 ops/s
38.4 % of CPU usage

Multi-producer sending:
10,000,000 ops
2,501 ms
250 ns/op
3,998,400 ops/s
35.1 % of CPU usage

Max throughput:
5,000,000 ops
1,328 ms
265 ns/op
3,765,060 ops/s
38.2 % of CPU usage

Ping latency:
10,000,000 ops
11,268 ms
1,126 ns/op
887,468 ops/s
46.0 % of CPU usage

Ping throughput 1K:
100,000 ops
1,208 ms
12,080 ns/op
82,781 ops/s
41.9 % of CPU usage
Tests run: 5, Failures: 0, Errors: 0, Skipped: 0, Time elapsed: 20.742 sec
Running com.github.plokhotnyuk.actors.ScalaActorSpec
Executor service type: java-forkjoin-pool

Single-producer sending:
1,000,000 ops
2,239 ms
2,239 ns/op
446,627 ops/s
51.8 % of CPU usage

Multi-producer sending:
1,000,000 ops
2,256 ms
2,256 ns/op
443,262 ops/s
50.1 % of CPU usage

Max throughput:
5,000,000 ops
1,277 ms
255 ns/op
3,915,426 ops/s
102.1 % of CPU usage

Ping latency:
1,000,000 ops
2,479 ms
2,479 ns/op
403,388 ops/s
53.3 % of CPU usage

Ping throughput 1K:
2,000,000 ops
636 ms
318 ns/op
3,144,654 ops/s
101.2 % of CPU usage
Tests run: 5, Failures: 0, Errors: 0, Skipped: 0, Time elapsed: 9.514 sec
Running com.github.plokhotnyuk.actors.ScalazActorSpec
Executor service type: java-forkjoin-pool

Single-producer sending:
100,000,000 ops
2,164 ms
21 ns/op
46,210,720 ops/s
48.4 % of CPU usage

Multi-producer sending:
50,000,000 ops
3,378 ms
67 ns/op
14,801,657 ops/s
97.0 % of CPU usage

Max throughput:
200,000,000 ops
1,579 ms
7 ns/op
126,662,444 ops/s
95.9 % of CPU usage

Ping latency:
20,000,000 ops
7,761 ms
388 ns/op
2,576,987 ops/s
75.1 % of CPU usage

Ping throughput 1K:
20,000,000 ops
819 ms
40 ns/op
24,420,024 ops/s
96.9 % of CPU usage
Tests run: 5, Failures: 0, Errors: 0, Skipped: 0, Time elapsed: 16.286 sec

Results :

Tests run: 25, Failures: 0, Errors: 0, Skipped: 0

[INFO] ------------------------------------------------------------------------
[INFO] BUILD SUCCESS
[INFO] ------------------------------------------------------------------------
[INFO] Total time: 1:12.284s
[INFO] Finished at: Tue Jul 09 21:54:10 EEST 2013
[INFO] Final Memory: 14M/981M
[INFO] ------------------------------------------------------------------------
[INFO] Scanning for projects...
[INFO]                                                                         
[INFO] ------------------------------------------------------------------------
[INFO] Building Actors 1.0-SNAPSHOT
[INFO] ------------------------------------------------------------------------
[INFO] 
[INFO] --- maven-resources-plugin:2.3:resources (default-resources) @ actors ---
[INFO] Using 'UTF-8' encoding to copy filtered resources.
[INFO] skip non existing resourceDirectory /home/andrey/dev/actors/src/main/resources
[INFO] 
[INFO] --- scala-maven-plugin:3.1.3:compile (compile) @ actors ---
[WARNING]  Expected all dependencies to require Scala version: 2.10.2
[WARNING]  com.github.plokhotnyuk.actors:actors:1.0-SNAPSHOT requires scala version: 2.10.2
[WARNING]  com.typesafe.akka:akka-actor_2.10:2.2.0-RC2 requires scala version: 2.10.2
[WARNING]  net.liftweb:lift-common_2.10:2.5.1 requires scala version: 2.10.0
[WARNING] Multiple versions of scala libraries detected!
[WARNING] No source files found.
[INFO] 
[INFO] --- maven-resources-plugin:2.3:testResources (default-testResources) @ actors ---
[INFO] Using 'UTF-8' encoding to copy filtered resources.
[INFO] skip non existing resourceDirectory /home/andrey/dev/actors/src/test/resources
[INFO] 
[INFO] --- scala-maven-plugin:3.1.3:testCompile (testCompile) @ actors ---
[WARNING]  Expected all dependencies to require Scala version: 2.10.2
[WARNING]  com.github.plokhotnyuk.actors:actors:1.0-SNAPSHOT requires scala version: 2.10.2
[WARNING]  com.typesafe.akka:akka-actor_2.10:2.2.0-RC2 requires scala version: 2.10.2
[WARNING]  net.liftweb:lift-common_2.10:2.5.1 requires scala version: 2.10.0
[WARNING] Multiple versions of scala libraries detected!
[INFO] Nothing to compile - all classes are up to date
[INFO] 
[INFO] --- maven-surefire-plugin:2.13:test (default-test) @ actors ---
[INFO] Surefire report directory: /home/andrey/dev/actors/target/surefire-reports

-------------------------------------------------------
 T E S T S
-------------------------------------------------------

-------------------------------------------------------
 T E S T S
-------------------------------------------------------
Running com.github.plokhotnyuk.actors.AkkaActorSpec
Executor service type: thread-pool

Single-producer sending:
40,000,000 ops
2,519 ms
62 ns/op
15,879,317 ops/s
26.9 % of CPU usage

Multi-producer sending:
20,000,000 ops
2,350 ms
117 ns/op
8,510,638 ops/s
76.1 % of CPU usage

Max throughput:
40,000,000 ops
811 ms
20 ns/op
49,321,824 ops/s
92.9 % of CPU usage

Ping latency:
10,000,000 ops
14,584 ms
1,458 ns/op
685,682 ops/s
18.8 % of CPU usage

Ping throughput 1K:
10,000,000 ops
3,419 ms
341 ns/op
2,924,831 ops/s
29.5 % of CPU usage
Tests run: 5, Failures: 0, Errors: 0, Skipped: 0, Time elapsed: 24.575 sec
Running com.github.plokhotnyuk.actors.LiftActorSpec
Executor service type: thread-pool

Single-producer sending:
20,000,000 ops
1,566 ms
78 ns/op
12,771,392 ops/s
22.0 % of CPU usage

Multi-producer sending:
20,000,000 ops
2,953 ms
147 ns/op
6,772,773 ops/s
54.9 % of CPU usage

Max throughput:
20,000,000 ops
668 ms
33 ns/op
29,940,119 ops/s
87.0 % of CPU usage

Ping latency:
2,000,000 ops
3,080 ms
1,540 ns/op
649,350 ops/s
23.2 % of CPU usage

Ping throughput 1K:
5,000,000 ops
1,930 ms
386 ns/op
2,590,673 ops/s
33.7 % of CPU usage
Tests run: 5, Failures: 0, Errors: 0, Skipped: 0, Time elapsed: 10.802 sec
Running com.github.plokhotnyuk.actors.ProxyActorsActorSpec
Executor service type: thread-pool

Single-producer sending:
10,000,000 ops
2,791 ms
279 ns/op
3,582,945 ops/s
28.2 % of CPU usage

Multi-producer sending:
10,000,000 ops
2,850 ms
285 ns/op
3,508,771 ops/s
30.8 % of CPU usage

Max throughput:
5,000,000 ops
1,387 ms
277 ns/op
3,604,902 ops/s
30.5 % of CPU usage

Ping latency:
10,000,000 ops
12,936 ms
1,293 ns/op
773,036 ops/s
20.1 % of CPU usage

Ping throughput 1K:
100,000 ops
1,279 ms
12,790 ns/op
78,186 ops/s
35.3 % of CPU usage
Tests run: 5, Failures: 0, Errors: 0, Skipped: 0, Time elapsed: 23.187 sec
Running com.github.plokhotnyuk.actors.ScalaActorSpec
Executor service type: thread-pool

Single-producer sending:
1,000,000 ops
1,912 ms
1,912 ns/op
523,012 ops/s
28.9 % of CPU usage

Multi-producer sending:
1,000,000 ops
1,964 ms
1,964 ns/op
509,164 ops/s
26.9 % of CPU usage

Max throughput:
5,000,000 ops
4,562 ms
912 ns/op
1,096,010 ops/s
27.0 % of CPU usage

Ping latency:
1,000,000 ops
2,481 ms
2,481 ns/op
403,063 ops/s
27.9 % of CPU usage

Ping throughput 1K:
2,000,000 ops
2,434 ms
1,217 ns/op
821,692 ops/s
31.5 % of CPU usage
Tests run: 5, Failures: 0, Errors: 0, Skipped: 0, Time elapsed: 13.978 sec
Running com.github.plokhotnyuk.actors.ScalazActorSpec
Executor service type: thread-pool

Single-producer sending:
100,000,000 ops
2,361 ms
23 ns/op
42,354,934 ops/s
37.8 % of CPU usage

Multi-producer sending:
50,000,000 ops
4,264 ms
85 ns/op
11,726,078 ops/s
89.0 % of CPU usage

Max throughput:
200,000,000 ops
1,012 ms
5 ns/op
197,628,458 ops/s
79.8 % of CPU usage

Ping latency:
20,000,000 ops
4,942 ms
247 ns/op
4,046,944 ops/s
23.2 % of CPU usage

Ping throughput 1K:
20,000,000 ops
5,399 ms
269 ns/op
3,704,389 ops/s
25.1 % of CPU usage
Tests run: 5, Failures: 0, Errors: 0, Skipped: 0, Time elapsed: 18.571 sec

Results :

Tests run: 25, Failures: 0, Errors: 0, Skipped: 0

[INFO] ------------------------------------------------------------------------
[INFO] BUILD SUCCESS
[INFO] ------------------------------------------------------------------------
[INFO] Total time: 1:33.876s
[INFO] Finished at: Tue Jul 09 21:55:45 EEST 2013
[INFO] Final Memory: 14M/981M
[INFO] ------------------------------------------------------------------------
