[INFO] Scanning for projects...
[INFO]                                                                         
[INFO] ------------------------------------------------------------------------
[INFO] Building Actors 1.0-SNAPSHOT
[INFO] ------------------------------------------------------------------------
[INFO] 
[INFO] --- maven-clean-plugin:2.4.1:clean (default-clean) @ actors ---
[INFO] Deleting c:\Users\Vladimir Milevskiy\Desktop\actors\target
[INFO] 
[INFO] --- maven-resources-plugin:2.5:resources (default-resources) @ actors ---
[debug] execute contextualize
[INFO] Using 'UTF-8' encoding to copy filtered resources.
[INFO] skip non existing resourceDirectory c:\Users\Vladimir Milevskiy\Desktop\actors\src\main\resources
[INFO] 
[INFO] --- maven-scala-plugin:2.15.2:compile (compile) @ actors ---
[INFO] Checking for multiple versions of scala
[INFO] includes = [**/*.scala,**/*.java,]
[INFO] excludes = []
[INFO] C:\Users\Vladimir Milevskiy\Desktop\actors\src\main\scala:-1: info: compiling
[INFO] Compiling 6 source files to C:\Users\Vladimir Milevskiy\Desktop\actors\target\classes at 1336134386942
[INFO] prepare-compile in 0 s
[INFO] compile in 6 s
[INFO] 
[INFO] --- maven-resources-plugin:2.5:testResources (default-testResources) @ actors ---
[debug] execute contextualize
[INFO] Using 'UTF-8' encoding to copy filtered resources.
[INFO] skip non existing resourceDirectory c:\Users\Vladimir Milevskiy\Desktop\actors\src\test\resources
[INFO] 
[INFO] --- maven-scala-plugin:2.15.2:testCompile (testCompile) @ actors ---
[INFO] Checking for multiple versions of scala
[INFO] includes = [**/*.scala,**/*.java,]
[INFO] excludes = []
[INFO] C:\Users\Vladimir Milevskiy\Desktop\actors\src\test\scala:-1: info: compiling
[INFO] Compiling 12 source files to C:\Users\Vladimir Milevskiy\Desktop\actors\target\test-classes at 1336134393447
[INFO] prepare-compile in 0 s
[INFO] compile in 11 s
[INFO] 
[INFO] --- maven-surefire-plugin:2.12:test (default-test) @ actors ---
[INFO] Surefire report directory: c:\Users\Vladimir Milevskiy\Desktop\actors\target\surefire-reports

-------------------------------------------------------
 T E S T S
-------------------------------------------------------

-------------------------------------------------------
 T E S T S
-------------------------------------------------------
Running com.github.plokhotnyuk.actors.AkkaActorTest

Single-producer sending:
4�855�301�500 ns
40�000�000 ops
121 ns/op
8�238�417 ops/s

Multi-producer sending:
6�704�910�276 ns
40�000�000 ops
167 ns/op
5�965�777 ops/s

Ping between actors:
12�725�917�178 ns
20�000�000 ops
636 ns/op
1�571�595 ops/s

Single-producer asking:
4�491�100�353 ns
1�000�000 ops
4�491 ns/op
222�662 ops/s

Multi-producer asking:
2�093�163�854 ns
1�000�000 ops
2�093 ns/op
477�745 ops/s

Max throughput:
1�829�105�969 ns
40�000�000 ops
45 ns/op
21�868�607 ops/s
Tests run: 0, Failures: 0, Errors: 0, Skipped: 0, Time elapsed: 34.509 sec
Running com.github.plokhotnyuk.actors.EventBasedActorTest

Single-producer sending:
8�466�995�383 ns
100�000�000 ops
84 ns/op
11�810�565 ops/s

Multi-producer sending:
14�961�832�852 ns
100�000�000 ops
149 ns/op
6�683�673 ops/s

Ping between actors:
47�807�827�788 ns
100�000�000 ops
478 ns/op
2�091�707 ops/s

Single-producer asking:
8�168�405�480 ns
20�000�000 ops
408 ns/op
2�448�458 ops/s

Multi-producer asking:
5�037�940�510 ns
20�000�000 ops
251 ns/op
3�969�876 ops/s

Max throughput:
6�294�693�795 ns
100�000�000 ops
62 ns/op
15�886�396 ops/s
Tests run: 0, Failures: 0, Errors: 0, Skipped: 0, Time elapsed: 91.51 sec
Running com.github.plokhotnyuk.actors.LiftActorTest

Single-producer sending:
4�210�723�531 ns
20�000�000 ops
210 ns/op
4�749�777 ops/s

Multi-producer sending:
5�383�451�265 ns
20�000�000 ops
269 ns/op
3�715�088 ops/s

Ping between actors:
5�927�119�869 ns
2�000�000 ops
2�963 ns/op
337�432 ops/s

Single-producer asking:
6�468�087�021 ns
1�000�000 ops
6�468 ns/op
154�605 ops/s

Multi-producer asking:
2�571�798�795 ns
2�000�000 ops
1�285 ns/op
777�665 ops/s
Tests run: 0, Failures: 0, Errors: 0, Skipped: 0, Time elapsed: 25.319 sec
Running com.github.plokhotnyuk.actors.MPMCQueueTest

Same producer and consumer:
3�661�858�058 ns
100�000�000 ops
36 ns/op
27�308�540 ops/s

Single-producer sending:
7�790�146�278 ns
100�000�000 ops
77 ns/op
12�836�729 ops/s

Multi-producer sending:
11�129�609�929 ns
100�000�000 ops
111 ns/op
8�985�040 ops/s

Exchange between queues:
39�390�805�999 ns
100�000�000 ops
393 ns/op
2�538�663 ops/s
Tests run: 0, Failures: 0, Errors: 0, Skipped: 0, Time elapsed: 62.727 sec
Running com.github.plokhotnyuk.actors.MPSCQueueTest

Same producer and consumer:
1�775�178�237 ns
100�000�000 ops
17 ns/op
56�332�371 ops/s

Single-producer sending:
5�373�509�085 ns
100�000�000 ops
53 ns/op
18�609�813 ops/s

Multi-producer sending:
6�407�995�775 ns
100�000�000 ops
64 ns/op
15�605�503 ops/s

Exchange between queues:
9�652�307�686 ns
100�000�000 ops
96 ns/op
10�360�216 ops/s
Tests run: 0, Failures: 0, Errors: 0, Skipped: 0, Time elapsed: 23.962 sec
Running com.github.plokhotnyuk.actors.PausingTest

Thread.`yield`():
854�702�627 ns
10�000�000 ops
85 ns/op
11�699�975 ops/s

Thread.sleep(0):
1�019�590�417 ns
10�000�000 ops
101 ns/op
9�807�859 ops/s

lock.wait(0, 1):
15�587�537�404 ns
1�000 ops
15�587�537 ns/op
64 ops/s

LockSupport.parkNanos(1):
15�597�503�622 ns
1�000 ops
15�597�503 ns/op
64 ops/s
Tests run: 0, Failures: 0, Errors: 0, Skipped: 0, Time elapsed: 33.821 sec
Running com.github.plokhotnyuk.actors.ScalaActorTest

Single-producer sending:
2�572�365�046 ns
1�000�000 ops
2�572 ns/op
388�747 ops/s

Multi-producer sending:
3�053�840�512 ns
1�000�000 ops
3�053 ns/op
327�456 ops/s

Ping between actors:
4�818�653�168 ns
1�000�000 ops
4�818 ns/op
207�526 ops/s

Single-producer asking:
7�605�409�153 ns
1�000�000 ops
7�605 ns/op
131�485 ops/s

Multi-producer asking:
5�732�188�172 ns
1�000�000 ops
5�732 ns/op
174�453 ops/s
Tests run: 0, Failures: 0, Errors: 0, Skipped: 0, Time elapsed: 24.539 sec
Running com.github.plokhotnyuk.actors.ScalazActor2Test

Single-producer sending:
2�522�223�878 ns
40�000�000 ops
63 ns/op
15�859�020 ops/s

Multi-producer sending:
6�208�652�200 ns
40�000�000 ops
155 ns/op
6�442�622 ops/s

Ping between actors:
10�177�362�131 ns
20�000�000 ops
508 ns/op
1�965�145 ops/s

Max throughput:
1�199�307�176 ns
40�000�000 ops
29 ns/op
33�352�589 ops/s
Tests run: 0, Failures: 0, Errors: 0, Skipped: 0, Time elapsed: 21.123 sec
Running com.github.plokhotnyuk.actors.ScalazActorTest

Single-producer sending:
4�629�565�975 ns
40�000�000 ops
115 ns/op
8�640�118 ops/s

Multi-producer sending:
5�455�054�671 ns
40�000�000 ops
136 ns/op
7�332�648 ops/s

Ping between actors:
9�085�219�175 ns
20�000�000 ops
454 ns/op
2�201�377 ops/s

Max throughput:
28�636�858�899 ns
40�000�000 ops
715 ns/op
1�396�801 ops/s
Tests run: 0, Failures: 0, Errors: 0, Skipped: 0, Time elapsed: 48.64 sec
Running com.github.plokhotnyuk.actors.ThreadBasedActorTest

Single-producer sending:
6�256�231�676 ns
100�000�000 ops
62 ns/op
15�984�062 ops/s

Multi-producer sending:
6�541�390�209 ns
100�000�000 ops
65 ns/op
15�287�270 ops/s

Ping between actors:
16�985�435�100 ns
100�000�000 ops
169 ns/op
5�887�397 ops/s

Single-producer asking:
8�916�797�212 ns
20�000�000 ops
445 ns/op
2�242�957 ops/s

Multi-producer asking:
3�819�685�056 ns
20�000�000 ops
190 ns/op
5�236�033 ops/s

Max throughput:
2�876�147�009 ns
100�000�000 ops
28 ns/op
34�768�737 ops/s
Tests run: 0, Failures: 0, Errors: 0, Skipped: 0, Time elapsed: 46.191 sec

Results :

Tests run: 0, Failures: 0, Errors: 0, Skipped: 0

[INFO] 
[INFO] --- maven-jar-plugin:2.3.2:jar (default-jar) @ actors ---
[INFO] Building jar: c:\Users\Vladimir Milevskiy\Desktop\actors\target\actors-1.0-SNAPSHOT.jar
[INFO] 
[INFO] --- maven-install-plugin:2.3.1:install (default-install) @ actors ---
[INFO] Installing c:\Users\Vladimir Milevskiy\Desktop\actors\target\actors-1.0-SNAPSHOT.jar to C:\Users\Vladimir Milevskiy\.m2\repository\com\github\plokhotnyuk\actors\actors\1.0-SNAPSHOT\actors-1.0-SNAPSHOT.jar
[INFO] Installing c:\Users\Vladimir Milevskiy\Desktop\actors\pom.xml to C:\Users\Vladimir Milevskiy\.m2\repository\com\github\plokhotnyuk\actors\actors\1.0-SNAPSHOT\actors-1.0-SNAPSHOT.pom
[INFO] ------------------------------------------------------------------------
[INFO] BUILD SUCCESS
[INFO] ------------------------------------------------------------------------
[INFO] Total time: 7:18.013s
[INFO] Finished at: Fri May 04 15:33:43 EEST 2012
[INFO] Final Memory: 10M/222M
[INFO] ------------------------------------------------------------------------
