
C:\Users\Andriy Plokhotnyuk\Projects\com\github\plokhotnyuk\actors>set MAVEN_OPTS=-server -XX:+TieredCompilation 
[INFO] Scanning for projects...
[INFO]                                                                         
[INFO] ------------------------------------------------------------------------
[INFO] Building Actors 1.0-SNAPSHOT
[INFO] ------------------------------------------------------------------------
[INFO] 
[INFO] --- maven-clean-plugin:2.4.1:clean (default-clean) @ actors ---
[INFO] Deleting C:\Users\Andriy Plokhotnyuk\Projects\com\github\plokhotnyuk\actors\target
[INFO] 
[INFO] --- maven-resources-plugin:2.5:resources (default-resources) @ actors ---
[debug] execute contextualize
[INFO] Using 'UTF-8' encoding to copy filtered resources.
[INFO] skip non existing resourceDirectory C:\Users\Andriy Plokhotnyuk\Projects\com\github\plokhotnyuk\actors\src\main\resources
[INFO] 
[INFO] --- maven-scala-plugin:2.15.2:compile (compile) @ actors ---
[INFO] Checking for multiple versions of scala
[INFO] includes = [**/*.scala,**/*.java,]
[INFO] excludes = []
[INFO] C:\Users\Andriy Plokhotnyuk\Projects\com\github\plokhotnyuk\actors\src\main\scala:-1: info: compiling
[INFO] Compiling 6 source files to C:\Users\Andriy Plokhotnyuk\Projects\com\github\plokhotnyuk\actors\target\classes at 1336136896526
[INFO] prepare-compile in 0 s
[INFO] compile in 6 s
[INFO] 
[INFO] --- maven-resources-plugin:2.5:testResources (default-testResources) @ actors ---
[debug] execute contextualize
[INFO] Using 'UTF-8' encoding to copy filtered resources.
[INFO] skip non existing resourceDirectory C:\Users\Andriy Plokhotnyuk\Projects\com\github\plokhotnyuk\actors\src\test\resources
[INFO] 
[INFO] --- maven-scala-plugin:2.15.2:testCompile (testCompile) @ actors ---
[INFO] Checking for multiple versions of scala
[INFO] includes = [**/*.scala,**/*.java,]
[INFO] excludes = []
[INFO] C:\Users\Andriy Plokhotnyuk\Projects\com\github\plokhotnyuk\actors\src\test\scala:-1: info: compiling
[INFO] Compiling 12 source files to C:\Users\Andriy Plokhotnyuk\Projects\com\github\plokhotnyuk\actors\target\test-classes at 1336136902984
[INFO] prepare-compile in 0 s
[INFO] compile in 15 s
[INFO] 
[INFO] --- maven-surefire-plugin:2.12:test (default-test) @ actors ---
[INFO] Surefire report directory: C:\Users\Andriy Plokhotnyuk\Projects\com\github\plokhotnyuk\actors\target\surefire-reports

-------------------------------------------------------
 T E S T S
-------------------------------------------------------

-------------------------------------------------------
 T E S T S
-------------------------------------------------------
Running com.github.plokhotnyuk.actors.AkkaActorTest

Single-producer sending:
4�415�465�920 ns
40�000�000 ops
110 ns/op
9�059�066 ops/s

Multi-producer sending:
6�495�690�720 ns
40�000�000 ops
162 ns/op
6�157�928 ops/s

Ping between actors:
11�794�045�639 ns
20�000�000 ops
589 ns/op
1�695�770 ops/s

Single-producer asking:
6�329�844�570 ns
1�000�000 ops
6�329 ns/op
157�981 ops/s

Multi-producer asking:
6�186�367�775 ns
1�000�000 ops
6�186 ns/op
161�645 ops/s

Max throughput:
5�334�683�867 ns
40�000�000 ops
133 ns/op
7�498�101 ops/s
Tests run: 0, Failures: 0, Errors: 0, Skipped: 0, Time elapsed: 42.274 sec
Running com.github.plokhotnyuk.actors.EventBasedActorTest

Single-producer sending:
5�578�522�667 ns
100�000�000 ops
55 ns/op
17�925�892 ops/s

Multi-producer sending:
4�701�009�967 ns
100�000�000 ops
47 ns/op
21�272�024 ops/s

Ping between actors:
12�472�318�240 ns
100�000�000 ops
124 ns/op
8�017�755 ops/s

Single-producer asking:
8�733�254�145 ns
20�000�000 ops
436 ns/op
2�290�097 ops/s

Multi-producer asking:
8�270�317�020 ns
20�000�000 ops
413 ns/op
2�418�286 ops/s

Max throughput:
6�129�428�865 ns
100�000�000 ops
61 ns/op
16�314�733 ops/s
Tests run: 0, Failures: 0, Errors: 0, Skipped: 0, Time elapsed: 46.909 sec
Running com.github.plokhotnyuk.actors.LiftActorTest

Single-producer sending:
4�667�728�449 ns
20�000�000 ops
233 ns/op
4�284�739 ops/s

Multi-producer sending:
5�478�268�550 ns
20�000�000 ops
273 ns/op
3�650�788 ops/s

Ping between actors:
4�554�322�687 ns
2�000�000 ops
2�277 ns/op
439�143 ops/s

Single-producer asking:
6�928�894�448 ns
1�000�000 ops
6�928 ns/op
144�323 ops/s

Multi-producer asking:
7�293�487�688 ns
2�000�000 ops
3�646 ns/op
274�217 ops/s
Tests run: 0, Failures: 0, Errors: 0, Skipped: 0, Time elapsed: 29.889 sec
Running com.github.plokhotnyuk.actors.MPMCQueueTest

Same producer and consumer:
6�720�082�945 ns
100�000�000 ops
67 ns/op
14�880�768 ops/s

Single-producer sending:
4�596�293�642 ns
100�000�000 ops
45 ns/op
21�756�660 ops/s

Multi-producer sending:
5�327�125�345 ns
100�000�000 ops
53 ns/op
18�771�850 ops/s

Exchange between queues:
28�523�089�664 ns
100�000�000 ops
285 ns/op
3�505�931 ops/s
Tests run: 0, Failures: 0, Errors: 0, Skipped: 0, Time elapsed: 46.16 sec
Running com.github.plokhotnyuk.actors.MPSCQueueTest

Same producer and consumer:
3�025�796�320 ns
100�000�000 ops
30 ns/op
33�049�151 ops/s

Single-producer sending:
3�832�723�708 ns
100�000�000 ops
38 ns/op
26�091�105 ops/s

Multi-producer sending:
3�769�402�929 ns
100�000�000 ops
37 ns/op
26�529�400 ops/s

Exchange between queues:
8�188�909�629 ns
100�000�000 ops
81 ns/op
12�211�637 ops/s
Tests run: 0, Failures: 0, Errors: 0, Skipped: 0, Time elapsed: 19.734 sec
Running com.github.plokhotnyuk.actors.PausingTest

Thread.`yield`():
1�393�759�610 ns
10�000�000 ops
139 ns/op
7�174�838 ops/s

Thread.sleep(0):
1�533�564�684 ns
10�000�000 ops
153 ns/op
6�520�755 ops/s

lock.wait(0, 1):
15�599�348�057 ns
1�000 ops
15�599�348 ns/op
64 ops/s

LockSupport.parkNanos(1):
15�596�236�381 ns
1�000 ops
15�596�236 ns/op
64 ops/s
Tests run: 0, Failures: 0, Errors: 0, Skipped: 0, Time elapsed: 35.1 sec
Running com.github.plokhotnyuk.actors.ScalaActorTest

Single-producer sending:
3�147�662�473 ns
1�000�000 ops
3�147 ns/op
317�696 ops/s

Multi-producer sending:
3�993�915�614 ns
1�000�000 ops
3�993 ns/op
250�380 ops/s

Ping between actors:
3�254�401�806 ns
1�000�000 ops
3�254 ns/op
307�276 ops/s

Single-producer asking:
8�160�651�412 ns
1�000�000 ops
8�160 ns/op
122�539 ops/s

Multi-producer asking:
5�809�145�574 ns
1�000�000 ops
5�809 ns/op
172�142 ops/s
Tests run: 0, Failures: 0, Errors: 0, Skipped: 0, Time elapsed: 25.241 sec
Running com.github.plokhotnyuk.actors.ScalazActor2Test

Single-producer sending:
2�443�899�063 ns
40�000�000 ops
61 ns/op
16�367�288 ops/s

Multi-producer sending:
2�612�286�718 ns
40�000�000 ops
65 ns/op
15�312�254 ops/s

Ping between actors:
8�587�226�419 ns
20�000�000 ops
429 ns/op
2�329�040 ops/s

Max throughput:
2�694�029�298 ns
40�000�000 ops
67 ns/op
14�847�648 ops/s
Tests run: 0, Failures: 0, Errors: 0, Skipped: 0, Time elapsed: 17.269 sec
Running com.github.plokhotnyuk.actors.ScalazActorTest

Single-producer sending:
4�487�012�107 ns
40�000�000 ops
112 ns/op
8�914�618 ops/s

Multi-producer sending:
4�197�838�587 ns
40�000�000 ops
104 ns/op
9�528�713 ops/s

Ping between actors:
9�030�802�514 ns
20�000�000 ops
451 ns/op
2�214�642 ops/s

Max throughput:
4�529�287�178 ns
40�000�000 ops
113 ns/op
8�831�411 ops/s
Tests run: 0, Failures: 0, Errors: 0, Skipped: 0, Time elapsed: 23.15 sec
Running com.github.plokhotnyuk.actors.ThreadBasedActorTest

Single-producer sending:
4�738�408�380 ns
100�000�000 ops
47 ns/op
21�104�132 ops/s

Multi-producer sending:
4�678�610�583 ns
100�000�000 ops
46 ns/op
21�373�866 ops/s

Ping between actors:
10�235�819�741 ns
100�000�000 ops
102 ns/op
9�769�613 ops/s

Single-producer asking:
5�820�229�521 ns
20�000�000 ops
291 ns/op
3�436�290 ops/s

Multi-producer asking:
22�765�042�673 ns
20�000�000 ops
1�138 ns/op
878�539 ops/s

Max throughput:
4�624�381�470 ns
100�000�000 ops
46 ns/op
21�624�513 ops/s
Tests run: 0, Failures: 0, Errors: 0, Skipped: 0, Time elapsed: 53.991 sec

Results :

Tests run: 0, Failures: 0, Errors: 0, Skipped: 0

[INFO] 
[INFO] --- maven-jar-plugin:2.3.2:jar (default-jar) @ actors ---
[INFO] Building jar: C:\Users\Andriy Plokhotnyuk\Projects\com\github\plokhotnyuk\actors\target\actors-1.0-SNAPSHOT.jar
[INFO] 
[INFO] --- maven-install-plugin:2.3.1:install (default-install) @ actors ---
[INFO] Installing C:\Users\Andriy Plokhotnyuk\Projects\com\github\plokhotnyuk\actors\target\actors-1.0-SNAPSHOT.jar to C:\Users\Andriy Plokhotnyuk\.m2\repository\com\github\plokhotnyuk\actors\actors\1.0-SNAPSHOT\actors-1.0-SNAPSHOT.jar
[INFO] Installing C:\Users\Andriy Plokhotnyuk\Projects\com\github\plokhotnyuk\actors\pom.xml to C:\Users\Andriy Plokhotnyuk\.m2\repository\com\github\plokhotnyuk\actors\actors\1.0-SNAPSHOT\actors-1.0-SNAPSHOT.pom
[INFO] ------------------------------------------------------------------------
[INFO] BUILD SUCCESS
[INFO] ------------------------------------------------------------------------
[INFO] Total time: 6:10.212s
[INFO] Finished at: Fri May 04 16:14:25 EEST 2012
[INFO] Final Memory: 18M/218M
[INFO] ------------------------------------------------------------------------
