[INFO] Scanning for projects...
[INFO]                                                                         
[INFO] ------------------------------------------------------------------------
[INFO] Building Actors 1.0-SNAPSHOT
[INFO] ------------------------------------------------------------------------
[INFO] 
[INFO] --- maven-clean-plugin:2.4.1:clean (default-clean) @ actors ---
[INFO] Deleting C:\cygwin\home\kuzia\work\AndriyActors\target
[INFO] 
[INFO] --- maven-resources-plugin:2.5:resources (default-resources) @ actors ---
[debug] execute contextualize
[INFO] Using 'UTF-8' encoding to copy filtered resources.
[INFO] skip non existing resourceDirectory C:\cygwin\home\kuzia\work\AndriyActors\src\main\resources
[INFO] 
[INFO] --- scala-maven-plugin:3.0.2:compile (compile) @ actors ---
[INFO] Checking for multiple versions of scala
[WARNING]  Expected all dependencies to require Scala version: 2.9.2
[WARNING]  com.typesafe.akka:akka-actor:2.0.2 requires scala version: 2.9.2
[WARNING]  net.liftweb:lift-common_2.9.1:2.4 requires scala version: 2.9.1
[WARNING] Multiple versions of scala libraries detected!
[INFO] includes = [**/*.scala,**/*.java,]
[INFO] excludes = []
[INFO] C:\cygwin\home\kuzia\work\AndriyActors\src\main\scala:-1: info: compiling
[INFO] Compiling 7 source files to C:\cygwin\home\kuzia\work\AndriyActors\target\classes at 1342372122303
[INFO] prepare-compile in 0 s
[INFO] compile in 2 s
[INFO] 
[INFO] --- maven-resources-plugin:2.5:testResources (default-testResources) @ actors ---
[debug] execute contextualize
[INFO] Using 'UTF-8' encoding to copy filtered resources.
[INFO] skip non existing resourceDirectory C:\cygwin\home\kuzia\work\AndriyActors\src\test\resources
[INFO] 
[INFO] --- scala-maven-plugin:3.0.2:testCompile (testCompile) @ actors ---
[INFO] Checking for multiple versions of scala
[WARNING]  Expected all dependencies to require Scala version: 2.9.2
[WARNING]  com.typesafe.akka:akka-actor:2.0.2 requires scala version: 2.9.2
[WARNING]  net.liftweb:lift-common_2.9.1:2.4 requires scala version: 2.9.1
[WARNING] Multiple versions of scala libraries detected!
[INFO] includes = [**/*.scala,**/*.java,]
[INFO] excludes = []
[INFO] C:\cygwin\home\kuzia\work\AndriyActors\src\test\scala:-1: info: compiling
[INFO] Compiling 11 source files to C:\cygwin\home\kuzia\work\AndriyActors\target\test-classes at 1342372125173
[WARNING] C:\cygwin\home\kuzia\work\AndriyActors\src\test\scala\com\github\plokhotnyuk\actors\BenchmarkSpec.scala:22: warning: class ForkJoinPool in package jsr166y is deprecated: see corresponding Javadoc for more information.
[WARNING]   def fifoForkJoinPool(parallelism: Int): ForkJoinPool =
[WARNING]                                           ^
[WARNING] C:\cygwin\home\kuzia\work\AndriyActors\src\test\scala\com\github\plokhotnyuk\actors\BenchmarkSpec.scala:23: warning: class ForkJoinPool in package jsr166y is deprecated: see corresponding Javadoc for more information.
[WARNING]     new ForkJoinPool(parallelism, ForkJoinPool.defaultForkJoinWorkerThreadFactory, null, true)
[WARNING]         ^
[WARNING] C:\cygwin\home\kuzia\work\AndriyActors\src\test\scala\com\github\plokhotnyuk\actors\BenchmarkSpec.scala:25: warning: class ForkJoinPool in package jsr166y is deprecated: see corresponding Javadoc for more information.
[WARNING]   def lifoForkJoinPool(parallelism: Int): ForkJoinPool =
[WARNING]                                           ^
[WARNING] C:\cygwin\home\kuzia\work\AndriyActors\src\test\scala\com\github\plokhotnyuk\actors\BenchmarkSpec.scala:26: warning: class ForkJoinPool in package jsr166y is deprecated: see corresponding Javadoc for more information.
[WARNING]     new ForkJoinPool(parallelism, ForkJoinPool.defaultForkJoinWorkerThreadFactory, null, false)
[WARNING]         ^
[WARNING] C:\cygwin\home\kuzia\work\AndriyActors\src\test\scala\com\github\plokhotnyuk\actors\ScalazActor2Spec.scala:8: warning: class ForkJoinPool in package jsr166y is deprecated: see corresponding Javadoc for more information.
[WARNING]   implicit val executor = fifoForkJoinPool(CPUs / 2)
[WARNING]                ^
[WARNING] C:\cygwin\home\kuzia\work\AndriyActors\src\test\scala\com\github\plokhotnyuk\actors\ScalazActorSpec.scala:9: warning: class ForkJoinPool in package jsr166y is deprecated: see corresponding Javadoc for more information.
[WARNING]   implicit val executor = fifoForkJoinPool(CPUs / 2)
[WARNING]                ^
[WARNING] 6 warnings found
[INFO] prepare-compile in 0 s
[INFO] compile in 6 s
[INFO] 
[INFO] --- maven-surefire-plugin:2.12:test (default-test) @ actors ---
[INFO] Surefire report directory: C:\cygwin\home\kuzia\work\AndriyActors\target\surefire-reports

-------------------------------------------------------
 T E S T S
-------------------------------------------------------

-------------------------------------------------------
 T E S T S
-------------------------------------------------------
Running com.github.plokhotnyuk.actors.AkkaActor2Spec

Single-producer sending:
3,292,146,951 ns
40,000,000 ops
82 ns/op
12,150,125 ops/s

Multi-producer sending:
2,703,485,073 ns
20,000,000 ops
135 ns/op
7,397,858 ops/s

Ping between actors:
3,591,992,964 ns
10,000,000 ops
359 ns/op
2,783,969 ops/s

Single-producer asking:
2,095,178,409 ns
500,000 ops
4,190 ns/op
238,643 ops/s

Multi-producer asking:
1,861,870,621 ns
1,000,000 ops
1,861 ns/op
537,094 ops/s

Max throughput:
822,282,567 ns
40,000,000 ops
20 ns/op
48,645,078 ops/s
Tests run: 6, Failures: 0, Errors: 0, Skipped: 0, Time elapsed: 15.268 sec
Running com.github.plokhotnyuk.actors.AkkaActorSpec

Single-producer sending:
3,828,190,115 ns
40,000,000 ops
95 ns/op
10,448,801 ops/s

Multi-producer sending:
2,321,435,757 ns
20,000,000 ops
116 ns/op
8,615,357 ops/s

Ping between actors:
5,501,189,438 ns
10,000,000 ops
550 ns/op
1,817,788 ops/s

Single-producer asking:
2,143,566,078 ns
500,000 ops
4,287 ns/op
233,256 ops/s

Multi-producer asking:
1,751,616,596 ns
1,000,000 ops
1,751 ns/op
570,901 ops/s

Max throughput:
953,644,074 ns
40,000,000 ops
23 ns/op
41,944,370 ops/s
Tests run: 6, Failures: 0, Errors: 0, Skipped: 0, Time elapsed: 17.271 sec
Running com.github.plokhotnyuk.actors.LiftActorSpec

Single-producer sending:
2,169,672,441 ns
20,000,000 ops
108 ns/op
9,217,981 ops/s

Multi-producer sending:
2,065,884,198 ns
20,000,000 ops
103 ns/op
9,681,084 ops/s

Ping between actors:
2,543,694,781 ns
1,000,000 ops
2,543 ns/op
393,128 ops/s

Single-producer asking:
2,615,391,337 ns
200,000 ops
13,076 ns/op
76,470 ops/s

Multi-producer asking:
1,461,662,642 ns
1,000,000 ops
1,461 ns/op
684,152 ops/s

Max throughput:
1,123,139,647 ns
20,000,000 ops
56 ns/op
17,807,224 ops/s
Tests run: 6, Failures: 0, Errors: 0, Skipped: 0, Time elapsed: 12.574 sec
Running com.github.plokhotnyuk.actors.MPMCQueueSpec

Same producer and consumer:
3,263,416,078 ns
100,000,000 ops
32 ns/op
30,642,736 ops/s

Single-producer sending:
6,111,680,389 ns
100,000,000 ops
61 ns/op
16,362,112 ops/s

Multi-producer sending:
9,529,557,863 ns
100,000,000 ops
95 ns/op
10,493,666 ops/s

Exchange between queues:
11,146,329,621 ns
100,000,000 ops
111 ns/op
8,971,563 ops/s
Tests run: 4, Failures: 0, Errors: 0, Skipped: 0, Time elapsed: 30.638 sec
Running com.github.plokhotnyuk.actors.MPSCQueueSpec

Same producer and consumer:
1,120,774,884 ns
100,000,000 ops
11 ns/op
89,223,983 ops/s

Single-producer sending:
3,839,875,488 ns
100,000,000 ops
38 ns/op
26,042,511 ops/s

Multi-producer sending:
9,398,615,556 ns
100,000,000 ops
93 ns/op
10,639,864 ops/s

Exchange between queues:
7,609,686,783 ns
100,000,000 ops
76 ns/op
13,141,145 ops/s
Tests run: 4, Failures: 0, Errors: 0, Skipped: 0, Time elapsed: 22.542 sec
Running com.github.plokhotnyuk.actors.ScalaActorSpec

Single-producer sending:
1,927,118,511 ns
1,000,000 ops
1,927 ns/op
518,909 ops/s

Multi-producer sending:
1,861,135,217 ns
1,000,000 ops
1,861 ns/op
537,306 ops/s

Ping between actors:
2,515,408,033 ns
1,000,000 ops
2,515 ns/op
397,549 ops/s

Single-producer asking:
1,197,924,355 ns
100,000 ops
11,979 ns/op
83,477 ops/s

Multi-producer asking:
961,496,583 ns
200,000 ops
4,807 ns/op
208,009 ops/s

Max throughput:
2,511,032,850 ns
5,000,000 ops
502 ns/op
1,991,212 ops/s
Tests run: 6, Failures: 0, Errors: 0, Skipped: 0, Time elapsed: 11.622 sec
Running com.github.plokhotnyuk.actors.ScalazActor2Spec

Single-producer sending:
2,546,339,110 ns
100,000,000 ops
25 ns/op
39,272,066 ops/s

Multi-producer sending:
10,813,791,047 ns
100,000,000 ops
108 ns/op
9,247,450 ops/s

Ping between actors:
4,593,385,696 ns
20,000,000 ops
229 ns/op
4,354,086 ops/s

Max throughput:
1,258,506,684 ns
100,000,000 ops
12 ns/op
79,459,252 ops/s
Tests run: 4, Failures: 0, Errors: 0, Skipped: 0, Time elapsed: 19.89 sec
Running com.github.plokhotnyuk.actors.ScalazActorSpec

Single-producer sending:
3,932,886,126 ns
40,000,000 ops
98 ns/op
10,170,647 ops/s

Multi-producer sending:
9,185,167,257 ns
40,000,000 ops
229 ns/op
4,354,847 ops/s

Ping between actors:
4,013,660,362 ns
10,000,000 ops
401 ns/op
2,491,491 ops/s

Max throughput:
613,889,301 ns
40,000,000 ops
15 ns/op
65,158,327 ops/s
Tests run: 4, Failures: 0, Errors: 0, Skipped: 0, Time elapsed: 18.393 sec
Running com.github.plokhotnyuk.actors.ThreadBasedActorSpec

Single-producer sending:
3,479,529,426 ns
100,000,000 ops
34 ns/op
28,739,518 ops/s

Multi-producer sending:
9,389,140,896 ns
100,000,000 ops
93 ns/op
10,650,601 ops/s

Ping between actors:
4,635,073,658 ns
50,000,000 ops
92 ns/op
10,787,315 ops/s

Max throughput:
1,081,697,319 ns
100,000,000 ops
10 ns/op
92,447,303 ops/s
Tests run: 4, Failures: 0, Errors: 0, Skipped: 0, Time elapsed: 19.172 sec

Results :

Tests run: 44, Failures: 0, Errors: 0, Skipped: 0

[INFO] 
[INFO] --- maven-jar-plugin:2.3.2:jar (default-jar) @ actors ---
[INFO] Building jar: C:\cygwin\home\kuzia\work\AndriyActors\target\actors-1.0-SNAPSHOT.jar
[INFO] 
[INFO] --- maven-install-plugin:2.3.1:install (default-install) @ actors ---
[INFO] Installing C:\cygwin\home\kuzia\work\AndriyActors\target\actors-1.0-SNAPSHOT.jar to C:\Users\kuzia\.m2\repository\com\github\plokhotnyuk\actors\actors\1.0-SNAPSHOT\actors-1.0-SNAPSHOT.jar
[INFO] Installing C:\cygwin\home\kuzia\work\AndriyActors\pom.xml to C:\Users\kuzia\.m2\repository\com\github\plokhotnyuk\actors\actors\1.0-SNAPSHOT\actors-1.0-SNAPSHOT.pom
[INFO] ------------------------------------------------------------------------
[INFO] BUILD SUCCESS
[INFO] ------------------------------------------------------------------------
[INFO] Total time: 3:08.478s
[INFO] Finished at: Sun Jul 15 20:11:49 EEST 2012
[INFO] Final Memory: 12M/221M
[INFO] ------------------------------------------------------------------------
